   1              		.syntax unified
   2              		.cpu cortex-m3
   3              		.fpu softvfp
   4              		.eabi_attribute 20, 1
   5              		.eabi_attribute 21, 1
   6              		.eabi_attribute 23, 3
   7              		.eabi_attribute 24, 1
   8              		.eabi_attribute 25, 1
   9              		.eabi_attribute 26, 1
  10              		.eabi_attribute 30, 4
  11              		.eabi_attribute 34, 1
  12              		.eabi_attribute 18, 4
  13              		.thumb
  14              		.file	"ezos_kernel.c"
  15              		.section	.text.ezos_task_idle,"ax",%progbits
  16              		.align	1
  17              		.thumb
  18              		.thumb_func
  20              	ezos_task_idle:
  21              		@ args = 0, pretend = 0, frame = 0
  22              		@ frame_needed = 0, uses_anonymous_args = 0
  23 0000 08B5     		push	{r3, lr}
  24 0002 044B     		ldr	r3, .L7
  25 0004 1B68     		ldr	r3, [r3]
  26 0006 03B1     		cbz	r3, .L2
  27 0008 9847     		blx	r3
  28              	.L2:
  29 000a 034B     		ldr	r3, .L7+4
  30 000c 0522     		movs	r2, #5
  31 000e 9A76     		strb	r2, [r3, #26]
  32 0010 08BD     		pop	{r3, pc}
  33              	.L8:
  34 0012 00BF     		.align	2
  35              	.L7:
  36 0014 00000000 		.word	idle_hook
  37 0018 00000000 		.word	idle
  39              		.section	.text.ezos_init,"ax",%progbits
  40              		.align	1
  41              		.global	ezos_init
  42              		.thumb
  43              		.thumb_func
  45              	ezos_init:
  46              		@ args = 0, pretend = 0, frame = 0
  47              		@ frame_needed = 0, uses_anonymous_args = 0
  48 0000 38B5     		push	{r3, r4, r5, lr}
  49 0002 FFF7FEFF 		bl	__get_PRIMASK
  50              	@ 1205 "D:\Users\draapho\Desktop\stm32_ezos_v231\drivers\libraries\CMSIS\CM3\CoreSupport/core_cm3.h
  51 0006 72B6     		cpsid i
  52              	@ 0 "" 2
  53              		.thumb
  54 0008 154B     		ldr	r3, .L13
  55 000a 164A     		ldr	r2, .L13+4
  56 000c 0021     		movs	r1, #0
  57 000e 9A60     		str	r2, [r3, #8]
  58 0010 0522     		movs	r2, #5
  59 0012 9A76     		strb	r2, [r3, #26]
  60 0014 FF22     		movs	r2, #255
  61 0016 DA76     		strb	r2, [r3, #27]
  62 0018 134A     		ldr	r2, .L13+8
  63 001a 0724     		movs	r4, #7
  64 001c 1160     		str	r1, [r2]
  65 001e 134A     		ldr	r2, .L13+12
  66 0020 1B60     		str	r3, [r3]
  67 0022 1260     		str	r2, [r2]
  68 0024 5160     		str	r1, [r2, #4]
  69 0026 1472     		strb	r4, [r2, #8]
  70 0028 114A     		ldr	r2, .L13+16
  71 002a 5960     		str	r1, [r3, #4]
  72 002c D960     		str	r1, [r3, #12]
  73 002e 1961     		str	r1, [r3, #16]
  74 0030 02F5D275 		add	r5, r2, #420
  75              	.L11:
  76 0034 42F8181C 		str	r1, [r2, #-24]
  77 0038 02F8024C 		strb	r4, [r2, #-2]
  78 003c 42F81C2C 		str	r2, [r2, #-28]
  79 0040 1C32     		adds	r2, r2, #28
  80 0042 AA42     		cmp	r2, r5
  81 0044 F6D1     		bne	.L11
  82 0046 0B4A     		ldr	r2, .L13+20
  83 0048 0021     		movs	r1, #0
  84 004a C2F8A411 		str	r1, [r2, #420]
  85 004e 0A49     		ldr	r1, .L13+24
  86 0050 0A60     		str	r2, [r1]
  87 0052 0A4A     		ldr	r2, .L13+28
  88 0054 1360     		str	r3, [r2]
  89 0056 BDE83840 		pop	{r3, r4, r5, lr}
  90 005a FFF7FEBF 		b	__set_PRIMASK
  91              	.L14:
  92 005e 00BF     		.align	2
  93              	.L13:
  94 0060 00000000 		.word	idle
  95 0064 00000000 		.word	ezos_task_idle
  96 0068 00000000 		.word	idle_hook
  97 006c 00000000 		.word	ipc
  98 0070 1C000000 		.word	task_link+28
  99 0074 00000000 		.word	task_link
 100 0078 00000000 		.word	trash
 101 007c 00000000 		.word	run
 103              		.section	.text.ezos_scan_tick,"ax",%progbits
 104              		.align	1
 105              		.global	ezos_scan_tick
 106              		.thumb
 107              		.thumb_func
 109              	ezos_scan_tick:
 110              		@ args = 0, pretend = 0, frame = 0
 111              		@ frame_needed = 0, uses_anonymous_args = 0
 112 0000 08B5     		push	{r3, lr}
 113 0002 FFF7FEFF 		bl	__get_PRIMASK
 114              	@ 1205 "D:\Users\draapho\Desktop\stm32_ezos_v231\drivers\libraries\CMSIS\CM3\CoreSupport/core_cm3.h
 115 0006 72B6     		cpsid i
 116              	@ 0 "" 2
 117              		.thumb
 118 0008 084B     		ldr	r3, .L22
 119 000a 0521     		movs	r1, #5
 120 000c 1B68     		ldr	r3, [r3]
 121              	.L16:
 122 000e 5A68     		ldr	r2, [r3, #4]
 123 0010 42B1     		cbz	r2, .L21
 124 0012 1A69     		ldr	r2, [r3, #16]
 125 0014 002A     		cmp	r2, #0
 126 0016 03DD     		ble	.L18
 127 0018 013A     		subs	r2, r2, #1
 128 001a 1A61     		str	r2, [r3, #16]
 129 001c 02B9     		cbnz	r2, .L18
 130 001e 9976     		strb	r1, [r3, #26]
 131              	.L18:
 132 0020 1B68     		ldr	r3, [r3]
 133 0022 F4E7     		b	.L16
 134              	.L21:
 135 0024 BDE80840 		pop	{r3, lr}
 136 0028 FFF7FEBF 		b	__set_PRIMASK
 137              	.L23:
 138              		.align	2
 139              	.L22:
 140 002c 00000000 		.word	idle
 142              		.section	.text.ezos_schedule,"ax",%progbits
 143              		.align	1
 144              		.global	ezos_schedule
 145              		.thumb
 146              		.thumb_func
 148              	ezos_schedule:
 149              		@ args = 0, pretend = 0, frame = 0
 150              		@ frame_needed = 0, uses_anonymous_args = 0
 151 0000 F8B5     		push	{r3, r4, r5, r6, r7, lr}
 152 0002 FFF7FEFF 		bl	__get_PRIMASK
 153              	@ 1205 "D:\Users\draapho\Desktop\stm32_ezos_v231\drivers\libraries\CMSIS\CM3\CoreSupport/core_cm3.h
 154 0006 72B6     		cpsid i
 155              	@ 0 "" 2
 156              		.thumb
 157 0008 1B4E     		ldr	r6, .L33
 158 000a 1C4F     		ldr	r7, .L33+4
 159 000c 3546     		mov	r5, r6
 160              	.L31:
 161 000e 3468     		ldr	r4, [r6]
 162              	.L25:
 163 0010 A37E     		ldrb	r3, [r4, #26]	@ zero_extendqisi2
 164 0012 052B     		cmp	r3, #5
 165 0014 01D0     		beq	.L32
 166 0016 2468     		ldr	r4, [r4]
 167 0018 FAE7     		b	.L25
 168              	.L32:
 169 001a 0423     		movs	r3, #4
 170 001c A376     		strb	r3, [r4, #26]
 171 001e 3C60     		str	r4, [r7]
 172 0020 FFF7FEFF 		bl	__set_PRIMASK
 173 0024 A368     		ldr	r3, [r4, #8]
 174 0026 04F11800 		add	r0, r4, #24
 175 002a 04F11401 		add	r1, r4, #20
 176 002e 9847     		blx	r3
 177 0030 FFF7FEFF 		bl	__get_PRIMASK
 178              	@ 1205 "D:\Users\draapho\Desktop\stm32_ezos_v231\drivers\libraries\CMSIS\CM3\CoreSupport/core_cm3.h
 179 0034 72B6     		cpsid i
 180              	@ 0 "" 2
 181              		.thumb
 182 0036 3968     		ldr	r1, [r7]
 183 0038 8B7E     		ldrb	r3, [r1, #26]	@ zero_extendqisi2
 184 003a 042B     		cmp	r3, #4
 185 003c 18D1     		bne	.L27
 186 003e 2B68     		ldr	r3, [r5]
 187 0040 0D4C     		ldr	r4, .L33
 188              	.L28:
 189 0042 D3F804E0 		ldr	lr, [r3, #4]
 190 0046 BEF1000F 		cmp	lr, #0
 191 004a 11D0     		beq	.L27
 192 004c 4A68     		ldr	r2, [r1, #4]
 193 004e 9645     		cmp	lr, r2
 194 0050 0BD1     		bne	.L29
 195 0052 0022     		movs	r2, #0
 196 0054 5A60     		str	r2, [r3, #4]
 197 0056 0722     		movs	r2, #7
 198 0058 9A76     		strb	r2, [r3, #26]
 199 005a 1A68     		ldr	r2, [r3]
 200 005c 2260     		str	r2, [r4]
 201 005e 084A     		ldr	r2, .L33+8
 202 0060 1268     		ldr	r2, [r2]
 203 0062 1168     		ldr	r1, [r2]
 204 0064 1960     		str	r1, [r3]
 205 0066 1360     		str	r3, [r2]
 206 0068 02E0     		b	.L27
 207              	.L29:
 208 006a 1C46     		mov	r4, r3
 209 006c 1B68     		ldr	r3, [r3]
 210 006e E8E7     		b	.L28
 211              	.L27:
 212 0070 024B     		ldr	r3, .L33+4
 213 0072 1D60     		str	r5, [r3]
 214 0074 CBE7     		b	.L31
 215              	.L34:
 216 0076 00BF     		.align	2
 217              	.L33:
 218 0078 00000000 		.word	idle
 219 007c 00000000 		.word	run
 220 0080 00000000 		.word	trash
 222              		.section	.text.ezos_add,"ax",%progbits
 223              		.align	1
 224              		.global	ezos_add
 225              		.thumb
 226              		.thumb_func
 228              	ezos_add:
 229              		@ args = 4, pretend = 0, frame = 0
 230              		@ frame_needed = 0, uses_anonymous_args = 0
 231 0000 2DE9F047 		push	{r4, r5, r6, r7, r8, r9, r10, lr}
 232 0004 8946     		mov	r9, r1
 233 0006 9246     		mov	r10, r2
 234 0008 1F46     		mov	r7, r3
 235 000a 9DF82050 		ldrb	r5, [sp, #32]	@ zero_extendqisi2
 236 000e 8046     		mov	r8, r0
 237 0010 0028     		cmp	r0, #0
 238 0012 49D0     		beq	.L49
 239 0014 274B     		ldr	r3, .L56
 240 0016 1A68     		ldr	r2, [r3]
 241 0018 1C46     		mov	r4, r3
 242 001a 002A     		cmp	r2, #0
 243 001c 47D0     		beq	.L50
 244 001e FFF7FEFF 		bl	__get_PRIMASK
 245              	@ 1205 "D:\Users\draapho\Desktop\stm32_ezos_v231\drivers\libraries\CMSIS\CM3\CoreSupport/core_cm3.h
 246 0022 72B6     		cpsid i
 247              	@ 0 "" 2
 248              		.thumb
 249 0024 244A     		ldr	r2, .L56+4
 250 0026 FF2D     		cmp	r5, #255
 251 0028 08BF     		it	eq
 252 002a FE25     		moveq	r5, #254
 253 002c 1368     		ldr	r3, [r2]
 254 002e 47EAE777 		orr	r7, r7, r7, asr #31
 255 0032 1146     		mov	r1, r2
 256              	.L39:
 257 0034 5A68     		ldr	r2, [r3, #4]
 258 0036 42B1     		cbz	r2, .L54
 259 0038 4245     		cmp	r2, r8
 260 003a 04D1     		bne	.L40
 261 003c FFF7FEFF 		bl	__set_PRIMASK
 262 0040 0320     		movs	r0, #3
 263 0042 BDE8F087 		pop	{r4, r5, r6, r7, r8, r9, r10, pc}
 264              	.L40:
 265 0046 1B68     		ldr	r3, [r3]
 266 0048 F4E7     		b	.L39
 267              	.L54:
 268 004a 1C4B     		ldr	r3, .L56+8
 269 004c 2468     		ldr	r4, [r4]
 270 004e 1B68     		ldr	r3, [r3]
 271 0050 9C42     		cmp	r4, r3
 272 0052 2368     		ldr	r3, [r4]
 273 0054 02D0     		beq	.L42
 274 0056 174A     		ldr	r2, .L56
 275 0058 1360     		str	r3, [r2]
 276 005a 06E0     		b	.L43
 277              	.L42:
 278 005c 13B9     		cbnz	r3, .L44
 279 005e FFF7FEFF 		bl	__set_PRIMASK
 280 0062 24E0     		b	.L50
 281              	.L44:
 282 0064 1E68     		ldr	r6, [r3]
 283 0066 2660     		str	r6, [r4]
 284 0068 1C46     		mov	r4, r3
 285              	.L43:
 286 006a 0E68     		ldr	r6, [r1]
 287 006c 124B     		ldr	r3, .L56+4
 288              	.L45:
 289 006e F27E     		ldrb	r2, [r6, #27]	@ zero_extendqisi2
 290 0070 AA42     		cmp	r2, r5
 291 0072 02D8     		bhi	.L55
 292 0074 3346     		mov	r3, r6
 293 0076 3668     		ldr	r6, [r6]
 294 0078 F9E7     		b	.L45
 295              	.L55:
 296 007a 2660     		str	r6, [r4]
 297 007c 1C60     		str	r4, [r3]
 298 007e 0023     		movs	r3, #0
 299 0080 C4F80480 		str	r8, [r4, #4]
 300 0084 C4F80890 		str	r9, [r4, #8]
 301 0088 2383     		strh	r3, [r4, #24]	@ movhi
 302 008a C4F814A0 		str	r10, [r4, #20]
 303 008e E360     		str	r3, [r4, #12]
 304 0090 2761     		str	r7, [r4, #16]
 305 0092 E576     		strb	r5, [r4, #27]
 306 0094 0FB9     		cbnz	r7, .L47
 307 0096 0523     		movs	r3, #5
 308 0098 00E0     		b	.L53
 309              	.L47:
 310 009a 0623     		movs	r3, #6
 311              	.L53:
 312 009c A376     		strb	r3, [r4, #26]
 313 009e FFF7FEFF 		bl	__set_PRIMASK
 314 00a2 0020     		movs	r0, #0
 315 00a4 BDE8F087 		pop	{r4, r5, r6, r7, r8, r9, r10, pc}
 316              	.L49:
 317 00a8 0120     		movs	r0, #1
 318 00aa BDE8F087 		pop	{r4, r5, r6, r7, r8, r9, r10, pc}
 319              	.L50:
 320 00ae 0220     		movs	r0, #2
 321 00b0 BDE8F087 		pop	{r4, r5, r6, r7, r8, r9, r10, pc}
 322              	.L57:
 323              		.align	2
 324              	.L56:
 325 00b4 00000000 		.word	trash
 326 00b8 00000000 		.word	idle
 327 00bc 00000000 		.word	run
 329              		.section	.text.ezos_delete,"ax",%progbits
 330              		.align	1
 331              		.global	ezos_delete
 332              		.thumb
 333              		.thumb_func
 335              	ezos_delete:
 336              		@ args = 0, pretend = 0, frame = 0
 337              		@ frame_needed = 0, uses_anonymous_args = 0
 338 0000 10B5     		push	{r4, lr}
 339 0002 0446     		mov	r4, r0
 340 0004 FFF7FEFF 		bl	__get_PRIMASK
 341              	@ 1205 "D:\Users\draapho\Desktop\stm32_ezos_v231\drivers\libraries\CMSIS\CM3\CoreSupport/core_cm3.h
 342 0008 72B6     		cpsid i
 343              	@ 0 "" 2
 344              		.thumb
 345 000a 0D49     		ldr	r1, .L64
 346 000c 0B68     		ldr	r3, [r1]
 347              	.L59:
 348 000e 5A68     		ldr	r2, [r3, #4]
 349 0010 82B1     		cbz	r2, .L63
 350 0012 A242     		cmp	r2, r4
 351 0014 0BD1     		bne	.L60
 352 0016 0722     		movs	r2, #7
 353 0018 9A76     		strb	r2, [r3, #26]
 354 001a 1A68     		ldr	r2, [r3]
 355 001c 0024     		movs	r4, #0
 356 001e 5C60     		str	r4, [r3, #4]
 357 0020 0A60     		str	r2, [r1]
 358 0022 084A     		ldr	r2, .L64+4
 359 0024 1268     		ldr	r2, [r2]
 360 0026 1168     		ldr	r1, [r2]
 361 0028 1960     		str	r1, [r3]
 362 002a 1360     		str	r3, [r2]
 363 002c 03E0     		b	.L61
 364              	.L60:
 365 002e 1946     		mov	r1, r3
 366 0030 1B68     		ldr	r3, [r3]
 367 0032 ECE7     		b	.L59
 368              	.L63:
 369 0034 0124     		movs	r4, #1
 370              	.L61:
 371 0036 FFF7FEFF 		bl	__set_PRIMASK
 372 003a 2046     		mov	r0, r4
 373 003c 10BD     		pop	{r4, pc}
 374              	.L65:
 375 003e 00BF     		.align	2
 376              	.L64:
 377 0040 00000000 		.word	idle
 378 0044 00000000 		.word	trash
 380              		.section	.text.ezos_delay,"ax",%progbits
 381              		.align	1
 382              		.global	ezos_delay
 383              		.thumb
 384              		.thumb_func
 386              	ezos_delay:
 387              		@ args = 0, pretend = 0, frame = 0
 388              		@ frame_needed = 0, uses_anonymous_args = 0
 389 0000 70B5     		push	{r4, r5, r6, lr}
 390 0002 0446     		mov	r4, r0
 391 0004 FFF7FEFF 		bl	__get_PRIMASK
 392              	@ 1205 "D:\Users\draapho\Desktop\stm32_ezos_v231\drivers\libraries\CMSIS\CM3\CoreSupport/core_cm3.h
 393 0008 72B6     		cpsid i
 394              	@ 0 "" 2
 395              		.thumb
 396 000a 1349     		ldr	r1, .L80
 397 000c 134A     		ldr	r2, .L80+4
 398 000e 0B68     		ldr	r3, [r1]
 399 0010 1668     		ldr	r6, [r2]
 400 0012 44EAE474 		orr	r4, r4, r4, asr #31
 401              	.L68:
 402 0016 5A68     		ldr	r2, [r3, #4]
 403 0018 CAB1     		cbz	r2, .L78
 404 001a 7568     		ldr	r5, [r6, #4]
 405 001c AA42     		cmp	r2, r5
 406 001e 13D1     		bne	.L69
 407 0020 1C61     		str	r4, [r3, #16]
 408 0022 0CB9     		cbnz	r4, .L70
 409 0024 0522     		movs	r2, #5
 410 0026 00E0     		b	.L77
 411              	.L70:
 412 0028 0622     		movs	r2, #6
 413              	.L77:
 414 002a 9A76     		strb	r2, [r3, #26]
 415 002c 1A68     		ldr	r2, [r3]
 416 002e DC7E     		ldrb	r4, [r3, #27]	@ zero_extendqisi2
 417 0030 0A60     		str	r2, [r1]
 418 0032 1A68     		ldr	r2, [r3]
 419              	.L72:
 420 0034 D57E     		ldrb	r5, [r2, #27]	@ zero_extendqisi2
 421 0036 A542     		cmp	r5, r4
 422 0038 02D8     		bhi	.L79
 423 003a 1146     		mov	r1, r2
 424 003c 1268     		ldr	r2, [r2]
 425 003e F9E7     		b	.L72
 426              	.L79:
 427 0040 0B60     		str	r3, [r1]
 428 0042 0024     		movs	r4, #0
 429 0044 1A60     		str	r2, [r3]
 430 0046 03E0     		b	.L74
 431              	.L69:
 432 0048 1946     		mov	r1, r3
 433 004a 1B68     		ldr	r3, [r3]
 434 004c E3E7     		b	.L68
 435              	.L78:
 436 004e 0124     		movs	r4, #1
 437              	.L74:
 438 0050 FFF7FEFF 		bl	__set_PRIMASK
 439 0054 2046     		mov	r0, r4
 440 0056 70BD     		pop	{r4, r5, r6, pc}
 441              	.L81:
 442              		.align	2
 443              	.L80:
 444 0058 00000000 		.word	idle
 445 005c 00000000 		.word	run
 447              		.section	.text.ezos_resume,"ax",%progbits
 448              		.align	1
 449              		.global	ezos_resume
 450              		.thumb
 451              		.thumb_func
 453              	ezos_resume:
 454              		@ args = 0, pretend = 0, frame = 0
 455              		@ frame_needed = 0, uses_anonymous_args = 0
 456 0000 38B5     		push	{r3, r4, r5, lr}
 457 0002 0446     		mov	r4, r0
 458 0004 0D46     		mov	r5, r1
 459 0006 FFF7FEFF 		bl	__get_PRIMASK
 460              	@ 1205 "D:\Users\draapho\Desktop\stm32_ezos_v231\drivers\libraries\CMSIS\CM3\CoreSupport/core_cm3.h
 461 000a 72B6     		cpsid i
 462              	@ 0 "" 2
 463              		.thumb
 464 000c 0A4B     		ldr	r3, .L89
 465              	.L84:
 466 000e 1B68     		ldr	r3, [r3]
 467 0010 5A68     		ldr	r2, [r3, #4]
 468 0012 4AB1     		cbz	r2, .L88
 469 0014 A242     		cmp	r2, r4
 470 0016 FAD1     		bne	.L84
 471 0018 9A7E     		ldrb	r2, [r3, #26]	@ zero_extendqisi2
 472 001a 062A     		cmp	r2, #6
 473 001c 06D1     		bne	.L87
 474 001e 0522     		movs	r2, #5
 475 0020 9A76     		strb	r2, [r3, #26]
 476 0022 5D61     		str	r5, [r3, #20]
 477 0024 0024     		movs	r4, #0
 478 0026 02E0     		b	.L85
 479              	.L88:
 480 0028 0124     		movs	r4, #1
 481 002a 00E0     		b	.L85
 482              	.L87:
 483 002c 0324     		movs	r4, #3
 484              	.L85:
 485 002e FFF7FEFF 		bl	__set_PRIMASK
 486 0032 2046     		mov	r0, r4
 487 0034 38BD     		pop	{r3, r4, r5, pc}
 488              	.L90:
 489 0036 00BF     		.align	2
 490              	.L89:
 491 0038 00000000 		.word	idle
 493              		.section	.text.ezos_status_get,"ax",%progbits
 494              		.align	1
 495              		.global	ezos_status_get
 496              		.thumb
 497              		.thumb_func
 499              	ezos_status_get:
 500              		@ args = 0, pretend = 0, frame = 0
 501              		@ frame_needed = 0, uses_anonymous_args = 0
 502 0000 10B5     		push	{r4, lr}
 503 0002 0446     		mov	r4, r0
 504 0004 88B1     		cbz	r0, .L96
 505 0006 FFF7FEFF 		bl	__get_PRIMASK
 506              	@ 1205 "D:\Users\draapho\Desktop\stm32_ezos_v231\drivers\libraries\CMSIS\CM3\CoreSupport/core_cm3.h
 507 000a 72B6     		cpsid i
 508              	@ 0 "" 2
 509              		.thumb
 510 000c 084B     		ldr	r3, .L98
 511              	.L94:
 512 000e 1B68     		ldr	r3, [r3]
 513 0010 5A68     		ldr	r2, [r3, #4]
 514 0012 32B1     		cbz	r2, .L97
 515 0014 A242     		cmp	r2, r4
 516 0016 FAD1     		bne	.L94
 517 0018 9C7E     		ldrb	r4, [r3, #26]	@ zero_extendqisi2
 518 001a FFF7FEFF 		bl	__set_PRIMASK
 519 001e 2046     		mov	r0, r4
 520 0020 10BD     		pop	{r4, pc}
 521              	.L97:
 522 0022 FFF7FEFF 		bl	__set_PRIMASK
 523 0026 0720     		movs	r0, #7
 524 0028 10BD     		pop	{r4, pc}
 525              	.L96:
 526 002a 0120     		movs	r0, #1
 527 002c 10BD     		pop	{r4, pc}
 528              	.L99:
 529 002e 00BF     		.align	2
 530              	.L98:
 531 0030 00000000 		.word	idle
 533              		.section	.text.ezos_status_get_cur,"ax",%progbits
 534              		.align	1
 535              		.global	ezos_status_get_cur
 536              		.thumb
 537              		.thumb_func
 539              	ezos_status_get_cur:
 540              		@ args = 0, pretend = 0, frame = 0
 541              		@ frame_needed = 0, uses_anonymous_args = 0
 542              		@ link register save eliminated.
 543 0000 044B     		ldr	r3, .L104
 544 0002 1B68     		ldr	r3, [r3]
 545 0004 1BB1     		cbz	r3, .L103
 546 0006 5A68     		ldr	r2, [r3, #4]
 547 0008 0AB1     		cbz	r2, .L103
 548 000a 987E     		ldrb	r0, [r3, #26]	@ zero_extendqisi2
 549 000c 7047     		bx	lr
 550              	.L103:
 551 000e 0120     		movs	r0, #1
 552 0010 7047     		bx	lr
 553              	.L105:
 554 0012 00BF     		.align	2
 555              	.L104:
 556 0014 00000000 		.word	run
 558              		.section	.text.ezos_trash_num_min_get,"ax",%progbits
 559              		.align	1
 560              		.global	ezos_trash_num_min_get
 561              		.thumb
 562              		.thumb_func
 564              	ezos_trash_num_min_get:
 565              		@ args = 0, pretend = 0, frame = 0
 566              		@ frame_needed = 0, uses_anonymous_args = 0
 567              		@ link register save eliminated.
 568 0000 1020     		movs	r0, #16
 569 0002 7047     		bx	lr
 571              		.section	.text.ezos_idle_tick_max_get,"ax",%progbits
 572              		.align	1
 573              		.global	ezos_idle_tick_max_get
 574              		.thumb
 575              		.thumb_func
 577              	ezos_idle_tick_max_get:
 578              		@ args = 0, pretend = 0, frame = 0
 579              		@ frame_needed = 0, uses_anonymous_args = 0
 580              		@ link register save eliminated.
 581 0000 0020     		movs	r0, #0
 582 0002 7047     		bx	lr
 584              		.section	.text.ezos_idle_hook_set,"ax",%progbits
 585              		.align	1
 586              		.global	ezos_idle_hook_set
 587              		.thumb
 588              		.thumb_func
 590              	ezos_idle_hook_set:
 591              		@ args = 0, pretend = 0, frame = 0
 592              		@ frame_needed = 0, uses_anonymous_args = 0
 593              		@ link register save eliminated.
 594 0000 014B     		ldr	r3, .L109
 595 0002 1860     		str	r0, [r3]
 596 0004 7047     		bx	lr
 597              	.L110:
 598 0006 00BF     		.align	2
 599              	.L109:
 600 0008 00000000 		.word	idle_hook
 602              		.comm	ipc,12,4
 603              		.comm	idle_hook,4,4
 604              		.comm	run,4,4
 605              		.comm	trash,4,4
 606              		.comm	idle,28,4
 607              		.comm	task_link,448,4
 608              		.ident	"GCC: (Sourcery CodeBench Lite 2013.11-24) 4.8.1"
DEFINED SYMBOLS
                            *ABS*:00000000 ezos_kernel.c
D:\Users\draapho\AppData\Local\Temp\cce98bXo.s:16     .text.ezos_task_idle:00000000 $t
D:\Users\draapho\AppData\Local\Temp\cce98bXo.s:20     .text.ezos_task_idle:00000000 ezos_task_idle
D:\Users\draapho\AppData\Local\Temp\cce98bXo.s:36     .text.ezos_task_idle:00000014 $d
                            *COM*:00000004 idle_hook
                            *COM*:0000001c idle
D:\Users\draapho\AppData\Local\Temp\cce98bXo.s:40     .text.ezos_init:00000000 $t
D:\Users\draapho\AppData\Local\Temp\cce98bXo.s:45     .text.ezos_init:00000000 ezos_init
D:\Users\draapho\AppData\Local\Temp\cce98bXo.s:94     .text.ezos_init:00000060 $d
                            *COM*:0000000c ipc
                            *COM*:000001c0 task_link
                            *COM*:00000004 trash
                            *COM*:00000004 run
D:\Users\draapho\AppData\Local\Temp\cce98bXo.s:104    .text.ezos_scan_tick:00000000 $t
D:\Users\draapho\AppData\Local\Temp\cce98bXo.s:109    .text.ezos_scan_tick:00000000 ezos_scan_tick
D:\Users\draapho\AppData\Local\Temp\cce98bXo.s:140    .text.ezos_scan_tick:0000002c $d
D:\Users\draapho\AppData\Local\Temp\cce98bXo.s:143    .text.ezos_schedule:00000000 $t
D:\Users\draapho\AppData\Local\Temp\cce98bXo.s:148    .text.ezos_schedule:00000000 ezos_schedule
D:\Users\draapho\AppData\Local\Temp\cce98bXo.s:218    .text.ezos_schedule:00000078 $d
D:\Users\draapho\AppData\Local\Temp\cce98bXo.s:223    .text.ezos_add:00000000 $t
D:\Users\draapho\AppData\Local\Temp\cce98bXo.s:228    .text.ezos_add:00000000 ezos_add
D:\Users\draapho\AppData\Local\Temp\cce98bXo.s:325    .text.ezos_add:000000b4 $d
D:\Users\draapho\AppData\Local\Temp\cce98bXo.s:330    .text.ezos_delete:00000000 $t
D:\Users\draapho\AppData\Local\Temp\cce98bXo.s:335    .text.ezos_delete:00000000 ezos_delete
D:\Users\draapho\AppData\Local\Temp\cce98bXo.s:377    .text.ezos_delete:00000040 $d
D:\Users\draapho\AppData\Local\Temp\cce98bXo.s:381    .text.ezos_delay:00000000 $t
D:\Users\draapho\AppData\Local\Temp\cce98bXo.s:386    .text.ezos_delay:00000000 ezos_delay
D:\Users\draapho\AppData\Local\Temp\cce98bXo.s:444    .text.ezos_delay:00000058 $d
D:\Users\draapho\AppData\Local\Temp\cce98bXo.s:448    .text.ezos_resume:00000000 $t
D:\Users\draapho\AppData\Local\Temp\cce98bXo.s:453    .text.ezos_resume:00000000 ezos_resume
D:\Users\draapho\AppData\Local\Temp\cce98bXo.s:491    .text.ezos_resume:00000038 $d
D:\Users\draapho\AppData\Local\Temp\cce98bXo.s:494    .text.ezos_status_get:00000000 $t
D:\Users\draapho\AppData\Local\Temp\cce98bXo.s:499    .text.ezos_status_get:00000000 ezos_status_get
D:\Users\draapho\AppData\Local\Temp\cce98bXo.s:531    .text.ezos_status_get:00000030 $d
D:\Users\draapho\AppData\Local\Temp\cce98bXo.s:534    .text.ezos_status_get_cur:00000000 $t
D:\Users\draapho\AppData\Local\Temp\cce98bXo.s:539    .text.ezos_status_get_cur:00000000 ezos_status_get_cur
D:\Users\draapho\AppData\Local\Temp\cce98bXo.s:556    .text.ezos_status_get_cur:00000014 $d
D:\Users\draapho\AppData\Local\Temp\cce98bXo.s:559    .text.ezos_trash_num_min_get:00000000 $t
D:\Users\draapho\AppData\Local\Temp\cce98bXo.s:564    .text.ezos_trash_num_min_get:00000000 ezos_trash_num_min_get
D:\Users\draapho\AppData\Local\Temp\cce98bXo.s:572    .text.ezos_idle_tick_max_get:00000000 $t
D:\Users\draapho\AppData\Local\Temp\cce98bXo.s:577    .text.ezos_idle_tick_max_get:00000000 ezos_idle_tick_max_get
D:\Users\draapho\AppData\Local\Temp\cce98bXo.s:585    .text.ezos_idle_hook_set:00000000 $t
D:\Users\draapho\AppData\Local\Temp\cce98bXo.s:590    .text.ezos_idle_hook_set:00000000 ezos_idle_hook_set
D:\Users\draapho\AppData\Local\Temp\cce98bXo.s:600    .text.ezos_idle_hook_set:00000008 $d

UNDEFINED SYMBOLS
__get_PRIMASK
__set_PRIMASK
