   1              		.syntax unified
   2              		.cpu cortex-m3
   3              		.fpu softvfp
   4              		.eabi_attribute 20, 1
   5              		.eabi_attribute 21, 1
   6              		.eabi_attribute 23, 3
   7              		.eabi_attribute 24, 1
   8              		.eabi_attribute 25, 1
   9              		.eabi_attribute 26, 1
  10              		.eabi_attribute 30, 4
  11              		.eabi_attribute 34, 1
  12              		.eabi_attribute 18, 4
  13              		.thumb
  14              		.file	"app_eeprom.c"
  15              		.section	.text.task_eeprom_test,"ax",%progbits
  16              		.align	1
  17              		.global	task_eeprom_test
  18              		.thumb
  19              		.thumb_func
  21              	task_eeprom_test:
  22              		@ args = 0, pretend = 0, frame = 200
  23              		@ frame_needed = 0, uses_anonymous_args = 0
  24 0000 70B5     		push	{r4, r5, r6, lr}
  25 0002 0020     		movs	r0, #0
  26 0004 B2B0     		sub	sp, sp, #200
  27 0006 2949     		ldr	r1, .L15
  28 0008 FFF7FEFF 		bl	uart_printf
  29 000c 0024     		movs	r4, #0
  30              	.L3:
  31 000e 04F13003 		add	r3, r4, #48
  32 0012 0DF80430 		strb	r3, [sp, r4]
  33 0016 0134     		adds	r4, r4, #1
  34 0018 C82C     		cmp	r4, #200
  35 001a F8D1     		bne	.L3
  36 001c FFF7FEFF 		bl	delay_tick_get
  37 0020 2246     		mov	r2, r4
  38 0022 0021     		movs	r1, #0
  39 0024 0546     		mov	r5, r0
  40 0026 6846     		mov	r0, sp
  41 0028 FFF7FEFF 		bl	eeprom_write
  42 002c 0646     		mov	r6, r0
  43 002e FFF7FEFF 		bl	delay_tick_get
  44 0032 1F49     		ldr	r1, .L15+4
  45 0034 451B     		subs	r5, r0, r5
  46 0036 3246     		mov	r2, r6
  47 0038 0020     		movs	r0, #0
  48 003a FFF7FEFF 		bl	uart_printf
  49 003e 2246     		mov	r2, r4
  50 0040 2B46     		mov	r3, r5
  51 0042 0020     		movs	r0, #0
  52 0044 1B49     		ldr	r1, .L15+8
  53 0046 0024     		movs	r4, #0
  54 0048 FFF7FEFF 		bl	uart_printf
  55 004c 2346     		mov	r3, r4
  56              	.L5:
  57 004e 0DF80430 		strb	r3, [sp, r4]
  58 0052 0134     		adds	r4, r4, #1
  59 0054 C82C     		cmp	r4, #200
  60 0056 FAD1     		bne	.L5
  61 0058 FFF7FEFF 		bl	delay_tick_get
  62 005c 0021     		movs	r1, #0
  63 005e 2246     		mov	r2, r4
  64 0060 0546     		mov	r5, r0
  65 0062 6846     		mov	r0, sp
  66 0064 FFF7FEFF 		bl	eeprom_read
  67 0068 0646     		mov	r6, r0
  68 006a FFF7FEFF 		bl	delay_tick_get
  69 006e 1249     		ldr	r1, .L15+12
  70 0070 451B     		subs	r5, r0, r5
  71 0072 3246     		mov	r2, r6
  72 0074 0020     		movs	r0, #0
  73 0076 FFF7FEFF 		bl	uart_printf
  74 007a 2B46     		mov	r3, r5
  75 007c 0020     		movs	r0, #0
  76 007e 0F49     		ldr	r1, .L15+16
  77 0080 2246     		mov	r2, r4
  78 0082 FFF7FEFF 		bl	uart_printf
  79 0086 3023     		movs	r3, #48
  80              	.L8:
  81 0088 00AA     		add	r2, sp, #0
  82 008a 1A44     		add	r2, r2, r3
  83 008c 12F8302C 		ldrb	r2, [r2, #-48]	@ zero_extendqisi2
  84 0090 9A42     		cmp	r2, r3
  85 0092 05D1     		bne	.L6
  86 0094 0133     		adds	r3, r3, #1
  87 0096 F82B     		cmp	r3, #248
  88 0098 F6D1     		bne	.L8
  89 009a 0020     		movs	r0, #0
  90 009c 0849     		ldr	r1, .L15+20
  91 009e 01E0     		b	.L13
  92              	.L6:
  93 00a0 0849     		ldr	r1, .L15+24
  94 00a2 0020     		movs	r0, #0
  95              	.L13:
  96 00a4 FFF7FEFF 		bl	uart_printf
  97 00a8 32B0     		add	sp, sp, #200
  98              		@ sp needed
  99 00aa 70BD     		pop	{r4, r5, r6, pc}
 100              	.L16:
 101              		.align	2
 102              	.L15:
 103 00ac 00000000 		.word	.LC0
 104 00b0 1E000000 		.word	.LC1
 105 00b4 31000000 		.word	.LC2
 106 00b8 54000000 		.word	.LC3
 107 00bc 66000000 		.word	.LC4
 108 00c0 88000000 		.word	.LC5
 109 00c4 9A000000 		.word	.LC6
 111              		.section	.text.eeprom_start,"ax",%progbits
 112              		.align	1
 113              		.global	eeprom_start
 114              		.thumb
 115              		.thumb_func
 117              	eeprom_start:
 118              		@ args = 0, pretend = 0, frame = 0
 119              		@ frame_needed = 0, uses_anonymous_args = 0
 120 0000 07B5     		push	{r0, r1, r2, lr}
 121 0002 0020     		movs	r0, #0
 122 0004 FFF7FEFF 		bl	eeprom_init
 123 0008 0448     		ldr	r0, .L18
 124 000a 0022     		movs	r2, #0
 125 000c 0092     		str	r2, [sp]
 126 000e 0146     		mov	r1, r0
 127 0010 1346     		mov	r3, r2
 128 0012 FFF7FEFF 		bl	ezos_add
 129 0016 03B0     		add	sp, sp, #12
 130              		@ sp needed
 131 0018 5DF804FB 		ldr	pc, [sp], #4
 132              	.L19:
 133              		.align	2
 134              	.L18:
 135 001c 00000000 		.word	task_eeprom_test
 137              		.section	.rodata.str1.1,"aMS",%progbits,1
 138              	.LC0:
 139 0000 0D0A0D0A 		.ascii	"\015\012\015\012===== eeprom test =====\015\012\000"
 139      3D3D3D3D 
 139      3D206565 
 139      70726F6D 
 139      20746573 
 140              	.LC1:
 141 001e 45657072 		.ascii	"Eeprom write: %u\015\012\000"
 141      6F6D2077 
 141      72697465 
 141      3A202575 
 141      0D0A00
 142              	.LC2:
 143 0031 45657072 		.ascii	"Eeprom write %u bytes used %u ms\015\012\000"
 143      6F6D2077 
 143      72697465 
 143      20257520 
 143      62797465 
 144              	.LC3:
 145 0054 45657072 		.ascii	"Eeprom read: %u\015\012\000"
 145      6F6D2072 
 145      6561643A 
 145      2025750D 
 145      0A00
 146              	.LC4:
 147 0066 45657072 		.ascii	"Eeprom read %u bytes used %u ms\015\012\000"
 147      6F6D2072 
 147      65616420 
 147      25752062 
 147      79746573 
 148              	.LC5:
 149 0088 45657072 		.ascii	"Eeprom cmp ok\015\012\015\012\000"
 149      6F6D2063 
 149      6D70206F 
 149      6B0D0A0D 
 149      0A00
 150              	.LC6:
 151 009a 45657072 		.ascii	"Eeprom cmp error\015\012\015\012\000"
 151      6F6D2063 
 151      6D702065 
 151      72726F72 
 151      0D0A0D0A 
 152              		.ident	"GCC: (Sourcery CodeBench Lite 2013.11-24) 4.8.1"
DEFINED SYMBOLS
                            *ABS*:00000000 app_eeprom.c
D:\Users\draapho\AppData\Local\Temp\ccYtyPm2.s:16     .text.task_eeprom_test:00000000 $t
D:\Users\draapho\AppData\Local\Temp\ccYtyPm2.s:21     .text.task_eeprom_test:00000000 task_eeprom_test
D:\Users\draapho\AppData\Local\Temp\ccYtyPm2.s:103    .text.task_eeprom_test:000000ac $d
D:\Users\draapho\AppData\Local\Temp\ccYtyPm2.s:112    .text.eeprom_start:00000000 $t
D:\Users\draapho\AppData\Local\Temp\ccYtyPm2.s:117    .text.eeprom_start:00000000 eeprom_start
D:\Users\draapho\AppData\Local\Temp\ccYtyPm2.s:135    .text.eeprom_start:0000001c $d

UNDEFINED SYMBOLS
uart_printf
delay_tick_get
eeprom_write
eeprom_read
eeprom_init
ezos_add
