   1              		.syntax unified
   2              		.cpu cortex-m3
   3              		.fpu softvfp
   4              		.eabi_attribute 20, 1
   5              		.eabi_attribute 21, 1
   6              		.eabi_attribute 23, 3
   7              		.eabi_attribute 24, 1
   8              		.eabi_attribute 25, 1
   9              		.eabi_attribute 26, 1
  10              		.eabi_attribute 30, 4
  11              		.eabi_attribute 34, 1
  12              		.eabi_attribute 18, 4
  13              		.thumb
  14              		.file	"uip_lib.c"
  15              		.section	.text.ip_str2ip,"ax",%progbits
  16              		.align	1
  17              		.global	ip_str2ip
  18              		.thumb
  19              		.thumb_func
  21              	ip_str2ip:
  22              		@ args = 0, pretend = 0, frame = 0
  23              		@ frame_needed = 0, uses_anonymous_args = 0
  24 0000 F0B5     		push	{r4, r5, r6, r7, lr}
  25 0002 09B9     		cbnz	r1, .L2
  26              	.L4:
  27 0004 0120     		movs	r0, #1
  28 0006 F0BD     		pop	{r4, r5, r6, r7, pc}
  29              	.L2:
  30 0008 0022     		movs	r2, #0
  31 000a 1546     		mov	r5, r2
  32 000c 0A26     		movs	r6, #10
  33              	.L12:
  34 000e 0446     		mov	r4, r0
  35 0010 471D     		adds	r7, r0, #5
  36              	.L11:
  37 0012 14F8013B 		ldrb	r3, [r4], #1	@ zero_extendqisi2
  38 0016 BC42     		cmp	r4, r7
  39 0018 F4D0     		beq	.L4
  40 001a 2E2B     		cmp	r3, #46
  41 001c 00D0     		beq	.L5
  42 001e 13B9     		cbnz	r3, .L6
  43              	.L5:
  44 0020 8D54     		strb	r5, [r1, r2]
  45 0022 0025     		movs	r5, #0
  46 0024 09E0     		b	.L7
  47              	.L6:
  48 0026 A3F13000 		sub	r0, r3, #48
  49 002a C0B2     		uxtb	r0, r0
  50 002c 0928     		cmp	r0, #9
  51 002e E9D8     		bhi	.L4
  52 0030 7543     		muls	r5, r6, r5
  53 0032 303D     		subs	r5, r5, #48
  54 0034 EDB2     		uxtb	r5, r5
  55 0036 1D44     		add	r5, r5, r3
  56 0038 EDB2     		uxtb	r5, r5
  57              	.L7:
  58 003a 2E2B     		cmp	r3, #46
  59 003c 2046     		mov	r0, r4
  60 003e 04D1     		bne	.L8
  61              	.L10:
  62 0040 0132     		adds	r2, r2, #1
  63 0042 042A     		cmp	r2, #4
  64 0044 E3D1     		bne	.L12
  65 0046 0020     		movs	r0, #0
  66 0048 F0BD     		pop	{r4, r5, r6, r7, pc}
  67              	.L8:
  68 004a 002B     		cmp	r3, #0
  69 004c E1D1     		bne	.L11
  70 004e F7E7     		b	.L10
  72              		.section	.text.ip_ip2str,"ax",%progbits
  73              		.align	1
  74              		.global	ip_ip2str
  75              		.thumb
  76              		.thumb_func
  78              	ip_ip2str:
  79              		@ args = 0, pretend = 0, frame = 0
  80              		@ frame_needed = 0, uses_anonymous_args = 0
  81 0000 F0B5     		push	{r4, r5, r6, r7, lr}
  82 0002 49B3     		cbz	r1, .L28
  83 0004 0022     		movs	r2, #0
  84 0006 6425     		movs	r5, #100
  85 0008 0A26     		movs	r6, #10
  86 000a 2E27     		movs	r7, #46
  87              	.L27:
  88 000c 835C     		ldrb	r3, [r0, r2]	@ zero_extendqisi2
  89 000e B3FBF5F4 		udiv	r4, r3, r5
  90 0012 14B1     		cbz	r4, .L23
  91 0014 3034     		adds	r4, r4, #48
  92 0016 0C70     		strb	r4, [r1]
  93 0018 0131     		adds	r1, r1, #1
  94              	.L23:
  95 001a B3FBF6F4 		udiv	r4, r3, r6
  96 001e B4FBF6FC 		udiv	ip, r4, r6
  97 0022 06FB1C44 		mls	r4, r6, ip, r4
  98 0026 14F0FF04 		ands	r4, r4, #255
  99 002a 01D1     		bne	.L24
 100 002c 632B     		cmp	r3, #99
 101 002e 02D9     		bls	.L25
 102              	.L24:
 103 0030 3034     		adds	r4, r4, #48
 104 0032 0C70     		strb	r4, [r1]
 105 0034 0131     		adds	r1, r1, #1
 106              	.L25:
 107 0036 B3FBF5F4 		udiv	r4, r3, r5
 108 003a 05FB1433 		mls	r3, r5, r4, r3
 109 003e 0132     		adds	r2, r2, #1
 110 0040 3033     		adds	r3, r3, #48
 111 0042 0C46     		mov	r4, r1
 112 0044 042A     		cmp	r2, #4
 113 0046 04F8023B 		strb	r3, [r4], #2
 114 004a 4F70     		strb	r7, [r1, #1]
 115 004c 01D0     		beq	.L26
 116 004e 2146     		mov	r1, r4
 117 0050 DCE7     		b	.L27
 118              	.L26:
 119 0052 0020     		movs	r0, #0
 120 0054 4870     		strb	r0, [r1, #1]
 121 0056 F0BD     		pop	{r4, r5, r6, r7, pc}
 122              	.L28:
 123 0058 0120     		movs	r0, #1
 124 005a F0BD     		pop	{r4, r5, r6, r7, pc}
 126              		.ident	"GCC: (Sourcery CodeBench Lite 2013.11-24) 4.8.1"
DEFINED SYMBOLS
                            *ABS*:00000000 uip_lib.c
D:\Users\draapho\AppData\Local\Temp\cc4yOG9A.s:16     .text.ip_str2ip:00000000 $t
D:\Users\draapho\AppData\Local\Temp\cc4yOG9A.s:21     .text.ip_str2ip:00000000 ip_str2ip
D:\Users\draapho\AppData\Local\Temp\cc4yOG9A.s:73     .text.ip_ip2str:00000000 $t
D:\Users\draapho\AppData\Local\Temp\cc4yOG9A.s:78     .text.ip_ip2str:00000000 ip_ip2str

NO UNDEFINED SYMBOLS
