   1              		.syntax unified
   2              		.cpu cortex-m3
   3              		.fpu softvfp
   4              		.eabi_attribute 20, 1
   5              		.eabi_attribute 21, 1
   6              		.eabi_attribute 23, 3
   7              		.eabi_attribute 24, 1
   8              		.eabi_attribute 25, 1
   9              		.eabi_attribute 26, 1
  10              		.eabi_attribute 30, 4
  11              		.eabi_attribute 34, 1
  12              		.eabi_attribute 18, 4
  13              		.thumb
  14              		.file	"tcp_udp.c"
  15              		.section	.text.socket_tcp_close,"ax",%progbits
  16              		.align	1
  17              		.global	socket_tcp_close
  18              		.thumb
  19              		.thumb_func
  21              	socket_tcp_close:
  22              		@ args = 0, pretend = 0, frame = 0
  23              		@ frame_needed = 0, uses_anonymous_args = 0
  24              		@ link register save eliminated.
  25 0000 104B     		ldr	r3, .L20
  26 0002 1B68     		ldr	r3, [r3]
  27 0004 E3B1     		cbz	r3, .L1
  28 0006 5A7E     		ldrb	r2, [r3, #25]	@ zero_extendqisi2
  29 0008 872A     		cmp	r2, #135
  30 000a 06D0     		beq	.L5
  31 000c 882A     		cmp	r2, #136
  32 000e 17D0     		beq	.L1
  33 0010 4FF4FA72 		mov	r2, #500
  34 0014 DA60     		str	r2, [r3, #12]
  35 0016 0022     		movs	r2, #0
  36 0018 5A76     		strb	r2, [r3, #25]
  37              	.L5:
  38 001a 597E     		ldrb	r1, [r3, #25]	@ zero_extendqisi2
  39 001c 0A4A     		ldr	r2, .L20+4
  40 001e 09B1     		cbz	r1, .L6
  41 0020 D968     		ldr	r1, [r3, #12]
  42 0022 19B9     		cbnz	r1, .L7
  43              	.L6:
  44 0024 1021     		movs	r1, #16
  45 0026 1170     		strb	r1, [r2]
  46 0028 8721     		movs	r1, #135
  47 002a 5976     		strb	r1, [r3, #25]
  48              	.L7:
  49 002c 1278     		ldrb	r2, [r2]	@ zero_extendqisi2
  50 002e 12F0300F 		tst	r2, #48
  51 0032 03D1     		bne	.L8
  52 0034 1206     		lsls	r2, r2, #24
  53 0036 01D4     		bmi	.L8
  54 0038 DA68     		ldr	r2, [r3, #12]
  55 003a 0AB9     		cbnz	r2, .L1
  56              	.L8:
  57 003c 8822     		movs	r2, #136
  58 003e 5A76     		strb	r2, [r3, #25]
  59              	.L1:
  60 0040 7047     		bx	lr
  61              	.L21:
  62 0042 00BF     		.align	2
  63              	.L20:
  64 0044 00000000 		.word	app_sock
  65 0048 00000000 		.word	uip_flags
  67              		.section	.text.tcp_server_add,"ax",%progbits
  68              		.align	1
  69              		.global	tcp_server_add
  70              		.thumb
  71              		.thumb_func
  73              	tcp_server_add:
  74              		@ args = 0, pretend = 0, frame = 0
  75              		@ frame_needed = 0, uses_anonymous_args = 0
  76 0000 2DE9F047 		push	{r4, r5, r6, r7, r8, r9, r10, lr}
  77 0004 164C     		ldr	r4, .L35
  78 0006 0746     		mov	r7, r0
  79 0008 8846     		mov	r8, r1
  80 000a 1546     		mov	r5, r2
  81 000c 04F13C06 		add	r6, r4, #60
  82 0010 A146     		mov	r9, r4
  83              	.L27:
  84 0012 2846     		mov	r0, r5
  85 0014 B4F808A0 		ldrh	r10, [r4, #8]
  86 0018 FFF7FEFF 		bl	uip_htons
  87 001c 8245     		cmp	r10, r0
  88 001e 05D1     		bne	.L23
  89 0020 2368     		ldr	r3, [r4]
  90 0022 13B1     		cbz	r3, .L24
  91              	.L29:
  92 0024 0020     		movs	r0, #0
  93 0026 BDE8F087 		pop	{r4, r5, r6, r7, r8, r9, r10, pc}
  94              	.L24:
  95 002a 2381     		strh	r3, [r4, #8]	@ movhi
  96              	.L23:
  97 002c 0C34     		adds	r4, r4, #12
  98 002e B442     		cmp	r4, r6
  99 0030 EFD1     		bne	.L27
 100 0032 0023     		movs	r3, #0
 101 0034 0C22     		movs	r2, #12
 102              	.L30:
 103 0036 02FB0394 		mla	r4, r2, r3, r9
 104 003a 2689     		ldrh	r6, [r4, #8]
 105 003c 5EB9     		cbnz	r6, .L28
 106 003e 84E88001 		stmia	r4, {r7, r8}
 107 0042 2846     		mov	r0, r5
 108 0044 FFF7FEFF 		bl	uip_htons
 109 0048 A672     		strb	r6, [r4, #10]
 110 004a 2081     		strh	r0, [r4, #8]	@ movhi
 111 004c FFF7FEFF 		bl	uip_listen
 112 0050 2046     		mov	r0, r4
 113 0052 BDE8F087 		pop	{r4, r5, r6, r7, r8, r9, r10, pc}
 114              	.L28:
 115 0056 0133     		adds	r3, r3, #1
 116 0058 052B     		cmp	r3, #5
 117 005a ECD1     		bne	.L30
 118 005c E2E7     		b	.L29
 119              	.L36:
 120 005e 00BF     		.align	2
 121              	.L35:
 122 0060 00000000 		.word	.LANCHOR0
 124              		.section	.text.tcp_server_delete,"ax",%progbits
 125              		.align	1
 126              		.global	tcp_server_delete
 127              		.thumb
 128              		.thumb_func
 130              	tcp_server_delete:
 131              		@ args = 0, pretend = 0, frame = 0
 132              		@ frame_needed = 0, uses_anonymous_args = 0
 133 0000 F8B5     		push	{r3, r4, r5, r6, r7, lr}
 134 0002 134B     		ldr	r3, .L47
 135 0004 134C     		ldr	r4, .L47+4
 136 0006 03F50C71 		add	r1, r3, #560
 137 000a 0025     		movs	r5, #0
 138              	.L40:
 139 000c 1A6A     		ldr	r2, [r3, #32]
 140 000e 3833     		adds	r3, r3, #56
 141 0010 8242     		cmp	r2, r0
 142 0012 04BF     		itt	eq
 143 0014 43F8184C 		streq	r4, [r3, #-24]
 144 0018 03F8035C 		strbeq	r5, [r3, #-3]
 145 001c 8B42     		cmp	r3, r1
 146 001e F5D1     		bne	.L40
 147 0020 0D49     		ldr	r1, .L47+8
 148 0022 0023     		movs	r3, #0
 149 0024 0C24     		movs	r4, #12
 150              	.L43:
 151 0026 04FB03F5 		mul	r5, r4, r3
 152 002a 6A58     		ldr	r2, [r5, r1]
 153 002c 0A4E     		ldr	r6, .L47+8
 154 002e 8242     		cmp	r2, r0
 155 0030 09D1     		bne	.L41
 156 0032 7419     		adds	r4, r6, r5
 157 0034 2089     		ldrh	r0, [r4, #8]
 158 0036 FFF7FEFF 		bl	uip_unlisten
 159 003a 0023     		movs	r3, #0
 160 003c 7351     		str	r3, [r6, r5]
 161 003e A372     		strb	r3, [r4, #10]
 162 0040 2381     		strh	r3, [r4, #8]	@ movhi
 163 0042 2046     		mov	r0, r4
 164 0044 F8BD     		pop	{r3, r4, r5, r6, r7, pc}
 165              	.L41:
 166 0046 0133     		adds	r3, r3, #1
 167 0048 052B     		cmp	r3, #5
 168 004a ECD1     		bne	.L43
 169 004c 0020     		movs	r0, #0
 170 004e F8BD     		pop	{r3, r4, r5, r6, r7, pc}
 171              	.L48:
 172              		.align	2
 173              	.L47:
 174 0050 00000000 		.word	uip_conns
 175 0054 00000000 		.word	socket_tcp_close
 176 0058 00000000 		.word	.LANCHOR0
 178              		.section	.text.tcp_server_get,"ax",%progbits
 179              		.align	1
 180              		.global	tcp_server_get
 181              		.thumb
 182              		.thumb_func
 184              	tcp_server_get:
 185              		@ args = 0, pretend = 0, frame = 0
 186              		@ frame_needed = 0, uses_anonymous_args = 0
 187 0000 30B5     		push	{r4, r5, lr}
 188 0002 084C     		ldr	r4, .L55
 189 0004 0023     		movs	r3, #0
 190 0006 0C25     		movs	r5, #12
 191              	.L52:
 192 0008 05FB03F2 		mul	r2, r5, r3
 193 000c 1159     		ldr	r1, [r2, r4]
 194 000e 8142     		cmp	r1, r0
 195 0010 02D1     		bne	.L50
 196 0012 0448     		ldr	r0, .L55
 197 0014 1044     		add	r0, r0, r2
 198 0016 30BD     		pop	{r4, r5, pc}
 199              	.L50:
 200 0018 0133     		adds	r3, r3, #1
 201 001a 052B     		cmp	r3, #5
 202 001c F4D1     		bne	.L52
 203 001e 0020     		movs	r0, #0
 204 0020 30BD     		pop	{r4, r5, pc}
 205              	.L56:
 206 0022 00BF     		.align	2
 207              	.L55:
 208 0024 00000000 		.word	.LANCHOR0
 210              		.section	.text.tcp_client_add,"ax",%progbits
 211              		.align	1
 212              		.global	tcp_client_add
 213              		.thumb
 214              		.thumb_func
 216              	tcp_client_add:
 217              		@ args = 0, pretend = 0, frame = 0
 218              		@ frame_needed = 0, uses_anonymous_args = 0
 219 0000 70B5     		push	{r4, r5, r6, lr}
 220 0002 0646     		mov	r6, r0
 221 0004 1846     		mov	r0, r3
 222 0006 1446     		mov	r4, r2
 223 0008 0D46     		mov	r5, r1
 224 000a FFF7FEFF 		bl	uip_htons
 225 000e 0146     		mov	r1, r0
 226 0010 2046     		mov	r0, r4
 227 0012 FFF7FEFF 		bl	uip_connect
 228 0016 0446     		mov	r4, r0
 229 0018 C0B1     		cbz	r0, .L59
 230 001a 0023     		movs	r3, #0
 231 001c E061     		str	r0, [r4, #28]
 232 001e 8362     		str	r3, [r0, #40]
 233 0020 C362     		str	r3, [r0, #44]
 234 0022 0386     		strh	r3, [r0, #48]	@ movhi
 235 0024 80F83530 		strb	r3, [r0, #53]
 236 0028 4386     		strh	r3, [r0, #50]	@ movhi
 237 002a 094B     		ldr	r3, .L64
 238 002c 0222     		movs	r2, #2
 239 002e 1860     		str	r0, [r3]
 240 0030 0662     		str	r6, [r0, #32]
 241 0032 4562     		str	r5, [r0, #36]
 242 0034 80F83420 		strb	r2, [r0, #52]
 243 0038 0320     		movs	r0, #3
 244 003a FFF7FEFF 		bl	uip_process
 245 003e 054B     		ldr	r3, .L64+4
 246 0040 1B88     		ldrh	r3, [r3]
 247 0042 1BB1     		cbz	r3, .L59
 248 0044 FFF7FEFF 		bl	uip_arp_out
 249 0048 FFF7FEFF 		bl	tapdev_send
 250              	.L59:
 251 004c 2046     		mov	r0, r4
 252 004e 70BD     		pop	{r4, r5, r6, pc}
 253              	.L65:
 254              		.align	2
 255              	.L64:
 256 0050 00000000 		.word	uip_conn
 257 0054 00000000 		.word	uip_len
 259              		.section	.text.tcp_client_delete,"ax",%progbits
 260              		.align	1
 261              		.global	tcp_client_delete
 262              		.thumb
 263              		.thumb_func
 265              	tcp_client_delete:
 266              		@ args = 0, pretend = 0, frame = 0
 267              		@ frame_needed = 0, uses_anonymous_args = 0
 268 0000 30B5     		push	{r4, r5, lr}
 269 0002 0A4D     		ldr	r5, .L72
 270 0004 0023     		movs	r3, #0
 271 0006 3824     		movs	r4, #56
 272              	.L69:
 273 0008 04FB0352 		mla	r2, r4, r3, r5
 274 000c 116A     		ldr	r1, [r2, #32]
 275 000e 8142     		cmp	r1, r0
 276 0010 06D1     		bne	.L67
 277 0012 074B     		ldr	r3, .L72+4
 278 0014 0021     		movs	r1, #0
 279 0016 1362     		str	r3, [r2, #32]
 280 0018 82F83510 		strb	r1, [r2, #53]
 281 001c 1046     		mov	r0, r2
 282 001e 30BD     		pop	{r4, r5, pc}
 283              	.L67:
 284 0020 0133     		adds	r3, r3, #1
 285 0022 0A2B     		cmp	r3, #10
 286 0024 F0D1     		bne	.L69
 287 0026 0020     		movs	r0, #0
 288 0028 30BD     		pop	{r4, r5, pc}
 289              	.L73:
 290 002a 00BF     		.align	2
 291              	.L72:
 292 002c 00000000 		.word	uip_conns
 293 0030 00000000 		.word	socket_tcp_close
 295              		.section	.text.tcp_client_get,"ax",%progbits
 296              		.align	1
 297              		.global	tcp_client_get
 298              		.thumb
 299              		.thumb_func
 301              	tcp_client_get:
 302              		@ args = 0, pretend = 0, frame = 0
 303              		@ frame_needed = 0, uses_anonymous_args = 0
 304 0000 30B5     		push	{r4, r5, lr}
 305 0002 074D     		ldr	r5, .L80
 306 0004 0023     		movs	r3, #0
 307 0006 3824     		movs	r4, #56
 308              	.L77:
 309 0008 04FB0352 		mla	r2, r4, r3, r5
 310 000c 116A     		ldr	r1, [r2, #32]
 311 000e 8142     		cmp	r1, r0
 312 0010 01D1     		bne	.L75
 313 0012 1046     		mov	r0, r2
 314 0014 30BD     		pop	{r4, r5, pc}
 315              	.L75:
 316 0016 0133     		adds	r3, r3, #1
 317 0018 0A2B     		cmp	r3, #10
 318 001a F5D1     		bne	.L77
 319 001c 0020     		movs	r0, #0
 320 001e 30BD     		pop	{r4, r5, pc}
 321              	.L81:
 322              		.align	2
 323              	.L80:
 324 0020 00000000 		.word	uip_conns
 326              		.section	.text.udp_add,"ax",%progbits
 327              		.align	1
 328              		.global	udp_add
 329              		.thumb
 330              		.thumb_func
 332              	udp_add:
 333              		@ args = 4, pretend = 0, frame = 0
 334              		@ frame_needed = 0, uses_anonymous_args = 0
 335 0000 2DE9F843 		push	{r3, r4, r5, r6, r7, r8, r9, lr}
 336 0004 8146     		mov	r9, r0
 337 0006 1846     		mov	r0, r3
 338 0008 1646     		mov	r6, r2
 339 000a 8846     		mov	r8, r1
 340 000c 1F46     		mov	r7, r3
 341 000e BDF82050 		ldrh	r5, [sp, #32]
 342 0012 FFF7FEFF 		bl	uip_htons
 343 0016 0146     		mov	r1, r0
 344 0018 3046     		mov	r0, r6
 345 001a FFF7FEFF 		bl	uip_udp_new
 346 001e 0446     		mov	r4, r0
 347 0020 40B3     		cbz	r0, .L83
 348 0022 164B     		ldr	r3, .L98
 349 0024 0021     		movs	r1, #0
 350 0026 E060     		str	r0, [r4, #12]
 351 0028 1A88     		ldrh	r2, [r3]
 352 002a 8161     		str	r1, [r0, #24]
 353 002c C161     		str	r1, [r0, #28]
 354 002e 0184     		strh	r1, [r0, #32]	@ movhi
 355 0030 80F82510 		strb	r1, [r0, #37]
 356 0034 4184     		strh	r1, [r0, #34]	@ movhi
 357 0036 0188     		ldrh	r1, [r0]
 358 0038 C0F81090 		str	r9, [r0, #16]
 359 003c 9142     		cmp	r1, r2
 360 003e C0F81480 		str	r8, [r0, #20]
 361 0042 03D1     		bne	.L84
 362 0044 4288     		ldrh	r2, [r0, #2]
 363 0046 5B88     		ldrh	r3, [r3, #2]
 364 0048 9A42     		cmp	r2, r3
 365 004a 01D0     		beq	.L85
 366              	.L84:
 367 004c 06B1     		cbz	r6, .L85
 368 004e 4FB9     		cbnz	r7, .L86
 369              	.L85:
 370 0050 1DB1     		cbz	r5, .L87
 371 0052 0323     		movs	r3, #3
 372 0054 84F82430 		strb	r3, [r4, #36]
 373 0058 08E0     		b	.L97
 374              	.L87:
 375 005a A580     		strh	r5, [r4, #4]	@ movhi
 376 005c E560     		str	r5, [r4, #12]
 377 005e 2561     		str	r5, [r4, #16]
 378 0060 2C46     		mov	r4, r5
 379 0062 07E0     		b	.L83
 380              	.L86:
 381 0064 0423     		movs	r3, #4
 382 0066 84F82430 		strb	r3, [r4, #36]
 383 006a 1DB1     		cbz	r5, .L83
 384              	.L97:
 385 006c 2846     		mov	r0, r5
 386 006e FFF7FEFF 		bl	uip_htons
 387 0072 A080     		strh	r0, [r4, #4]	@ movhi
 388              	.L83:
 389 0074 2046     		mov	r0, r4
 390 0076 BDE8F883 		pop	{r3, r4, r5, r6, r7, r8, r9, pc}
 391              	.L99:
 392 007a 00BF     		.align	2
 393              	.L98:
 394 007c 00000000 		.word	uip_all_zeroes_addr
 396              		.section	.text.udp_delete,"ax",%progbits
 397              		.align	1
 398              		.global	udp_delete
 399              		.thumb
 400              		.thumb_func
 402              	udp_delete:
 403              		@ args = 0, pretend = 0, frame = 0
 404              		@ frame_needed = 0, uses_anonymous_args = 0
 405 0000 30B5     		push	{r4, r5, lr}
 406 0002 0E4D     		ldr	r5, .L106
 407 0004 0022     		movs	r2, #0
 408 0006 2824     		movs	r4, #40
 409              	.L103:
 410 0008 04FB0253 		mla	r3, r4, r2, r5
 411 000c 1969     		ldr	r1, [r3, #16]
 412 000e 8142     		cmp	r1, r0
 413 0010 0ED1     		bne	.L101
 414 0012 0022     		movs	r2, #0
 415 0014 9A80     		strh	r2, [r3, #4]	@ movhi
 416 0016 DA60     		str	r2, [r3, #12]
 417 0018 1A61     		str	r2, [r3, #16]
 418 001a 5A61     		str	r2, [r3, #20]
 419 001c 9A61     		str	r2, [r3, #24]
 420 001e DA61     		str	r2, [r3, #28]
 421 0020 1A84     		strh	r2, [r3, #32]	@ movhi
 422 0022 83F82420 		strb	r2, [r3, #36]
 423 0026 83F82520 		strb	r2, [r3, #37]
 424 002a 5A84     		strh	r2, [r3, #34]	@ movhi
 425 002c 1846     		mov	r0, r3
 426 002e 30BD     		pop	{r4, r5, pc}
 427              	.L101:
 428 0030 0132     		adds	r2, r2, #1
 429 0032 0A2A     		cmp	r2, #10
 430 0034 E8D1     		bne	.L103
 431 0036 0020     		movs	r0, #0
 432 0038 30BD     		pop	{r4, r5, pc}
 433              	.L107:
 434 003a 00BF     		.align	2
 435              	.L106:
 436 003c 00000000 		.word	uip_udp_conns
 438              		.section	.text.udp_get,"ax",%progbits
 439              		.align	1
 440              		.global	udp_get
 441              		.thumb
 442              		.thumb_func
 444              	udp_get:
 445              		@ args = 0, pretend = 0, frame = 0
 446              		@ frame_needed = 0, uses_anonymous_args = 0
 447 0000 30B5     		push	{r4, r5, lr}
 448 0002 074D     		ldr	r5, .L114
 449 0004 0023     		movs	r3, #0
 450 0006 2824     		movs	r4, #40
 451              	.L111:
 452 0008 04FB0352 		mla	r2, r4, r3, r5
 453 000c 1169     		ldr	r1, [r2, #16]
 454 000e 8142     		cmp	r1, r0
 455 0010 01D1     		bne	.L109
 456 0012 1046     		mov	r0, r2
 457 0014 30BD     		pop	{r4, r5, pc}
 458              	.L109:
 459 0016 0133     		adds	r3, r3, #1
 460 0018 0A2B     		cmp	r3, #10
 461 001a F5D1     		bne	.L111
 462 001c 0020     		movs	r0, #0
 463 001e 30BD     		pop	{r4, r5, pc}
 464              	.L115:
 465              		.align	2
 466              	.L114:
 467 0020 00000000 		.word	uip_udp_conns
 469              		.section	.text.uip_tcp_udp_init,"ax",%progbits
 470              		.align	1
 471              		.global	uip_tcp_udp_init
 472              		.thumb
 473              		.thumb_func
 475              	uip_tcp_udp_init:
 476              		@ args = 0, pretend = 0, frame = 0
 477              		@ frame_needed = 0, uses_anonymous_args = 0
 478              		@ link register save eliminated.
 479 0000 174B     		ldr	r3, .L126
 480 0002 0022     		movs	r2, #0
 481 0004 03F13C01 		add	r1, r3, #60
 482              	.L118:
 483 0008 1A60     		str	r2, [r3]
 484 000a 1A81     		strh	r2, [r3, #8]	@ movhi
 485 000c 9A72     		strb	r2, [r3, #10]
 486 000e 0C33     		adds	r3, r3, #12
 487 0010 8B42     		cmp	r3, r1
 488 0012 F9D1     		bne	.L118
 489 0014 134B     		ldr	r3, .L126+4
 490 0016 0022     		movs	r2, #0
 491 0018 03F50C71 		add	r1, r3, #560
 492              	.L120:
 493 001c DA61     		str	r2, [r3, #28]
 494 001e 1A62     		str	r2, [r3, #32]
 495 0020 5A62     		str	r2, [r3, #36]
 496 0022 9A62     		str	r2, [r3, #40]
 497 0024 DA62     		str	r2, [r3, #44]
 498 0026 1A86     		strh	r2, [r3, #48]	@ movhi
 499 0028 83F83420 		strb	r2, [r3, #52]
 500 002c 83F83520 		strb	r2, [r3, #53]
 501 0030 5A86     		strh	r2, [r3, #50]	@ movhi
 502 0032 3833     		adds	r3, r3, #56
 503 0034 8B42     		cmp	r3, r1
 504 0036 F1D1     		bne	.L120
 505 0038 0B4B     		ldr	r3, .L126+8
 506 003a 0022     		movs	r2, #0
 507 003c 03F5C871 		add	r1, r3, #400
 508              	.L122:
 509 0040 DA60     		str	r2, [r3, #12]
 510 0042 1A61     		str	r2, [r3, #16]
 511 0044 5A61     		str	r2, [r3, #20]
 512 0046 9A61     		str	r2, [r3, #24]
 513 0048 DA61     		str	r2, [r3, #28]
 514 004a 1A84     		strh	r2, [r3, #32]	@ movhi
 515 004c 83F82420 		strb	r2, [r3, #36]
 516 0050 83F82520 		strb	r2, [r3, #37]
 517 0054 5A84     		strh	r2, [r3, #34]	@ movhi
 518 0056 2833     		adds	r3, r3, #40
 519 0058 8B42     		cmp	r3, r1
 520 005a F1D1     		bne	.L122
 521 005c 7047     		bx	lr
 522              	.L127:
 523 005e 00BF     		.align	2
 524              	.L126:
 525 0060 00000000 		.word	.LANCHOR0
 526 0064 00000000 		.word	uip_conns
 527 0068 00000000 		.word	uip_udp_conns
 529              		.section	.text.uip_tcp_udp_time,"ax",%progbits
 530              		.align	1
 531              		.global	uip_tcp_udp_time
 532              		.thumb
 533              		.thumb_func
 535              	uip_tcp_udp_time:
 536              		@ args = 0, pretend = 0, frame = 0
 537              		@ frame_needed = 0, uses_anonymous_args = 0
 538              		@ link register save eliminated.
 539 0000 0F4B     		ldr	r3, .L139
 540 0002 0020     		movs	r0, #0
 541 0004 03F50C71 		add	r1, r3, #560
 542              	.L132:
 543 0008 9A6A     		ldr	r2, [r3, #40]
 544 000a 002A     		cmp	r2, #0
 545 000c 04DD     		ble	.L129
 546 000e 642A     		cmp	r2, #100
 547 0010 C6BF     		itte	gt
 548 0012 643A     		subgt	r2, r2, #100
 549 0014 9A62     		strgt	r2, [r3, #40]
 550 0016 9862     		strle	r0, [r3, #40]
 551              	.L129:
 552 0018 3833     		adds	r3, r3, #56
 553 001a 8B42     		cmp	r3, r1
 554 001c F4D1     		bne	.L132
 555 001e 094B     		ldr	r3, .L139+4
 556 0020 0020     		movs	r0, #0
 557 0022 03F5C871 		add	r1, r3, #400
 558              	.L136:
 559 0026 9A69     		ldr	r2, [r3, #24]
 560 0028 002A     		cmp	r2, #0
 561 002a 04DD     		ble	.L133
 562 002c 642A     		cmp	r2, #100
 563 002e C6BF     		itte	gt
 564 0030 643A     		subgt	r2, r2, #100
 565 0032 9A61     		strgt	r2, [r3, #24]
 566 0034 9861     		strle	r0, [r3, #24]
 567              	.L133:
 568 0036 2833     		adds	r3, r3, #40
 569 0038 8B42     		cmp	r3, r1
 570 003a F4D1     		bne	.L136
 571 003c 7047     		bx	lr
 572              	.L140:
 573 003e 00BF     		.align	2
 574              	.L139:
 575 0040 00000000 		.word	uip_conns
 576 0044 00000000 		.word	uip_udp_conns
 578              		.section	.text.uip_tcp_appcall,"ax",%progbits
 579              		.align	1
 580              		.global	uip_tcp_appcall
 581              		.thumb
 582              		.thumb_func
 584              	uip_tcp_appcall:
 585              		@ args = 0, pretend = 0, frame = 0
 586              		@ frame_needed = 0, uses_anonymous_args = 0
 587 0000 2DE9F047 		push	{r4, r5, r6, r7, r8, r9, r10, lr}
 588 0004 3B4A     		ldr	r2, .L179
 589 0006 3C4B     		ldr	r3, .L179+4
 590 0008 1578     		ldrb	r5, [r2]	@ zero_extendqisi2
 591 000a 1C68     		ldr	r4, [r3]
 592 000c 15F0400F 		tst	r5, #64
 593 0010 04F11C01 		add	r1, r4, #28
 594 0014 1E46     		mov	r6, r3
 595 0016 20D0     		beq	.L142
 596 0018 A088     		ldrh	r0, [r4, #4]
 597 001a 384F     		ldr	r7, .L179+8
 598 001c 0023     		movs	r3, #0
 599 001e 4FF00C0C 		mov	ip, #12
 600              	.L144:
 601 0022 0CFB0372 		mla	r2, ip, r3, r7
 602 0026 B2F80880 		ldrh	r8, [r2, #8]
 603 002a 8045     		cmp	r8, r0
 604 002c 12D1     		bne	.L143
 605 002e 1368     		ldr	r3, [r2]
 606 0030 0120     		movs	r0, #1
 607 0032 2362     		str	r3, [r4, #32]
 608 0034 5368     		ldr	r3, [r2, #4]
 609 0036 E461     		str	r4, [r4, #28]
 610 0038 6362     		str	r3, [r4, #36]
 611 003a 0023     		movs	r3, #0
 612 003c A362     		str	r3, [r4, #40]
 613 003e E362     		str	r3, [r4, #44]
 614 0040 2386     		strh	r3, [r4, #48]	@ movhi
 615 0042 84F83400 		strb	r0, [r4, #52]
 616 0046 84F83530 		strb	r3, [r4, #53]
 617 004a 6386     		strh	r3, [r4, #50]	@ movhi
 618 004c 937A     		ldrb	r3, [r2, #10]	@ zero_extendqisi2
 619 004e 0344     		add	r3, r3, r0
 620 0050 9372     		strb	r3, [r2, #10]
 621 0052 02E0     		b	.L142
 622              	.L143:
 623 0054 0133     		adds	r3, r3, #1
 624 0056 052B     		cmp	r3, #5
 625 0058 E3D1     		bne	.L144
 626              	.L142:
 627 005a 236A     		ldr	r3, [r4, #32]
 628 005c 05F0B005 		and	r5, r5, #176
 629 0060 002B     		cmp	r3, #0
 630 0062 45D0     		beq	.L141
 631 0064 94F83530 		ldrb	r3, [r4, #53]	@ zero_extendqisi2
 632 0068 812B     		cmp	r3, #129
 633 006a 06D1     		bne	.L146
 634 006c A36A     		ldr	r3, [r4, #40]
 635 006e 0BB1     		cbz	r3, .L147
 636 0070 002D     		cmp	r5, #0
 637 0072 3DD0     		beq	.L141
 638              	.L147:
 639 0074 0023     		movs	r3, #0
 640 0076 84F83530 		strb	r3, [r4, #53]
 641              	.L146:
 642 007a 214A     		ldr	r2, .L179+12
 643 007c 04F13208 		add	r8, r4, #50
 644 0080 1160     		str	r1, [r2]
 645 0082 1746     		mov	r7, r2
 646 0084 04F12409 		add	r9, r4, #36
 647 0088 4FF0880A 		mov	r10, #136
 648              	.L150:
 649 008c 236A     		ldr	r3, [r4, #32]
 650 008e 4046     		mov	r0, r8
 651 0090 4946     		mov	r1, r9
 652 0092 9847     		blx	r3
 653 0094 0DB1     		cbz	r5, .L148
 654 0096 84F835A0 		strb	r10, [r4, #53]
 655              	.L148:
 656 009a 94F83530 		ldrb	r3, [r4, #53]	@ zero_extendqisi2
 657 009e 1906     		lsls	r1, r3, #24
 658 00a0 F4D5     		bpl	.L150
 659 00a2 882B     		cmp	r3, #136
 660 00a4 22D1     		bne	.L151
 661 00a6 3268     		ldr	r2, [r6]
 662 00a8 0023     		movs	r3, #0
 663 00aa 5376     		strb	r3, [r2, #25]
 664 00ac 94F83430 		ldrb	r3, [r4, #52]	@ zero_extendqisi2
 665 00b0 012B     		cmp	r3, #1
 666 00b2 0CD0     		beq	.L152
 667              	.L154:
 668 00b4 0023     		movs	r3, #0
 669 00b6 E361     		str	r3, [r4, #28]
 670 00b8 2362     		str	r3, [r4, #32]
 671 00ba 6362     		str	r3, [r4, #36]
 672 00bc A362     		str	r3, [r4, #40]
 673 00be E362     		str	r3, [r4, #44]
 674 00c0 2386     		strh	r3, [r4, #48]	@ movhi
 675 00c2 84F83430 		strb	r3, [r4, #52]
 676 00c6 84F83530 		strb	r3, [r4, #53]
 677 00ca 6386     		strh	r3, [r4, #50]	@ movhi
 678 00cc 0EE0     		b	.L151
 679              	.L152:
 680 00ce 0B4B     		ldr	r3, .L179+8
 681 00d0 03F13C00 		add	r0, r3, #60
 682              	.L155:
 683 00d4 1D89     		ldrh	r5, [r3, #8]
 684 00d6 9188     		ldrh	r1, [r2, #4]
 685 00d8 8D42     		cmp	r5, r1
 686 00da 03D1     		bne	.L153
 687 00dc 997A     		ldrb	r1, [r3, #10]	@ zero_extendqisi2
 688 00de 09B1     		cbz	r1, .L153
 689 00e0 0139     		subs	r1, r1, #1
 690 00e2 9972     		strb	r1, [r3, #10]
 691              	.L153:
 692 00e4 0C33     		adds	r3, r3, #12
 693 00e6 8342     		cmp	r3, r0
 694 00e8 F4D1     		bne	.L155
 695 00ea E3E7     		b	.L154
 696              	.L151:
 697 00ec 0023     		movs	r3, #0
 698 00ee 3B60     		str	r3, [r7]
 699              	.L141:
 700 00f0 BDE8F087 		pop	{r4, r5, r6, r7, r8, r9, r10, pc}
 701              	.L180:
 702              		.align	2
 703              	.L179:
 704 00f4 00000000 		.word	uip_flags
 705 00f8 00000000 		.word	uip_conn
 706 00fc 00000000 		.word	.LANCHOR0
 707 0100 00000000 		.word	app_sock
 709              		.section	.text.uip_udp_appcall,"ax",%progbits
 710              		.align	1
 711              		.global	uip_udp_appcall
 712              		.thumb
 713              		.thumb_func
 715              	uip_udp_appcall:
 716              		@ args = 0, pretend = 0, frame = 0
 717              		@ frame_needed = 0, uses_anonymous_args = 0
 718 0000 F8B5     		push	{r3, r4, r5, r6, r7, lr}
 719 0002 174B     		ldr	r3, .L190
 720 0004 1C68     		ldr	r4, [r3]
 721 0006 2369     		ldr	r3, [r4, #16]
 722 0008 04F10C02 		add	r2, r4, #12
 723 000c 33B3     		cbz	r3, .L181
 724 000e 94F82530 		ldrb	r3, [r4, #37]	@ zero_extendqisi2
 725 0012 812B     		cmp	r3, #129
 726 0014 03D1     		bne	.L183
 727 0016 A369     		ldr	r3, [r4, #24]
 728 0018 03BB     		cbnz	r3, .L181
 729 001a 84F82530 		strb	r3, [r4, #37]
 730              	.L183:
 731 001e 114B     		ldr	r3, .L190+4
 732 0020 04F12207 		add	r7, r4, #34
 733 0024 1A60     		str	r2, [r3]
 734 0026 1D46     		mov	r5, r3
 735 0028 04F11406 		add	r6, r4, #20
 736              	.L185:
 737 002c 3846     		mov	r0, r7
 738 002e 2269     		ldr	r2, [r4, #16]
 739 0030 3146     		mov	r1, r6
 740 0032 9047     		blx	r2
 741 0034 94F82530 		ldrb	r3, [r4, #37]	@ zero_extendqisi2
 742 0038 1806     		lsls	r0, r3, #24
 743 003a F7D5     		bpl	.L185
 744 003c 882B     		cmp	r3, #136
 745 003e 0BD1     		bne	.L186
 746 0040 0023     		movs	r3, #0
 747 0042 E360     		str	r3, [r4, #12]
 748 0044 2361     		str	r3, [r4, #16]
 749 0046 6361     		str	r3, [r4, #20]
 750 0048 A361     		str	r3, [r4, #24]
 751 004a E361     		str	r3, [r4, #28]
 752 004c 2384     		strh	r3, [r4, #32]	@ movhi
 753 004e 84F82430 		strb	r3, [r4, #36]
 754 0052 84F82530 		strb	r3, [r4, #37]
 755 0056 6384     		strh	r3, [r4, #34]	@ movhi
 756              	.L186:
 757 0058 0023     		movs	r3, #0
 758 005a 2B60     		str	r3, [r5]
 759              	.L181:
 760 005c F8BD     		pop	{r3, r4, r5, r6, r7, pc}
 761              	.L191:
 762 005e 00BF     		.align	2
 763              	.L190:
 764 0060 00000000 		.word	uip_udp_conn
 765 0064 00000000 		.word	app_sock
 767              		.comm	app_sock,4,4
 768              		.section	.bss.listenports,"aw",%nobits
 769              		.align	2
 770              		.set	.LANCHOR0,. + 0
 773              	listenports:
 774 0000 00000000 		.space	60
 774      00000000 
 774      00000000 
 774      00000000 
 774      00000000 
 775              		.ident	"GCC: (Sourcery CodeBench Lite 2013.11-24) 4.8.1"
DEFINED SYMBOLS
                            *ABS*:00000000 tcp_udp.c
D:\Users\draapho\AppData\Local\Temp\cct1lan7.s:16     .text.socket_tcp_close:00000000 $t
D:\Users\draapho\AppData\Local\Temp\cct1lan7.s:21     .text.socket_tcp_close:00000000 socket_tcp_close
D:\Users\draapho\AppData\Local\Temp\cct1lan7.s:64     .text.socket_tcp_close:00000044 $d
                            *COM*:00000004 app_sock
D:\Users\draapho\AppData\Local\Temp\cct1lan7.s:68     .text.tcp_server_add:00000000 $t
D:\Users\draapho\AppData\Local\Temp\cct1lan7.s:73     .text.tcp_server_add:00000000 tcp_server_add
D:\Users\draapho\AppData\Local\Temp\cct1lan7.s:122    .text.tcp_server_add:00000060 $d
D:\Users\draapho\AppData\Local\Temp\cct1lan7.s:125    .text.tcp_server_delete:00000000 $t
D:\Users\draapho\AppData\Local\Temp\cct1lan7.s:130    .text.tcp_server_delete:00000000 tcp_server_delete
D:\Users\draapho\AppData\Local\Temp\cct1lan7.s:174    .text.tcp_server_delete:00000050 $d
D:\Users\draapho\AppData\Local\Temp\cct1lan7.s:179    .text.tcp_server_get:00000000 $t
D:\Users\draapho\AppData\Local\Temp\cct1lan7.s:184    .text.tcp_server_get:00000000 tcp_server_get
D:\Users\draapho\AppData\Local\Temp\cct1lan7.s:208    .text.tcp_server_get:00000024 $d
D:\Users\draapho\AppData\Local\Temp\cct1lan7.s:211    .text.tcp_client_add:00000000 $t
D:\Users\draapho\AppData\Local\Temp\cct1lan7.s:216    .text.tcp_client_add:00000000 tcp_client_add
D:\Users\draapho\AppData\Local\Temp\cct1lan7.s:256    .text.tcp_client_add:00000050 $d
D:\Users\draapho\AppData\Local\Temp\cct1lan7.s:260    .text.tcp_client_delete:00000000 $t
D:\Users\draapho\AppData\Local\Temp\cct1lan7.s:265    .text.tcp_client_delete:00000000 tcp_client_delete
D:\Users\draapho\AppData\Local\Temp\cct1lan7.s:292    .text.tcp_client_delete:0000002c $d
D:\Users\draapho\AppData\Local\Temp\cct1lan7.s:296    .text.tcp_client_get:00000000 $t
D:\Users\draapho\AppData\Local\Temp\cct1lan7.s:301    .text.tcp_client_get:00000000 tcp_client_get
D:\Users\draapho\AppData\Local\Temp\cct1lan7.s:324    .text.tcp_client_get:00000020 $d
D:\Users\draapho\AppData\Local\Temp\cct1lan7.s:327    .text.udp_add:00000000 $t
D:\Users\draapho\AppData\Local\Temp\cct1lan7.s:332    .text.udp_add:00000000 udp_add
D:\Users\draapho\AppData\Local\Temp\cct1lan7.s:394    .text.udp_add:0000007c $d
D:\Users\draapho\AppData\Local\Temp\cct1lan7.s:397    .text.udp_delete:00000000 $t
D:\Users\draapho\AppData\Local\Temp\cct1lan7.s:402    .text.udp_delete:00000000 udp_delete
D:\Users\draapho\AppData\Local\Temp\cct1lan7.s:436    .text.udp_delete:0000003c $d
D:\Users\draapho\AppData\Local\Temp\cct1lan7.s:439    .text.udp_get:00000000 $t
D:\Users\draapho\AppData\Local\Temp\cct1lan7.s:444    .text.udp_get:00000000 udp_get
D:\Users\draapho\AppData\Local\Temp\cct1lan7.s:467    .text.udp_get:00000020 $d
D:\Users\draapho\AppData\Local\Temp\cct1lan7.s:470    .text.uip_tcp_udp_init:00000000 $t
D:\Users\draapho\AppData\Local\Temp\cct1lan7.s:475    .text.uip_tcp_udp_init:00000000 uip_tcp_udp_init
D:\Users\draapho\AppData\Local\Temp\cct1lan7.s:525    .text.uip_tcp_udp_init:00000060 $d
D:\Users\draapho\AppData\Local\Temp\cct1lan7.s:530    .text.uip_tcp_udp_time:00000000 $t
D:\Users\draapho\AppData\Local\Temp\cct1lan7.s:535    .text.uip_tcp_udp_time:00000000 uip_tcp_udp_time
D:\Users\draapho\AppData\Local\Temp\cct1lan7.s:575    .text.uip_tcp_udp_time:00000040 $d
D:\Users\draapho\AppData\Local\Temp\cct1lan7.s:579    .text.uip_tcp_appcall:00000000 $t
D:\Users\draapho\AppData\Local\Temp\cct1lan7.s:584    .text.uip_tcp_appcall:00000000 uip_tcp_appcall
D:\Users\draapho\AppData\Local\Temp\cct1lan7.s:704    .text.uip_tcp_appcall:000000f4 $d
D:\Users\draapho\AppData\Local\Temp\cct1lan7.s:710    .text.uip_udp_appcall:00000000 $t
D:\Users\draapho\AppData\Local\Temp\cct1lan7.s:715    .text.uip_udp_appcall:00000000 uip_udp_appcall
D:\Users\draapho\AppData\Local\Temp\cct1lan7.s:764    .text.uip_udp_appcall:00000060 $d
D:\Users\draapho\AppData\Local\Temp\cct1lan7.s:769    .bss.listenports:00000000 $d
D:\Users\draapho\AppData\Local\Temp\cct1lan7.s:773    .bss.listenports:00000000 listenports

UNDEFINED SYMBOLS
uip_flags
uip_htons
uip_listen
uip_unlisten
uip_conns
uip_connect
uip_process
uip_arp_out
tapdev_send
uip_conn
uip_len
uip_udp_new
uip_all_zeroes_addr
uip_udp_conns
uip_udp_conn
