   1              		.syntax unified
   2              		.cpu cortex-m3
   3              		.fpu softvfp
   4              		.eabi_attribute 20, 1
   5              		.eabi_attribute 21, 1
   6              		.eabi_attribute 23, 3
   7              		.eabi_attribute 24, 1
   8              		.eabi_attribute 25, 1
   9              		.eabi_attribute 26, 1
  10              		.eabi_attribute 30, 4
  11              		.eabi_attribute 34, 1
  12              		.eabi_attribute 18, 4
  13              		.thumb
  14              		.file	"lcd_main.c"
  15              		.section	.text.lcd_bus_reg_wr,"ax",%progbits
  16              		.align	1
  17              		.thumb
  18              		.thumb_func
  20              	lcd_bus_reg_wr:
  21              		@ args = 0, pretend = 0, frame = 0
  22              		@ frame_needed = 0, uses_anonymous_args = 0
  23 0000 10B5     		push	{r4, lr}
  24 0002 074B     		ldr	r3, .L2
  25 0004 074A     		ldr	r2, .L2+4
  26 0006 4021     		movs	r1, #64
  27 0008 4FF40054 		mov	r4, #8192
  28 000c 5161     		str	r1, [r2, #20]
  29 000e 5C61     		str	r4, [r3, #20]
  30 0010 054C     		ldr	r4, .L2+8
  31 0012 E060     		str	r0, [r4, #12]
  32 0014 4FF48040 		mov	r0, #16384
  33 0018 5861     		str	r0, [r3, #20]
  34 001a 1861     		str	r0, [r3, #16]
  35 001c 1161     		str	r1, [r2, #16]
  36 001e 10BD     		pop	{r4, pc}
  37              	.L3:
  38              		.align	2
  39              	.L2:
  40 0020 00140140 		.word	1073812480
  41 0024 00100140 		.word	1073811456
  42 0028 00180140 		.word	1073813504
  44              		.section	.text.lcd_bus_cmd_wr,"ax",%progbits
  45              		.align	1
  46              		.thumb
  47              		.thumb_func
  49              	lcd_bus_cmd_wr:
  50              		@ args = 0, pretend = 0, frame = 0
  51              		@ frame_needed = 0, uses_anonymous_args = 0
  52 0000 10B5     		push	{r4, lr}
  53 0002 0C46     		mov	r4, r1
  54 0004 FFF7FEFF 		bl	lcd_bus_reg_wr
  55 0008 074B     		ldr	r3, .L5
  56 000a 084A     		ldr	r2, .L5+4
  57 000c 4020     		movs	r0, #64
  58 000e 4FF40051 		mov	r1, #8192
  59 0012 5061     		str	r0, [r2, #20]
  60 0014 1961     		str	r1, [r3, #16]
  61 0016 0649     		ldr	r1, .L5+8
  62 0018 CC60     		str	r4, [r1, #12]
  63 001a 4FF48041 		mov	r1, #16384
  64 001e 5961     		str	r1, [r3, #20]
  65 0020 1961     		str	r1, [r3, #16]
  66 0022 1061     		str	r0, [r2, #16]
  67 0024 10BD     		pop	{r4, pc}
  68              	.L6:
  69 0026 00BF     		.align	2
  70              	.L5:
  71 0028 00140140 		.word	1073812480
  72 002c 00100140 		.word	1073811456
  73 0030 00180140 		.word	1073813504
  75              		.section	.text.lcd_chip_pixel_wr,"ax",%progbits
  76              		.align	1
  77              		.thumb
  78              		.thumb_func
  80              	lcd_chip_pixel_wr:
  81              		@ args = 0, pretend = 0, frame = 0
  82              		@ frame_needed = 0, uses_anonymous_args = 0
  83 0000 70B5     		push	{r4, r5, r6, lr}
  84 0002 0546     		mov	r5, r0
  85 0004 0C46     		mov	r4, r1
  86 0006 5020     		movs	r0, #80
  87 0008 2946     		mov	r1, r5
  88 000a 1646     		mov	r6, r2
  89 000c FFF7FEFF 		bl	lcd_bus_cmd_wr
  90 0010 2946     		mov	r1, r5
  91 0012 5120     		movs	r0, #81
  92 0014 FFF7FEFF 		bl	lcd_bus_cmd_wr
  93 0018 2146     		mov	r1, r4
  94 001a 5220     		movs	r0, #82
  95 001c FFF7FEFF 		bl	lcd_bus_cmd_wr
  96 0020 2146     		mov	r1, r4
  97 0022 5320     		movs	r0, #83
  98 0024 FFF7FEFF 		bl	lcd_bus_cmd_wr
  99 0028 2946     		mov	r1, r5
 100 002a 2020     		movs	r0, #32
 101 002c FFF7FEFF 		bl	lcd_bus_cmd_wr
 102 0030 2146     		mov	r1, r4
 103 0032 2120     		movs	r0, #33
 104 0034 FFF7FEFF 		bl	lcd_bus_cmd_wr
 105 0038 3146     		mov	r1, r6
 106 003a 2220     		movs	r0, #34
 107 003c BDE87040 		pop	{r4, r5, r6, lr}
 108 0040 FFF7FEBF 		b	lcd_bus_cmd_wr
 110              		.section	.text.lcd_chip_pixel_rd,"ax",%progbits
 111              		.align	1
 112              		.thumb
 113              		.thumb_func
 115              	lcd_chip_pixel_rd:
 116              		@ args = 0, pretend = 0, frame = 8
 117              		@ frame_needed = 0, uses_anonymous_args = 0
 118 0000 2DE9F341 		push	{r0, r1, r4, r5, r6, r7, r8, lr}
 119 0004 0346     		mov	r3, r0
 120 0006 0C46     		mov	r4, r1
 121 0008 2020     		movs	r0, #32
 122 000a 1946     		mov	r1, r3
 123 000c FFF7FEFF 		bl	lcd_bus_cmd_wr
 124 0010 2146     		mov	r1, r4
 125 0012 2120     		movs	r0, #33
 126 0014 FFF7FEFF 		bl	lcd_bus_cmd_wr
 127 0018 204C     		ldr	r4, .L9
 128 001a 02AD     		add	r5, sp, #8
 129 001c 4FF6FF77 		movw	r7, #65535
 130 0020 2220     		movs	r0, #34
 131 0022 FFF7FEFF 		bl	lcd_bus_reg_wr
 132 0026 25F8047D 		strh	r7, [r5, #-4]!	@ movhi
 133 002a 0423     		movs	r3, #4
 134 002c 4FF00308 		mov	r8, #3
 135 0030 2046     		mov	r0, r4
 136 0032 2946     		mov	r1, r5
 137 0034 8DF80730 		strb	r3, [sp, #7]
 138 0038 8DF80680 		strb	r8, [sp, #6]
 139 003c FFF7FEFF 		bl	GPIO_Init
 140 0040 174B     		ldr	r3, .L9+4
 141 0042 4FF40052 		mov	r2, #8192
 142 0046 1A61     		str	r2, [r3, #16]
 143 0048 4FF48041 		mov	r1, #16384
 144 004c 4FF40042 		mov	r2, #32768
 145 0050 1A61     		str	r2, [r3, #16]
 146 0052 1961     		str	r1, [r3, #16]
 147 0054 1349     		ldr	r1, .L9+8
 148 0056 4020     		movs	r0, #64
 149 0058 4861     		str	r0, [r1, #20]
 150 005a 5A61     		str	r2, [r3, #20]
 151 005c 1A61     		str	r2, [r3, #16]
 152 005e A668     		ldr	r6, [r4, #8]
 153 0060 5A61     		str	r2, [r3, #20]
 154 0062 1A61     		str	r2, [r3, #16]
 155 0064 A668     		ldr	r6, [r4, #8]
 156 0066 5A61     		str	r2, [r3, #20]
 157 0068 1A61     		str	r2, [r3, #16]
 158 006a A668     		ldr	r6, [r4, #8]
 159 006c 1023     		movs	r3, #16
 160 006e 0861     		str	r0, [r1, #16]
 161 0070 2046     		mov	r0, r4
 162 0072 2946     		mov	r1, r5
 163 0074 8DF80730 		strb	r3, [sp, #7]
 164 0078 8DF80680 		strb	r8, [sp, #6]
 165 007c ADF80470 		strh	r7, [sp, #4]	@ movhi
 166 0080 FFF7FEFF 		bl	GPIO_Init
 167 0084 B3B2     		uxth	r3, r6
 168 0086 06F4FC66 		and	r6, r6, #2016
 169 008a 46EAD326 		orr	r6, r6, r3, lsr #11
 170 008e 46EAC320 		orr	r0, r6, r3, lsl #11
 171 0092 80B2     		uxth	r0, r0
 172 0094 02B0     		add	sp, sp, #8
 173              		@ sp needed
 174 0096 BDE8F081 		pop	{r4, r5, r6, r7, r8, pc}
 175              	.L10:
 176 009a 00BF     		.align	2
 177              	.L9:
 178 009c 00180140 		.word	1073813504
 179 00a0 00140140 		.word	1073812480
 180 00a4 00100140 		.word	1073811456
 182              		.section	.text.lcd_init,"ax",%progbits
 183              		.align	1
 184              		.global	lcd_init
 185              		.thumb
 186              		.thumb_func
 188              	lcd_init:
 189              		@ args = 0, pretend = 0, frame = 16
 190              		@ frame_needed = 0, uses_anonymous_args = 0
 191 0000 2DE9F04F 		push	{r4, r5, r6, r7, r8, r9, r10, fp, lr}
 192 0004 4020     		movs	r0, #64
 193 0006 85B0     		sub	sp, sp, #20
 194 0008 0121     		movs	r1, #1
 195 000a FFF7FEFF 		bl	RCC_AHBPeriphClockCmd
 196 000e 1026     		movs	r6, #16
 197 0010 7020     		movs	r0, #112
 198 0012 0121     		movs	r1, #1
 199 0014 FFF7FEFF 		bl	RCC_APB2PeriphClockCmd
 200 0018 0DEB0604 		add	r4, sp, r6
 201 001c 4FF6FF73 		movw	r3, #65535
 202 0020 24F8043D 		strh	r3, [r4, #-4]!	@ movhi
 203 0024 DFF8DCB1 		ldr	fp, .L12+8
 204 0028 744D     		ldr	r5, .L12
 205 002a 0327     		movs	r7, #3
 206 002c 2146     		mov	r1, r4
 207 002e 7448     		ldr	r0, .L12+4
 208 0030 8DF80E70 		strb	r7, [sp, #14]
 209 0034 8DF80F60 		strb	r6, [sp, #15]
 210 0038 FFF7FEFF 		bl	GPIO_Init
 211 003c 4023     		movs	r3, #64
 212 003e 5846     		mov	r0, fp
 213 0040 2146     		mov	r1, r4
 214 0042 ADF80C30 		strh	r3, [sp, #12]	@ movhi
 215 0046 0193     		str	r3, [sp, #4]
 216 0048 4FF4005A 		mov	r10, #8192
 217 004c FFF7FEFF 		bl	GPIO_Init
 218 0050 2846     		mov	r0, r5
 219 0052 2146     		mov	r1, r4
 220 0054 4FF48049 		mov	r9, #16384
 221 0058 ADF80CA0 		strh	r10, [sp, #12]	@ movhi
 222 005c FFF7FEFF 		bl	GPIO_Init
 223 0060 2846     		mov	r0, r5
 224 0062 2146     		mov	r1, r4
 225 0064 4FF40048 		mov	r8, #32768
 226 0068 ADF80C90 		strh	r9, [sp, #12]	@ movhi
 227 006c FFF7FEFF 		bl	GPIO_Init
 228 0070 2146     		mov	r1, r4
 229 0072 2846     		mov	r0, r5
 230 0074 ADF80C80 		strh	r8, [sp, #12]	@ movhi
 231 0078 FFF7FEFF 		bl	GPIO_Init
 232 007c 019B     		ldr	r3, [sp, #4]
 233 007e 0A20     		movs	r0, #10
 234 0080 CBF81030 		str	r3, [fp, #16]
 235 0084 C5F810A0 		str	r10, [r5, #16]
 236 0088 C5F81090 		str	r9, [r5, #16]
 237 008c C5F81080 		str	r8, [r5, #16]
 238 0090 FFF7FEFF 		bl	delay_ms
 239 0094 0A20     		movs	r0, #10
 240 0096 FFF7FEFF 		bl	delay_ms
 241 009a 0020     		movs	r0, #0
 242 009c 0146     		mov	r1, r0
 243 009e FFF7FEFF 		bl	lcd_bus_cmd_wr
 244 00a2 0120     		movs	r0, #1
 245 00a4 4FF48071 		mov	r1, #256
 246 00a8 FFF7FEFF 		bl	lcd_bus_cmd_wr
 247 00ac 0220     		movs	r0, #2
 248 00ae 4FF4E061 		mov	r1, #1792
 249 00b2 FFF7FEFF 		bl	lcd_bus_cmd_wr
 250 00b6 3846     		mov	r0, r7
 251 00b8 41F23001 		movw	r1, #4144
 252 00bc FFF7FEFF 		bl	lcd_bus_cmd_wr
 253 00c0 0420     		movs	r0, #4
 254 00c2 0021     		movs	r1, #0
 255 00c4 FFF7FEFF 		bl	lcd_bus_cmd_wr
 256 00c8 0820     		movs	r0, #8
 257 00ca 40F20221 		movw	r1, #514
 258 00ce FFF7FEFF 		bl	lcd_bus_cmd_wr
 259 00d2 0920     		movs	r0, #9
 260 00d4 0021     		movs	r1, #0
 261 00d6 FFF7FEFF 		bl	lcd_bus_cmd_wr
 262 00da 0A20     		movs	r0, #10
 263 00dc 0021     		movs	r1, #0
 264 00de FFF7FEFF 		bl	lcd_bus_cmd_wr
 265 00e2 0C20     		movs	r0, #12
 266 00e4 0121     		movs	r1, #1
 267 00e6 FFF7FEFF 		bl	lcd_bus_cmd_wr
 268 00ea 0D20     		movs	r0, #13
 269 00ec 0021     		movs	r1, #0
 270 00ee FFF7FEFF 		bl	lcd_bus_cmd_wr
 271 00f2 0021     		movs	r1, #0
 272 00f4 0F20     		movs	r0, #15
 273 00f6 FFF7FEFF 		bl	lcd_bus_cmd_wr
 274 00fa 6420     		movs	r0, #100
 275 00fc FFF7FEFF 		bl	delay_ms
 276 0100 40F20111 		movw	r1, #257
 277 0104 0720     		movs	r0, #7
 278 0106 FFF7FEFF 		bl	lcd_bus_cmd_wr
 279 010a 6420     		movs	r0, #100
 280 010c FFF7FEFF 		bl	delay_ms
 281 0110 3046     		mov	r0, r6
 282 0112 4FF48651 		mov	r1, #4288
 283 0116 FFF7FEFF 		bl	lcd_bus_cmd_wr
 284 011a 1120     		movs	r0, #17
 285 011c 0721     		movs	r1, #7
 286 011e FFF7FEFF 		bl	lcd_bus_cmd_wr
 287 0122 1220     		movs	r0, #18
 288 0124 4FF48871 		mov	r1, #272
 289 0128 FFF7FEFF 		bl	lcd_bus_cmd_wr
 290 012c 1320     		movs	r0, #19
 291 012e 4FF43061 		mov	r1, #2816
 292 0132 FFF7FEFF 		bl	lcd_bus_cmd_wr
 293 0136 2920     		movs	r0, #41
 294 0138 0021     		movs	r1, #0
 295 013a FFF7FEFF 		bl	lcd_bus_cmd_wr
 296 013e 2B20     		movs	r0, #43
 297 0140 44F21001 		movw	r1, #16400
 298 0144 FFF7FEFF 		bl	lcd_bus_cmd_wr
 299 0148 5020     		movs	r0, #80
 300 014a 0021     		movs	r1, #0
 301 014c FFF7FEFF 		bl	lcd_bus_cmd_wr
 302 0150 5120     		movs	r0, #81
 303 0152 EF21     		movs	r1, #239
 304 0154 FFF7FEFF 		bl	lcd_bus_cmd_wr
 305 0158 5220     		movs	r0, #82
 306 015a 0021     		movs	r1, #0
 307 015c FFF7FEFF 		bl	lcd_bus_cmd_wr
 308 0160 5320     		movs	r0, #83
 309 0162 40F23F11 		movw	r1, #319
 310 0166 FFF7FEFF 		bl	lcd_bus_cmd_wr
 311 016a 6020     		movs	r0, #96
 312 016c 4FF41C51 		mov	r1, #9984
 313 0170 FFF7FEFF 		bl	lcd_bus_cmd_wr
 314 0174 6120     		movs	r0, #97
 315 0176 0121     		movs	r1, #1
 316 0178 FFF7FEFF 		bl	lcd_bus_cmd_wr
 317 017c 6A20     		movs	r0, #106
 318 017e 0021     		movs	r1, #0
 319 0180 FFF7FEFF 		bl	lcd_bus_cmd_wr
 320 0184 8020     		movs	r0, #128
 321 0186 0021     		movs	r1, #0
 322 0188 FFF7FEFF 		bl	lcd_bus_cmd_wr
 323 018c 8120     		movs	r0, #129
 324 018e 0021     		movs	r1, #0
 325 0190 FFF7FEFF 		bl	lcd_bus_cmd_wr
 326 0194 8220     		movs	r0, #130
 327 0196 0021     		movs	r1, #0
 328 0198 FFF7FEFF 		bl	lcd_bus_cmd_wr
 329 019c 8320     		movs	r0, #131
 330 019e 0021     		movs	r1, #0
 331 01a0 FFF7FEFF 		bl	lcd_bus_cmd_wr
 332 01a4 8420     		movs	r0, #132
 333 01a6 0021     		movs	r1, #0
 334 01a8 FFF7FEFF 		bl	lcd_bus_cmd_wr
 335 01ac 8520     		movs	r0, #133
 336 01ae 0021     		movs	r1, #0
 337 01b0 FFF7FEFF 		bl	lcd_bus_cmd_wr
 338 01b4 3146     		mov	r1, r6
 339 01b6 9020     		movs	r0, #144
 340 01b8 FFF7FEFF 		bl	lcd_bus_cmd_wr
 341 01bc 9220     		movs	r0, #146
 342 01be 0021     		movs	r1, #0
 343 01c0 FFF7FEFF 		bl	lcd_bus_cmd_wr
 344 01c4 9320     		movs	r0, #147
 345 01c6 0121     		movs	r1, #1
 346 01c8 FFF7FEFF 		bl	lcd_bus_cmd_wr
 347 01cc 9520     		movs	r0, #149
 348 01ce 4FF48871 		mov	r1, #272
 349 01d2 FFF7FEFF 		bl	lcd_bus_cmd_wr
 350 01d6 9720     		movs	r0, #151
 351 01d8 0021     		movs	r1, #0
 352 01da FFF7FEFF 		bl	lcd_bus_cmd_wr
 353 01de 9820     		movs	r0, #152
 354 01e0 0021     		movs	r1, #0
 355 01e2 FFF7FEFF 		bl	lcd_bus_cmd_wr
 356 01e6 40F27311 		movw	r1, #371
 357 01ea 0720     		movs	r0, #7
 358 01ec FFF7FEFF 		bl	lcd_bus_cmd_wr
 359 01f0 6420     		movs	r0, #100
 360 01f2 FFF7FEFF 		bl	delay_ms
 361 01f6 05B0     		add	sp, sp, #20
 362              		@ sp needed
 363 01f8 BDE8F08F 		pop	{r4, r5, r6, r7, r8, r9, r10, fp, pc}
 364              	.L13:
 365              		.align	2
 366              	.L12:
 367 01fc 00140140 		.word	1073812480
 368 0200 00180140 		.word	1073813504
 369 0204 00100140 		.word	1073811456
 371              		.section	.text.lcd_power_on,"ax",%progbits
 372              		.align	1
 373              		.global	lcd_power_on
 374              		.thumb
 375              		.thumb_func
 377              	lcd_power_on:
 378              		@ args = 0, pretend = 0, frame = 0
 379              		@ frame_needed = 0, uses_anonymous_args = 0
 380              		@ link register save eliminated.
 381 0000 7047     		bx	lr
 383              		.section	.text.lcd_power_off,"ax",%progbits
 384              		.align	1
 385              		.global	lcd_power_off
 386              		.thumb
 387              		.thumb_func
 389              	lcd_power_off:
 390              		@ args = 0, pretend = 0, frame = 0
 391              		@ frame_needed = 0, uses_anonymous_args = 0
 392              		@ link register save eliminated.
 393 0000 7047     		bx	lr
 395              		.section	.text.lcd_light_on,"ax",%progbits
 396              		.align	1
 397              		.global	lcd_light_on
 398              		.thumb
 399              		.thumb_func
 401              	lcd_light_on:
 402              		@ args = 0, pretend = 0, frame = 0
 403              		@ frame_needed = 0, uses_anonymous_args = 0
 404              		@ link register save eliminated.
 405 0000 7047     		bx	lr
 407              		.section	.text.lcd_light_adjust,"ax",%progbits
 408              		.align	1
 409              		.global	lcd_light_adjust
 410              		.thumb
 411              		.thumb_func
 413              	lcd_light_adjust:
 414              		@ args = 0, pretend = 0, frame = 0
 415              		@ frame_needed = 0, uses_anonymous_args = 0
 416              		@ link register save eliminated.
 417 0000 7047     		bx	lr
 419              		.section	.text.lcd_light_off,"ax",%progbits
 420              		.align	1
 421              		.global	lcd_light_off
 422              		.thumb
 423              		.thumb_func
 425              	lcd_light_off:
 426              		@ args = 0, pretend = 0, frame = 0
 427              		@ frame_needed = 0, uses_anonymous_args = 0
 428              		@ link register save eliminated.
 429 0000 7047     		bx	lr
 431              		.section	.text.lcd_rgb565,"ax",%progbits
 432              		.align	1
 433              		.global	lcd_rgb565
 434              		.thumb
 435              		.thumb_func
 437              	lcd_rgb565:
 438              		@ args = 0, pretend = 0, frame = 0
 439              		@ frame_needed = 0, uses_anonymous_args = 0
 440              		@ link register save eliminated.
 441 0000 4901     		lsls	r1, r1, #5
 442 0002 01F4FC61 		and	r1, r1, #2016
 443 0006 41EAC020 		orr	r0, r1, r0, lsl #11
 444 000a 02F01F02 		and	r2, r2, #31
 445 000e 1043     		orrs	r0, r0, r2
 446 0010 80B2     		uxth	r0, r0
 447 0012 7047     		bx	lr
 449              		.section	.text.lcd_set_pixel,"ax",%progbits
 450              		.align	1
 451              		.global	lcd_set_pixel
 452              		.thumb
 453              		.thumb_func
 455              	lcd_set_pixel:
 456              		@ args = 0, pretend = 0, frame = 0
 457              		@ frame_needed = 0, uses_anonymous_args = 0
 458              		@ link register save eliminated.
 459 0000 FFF7FEBF 		b	lcd_chip_pixel_wr
 461              		.section	.text.lcd_get_pixel,"ax",%progbits
 462              		.align	1
 463              		.global	lcd_get_pixel
 464              		.thumb
 465              		.thumb_func
 467              	lcd_get_pixel:
 468              		@ args = 0, pretend = 0, frame = 0
 469              		@ frame_needed = 0, uses_anonymous_args = 0
 470              		@ link register save eliminated.
 471 0000 FFF7FEBF 		b	lcd_chip_pixel_rd
 473              		.section	.text.lcd_fill_rectangle,"ax",%progbits
 474              		.align	1
 475              		.global	lcd_fill_rectangle
 476              		.thumb
 477              		.thumb_func
 479              	lcd_fill_rectangle:
 480              		@ args = 4, pretend = 0, frame = 0
 481              		@ frame_needed = 0, uses_anonymous_args = 0
 482 0000 F8B5     		push	{r3, r4, r5, r6, r7, lr}
 483 0002 0546     		mov	r5, r0
 484 0004 1646     		mov	r6, r2
 485 0006 0C46     		mov	r4, r1
 486 0008 5020     		movs	r0, #80
 487 000a 2946     		mov	r1, r5
 488 000c 1F46     		mov	r7, r3
 489 000e BDF818C0 		ldrh	ip, [sp, #24]
 490 0012 FFF7FEFF 		bl	lcd_bus_cmd_wr
 491 0016 711E     		subs	r1, r6, #1
 492 0018 2944     		add	r1, r1, r5
 493 001a 5120     		movs	r0, #81
 494 001c 89B2     		uxth	r1, r1
 495 001e FFF7FEFF 		bl	lcd_bus_cmd_wr
 496 0022 5220     		movs	r0, #82
 497 0024 2146     		mov	r1, r4
 498 0026 FFF7FEFF 		bl	lcd_bus_cmd_wr
 499 002a 791E     		subs	r1, r7, #1
 500 002c 2144     		add	r1, r1, r4
 501 002e 5320     		movs	r0, #83
 502 0030 89B2     		uxth	r1, r1
 503 0032 FFF7FEFF 		bl	lcd_bus_cmd_wr
 504 0036 2020     		movs	r0, #32
 505 0038 2946     		mov	r1, r5
 506 003a FFF7FEFF 		bl	lcd_bus_cmd_wr
 507 003e 2146     		mov	r1, r4
 508 0040 2120     		movs	r0, #33
 509 0042 FFF7FEFF 		bl	lcd_bus_cmd_wr
 510 0046 2220     		movs	r0, #34
 511 0048 FFF7FEFF 		bl	lcd_bus_reg_wr
 512 004c 0D49     		ldr	r1, .L27
 513 004e 4FF40053 		mov	r3, #8192
 514 0052 0B61     		str	r3, [r1, #16]
 515 0054 4FF40043 		mov	r3, #32768
 516 0058 0B61     		str	r3, [r1, #16]
 517 005a 0B4B     		ldr	r3, .L27+4
 518 005c 4020     		movs	r0, #64
 519 005e 4FF48042 		mov	r2, #16384
 520 0062 0A61     		str	r2, [r1, #16]
 521 0064 5861     		str	r0, [r3, #20]
 522 0066 07FB06F3 		mul	r3, r7, r6
 523 006a 0848     		ldr	r0, .L27+8
 524              	.L23:
 525 006c 2BB1     		cbz	r3, .L26
 526 006e C0F80CC0 		str	ip, [r0, #12]
 527 0072 013B     		subs	r3, r3, #1
 528 0074 4A61     		str	r2, [r1, #20]
 529 0076 0A61     		str	r2, [r1, #16]
 530 0078 F8E7     		b	.L23
 531              	.L26:
 532 007a 034B     		ldr	r3, .L27+4
 533 007c 4022     		movs	r2, #64
 534 007e 1A61     		str	r2, [r3, #16]
 535 0080 F8BD     		pop	{r3, r4, r5, r6, r7, pc}
 536              	.L28:
 537 0082 00BF     		.align	2
 538              	.L27:
 539 0084 00140140 		.word	1073812480
 540 0088 00100140 		.word	1073811456
 541 008c 00180140 		.word	1073813504
 543              		.section	.text.lcd_test_driver,"ax",%progbits
 544              		.align	1
 545              		.global	lcd_test_driver
 546              		.thumb
 547              		.thumb_func
 549              	lcd_test_driver:
 550              		@ args = 0, pretend = 0, frame = 8
 551              		@ frame_needed = 0, uses_anonymous_args = 0
 552 0000 F0B5     		push	{r4, r5, r6, r7, lr}
 553 0002 85B0     		sub	sp, sp, #20
 554 0004 FFF7FEFF 		bl	lcd_init
 555 0008 4FF61F03 		movw	r3, #63519
 556 000c 0020     		movs	r0, #0
 557 000e 6422     		movs	r2, #100
 558 0010 0093     		str	r3, [sp]
 559 0012 0146     		mov	r1, r0
 560 0014 1346     		mov	r3, r2
 561 0016 FFF7FEFF 		bl	lcd_fill_rectangle
 562 001a 0A25     		movs	r5, #10
 563              	.L30:
 564 001c 0A24     		movs	r4, #10
 565 001e 05EB040C 		add	ip, r5, r4
 566 0022 05F11407 		add	r7, r5, #20
 567 0026 05F11E06 		add	r6, r5, #30
 568 002a 1FFA8CFC 		uxth	ip, ip
 569 002e BFB2     		uxth	r7, r7
 570 0030 B6B2     		uxth	r6, r6
 571              	.L33:
 572 0032 2146     		mov	r1, r4
 573 0034 2846     		mov	r0, r5
 574 0036 4FF6FF72 		movw	r2, #65535
 575 003a FFF7FEFF 		bl	lcd_chip_pixel_wr
 576 003e 2146     		mov	r1, r4
 577 0040 6046     		mov	r0, ip
 578 0042 0022     		movs	r2, #0
 579 0044 FFF7FEFF 		bl	lcd_chip_pixel_wr
 580 0048 2146     		mov	r1, r4
 581 004a 3846     		mov	r0, r7
 582 004c 4FF47842 		mov	r2, #63488
 583 0050 FFF7FEFF 		bl	lcd_chip_pixel_wr
 584 0054 2146     		mov	r1, r4
 585 0056 3046     		mov	r0, r6
 586 0058 4FF4FC62 		mov	r2, #2016
 587 005c FFF7FEFF 		bl	lcd_chip_pixel_wr
 588 0060 05F12800 		add	r0, r5, #40
 589 0064 2146     		mov	r1, r4
 590 0066 80B2     		uxth	r0, r0
 591 0068 1F22     		movs	r2, #31
 592 006a FFF7FEFF 		bl	lcd_chip_pixel_wr
 593 006e 05F13200 		add	r0, r5, #50
 594 0072 2146     		mov	r1, r4
 595 0074 80B2     		uxth	r0, r0
 596 0076 4FF6FF72 		movw	r2, #65535
 597 007a FFF7FEFF 		bl	lcd_chip_pixel_wr
 598 007e 2146     		mov	r1, r4
 599 0080 05F13C00 		add	r0, r5, #60
 600 0084 0134     		adds	r4, r4, #1
 601 0086 80B2     		uxth	r0, r0
 602 0088 0022     		movs	r2, #0
 603 008a A4B2     		uxth	r4, r4
 604 008c FFF7FEFF 		bl	lcd_chip_pixel_wr
 605 0090 142C     		cmp	r4, #20
 606 0092 CED1     		bne	.L33
 607 0094 0135     		adds	r5, r5, #1
 608 0096 ADB2     		uxth	r5, r5
 609 0098 142D     		cmp	r5, #20
 610 009a BFD1     		bne	.L30
 611 009c 0F24     		movs	r4, #15
 612              	.L35:
 613 009e 2046     		mov	r0, r4
 614 00a0 0A21     		movs	r1, #10
 615 00a2 FFF7FEFF 		bl	lcd_chip_pixel_rd
 616 00a6 631F     		subs	r3, r4, #5
 617 00a8 0A22     		movs	r2, #10
 618 00aa 0A34     		adds	r4, r4, #10
 619 00ac 0090     		str	r0, [sp]
 620 00ae 1E21     		movs	r1, #30
 621 00b0 98B2     		uxth	r0, r3
 622 00b2 A4B2     		uxth	r4, r4
 623 00b4 1346     		mov	r3, r2
 624 00b6 FFF7FEFF 		bl	lcd_fill_rectangle
 625 00ba 552C     		cmp	r4, #85
 626 00bc EFD1     		bne	.L35
 627 00be 4FF4FA60 		mov	r0, #2000
 628 00c2 FFF7FEFF 		bl	delay_ms
 629 00c6 FFF7FEFF 		bl	GUI_Init
 630 00ca 4FF47F00 		mov	r0, #16711680
 631 00ce FFF7FEFF 		bl	GUI_SetBkColor
 632 00d2 FFF7FEFF 		bl	GUI_Clear
 633 00d6 1421     		movs	r1, #20
 634 00d8 0A20     		movs	r0, #10
 635 00da FFF7FEFF 		bl	GUI_GotoXY
 636 00de 0B48     		ldr	r0, .L36
 637 00e0 FFF7FEFF 		bl	GUI_DispString
 638 00e4 0020     		movs	r0, #0
 639 00e6 FFF7FEFF 		bl	GUI_SetDrawMode
 640 00ea 3C21     		movs	r1, #60
 641 00ec 2822     		movs	r2, #40
 642 00ee 7820     		movs	r0, #120
 643 00f0 FFF7FEFF 		bl	GUI_FillCircle
 644 00f4 0120     		movs	r0, #1
 645 00f6 FFF7FEFF 		bl	GUI_SetDrawMode
 646 00fa 8C20     		movs	r0, #140
 647 00fc 5A21     		movs	r1, #90
 648 00fe 2822     		movs	r2, #40
 649 0100 05B0     		add	sp, sp, #20
 650              		@ sp needed
 651 0102 BDE8F040 		pop	{r4, r5, r6, r7, lr}
 652 0106 FFF7FEBF 		b	GUI_FillCircle
 653              	.L37:
 654 010a 00BF     		.align	2
 655              	.L36:
 656 010c 00000000 		.word	.LC0
 658              		.section	.rodata.str1.1,"aMS",%progbits,1
 659              	.LC0:
 660 0000 656D5749 		.ascii	"emWIN BLUE\000"
 660      4E20424C 
 660      554500
 661              		.ident	"GCC: (Sourcery CodeBench Lite 2013.11-24) 4.8.1"
DEFINED SYMBOLS
                            *ABS*:00000000 lcd_main.c
D:\Users\draapho\AppData\Local\Temp\ccqLhXde.s:16     .text.lcd_bus_reg_wr:00000000 $t
D:\Users\draapho\AppData\Local\Temp\ccqLhXde.s:20     .text.lcd_bus_reg_wr:00000000 lcd_bus_reg_wr
D:\Users\draapho\AppData\Local\Temp\ccqLhXde.s:40     .text.lcd_bus_reg_wr:00000020 $d
D:\Users\draapho\AppData\Local\Temp\ccqLhXde.s:45     .text.lcd_bus_cmd_wr:00000000 $t
D:\Users\draapho\AppData\Local\Temp\ccqLhXde.s:49     .text.lcd_bus_cmd_wr:00000000 lcd_bus_cmd_wr
D:\Users\draapho\AppData\Local\Temp\ccqLhXde.s:71     .text.lcd_bus_cmd_wr:00000028 $d
D:\Users\draapho\AppData\Local\Temp\ccqLhXde.s:76     .text.lcd_chip_pixel_wr:00000000 $t
D:\Users\draapho\AppData\Local\Temp\ccqLhXde.s:80     .text.lcd_chip_pixel_wr:00000000 lcd_chip_pixel_wr
D:\Users\draapho\AppData\Local\Temp\ccqLhXde.s:111    .text.lcd_chip_pixel_rd:00000000 $t
D:\Users\draapho\AppData\Local\Temp\ccqLhXde.s:115    .text.lcd_chip_pixel_rd:00000000 lcd_chip_pixel_rd
D:\Users\draapho\AppData\Local\Temp\ccqLhXde.s:178    .text.lcd_chip_pixel_rd:0000009c $d
D:\Users\draapho\AppData\Local\Temp\ccqLhXde.s:183    .text.lcd_init:00000000 $t
D:\Users\draapho\AppData\Local\Temp\ccqLhXde.s:188    .text.lcd_init:00000000 lcd_init
D:\Users\draapho\AppData\Local\Temp\ccqLhXde.s:367    .text.lcd_init:000001fc $d
D:\Users\draapho\AppData\Local\Temp\ccqLhXde.s:372    .text.lcd_power_on:00000000 $t
D:\Users\draapho\AppData\Local\Temp\ccqLhXde.s:377    .text.lcd_power_on:00000000 lcd_power_on
D:\Users\draapho\AppData\Local\Temp\ccqLhXde.s:384    .text.lcd_power_off:00000000 $t
D:\Users\draapho\AppData\Local\Temp\ccqLhXde.s:389    .text.lcd_power_off:00000000 lcd_power_off
D:\Users\draapho\AppData\Local\Temp\ccqLhXde.s:396    .text.lcd_light_on:00000000 $t
D:\Users\draapho\AppData\Local\Temp\ccqLhXde.s:401    .text.lcd_light_on:00000000 lcd_light_on
D:\Users\draapho\AppData\Local\Temp\ccqLhXde.s:408    .text.lcd_light_adjust:00000000 $t
D:\Users\draapho\AppData\Local\Temp\ccqLhXde.s:413    .text.lcd_light_adjust:00000000 lcd_light_adjust
D:\Users\draapho\AppData\Local\Temp\ccqLhXde.s:420    .text.lcd_light_off:00000000 $t
D:\Users\draapho\AppData\Local\Temp\ccqLhXde.s:425    .text.lcd_light_off:00000000 lcd_light_off
D:\Users\draapho\AppData\Local\Temp\ccqLhXde.s:432    .text.lcd_rgb565:00000000 $t
D:\Users\draapho\AppData\Local\Temp\ccqLhXde.s:437    .text.lcd_rgb565:00000000 lcd_rgb565
D:\Users\draapho\AppData\Local\Temp\ccqLhXde.s:450    .text.lcd_set_pixel:00000000 $t
D:\Users\draapho\AppData\Local\Temp\ccqLhXde.s:455    .text.lcd_set_pixel:00000000 lcd_set_pixel
D:\Users\draapho\AppData\Local\Temp\ccqLhXde.s:462    .text.lcd_get_pixel:00000000 $t
D:\Users\draapho\AppData\Local\Temp\ccqLhXde.s:467    .text.lcd_get_pixel:00000000 lcd_get_pixel
D:\Users\draapho\AppData\Local\Temp\ccqLhXde.s:474    .text.lcd_fill_rectangle:00000000 $t
D:\Users\draapho\AppData\Local\Temp\ccqLhXde.s:479    .text.lcd_fill_rectangle:00000000 lcd_fill_rectangle
D:\Users\draapho\AppData\Local\Temp\ccqLhXde.s:539    .text.lcd_fill_rectangle:00000084 $d
D:\Users\draapho\AppData\Local\Temp\ccqLhXde.s:544    .text.lcd_test_driver:00000000 $t
D:\Users\draapho\AppData\Local\Temp\ccqLhXde.s:549    .text.lcd_test_driver:00000000 lcd_test_driver
D:\Users\draapho\AppData\Local\Temp\ccqLhXde.s:656    .text.lcd_test_driver:0000010c $d

UNDEFINED SYMBOLS
GPIO_Init
RCC_AHBPeriphClockCmd
RCC_APB2PeriphClockCmd
delay_ms
GUI_Init
GUI_SetBkColor
GUI_Clear
GUI_GotoXY
GUI_DispString
GUI_SetDrawMode
GUI_FillCircle
