   1              		.syntax unified
   2              		.cpu cortex-m3
   3              		.fpu softvfp
   4              		.eabi_attribute 20, 1
   5              		.eabi_attribute 21, 1
   6              		.eabi_attribute 23, 3
   7              		.eabi_attribute 24, 1
   8              		.eabi_attribute 25, 1
   9              		.eabi_attribute 26, 1
  10              		.eabi_attribute 30, 4
  11              		.eabi_attribute 34, 1
  12              		.eabi_attribute 18, 4
  13              		.thumb
  14              		.file	"drv_led.c"
  15              		.section	.text.led_on,"ax",%progbits
  16              		.align	1
  17              		.global	led_on
  18              		.thumb
  19              		.thumb_func
  21              	led_on:
  22              		@ args = 0, pretend = 0, frame = 0
  23              		@ frame_needed = 0, uses_anonymous_args = 0
  24 0000 0328     		cmp	r0, #3
  25 0002 10B5     		push	{r4, lr}
  26 0004 05D9     		bls	.L2
  27 0006 BDE81040 		pop	{r4, lr}
  28 000a 0A48     		ldr	r0, .L5
  29 000c EE21     		movs	r1, #238
  30 000e FFF7FEBF 		b	assert_err
  31              	.L2:
  32 0012 0621     		movs	r1, #6
  33 0014 4143     		muls	r1, r0, r1
  34 0016 084C     		ldr	r4, .L5+4
  35 0018 0023     		movs	r3, #0
  36 001a 6218     		adds	r2, r4, r1
  37 001c 6352     		strh	r3, [r4, r1]	@ movhi
  38 001e 5380     		strh	r3, [r2, #2]	@ movhi
  39 0020 9380     		strh	r3, [r2, #4]	@ movhi
  40 0022 0C22     		movs	r2, #12
  41 0024 5043     		muls	r0, r2, r0
  42 0026 054B     		ldr	r3, .L5+8
  43 0028 1A18     		adds	r2, r3, r0
  44 002a 1289     		ldrh	r2, [r2, #8]
  45 002c 1B58     		ldr	r3, [r3, r0]
  46 002e 1A61     		str	r2, [r3, #16]
  47 0030 10BD     		pop	{r4, pc}
  48              	.L6:
  49 0032 00BF     		.align	2
  50              	.L5:
  51 0034 00000000 		.word	.LC0
  52 0038 00000000 		.word	.LANCHOR0
  53 003c 00000000 		.word	.LANCHOR1
  55              		.section	.text.led_off,"ax",%progbits
  56              		.align	1
  57              		.global	led_off
  58              		.thumb
  59              		.thumb_func
  61              	led_off:
  62              		@ args = 0, pretend = 0, frame = 0
  63              		@ frame_needed = 0, uses_anonymous_args = 0
  64 0000 0328     		cmp	r0, #3
  65 0002 10B5     		push	{r4, lr}
  66 0004 06D9     		bls	.L8
  67 0006 BDE81040 		pop	{r4, lr}
  68 000a 0A48     		ldr	r0, .L10
  69 000c 4FF48471 		mov	r1, #264
  70 0010 FFF7FEBF 		b	assert_err
  71              	.L8:
  72 0014 0621     		movs	r1, #6
  73 0016 4143     		muls	r1, r0, r1
  74 0018 074C     		ldr	r4, .L10+4
  75 001a 0023     		movs	r3, #0
  76 001c 6218     		adds	r2, r4, r1
  77 001e 6352     		strh	r3, [r4, r1]	@ movhi
  78 0020 5380     		strh	r3, [r2, #2]	@ movhi
  79 0022 9380     		strh	r3, [r2, #4]	@ movhi
  80 0024 0C22     		movs	r2, #12
  81 0026 5043     		muls	r0, r2, r0
  82 0028 044B     		ldr	r3, .L10+8
  83 002a 1A18     		adds	r2, r3, r0
  84 002c 1289     		ldrh	r2, [r2, #8]
  85 002e 1B58     		ldr	r3, [r3, r0]
  86 0030 5A61     		str	r2, [r3, #20]
  87 0032 10BD     		pop	{r4, pc}
  88              	.L11:
  89              		.align	2
  90              	.L10:
  91 0034 00000000 		.word	.LC0
  92 0038 00000000 		.word	.LANCHOR0
  93 003c 00000000 		.word	.LANCHOR1
  95              		.section	.text.led_init,"ax",%progbits
  96              		.align	1
  97              		.global	led_init
  98              		.thumb
  99              		.thumb_func
 101              	led_init:
 102              		@ args = 0, pretend = 0, frame = 8
 103              		@ frame_needed = 0, uses_anonymous_args = 0
 104 0000 0328     		cmp	r0, #3
 105 0002 F7B5     		push	{r0, r1, r2, r4, r5, r6, r7, lr}
 106 0004 0446     		mov	r4, r0
 107 0006 04D9     		bls	.L13
 108 0008 0F48     		ldr	r0, .L15
 109 000a DD21     		movs	r1, #221
 110 000c FFF7FEFF 		bl	assert_err
 111 0010 17E0     		b	.L12
 112              	.L13:
 113 0012 0C25     		movs	r5, #12
 114 0014 4543     		muls	r5, r0, r5
 115 0016 0D4E     		ldr	r6, .L15+4
 116 0018 0121     		movs	r1, #1
 117 001a 7719     		adds	r7, r6, r5
 118 001c 7868     		ldr	r0, [r7, #4]
 119 001e FFF7FEFF 		bl	RCC_APB2PeriphClockCmd
 120 0022 3B89     		ldrh	r3, [r7, #8]
 121 0024 7059     		ldr	r0, [r6, r5]
 122 0026 ADF80430 		strh	r3, [sp, #4]	@ movhi
 123 002a 1023     		movs	r3, #16
 124 002c 8DF80730 		strb	r3, [sp, #7]
 125 0030 01A9     		add	r1, sp, #4
 126 0032 0223     		movs	r3, #2
 127 0034 8DF80630 		strb	r3, [sp, #6]
 128 0038 FFF7FEFF 		bl	GPIO_Init
 129 003c 2046     		mov	r0, r4
 130 003e FFF7FEFF 		bl	led_off
 131              	.L12:
 132 0042 03B0     		add	sp, sp, #12
 133              		@ sp needed
 134 0044 F0BD     		pop	{r4, r5, r6, r7, pc}
 135              	.L16:
 136 0046 00BF     		.align	2
 137              	.L15:
 138 0048 00000000 		.word	.LC0
 139 004c 00000000 		.word	.LANCHOR1
 141              		.section	.text.led_init_all,"ax",%progbits
 142              		.align	1
 143              		.global	led_init_all
 144              		.thumb
 145              		.thumb_func
 147              	led_init_all:
 148              		@ args = 0, pretend = 0, frame = 0
 149              		@ frame_needed = 0, uses_anonymous_args = 0
 150 0000 08B5     		push	{r3, lr}
 151 0002 0020     		movs	r0, #0
 152 0004 FFF7FEFF 		bl	led_init
 153 0008 0120     		movs	r0, #1
 154 000a FFF7FEFF 		bl	led_init
 155 000e 0220     		movs	r0, #2
 156 0010 FFF7FEFF 		bl	led_init
 157 0014 BDE80840 		pop	{r3, lr}
 158 0018 0320     		movs	r0, #3
 159 001a FFF7FEBF 		b	led_init
 161              		.section	.text.led_toggle,"ax",%progbits
 162              		.align	1
 163              		.global	led_toggle
 164              		.thumb
 165              		.thumb_func
 167              	led_toggle:
 168              		@ args = 0, pretend = 0, frame = 0
 169              		@ frame_needed = 0, uses_anonymous_args = 0
 170 0000 0328     		cmp	r0, #3
 171 0002 10B5     		push	{r4, lr}
 172 0004 06D9     		bls	.L19
 173 0006 BDE81040 		pop	{r4, lr}
 174 000a 0B48     		ldr	r0, .L21
 175 000c 4FF49171 		mov	r1, #290
 176 0010 FFF7FEBF 		b	assert_err
 177              	.L19:
 178 0014 0621     		movs	r1, #6
 179 0016 4143     		muls	r1, r0, r1
 180 0018 084C     		ldr	r4, .L21+4
 181 001a 0023     		movs	r3, #0
 182 001c 6218     		adds	r2, r4, r1
 183 001e 6352     		strh	r3, [r4, r1]	@ movhi
 184 0020 5380     		strh	r3, [r2, #2]	@ movhi
 185 0022 9380     		strh	r3, [r2, #4]	@ movhi
 186 0024 0C22     		movs	r2, #12
 187 0026 5043     		muls	r0, r2, r0
 188 0028 054B     		ldr	r3, .L21+8
 189 002a 1918     		adds	r1, r3, r0
 190 002c 1B58     		ldr	r3, [r3, r0]
 191 002e 0989     		ldrh	r1, [r1, #8]
 192 0030 DA68     		ldr	r2, [r3, #12]
 193 0032 4A40     		eors	r2, r2, r1
 194 0034 DA60     		str	r2, [r3, #12]
 195 0036 10BD     		pop	{r4, pc}
 196              	.L22:
 197              		.align	2
 198              	.L21:
 199 0038 00000000 		.word	.LC0
 200 003c 00000000 		.word	.LANCHOR0
 201 0040 00000000 		.word	.LANCHOR1
 203              		.section	.text.led_get_status,"ax",%progbits
 204              		.align	1
 205              		.global	led_get_status
 206              		.thumb
 207              		.thumb_func
 209              	led_get_status:
 210              		@ args = 0, pretend = 0, frame = 0
 211              		@ frame_needed = 0, uses_anonymous_args = 0
 212 0000 0328     		cmp	r0, #3
 213 0002 08B5     		push	{r3, lr}
 214 0004 06D9     		bls	.L24
 215 0006 1948     		ldr	r0, .L34
 216 0008 4FF49F71 		mov	r1, #318
 217 000c FFF7FEFF 		bl	assert_err
 218 0010 0020     		movs	r0, #0
 219 0012 08BD     		pop	{r3, pc}
 220              	.L24:
 221 0014 164B     		ldr	r3, .L34+4
 222 0016 0622     		movs	r2, #6
 223 0018 02FB0033 		mla	r3, r2, r0, r3
 224 001c 9A88     		ldrh	r2, [r3, #4]
 225 001e 02F44042 		and	r2, r2, #49152
 226 0022 B2F5804F 		cmp	r2, #16384
 227 0026 08D1     		bne	.L33
 228 0028 9888     		ldrh	r0, [r3, #4]
 229 002a 44F21303 		movw	r3, #16403
 230 002e 80B2     		uxth	r0, r0
 231 0030 9842     		cmp	r0, r3
 232 0032 8CBF     		ite	hi
 233 0034 1020     		movhi	r0, #16
 234 0036 1120     		movls	r0, #17
 235 0038 08BD     		pop	{r3, pc}
 236              	.L33:
 237 003a 9B88     		ldrh	r3, [r3, #4]
 238 003c 0C22     		movs	r2, #12
 239 003e 5043     		muls	r0, r2, r0
 240 0040 03F44043 		and	r3, r3, #49152
 241 0044 B3F5004F 		cmp	r3, #32768
 242 0048 0A4B     		ldr	r3, .L34+8
 243 004a 03EB0002 		add	r2, r3, r0
 244 004e 1B58     		ldr	r3, [r3, r0]
 245 0050 1289     		ldrh	r2, [r2, #8]
 246 0052 DB68     		ldr	r3, [r3, #12]
 247 0054 04D1     		bne	.L26
 248 0056 1A42     		tst	r2, r3
 249 0058 0CBF     		ite	eq
 250 005a 2020     		moveq	r0, #32
 251 005c 2120     		movne	r0, #33
 252 005e 08BD     		pop	{r3, pc}
 253              	.L26:
 254 0060 1A42     		tst	r2, r3
 255 0062 0CBF     		ite	eq
 256 0064 0020     		moveq	r0, #0
 257 0066 0120     		movne	r0, #1
 258 0068 08BD     		pop	{r3, pc}
 259              	.L35:
 260 006a 00BF     		.align	2
 261              	.L34:
 262 006c 00000000 		.word	.LC0
 263 0070 00000000 		.word	.LANCHOR0
 264 0074 00000000 		.word	.LANCHOR1
 266              		.section	.text.led_adjust,"ax",%progbits
 267              		.align	1
 268              		.global	led_adjust
 269              		.thumb
 270              		.thumb_func
 272              	led_adjust:
 273              		@ args = 0, pretend = 0, frame = 0
 274              		@ frame_needed = 0, uses_anonymous_args = 0
 275 0000 0328     		cmp	r0, #3
 276 0002 38B5     		push	{r3, r4, r5, lr}
 277 0004 0446     		mov	r4, r0
 278 0006 0D46     		mov	r5, r1
 279 0008 06D9     		bls	.L37
 280 000a BDE83840 		pop	{r3, r4, r5, lr}
 281 000e 1348     		ldr	r0, .L44
 282 0010 40F26B11 		movw	r1, #363
 283 0014 FFF7FEBF 		b	assert_err
 284              	.L37:
 285 0018 FFF7FEFF 		bl	led_get_status
 286 001c 00F0DF00 		and	r0, r0, #223
 287 0020 0128     		cmp	r0, #1
 288 0022 0F4B     		ldr	r3, .L44+4
 289 0024 4FF00602 		mov	r2, #6
 290 0028 04D1     		bne	.L42
 291 002a 02FB0432 		mla	r2, r2, r4, r3
 292 002e 4FF48041 		mov	r1, #16384
 293 0032 04E0     		b	.L43
 294              	.L42:
 295 0034 20B9     		cbnz	r0, .L38
 296 0036 02FB0432 		mla	r2, r2, r4, r3
 297 003a 44F21401 		movw	r1, #16404
 298              	.L43:
 299 003e 5180     		strh	r1, [r2, #2]	@ movhi
 300              	.L38:
 301 0040 0622     		movs	r2, #6
 302 0042 5443     		muls	r4, r2, r4
 303 0044 4FF48041 		mov	r1, #16384
 304 0048 1A19     		adds	r2, r3, r4
 305 004a 1953     		strh	r1, [r3, r4]	@ movhi
 306 004c 1423     		movs	r3, #20
 307 004e 5D43     		muls	r5, r3, r5
 308 0050 FF23     		movs	r3, #255
 309 0052 B5FBF3F5 		udiv	r5, r5, r3
 310 0056 0D43     		orrs	r5, r5, r1
 311 0058 9580     		strh	r5, [r2, #4]	@ movhi
 312 005a 38BD     		pop	{r3, r4, r5, pc}
 313              	.L45:
 314              		.align	2
 315              	.L44:
 316 005c 00000000 		.word	.LC0
 317 0060 00000000 		.word	.LANCHOR0
 319              		.section	.text.led_on_gradual,"ax",%progbits
 320              		.align	1
 321              		.global	led_on_gradual
 322              		.thumb
 323              		.thumb_func
 325              	led_on_gradual:
 326              		@ args = 0, pretend = 0, frame = 0
 327              		@ frame_needed = 0, uses_anonymous_args = 0
 328              		@ link register save eliminated.
 329 0000 0021     		movs	r1, #0
 330 0002 FFF7FEBF 		b	led_adjust
 332              		.section	.text.led_off_gradual,"ax",%progbits
 333              		.align	1
 334              		.global	led_off_gradual
 335              		.thumb
 336              		.thumb_func
 338              	led_off_gradual:
 339              		@ args = 0, pretend = 0, frame = 0
 340              		@ frame_needed = 0, uses_anonymous_args = 0
 341              		@ link register save eliminated.
 342 0000 FF21     		movs	r1, #255
 343 0002 FFF7FEBF 		b	led_adjust
 345              		.section	.text.led_toggle_gradual,"ax",%progbits
 346              		.align	1
 347              		.global	led_toggle_gradual
 348              		.thumb
 349              		.thumb_func
 351              	led_toggle_gradual:
 352              		@ args = 0, pretend = 0, frame = 0
 353              		@ frame_needed = 0, uses_anonymous_args = 0
 354 0000 0328     		cmp	r0, #3
 355 0002 10B5     		push	{r4, lr}
 356 0004 0446     		mov	r4, r0
 357 0006 06D9     		bls	.L49
 358 0008 BDE81040 		pop	{r4, lr}
 359 000c 0848     		ldr	r0, .L54
 360 000e 40F2A511 		movw	r1, #421
 361 0012 FFF7FEBF 		b	assert_err
 362              	.L49:
 363 0016 FFF7FEFF 		bl	led_get_status
 364 001a 10F00101 		ands	r1, r0, #1
 365 001e 02D0     		beq	.L52
 366 0020 2046     		mov	r0, r4
 367 0022 FF21     		movs	r1, #255
 368 0024 00E0     		b	.L53
 369              	.L52:
 370 0026 2046     		mov	r0, r4
 371              	.L53:
 372 0028 BDE81040 		pop	{r4, lr}
 373 002c FFF7FEBF 		b	led_adjust
 374              	.L55:
 375              		.align	2
 376              	.L54:
 377 0030 00000000 		.word	.LC0
 379              		.section	.text.led_flash,"ax",%progbits
 380              		.align	1
 381              		.global	led_flash
 382              		.thumb
 383              		.thumb_func
 385              	led_flash:
 386              		@ args = 0, pretend = 0, frame = 0
 387              		@ frame_needed = 0, uses_anonymous_args = 0
 388 0000 0328     		cmp	r0, #3
 389 0002 70B5     		push	{r4, r5, r6, lr}
 390 0004 06D9     		bls	.L57
 391 0006 BDE87040 		pop	{r4, r5, r6, lr}
 392 000a 1248     		ldr	r0, .L66
 393 000c 40F2BB11 		movw	r1, #443
 394 0010 FFF7FEBF 		b	assert_err
 395              	.L57:
 396 0014 0129     		cmp	r1, #1
 397 0016 05D9     		bls	.L65
 398 0018 47F23053 		movw	r3, #30000
 399 001c 9942     		cmp	r1, r3
 400 001e 28BF     		it	cs
 401 0020 1946     		movcs	r1, r3
 402 0022 00E0     		b	.L58
 403              	.L65:
 404 0024 0221     		movs	r1, #2
 405              	.L58:
 406 0026 0624     		movs	r4, #6
 407 0028 4443     		muls	r4, r0, r4
 408 002a 0B4D     		ldr	r5, .L66+4
 409 002c 4FF40046 		mov	r6, #32768
 410 0030 C1F34E01 		ubfx	r1, r1, #1, #15
 411 0034 5200     		lsls	r2, r2, #1
 412 0036 2B19     		adds	r3, r5, r4
 413 0038 3243     		orrs	r2, r2, r6
 414 003a 3143     		orrs	r1, r1, r6
 415 003c 2E53     		strh	r6, [r5, r4]	@ movhi
 416 003e 5980     		strh	r1, [r3, #2]	@ movhi
 417 0040 9A80     		strh	r2, [r3, #4]	@ movhi
 418 0042 0C22     		movs	r2, #12
 419 0044 5043     		muls	r0, r2, r0
 420 0046 054B     		ldr	r3, .L66+8
 421 0048 1A18     		adds	r2, r3, r0
 422 004a 1289     		ldrh	r2, [r2, #8]
 423 004c 1B58     		ldr	r3, [r3, r0]
 424 004e 1A61     		str	r2, [r3, #16]
 425 0050 70BD     		pop	{r4, r5, r6, pc}
 426              	.L67:
 427 0052 00BF     		.align	2
 428              	.L66:
 429 0054 00000000 		.word	.LC0
 430 0058 00000000 		.word	.LANCHOR0
 431 005c 00000000 		.word	.LANCHOR1
 433              		.section	.text.led_scan_1ms,"ax",%progbits
 434              		.align	1
 435              		.global	led_scan_1ms
 436              		.thumb
 437              		.thumb_func
 439              	led_scan_1ms:
 440              		@ args = 0, pretend = 0, frame = 0
 441              		@ frame_needed = 0, uses_anonymous_args = 0
 442 0000 444A     		ldr	r2, .L81
 443 0002 2DE9F047 		push	{r4, r5, r6, r7, r8, r9, r10, lr}
 444 0006 4449     		ldr	r1, .L81+4
 445 0008 0024     		movs	r4, #0
 446 000a 0627     		movs	r7, #6
 447 000c 9446     		mov	ip, r2
 448 000e 2546     		mov	r5, r4
 449 0010 44F2130A 		movw	r10, #16403
 450              	.L78:
 451 0014 07FB04F0 		mul	r0, r7, r4
 452 0018 1318     		adds	r3, r2, r0
 453 001a 9E88     		ldrh	r6, [r3, #4]
 454 001c 06F44046 		and	r6, r6, #49152
 455 0020 002E     		cmp	r6, #0
 456 0022 6FD0     		beq	.L70
 457 0024 B3F80480 		ldrh	r8, [r3, #4]
 458 0028 08F44048 		and	r8, r8, #49152
 459 002c B8F5804F 		cmp	r8, #16384
 460 0030 2FD1     		bne	.L71
 461 0032 165A     		ldrh	r6, [r2, r0]
 462 0034 B6B2     		uxth	r6, r6
 463 0036 0136     		adds	r6, r6, #1
 464 0038 B6B2     		uxth	r6, r6
 465 003a 5645     		cmp	r6, r10
 466 003c 1652     		strh	r6, [r2, r0]	@ movhi
 467 003e 19D9     		bls	.L73
 468 0040 0E68     		ldr	r6, [r1]
 469 0042 B1F80890 		ldrh	r9, [r1, #8]
 470 0046 C6F81490 		str	r9, [r6, #20]
 471 004a 22F80080 		strh	r8, [r2, r0]	@ movhi
 472 004e 9888     		ldrh	r0, [r3, #4]
 473 0050 5E88     		ldrh	r6, [r3, #2]
 474 0052 80B2     		uxth	r0, r0
 475 0054 B6B2     		uxth	r6, r6
 476 0056 8642     		cmp	r6, r0
 477 0058 03D2     		bcs	.L74
 478 005a 5888     		ldrh	r0, [r3, #2]
 479 005c 80B2     		uxth	r0, r0
 480 005e 0130     		adds	r0, r0, #1
 481 0060 06E0     		b	.L80
 482              	.L74:
 483 0062 5E88     		ldrh	r6, [r3, #2]
 484 0064 B6B2     		uxth	r6, r6
 485 0066 8642     		cmp	r6, r0
 486 0068 04D9     		bls	.L73
 487 006a 5888     		ldrh	r0, [r3, #2]
 488 006c 80B2     		uxth	r0, r0
 489 006e 0138     		subs	r0, r0, #1
 490              	.L80:
 491 0070 80B2     		uxth	r0, r0
 492 0072 5880     		strh	r0, [r3, #2]	@ movhi
 493              	.L73:
 494 0074 07FB04F3 		mul	r3, r7, r4
 495 0078 0CEB0300 		add	r0, ip, r3
 496 007c 4088     		ldrh	r0, [r0, #2]
 497 007e 3CF80330 		ldrh	r3, [ip, r3]
 498 0082 80B2     		uxth	r0, r0
 499 0084 9BB2     		uxth	r3, r3
 500 0086 8342     		cmp	r3, r0
 501 0088 3CD1     		bne	.L70
 502 008a 0B68     		ldr	r3, [r1]
 503 008c 0889     		ldrh	r0, [r1, #8]
 504 008e 1861     		str	r0, [r3, #16]
 505 0090 38E0     		b	.L70
 506              	.L71:
 507 0092 9E88     		ldrh	r6, [r3, #4]
 508 0094 06F44046 		and	r6, r6, #49152
 509 0098 B6F5004F 		cmp	r6, #32768
 510 009c 32D1     		bne	.L70
 511 009e B3F80290 		ldrh	r9, [r3, #2]
 512 00a2 32F80080 		ldrh	r8, [r2, r0]
 513 00a6 1FFA89F9 		uxth	r9, r9
 514 00aa 1FFA88F8 		uxth	r8, r8
 515 00ae 08F10108 		add	r8, r8, #1
 516 00b2 1FFA88F8 		uxth	r8, r8
 517 00b6 C845     		cmp	r8, r9
 518 00b8 22F80080 		strh	r8, [r2, r0]	@ movhi
 519 00bc 22D3     		bcc	.L70
 520 00be 1652     		strh	r6, [r2, r0]	@ movhi
 521 00c0 0E68     		ldr	r6, [r1]
 522 00c2 B1F80880 		ldrh	r8, [r1, #8]
 523 00c6 D6F80C90 		ldr	r9, [r6, #12]
 524 00ca 88EA0909 		eor	r9, r8, r9
 525 00ce C6F80C90 		str	r9, [r6, #12]
 526 00d2 B3F80490 		ldrh	r9, [r3, #4]
 527 00d6 1FFA89F9 		uxth	r9, r9
 528 00da B9F5004F 		cmp	r9, #32768
 529 00de 11D9     		bls	.L70
 530 00e0 B3F80490 		ldrh	r9, [r3, #4]
 531 00e4 1FFA89F9 		uxth	r9, r9
 532 00e8 09F1FF39 		add	r9, r9, #-1
 533 00ec 1FFA89F9 		uxth	r9, r9
 534 00f0 B9F5004F 		cmp	r9, #32768
 535 00f4 A3F80490 		strh	r9, [r3, #4]	@ movhi
 536 00f8 04D8     		bhi	.L70
 537 00fa 1552     		strh	r5, [r2, r0]	@ movhi
 538 00fc 5D80     		strh	r5, [r3, #2]	@ movhi
 539 00fe 9D80     		strh	r5, [r3, #4]	@ movhi
 540 0100 C6F81480 		str	r8, [r6, #20]
 541              	.L70:
 542 0104 0134     		adds	r4, r4, #1
 543 0106 042C     		cmp	r4, #4
 544 0108 01F10C01 		add	r1, r1, #12
 545 010c 82D1     		bne	.L78
 546 010e BDE8F087 		pop	{r4, r5, r6, r7, r8, r9, r10, pc}
 547              	.L82:
 548 0112 00BF     		.align	2
 549              	.L81:
 550 0114 00000000 		.word	.LANCHOR0
 551 0118 00000000 		.word	.LANCHOR1
 553              		.section	.bss.led_para,"aw",%nobits
 554              		.align	1
 555              		.set	.LANCHOR0,. + 0
 558              	led_para:
 559 0000 00000000 		.space	24
 559      00000000 
 559      00000000 
 559      00000000 
 559      00000000 
 560              		.section	.rodata.str1.1,"aMS",%progbits,1
 561              	.LC0:
 562 0000 443A2F55 		.ascii	"D:/Users/draapho/Desktop/stm32_ezos_v231/drivers/dr"
 562      73657273 
 562      2F647261 
 562      6170686F 
 562      2F446573 
 563 0033 765F6C65 		.ascii	"v_led.c\000"
 563      642E6300 
 564              		.section	.rodata.led_hw,"a",%progbits
 565              		.align	2
 566              		.set	.LANCHOR1,. + 0
 569              	led_hw:
 570 0000 00140140 		.word	1073812480
 571 0004 20000000 		.word	32
 572 0008 0400     		.short	4
 573 000a 0000     		.space	2
 574 000c 00140140 		.word	1073812480
 575 0010 20000000 		.word	32
 576 0014 0800     		.short	8
 577 0016 0000     		.space	2
 578 0018 00140140 		.word	1073812480
 579 001c 20000000 		.word	32
 580 0020 1000     		.short	16
 581 0022 0000     		.space	2
 582 0024 00140140 		.word	1073812480
 583 0028 20000000 		.word	32
 584 002c 8000     		.short	128
 585 002e 0000     		.space	2
 586              		.ident	"GCC: (Sourcery CodeBench Lite 2013.11-24) 4.8.1"
DEFINED SYMBOLS
                            *ABS*:00000000 drv_led.c
D:\Users\draapho\AppData\Local\Temp\ccq5aYOW.s:16     .text.led_on:00000000 $t
D:\Users\draapho\AppData\Local\Temp\ccq5aYOW.s:21     .text.led_on:00000000 led_on
D:\Users\draapho\AppData\Local\Temp\ccq5aYOW.s:51     .text.led_on:00000034 $d
D:\Users\draapho\AppData\Local\Temp\ccq5aYOW.s:56     .text.led_off:00000000 $t
D:\Users\draapho\AppData\Local\Temp\ccq5aYOW.s:61     .text.led_off:00000000 led_off
D:\Users\draapho\AppData\Local\Temp\ccq5aYOW.s:91     .text.led_off:00000034 $d
D:\Users\draapho\AppData\Local\Temp\ccq5aYOW.s:96     .text.led_init:00000000 $t
D:\Users\draapho\AppData\Local\Temp\ccq5aYOW.s:101    .text.led_init:00000000 led_init
D:\Users\draapho\AppData\Local\Temp\ccq5aYOW.s:138    .text.led_init:00000048 $d
D:\Users\draapho\AppData\Local\Temp\ccq5aYOW.s:142    .text.led_init_all:00000000 $t
D:\Users\draapho\AppData\Local\Temp\ccq5aYOW.s:147    .text.led_init_all:00000000 led_init_all
D:\Users\draapho\AppData\Local\Temp\ccq5aYOW.s:162    .text.led_toggle:00000000 $t
D:\Users\draapho\AppData\Local\Temp\ccq5aYOW.s:167    .text.led_toggle:00000000 led_toggle
D:\Users\draapho\AppData\Local\Temp\ccq5aYOW.s:199    .text.led_toggle:00000038 $d
D:\Users\draapho\AppData\Local\Temp\ccq5aYOW.s:204    .text.led_get_status:00000000 $t
D:\Users\draapho\AppData\Local\Temp\ccq5aYOW.s:209    .text.led_get_status:00000000 led_get_status
D:\Users\draapho\AppData\Local\Temp\ccq5aYOW.s:262    .text.led_get_status:0000006c $d
D:\Users\draapho\AppData\Local\Temp\ccq5aYOW.s:267    .text.led_adjust:00000000 $t
D:\Users\draapho\AppData\Local\Temp\ccq5aYOW.s:272    .text.led_adjust:00000000 led_adjust
D:\Users\draapho\AppData\Local\Temp\ccq5aYOW.s:316    .text.led_adjust:0000005c $d
D:\Users\draapho\AppData\Local\Temp\ccq5aYOW.s:320    .text.led_on_gradual:00000000 $t
D:\Users\draapho\AppData\Local\Temp\ccq5aYOW.s:325    .text.led_on_gradual:00000000 led_on_gradual
D:\Users\draapho\AppData\Local\Temp\ccq5aYOW.s:333    .text.led_off_gradual:00000000 $t
D:\Users\draapho\AppData\Local\Temp\ccq5aYOW.s:338    .text.led_off_gradual:00000000 led_off_gradual
D:\Users\draapho\AppData\Local\Temp\ccq5aYOW.s:346    .text.led_toggle_gradual:00000000 $t
D:\Users\draapho\AppData\Local\Temp\ccq5aYOW.s:351    .text.led_toggle_gradual:00000000 led_toggle_gradual
D:\Users\draapho\AppData\Local\Temp\ccq5aYOW.s:377    .text.led_toggle_gradual:00000030 $d
D:\Users\draapho\AppData\Local\Temp\ccq5aYOW.s:380    .text.led_flash:00000000 $t
D:\Users\draapho\AppData\Local\Temp\ccq5aYOW.s:385    .text.led_flash:00000000 led_flash
D:\Users\draapho\AppData\Local\Temp\ccq5aYOW.s:429    .text.led_flash:00000054 $d
D:\Users\draapho\AppData\Local\Temp\ccq5aYOW.s:434    .text.led_scan_1ms:00000000 $t
D:\Users\draapho\AppData\Local\Temp\ccq5aYOW.s:439    .text.led_scan_1ms:00000000 led_scan_1ms
D:\Users\draapho\AppData\Local\Temp\ccq5aYOW.s:550    .text.led_scan_1ms:00000114 $d
D:\Users\draapho\AppData\Local\Temp\ccq5aYOW.s:554    .bss.led_para:00000000 $d
D:\Users\draapho\AppData\Local\Temp\ccq5aYOW.s:558    .bss.led_para:00000000 led_para
D:\Users\draapho\AppData\Local\Temp\ccq5aYOW.s:565    .rodata.led_hw:00000000 $d
D:\Users\draapho\AppData\Local\Temp\ccq5aYOW.s:569    .rodata.led_hw:00000000 led_hw

UNDEFINED SYMBOLS
assert_err
RCC_APB2PeriphClockCmd
GPIO_Init
