   1              		.syntax unified
   2              		.cpu cortex-m3
   3              		.fpu softvfp
   4              		.eabi_attribute 20, 1
   5              		.eabi_attribute 21, 1
   6              		.eabi_attribute 23, 3
   7              		.eabi_attribute 24, 1
   8              		.eabi_attribute 25, 1
   9              		.eabi_attribute 26, 1
  10              		.eabi_attribute 30, 4
  11              		.eabi_attribute 34, 1
  12              		.eabi_attribute 18, 4
  13              		.thumb
  14              		.file	"drv_key.c"
  15              		.section	.text.key_init,"ax",%progbits
  16              		.align	1
  17              		.global	key_init
  18              		.thumb
  19              		.thumb_func
  21              	key_init:
  22              		@ args = 0, pretend = 0, frame = 8
  23              		@ frame_needed = 0, uses_anonymous_args = 0
  24 0000 07B5     		push	{r0, r1, r2, lr}
  25 0002 20B1     		cbz	r0, .L2
  26 0004 0B48     		ldr	r0, .L5
  27 0006 BA21     		movs	r1, #186
  28 0008 FFF7FEFF 		bl	assert_err
  29 000c 0FE0     		b	.L1
  30              	.L2:
  31 000e 1020     		movs	r0, #16
  32 0010 0121     		movs	r1, #1
  33 0012 FFF7FEFF 		bl	RCC_APB2PeriphClockCmd
  34 0016 4FF40053 		mov	r3, #8192
  35 001a ADF80430 		strh	r3, [sp, #4]	@ movhi
  36 001e 0423     		movs	r3, #4
  37 0020 0548     		ldr	r0, .L5+4
  38 0022 0DEB0301 		add	r1, sp, r3
  39 0026 8DF80730 		strb	r3, [sp, #7]
  40 002a FFF7FEFF 		bl	GPIO_Init
  41              	.L1:
  42 002e 03B0     		add	sp, sp, #12
  43              		@ sp needed
  44 0030 5DF804FB 		ldr	pc, [sp], #4
  45              	.L6:
  46              		.align	2
  47              	.L5:
  48 0034 00000000 		.word	.LC0
  49 0038 00100140 		.word	1073811456
  51              		.section	.text.key_init_all,"ax",%progbits
  52              		.align	1
  53              		.global	key_init_all
  54              		.thumb
  55              		.thumb_func
  57              	key_init_all:
  58              		@ args = 0, pretend = 0, frame = 0
  59              		@ frame_needed = 0, uses_anonymous_args = 0
  60              		@ link register save eliminated.
  61 0000 0020     		movs	r0, #0
  62 0002 FFF7FEBF 		b	key_init
  64              		.section	.text.key_scan_10ms,"ax",%progbits
  65              		.align	1
  66              		.global	key_scan_10ms
  67              		.thumb
  68              		.thumb_func
  70              	key_scan_10ms:
  71              		@ args = 0, pretend = 0, frame = 0
  72              		@ frame_needed = 0, uses_anonymous_args = 0
  73 0000 2E4B     		ldr	r3, .L25
  74 0002 0021     		movs	r1, #0
  75 0004 2E4A     		ldr	r2, .L25+4
  76 0006 10B5     		push	{r4, lr}
  77 0008 1980     		strh	r1, [r3]	@ movhi
  78 000a 9268     		ldr	r2, [r2, #8]
  79 000c 1888     		ldrh	r0, [r3]
  80 000e 82F40052 		eor	r2, r2, #8192
  81 0012 80B2     		uxth	r0, r0
  82 0014 C2F34032 		ubfx	r2, r2, #13, #1
  83 0018 0243     		orrs	r2, r2, r0
  84 001a 1A80     		strh	r2, [r3]	@ movhi
  85 001c 294A     		ldr	r2, .L25+8
  86 001e 1068     		ldr	r0, [r2]
  87 0020 0328     		cmp	r0, #3
  88 0022 4AD8     		bhi	.L8
  89 0024 DFE800F0 		tbb	[pc, r0]
  90              	.L11:
  91 0028 02       		.byte	(.L10-.L11)/2
  92 0029 0E       		.byte	(.L12-.L11)/2
  93 002a 20       		.byte	(.L13-.L11)/2
  94 002b 33       		.byte	(.L14-.L11)/2
  95              		.align	1
  96              	.L10:
  97 002c 1988     		ldrh	r1, [r3]
  98 002e 89B2     		uxth	r1, r1
  99 0030 09B1     		cbz	r1, .L15
 100 0032 0121     		movs	r1, #1
 101 0034 1160     		str	r1, [r2]
 102              	.L15:
 103 0036 0022     		movs	r2, #0
 104 0038 1A80     		strh	r2, [r3]	@ movhi
 105 003a 5A80     		strh	r2, [r3, #2]	@ movhi
 106 003c 9A80     		strh	r2, [r3, #4]	@ movhi
 107 003e DA80     		strh	r2, [r3, #6]	@ movhi
 108 0040 1A81     		strh	r2, [r3, #8]	@ movhi
 109 0042 10BD     		pop	{r4, pc}
 110              	.L12:
 111 0044 1B88     		ldrh	r3, [r3]
 112 0046 1D49     		ldr	r1, .L25
 113 0048 9BB2     		uxth	r3, r3
 114 004a 002B     		cmp	r3, #0
 115 004c 34D0     		beq	.L24
 116 004e 0B88     		ldrh	r3, [r1]
 117 0050 1D48     		ldr	r0, .L25+12
 118 0052 9BB2     		uxth	r3, r3
 119 0054 0360     		str	r3, [r0]
 120 0056 4888     		ldrh	r0, [r1, #2]
 121 0058 80B2     		uxth	r0, r0
 122 005a 0343     		orrs	r3, r3, r0
 123 005c 4B80     		strh	r3, [r1, #2]	@ movhi
 124 005e 1B4B     		ldr	r3, .L25+16
 125 0060 0021     		movs	r1, #0
 126 0062 1960     		str	r1, [r3]
 127 0064 0223     		movs	r3, #2
 128 0066 27E0     		b	.L24
 129              	.L13:
 130 0068 5980     		strh	r1, [r3, #2]	@ movhi
 131 006a 1B88     		ldrh	r3, [r3]
 132 006c 1348     		ldr	r0, .L25
 133 006e 9BB2     		uxth	r3, r3
 134 0070 FBB1     		cbz	r3, .L19
 135 0072 164B     		ldr	r3, .L25+16
 136 0074 1968     		ldr	r1, [r3]
 137 0076 0131     		adds	r1, r1, #1
 138 0078 8229     		cmp	r1, #130
 139 007a 1960     		str	r1, [r3]
 140 007c 1DD9     		bls	.L8
 141 007e 1249     		ldr	r1, .L25+12
 142 0080 0988     		ldrh	r1, [r1]
 143 0082 8180     		strh	r1, [r0, #4]	@ movhi
 144 0084 C180     		strh	r1, [r0, #6]	@ movhi
 145 0086 0021     		movs	r1, #0
 146 0088 1960     		str	r1, [r3]
 147 008a 0323     		movs	r3, #3
 148 008c 14E0     		b	.L24
 149              	.L14:
 150 008e 9980     		strh	r1, [r3, #4]	@ movhi
 151 0090 D980     		strh	r1, [r3, #6]	@ movhi
 152 0092 1B88     		ldrh	r3, [r3]
 153 0094 0948     		ldr	r0, .L25
 154 0096 9BB2     		uxth	r3, r3
 155 0098 5BB1     		cbz	r3, .L19
 156 009a 0C4B     		ldr	r3, .L25+16
 157 009c 1A68     		ldr	r2, [r3]
 158 009e 0132     		adds	r2, r2, #1
 159 00a0 142A     		cmp	r2, #20
 160 00a2 1A60     		str	r2, [r3]
 161 00a4 09D9     		bls	.L8
 162 00a6 084A     		ldr	r2, .L25+12
 163 00a8 1288     		ldrh	r2, [r2]
 164 00aa C280     		strh	r2, [r0, #6]	@ movhi
 165 00ac 0022     		movs	r2, #0
 166 00ae 1A60     		str	r2, [r3]
 167 00b0 10BD     		pop	{r4, pc}
 168              	.L19:
 169 00b2 0549     		ldr	r1, .L25+12
 170 00b4 0988     		ldrh	r1, [r1]
 171 00b6 0181     		strh	r1, [r0, #8]	@ movhi
 172              	.L24:
 173 00b8 1360     		str	r3, [r2]
 174              	.L8:
 175 00ba 10BD     		pop	{r4, pc}
 176              	.L26:
 177              		.align	2
 178              	.L25:
 179 00bc 00000000 		.word	.LANCHOR0
 180 00c0 00100140 		.word	1073811456
 181 00c4 00000000 		.word	.LANCHOR1
 182 00c8 00000000 		.word	.LANCHOR2
 183 00cc 00000000 		.word	.LANCHOR3
 185              		.global	key_status
 186              		.section	.bss.temp_time.6058,"aw",%nobits
 187              		.align	2
 188              		.set	.LANCHOR3,. + 0
 191              	temp_time.6058:
 192 0000 00000000 		.space	4
 193              		.section	.rodata.str1.1,"aMS",%progbits,1
 194              	.LC0:
 195 0000 443A2F55 		.ascii	"D:/Users/draapho/Desktop/stm32_ezos_v231/drivers/dr"
 195      73657273 
 195      2F647261 
 195      6170686F 
 195      2F446573 
 196 0033 765F6B65 		.ascii	"v_key.c\000"
 196      792E6300 
 197              		.section	.bss.key_status_old.6057,"aw",%nobits
 198              		.align	2
 199              		.set	.LANCHOR2,. + 0
 202              	key_status_old.6057:
 203 0000 00000000 		.space	4
 204              		.section	.bss.key_state.6056,"aw",%nobits
 205              		.align	2
 206              		.set	.LANCHOR1,. + 0
 209              	key_state.6056:
 210 0000 00000000 		.space	4
 211              		.section	.bss.key_status,"aw",%nobits
 212              		.align	1
 213              		.set	.LANCHOR0,. + 0
 216              	key_status:
 217 0000 00000000 		.space	10
 217      00000000 
 217      0000
 218              		.ident	"GCC: (Sourcery CodeBench Lite 2013.11-24) 4.8.1"
DEFINED SYMBOLS
                            *ABS*:00000000 drv_key.c
D:\Users\draapho\AppData\Local\Temp\ccKbzTkH.s:16     .text.key_init:00000000 $t
D:\Users\draapho\AppData\Local\Temp\ccKbzTkH.s:21     .text.key_init:00000000 key_init
D:\Users\draapho\AppData\Local\Temp\ccKbzTkH.s:48     .text.key_init:00000034 $d
D:\Users\draapho\AppData\Local\Temp\ccKbzTkH.s:52     .text.key_init_all:00000000 $t
D:\Users\draapho\AppData\Local\Temp\ccKbzTkH.s:57     .text.key_init_all:00000000 key_init_all
D:\Users\draapho\AppData\Local\Temp\ccKbzTkH.s:65     .text.key_scan_10ms:00000000 $t
D:\Users\draapho\AppData\Local\Temp\ccKbzTkH.s:70     .text.key_scan_10ms:00000000 key_scan_10ms
D:\Users\draapho\AppData\Local\Temp\ccKbzTkH.s:91     .text.key_scan_10ms:00000028 $d
D:\Users\draapho\AppData\Local\Temp\ccKbzTkH.s:95     .text.key_scan_10ms:0000002c $t
D:\Users\draapho\AppData\Local\Temp\ccKbzTkH.s:179    .text.key_scan_10ms:000000bc $d
D:\Users\draapho\AppData\Local\Temp\ccKbzTkH.s:216    .bss.key_status:00000000 key_status
D:\Users\draapho\AppData\Local\Temp\ccKbzTkH.s:187    .bss.temp_time.6058:00000000 $d
D:\Users\draapho\AppData\Local\Temp\ccKbzTkH.s:191    .bss.temp_time.6058:00000000 temp_time.6058
D:\Users\draapho\AppData\Local\Temp\ccKbzTkH.s:198    .bss.key_status_old.6057:00000000 $d
D:\Users\draapho\AppData\Local\Temp\ccKbzTkH.s:202    .bss.key_status_old.6057:00000000 key_status_old.6057
D:\Users\draapho\AppData\Local\Temp\ccKbzTkH.s:205    .bss.key_state.6056:00000000 $d
D:\Users\draapho\AppData\Local\Temp\ccKbzTkH.s:209    .bss.key_state.6056:00000000 key_state.6056
D:\Users\draapho\AppData\Local\Temp\ccKbzTkH.s:212    .bss.key_status:00000000 $d

UNDEFINED SYMBOLS
assert_err
RCC_APB2PeriphClockCmd
GPIO_Init
