   1              		.syntax unified
   2              		.cpu cortex-m3
   3              		.fpu softvfp
   4              		.eabi_attribute 20, 1
   5              		.eabi_attribute 21, 1
   6              		.eabi_attribute 23, 3
   7              		.eabi_attribute 24, 1
   8              		.eabi_attribute 25, 1
   9              		.eabi_attribute 26, 1
  10              		.eabi_attribute 30, 4
  11              		.eabi_attribute 34, 1
  12              		.eabi_attribute 18, 4
  13              		.thumb
  14              		.file	"drv_ctrlport.c"
  15              		.section	.text.ctrlport_on,"ax",%progbits
  16              		.align	1
  17              		.global	ctrlport_on
  18              		.thumb
  19              		.thumb_func
  21              	ctrlport_on:
  22              		@ args = 0, pretend = 0, frame = 0
  23              		@ frame_needed = 0, uses_anonymous_args = 0
  24              		@ link register save eliminated.
  25 0000 18B1     		cbz	r0, .L2
  26 0002 0448     		ldr	r0, .L5
  27 0004 DA21     		movs	r1, #218
  28 0006 FFF7FEBF 		b	assert_err
  29              	.L2:
  30 000a 034B     		ldr	r3, .L5+4
  31 000c 1022     		movs	r2, #16
  32 000e 5A61     		str	r2, [r3, #20]
  33 0010 7047     		bx	lr
  34              	.L6:
  35 0012 00BF     		.align	2
  36              	.L5:
  37 0014 00000000 		.word	.LC0
  38 0018 00100140 		.word	1073811456
  40              		.section	.text.ctrlport_off,"ax",%progbits
  41              		.align	1
  42              		.global	ctrlport_off
  43              		.thumb
  44              		.thumb_func
  46              	ctrlport_off:
  47              		@ args = 0, pretend = 0, frame = 0
  48              		@ frame_needed = 0, uses_anonymous_args = 0
  49              		@ link register save eliminated.
  50 0000 18B1     		cbz	r0, .L8
  51 0002 0448     		ldr	r0, .L10
  52 0004 ED21     		movs	r1, #237
  53 0006 FFF7FEBF 		b	assert_err
  54              	.L8:
  55 000a 034B     		ldr	r3, .L10+4
  56 000c 1022     		movs	r2, #16
  57 000e 1A61     		str	r2, [r3, #16]
  58 0010 7047     		bx	lr
  59              	.L11:
  60 0012 00BF     		.align	2
  61              	.L10:
  62 0014 00000000 		.word	.LC0
  63 0018 00100140 		.word	1073811456
  65              		.section	.text.ctrlport_init,"ax",%progbits
  66              		.align	1
  67              		.global	ctrlport_init
  68              		.thumb
  69              		.thumb_func
  71              	ctrlport_init:
  72              		@ args = 0, pretend = 0, frame = 8
  73              		@ frame_needed = 0, uses_anonymous_args = 0
  74 0000 13B5     		push	{r0, r1, r4, lr}
  75 0002 0446     		mov	r4, r0
  76 0004 20B1     		cbz	r0, .L13
  77 0006 0D48     		ldr	r0, .L15
  78 0008 C921     		movs	r1, #201
  79 000a FFF7FEFF 		bl	assert_err
  80 000e 12E0     		b	.L12
  81              	.L13:
  82 0010 1020     		movs	r0, #16
  83 0012 0121     		movs	r1, #1
  84 0014 FFF7FEFF 		bl	RCC_APB2PeriphClockCmd
  85 0018 1023     		movs	r3, #16
  86 001a ADF80430 		strh	r3, [sp, #4]	@ movhi
  87 001e 8DF80730 		strb	r3, [sp, #7]
  88 0022 0748     		ldr	r0, .L15+4
  89 0024 0223     		movs	r3, #2
  90 0026 01A9     		add	r1, sp, #4
  91 0028 8DF80630 		strb	r3, [sp, #6]
  92 002c FFF7FEFF 		bl	GPIO_Init
  93 0030 2046     		mov	r0, r4
  94 0032 FFF7FEFF 		bl	ctrlport_off
  95              	.L12:
  96 0036 02B0     		add	sp, sp, #8
  97              		@ sp needed
  98 0038 10BD     		pop	{r4, pc}
  99              	.L16:
 100 003a 00BF     		.align	2
 101              	.L15:
 102 003c 00000000 		.word	.LC0
 103 0040 00100140 		.word	1073811456
 105              		.section	.text.ctrlport_init_all,"ax",%progbits
 106              		.align	1
 107              		.global	ctrlport_init_all
 108              		.thumb
 109              		.thumb_func
 111              	ctrlport_init_all:
 112              		@ args = 0, pretend = 0, frame = 0
 113              		@ frame_needed = 0, uses_anonymous_args = 0
 114              		@ link register save eliminated.
 115 0000 0020     		movs	r0, #0
 116 0002 FFF7FEBF 		b	ctrlport_init
 118              		.section	.text.ctrlport_toggle,"ax",%progbits
 119              		.align	1
 120              		.global	ctrlport_toggle
 121              		.thumb
 122              		.thumb_func
 124              	ctrlport_toggle:
 125              		@ args = 0, pretend = 0, frame = 0
 126              		@ frame_needed = 0, uses_anonymous_args = 0
 127              		@ link register save eliminated.
 128 0000 20B1     		cbz	r0, .L19
 129 0002 0548     		ldr	r0, .L21
 130 0004 4FF48071 		mov	r1, #256
 131 0008 FFF7FEBF 		b	assert_err
 132              	.L19:
 133 000c 034B     		ldr	r3, .L21+4
 134 000e DA68     		ldr	r2, [r3, #12]
 135 0010 82F01002 		eor	r2, r2, #16
 136 0014 DA60     		str	r2, [r3, #12]
 137 0016 7047     		bx	lr
 138              	.L22:
 139              		.align	2
 140              	.L21:
 141 0018 00000000 		.word	.LC0
 142 001c 00100140 		.word	1073811456
 144              		.section	.text.ctrlport_get_status,"ax",%progbits
 145              		.align	1
 146              		.global	ctrlport_get_status
 147              		.thumb
 148              		.thumb_func
 150              	ctrlport_get_status:
 151              		@ args = 0, pretend = 0, frame = 0
 152              		@ frame_needed = 0, uses_anonymous_args = 0
 153 0000 08B5     		push	{r3, lr}
 154 0002 30B1     		cbz	r0, .L24
 155 0004 0648     		ldr	r0, .L27
 156 0006 4FF48971 		mov	r1, #274
 157 000a FFF7FEFF 		bl	assert_err
 158 000e 0020     		movs	r0, #0
 159 0010 08BD     		pop	{r3, pc}
 160              	.L24:
 161 0012 044B     		ldr	r3, .L27+4
 162 0014 D868     		ldr	r0, [r3, #12]
 163 0016 80F01000 		eor	r0, r0, #16
 164 001a C0F30010 		ubfx	r0, r0, #4, #1
 165 001e 08BD     		pop	{r3, pc}
 166              	.L28:
 167              		.align	2
 168              	.L27:
 169 0020 00000000 		.word	.LC0
 170 0024 00100140 		.word	1073811456
 172              		.section	.rodata.str1.1,"aMS",%progbits,1
 173              	.LC0:
 174 0000 443A2F55 		.ascii	"D:/Users/draapho/Desktop/stm32_ezos_v231/drivers/dr"
 174      73657273 
 174      2F647261 
 174      6170686F 
 174      2F446573 
 175 0033 765F6374 		.ascii	"v_ctrlport.c\000"
 175      726C706F 
 175      72742E63 
 175      00
 176              		.ident	"GCC: (Sourcery CodeBench Lite 2013.11-24) 4.8.1"
DEFINED SYMBOLS
                            *ABS*:00000000 drv_ctrlport.c
D:\Users\draapho\AppData\Local\Temp\ccF9VQdE.s:16     .text.ctrlport_on:00000000 $t
D:\Users\draapho\AppData\Local\Temp\ccF9VQdE.s:21     .text.ctrlport_on:00000000 ctrlport_on
D:\Users\draapho\AppData\Local\Temp\ccF9VQdE.s:37     .text.ctrlport_on:00000014 $d
D:\Users\draapho\AppData\Local\Temp\ccF9VQdE.s:41     .text.ctrlport_off:00000000 $t
D:\Users\draapho\AppData\Local\Temp\ccF9VQdE.s:46     .text.ctrlport_off:00000000 ctrlport_off
D:\Users\draapho\AppData\Local\Temp\ccF9VQdE.s:62     .text.ctrlport_off:00000014 $d
D:\Users\draapho\AppData\Local\Temp\ccF9VQdE.s:66     .text.ctrlport_init:00000000 $t
D:\Users\draapho\AppData\Local\Temp\ccF9VQdE.s:71     .text.ctrlport_init:00000000 ctrlport_init
D:\Users\draapho\AppData\Local\Temp\ccF9VQdE.s:102    .text.ctrlport_init:0000003c $d
D:\Users\draapho\AppData\Local\Temp\ccF9VQdE.s:106    .text.ctrlport_init_all:00000000 $t
D:\Users\draapho\AppData\Local\Temp\ccF9VQdE.s:111    .text.ctrlport_init_all:00000000 ctrlport_init_all
D:\Users\draapho\AppData\Local\Temp\ccF9VQdE.s:119    .text.ctrlport_toggle:00000000 $t
D:\Users\draapho\AppData\Local\Temp\ccF9VQdE.s:124    .text.ctrlport_toggle:00000000 ctrlport_toggle
D:\Users\draapho\AppData\Local\Temp\ccF9VQdE.s:141    .text.ctrlport_toggle:00000018 $d
D:\Users\draapho\AppData\Local\Temp\ccF9VQdE.s:145    .text.ctrlport_get_status:00000000 $t
D:\Users\draapho\AppData\Local\Temp\ccF9VQdE.s:150    .text.ctrlport_get_status:00000000 ctrlport_get_status
D:\Users\draapho\AppData\Local\Temp\ccF9VQdE.s:169    .text.ctrlport_get_status:00000020 $d

UNDEFINED SYMBOLS
assert_err
RCC_APB2PeriphClockCmd
GPIO_Init
