   1              		.syntax unified
   2              		.cpu cortex-m3
   3              		.fpu softvfp
   4              		.eabi_attribute 20, 1
   5              		.eabi_attribute 21, 1
   6              		.eabi_attribute 23, 3
   7              		.eabi_attribute 24, 1
   8              		.eabi_attribute 25, 1
   9              		.eabi_attribute 26, 1
  10              		.eabi_attribute 30, 4
  11              		.eabi_attribute 34, 1
  12              		.eabi_attribute 18, 4
  13              		.thumb
  14              		.file	"me.c"
  15              		.section	.text.me_encode,"ax",%progbits
  16              		.align	1
  17              		.global	me_encode
  18              		.thumb
  19              		.thumb_func
  21              	me_encode:
  22              		@ args = 0, pretend = 0, frame = 0
  23              		@ frame_needed = 0, uses_anonymous_args = 0
  24              		@ link register save eliminated.
  25 0000 014B     		ldr	r3, .L2
  26 0002 33F81000 		ldrh	r0, [r3, r0, lsl #1]
  27 0006 7047     		bx	lr
  28              	.L3:
  29              		.align	2
  30              	.L2:
  31 0008 00000000 		.word	.LANCHOR0
  33              		.section	.text.me_decode16,"ax",%progbits
  34              		.align	1
  35              		.global	me_decode16
  36              		.thumb
  37              		.thumb_func
  39              	me_decode16:
  40              		@ args = 0, pretend = 0, frame = 0
  41              		@ frame_needed = 0, uses_anonymous_args = 0
  42              		@ link register save eliminated.
  43 0000 044B     		ldr	r3, .L5
  44 0002 020A     		lsrs	r2, r0, #8
  45 0004 C0B2     		uxtb	r0, r0
  46 0006 9A5C     		ldrb	r2, [r3, r2]	@ zero_extendqisi2
  47 0008 1B5C     		ldrb	r3, [r3, r0]	@ zero_extendqisi2
  48 000a 43EA0210 		orr	r0, r3, r2, lsl #4
  49 000e C0B2     		uxtb	r0, r0
  50 0010 7047     		bx	lr
  51              	.L6:
  52 0012 00BF     		.align	2
  53              	.L5:
  54 0014 00000000 		.word	.LANCHOR1
  56              		.section	.text.me_decode8,"ax",%progbits
  57              		.align	1
  58              		.global	me_decode8
  59              		.thumb
  60              		.thumb_func
  62              	me_decode8:
  63              		@ args = 0, pretend = 0, frame = 0
  64              		@ frame_needed = 0, uses_anonymous_args = 0
  65              		@ link register save eliminated.
  66 0000 014B     		ldr	r3, .L8
  67 0002 185C     		ldrb	r0, [r3, r0]	@ zero_extendqisi2
  68 0004 7047     		bx	lr
  69              	.L9:
  70 0006 00BF     		.align	2
  71              	.L8:
  72 0008 00000000 		.word	.LANCHOR1
  74              		.section	.text.me_valid,"ax",%progbits
  75              		.align	1
  76              		.global	me_valid
  77              		.thumb
  78              		.thumb_func
  80              	me_valid:
  81              		@ args = 0, pretend = 0, frame = 0
  82              		@ frame_needed = 0, uses_anonymous_args = 0
  83              		@ link register save eliminated.
  84 0000 014B     		ldr	r3, .L11
  85 0002 185C     		ldrb	r0, [r3, r0]	@ zero_extendqisi2
  86 0004 7047     		bx	lr
  87              	.L12:
  88 0006 00BF     		.align	2
  89              	.L11:
  90 0008 00000000 		.word	.LANCHOR2
  92              		.global	me_valid_tab
  93              		.global	me_decode_tab
  94              		.global	me_encode_tab
  95              		.section	.rodata.me_decode_tab,"a",%progbits
  96              		.set	.LANCHOR1,. + 0
  99              	me_decode_tab:
 100 0000 00       		.byte	0
 101 0001 00       		.byte	0
 102 0002 01       		.byte	1
 103 0003 01       		.byte	1
 104 0004 00       		.byte	0
 105 0005 00       		.byte	0
 106 0006 01       		.byte	1
 107 0007 01       		.byte	1
 108 0008 02       		.byte	2
 109 0009 02       		.byte	2
 110 000a 03       		.byte	3
 111 000b 03       		.byte	3
 112 000c 02       		.byte	2
 113 000d 02       		.byte	2
 114 000e 03       		.byte	3
 115 000f 03       		.byte	3
 116 0010 00       		.byte	0
 117 0011 00       		.byte	0
 118 0012 01       		.byte	1
 119 0013 01       		.byte	1
 120 0014 00       		.byte	0
 121 0015 00       		.byte	0
 122 0016 01       		.byte	1
 123 0017 01       		.byte	1
 124 0018 02       		.byte	2
 125 0019 02       		.byte	2
 126 001a 03       		.byte	3
 127 001b 03       		.byte	3
 128 001c 02       		.byte	2
 129 001d 02       		.byte	2
 130 001e 03       		.byte	3
 131 001f 03       		.byte	3
 132 0020 04       		.byte	4
 133 0021 04       		.byte	4
 134 0022 05       		.byte	5
 135 0023 05       		.byte	5
 136 0024 04       		.byte	4
 137 0025 04       		.byte	4
 138 0026 05       		.byte	5
 139 0027 05       		.byte	5
 140 0028 06       		.byte	6
 141 0029 06       		.byte	6
 142 002a 07       		.byte	7
 143 002b 07       		.byte	7
 144 002c 06       		.byte	6
 145 002d 06       		.byte	6
 146 002e 07       		.byte	7
 147 002f 07       		.byte	7
 148 0030 04       		.byte	4
 149 0031 04       		.byte	4
 150 0032 05       		.byte	5
 151 0033 05       		.byte	5
 152 0034 04       		.byte	4
 153 0035 04       		.byte	4
 154 0036 05       		.byte	5
 155 0037 05       		.byte	5
 156 0038 06       		.byte	6
 157 0039 06       		.byte	6
 158 003a 07       		.byte	7
 159 003b 07       		.byte	7
 160 003c 06       		.byte	6
 161 003d 06       		.byte	6
 162 003e 07       		.byte	7
 163 003f 07       		.byte	7
 164 0040 00       		.byte	0
 165 0041 00       		.byte	0
 166 0042 01       		.byte	1
 167 0043 01       		.byte	1
 168 0044 00       		.byte	0
 169 0045 00       		.byte	0
 170 0046 01       		.byte	1
 171 0047 01       		.byte	1
 172 0048 02       		.byte	2
 173 0049 02       		.byte	2
 174 004a 03       		.byte	3
 175 004b 03       		.byte	3
 176 004c 02       		.byte	2
 177 004d 02       		.byte	2
 178 004e 03       		.byte	3
 179 004f 03       		.byte	3
 180 0050 00       		.byte	0
 181 0051 00       		.byte	0
 182 0052 01       		.byte	1
 183 0053 01       		.byte	1
 184 0054 00       		.byte	0
 185 0055 00       		.byte	0
 186 0056 01       		.byte	1
 187 0057 01       		.byte	1
 188 0058 02       		.byte	2
 189 0059 02       		.byte	2
 190 005a 03       		.byte	3
 191 005b 03       		.byte	3
 192 005c 02       		.byte	2
 193 005d 02       		.byte	2
 194 005e 03       		.byte	3
 195 005f 03       		.byte	3
 196 0060 04       		.byte	4
 197 0061 04       		.byte	4
 198 0062 05       		.byte	5
 199 0063 05       		.byte	5
 200 0064 04       		.byte	4
 201 0065 04       		.byte	4
 202 0066 05       		.byte	5
 203 0067 05       		.byte	5
 204 0068 06       		.byte	6
 205 0069 06       		.byte	6
 206 006a 07       		.byte	7
 207 006b 07       		.byte	7
 208 006c 06       		.byte	6
 209 006d 06       		.byte	6
 210 006e 07       		.byte	7
 211 006f 07       		.byte	7
 212 0070 04       		.byte	4
 213 0071 04       		.byte	4
 214 0072 05       		.byte	5
 215 0073 05       		.byte	5
 216 0074 04       		.byte	4
 217 0075 04       		.byte	4
 218 0076 05       		.byte	5
 219 0077 05       		.byte	5
 220 0078 06       		.byte	6
 221 0079 06       		.byte	6
 222 007a 07       		.byte	7
 223 007b 07       		.byte	7
 224 007c 06       		.byte	6
 225 007d 06       		.byte	6
 226 007e 07       		.byte	7
 227 007f 07       		.byte	7
 228 0080 08       		.byte	8
 229 0081 08       		.byte	8
 230 0082 09       		.byte	9
 231 0083 09       		.byte	9
 232 0084 08       		.byte	8
 233 0085 08       		.byte	8
 234 0086 09       		.byte	9
 235 0087 09       		.byte	9
 236 0088 0A       		.byte	10
 237 0089 0A       		.byte	10
 238 008a 0B       		.byte	11
 239 008b 0B       		.byte	11
 240 008c 0A       		.byte	10
 241 008d 0A       		.byte	10
 242 008e 0B       		.byte	11
 243 008f 0B       		.byte	11
 244 0090 08       		.byte	8
 245 0091 08       		.byte	8
 246 0092 09       		.byte	9
 247 0093 09       		.byte	9
 248 0094 08       		.byte	8
 249 0095 08       		.byte	8
 250 0096 09       		.byte	9
 251 0097 09       		.byte	9
 252 0098 0A       		.byte	10
 253 0099 0A       		.byte	10
 254 009a 0B       		.byte	11
 255 009b 0B       		.byte	11
 256 009c 0A       		.byte	10
 257 009d 0A       		.byte	10
 258 009e 0B       		.byte	11
 259 009f 0B       		.byte	11
 260 00a0 0C       		.byte	12
 261 00a1 0C       		.byte	12
 262 00a2 0D       		.byte	13
 263 00a3 0D       		.byte	13
 264 00a4 0C       		.byte	12
 265 00a5 0C       		.byte	12
 266 00a6 0D       		.byte	13
 267 00a7 0D       		.byte	13
 268 00a8 0E       		.byte	14
 269 00a9 0E       		.byte	14
 270 00aa 0F       		.byte	15
 271 00ab 0F       		.byte	15
 272 00ac 0E       		.byte	14
 273 00ad 0E       		.byte	14
 274 00ae 0F       		.byte	15
 275 00af 0F       		.byte	15
 276 00b0 0C       		.byte	12
 277 00b1 0C       		.byte	12
 278 00b2 0D       		.byte	13
 279 00b3 0D       		.byte	13
 280 00b4 0C       		.byte	12
 281 00b5 0C       		.byte	12
 282 00b6 0D       		.byte	13
 283 00b7 0D       		.byte	13
 284 00b8 0E       		.byte	14
 285 00b9 0E       		.byte	14
 286 00ba 0F       		.byte	15
 287 00bb 0F       		.byte	15
 288 00bc 0E       		.byte	14
 289 00bd 0E       		.byte	14
 290 00be 0F       		.byte	15
 291 00bf 0F       		.byte	15
 292 00c0 08       		.byte	8
 293 00c1 08       		.byte	8
 294 00c2 09       		.byte	9
 295 00c3 09       		.byte	9
 296 00c4 08       		.byte	8
 297 00c5 08       		.byte	8
 298 00c6 09       		.byte	9
 299 00c7 09       		.byte	9
 300 00c8 0A       		.byte	10
 301 00c9 0A       		.byte	10
 302 00ca 0B       		.byte	11
 303 00cb 0B       		.byte	11
 304 00cc 0A       		.byte	10
 305 00cd 0A       		.byte	10
 306 00ce 0B       		.byte	11
 307 00cf 0B       		.byte	11
 308 00d0 08       		.byte	8
 309 00d1 08       		.byte	8
 310 00d2 09       		.byte	9
 311 00d3 09       		.byte	9
 312 00d4 08       		.byte	8
 313 00d5 08       		.byte	8
 314 00d6 09       		.byte	9
 315 00d7 09       		.byte	9
 316 00d8 0A       		.byte	10
 317 00d9 0A       		.byte	10
 318 00da 0B       		.byte	11
 319 00db 0B       		.byte	11
 320 00dc 0A       		.byte	10
 321 00dd 0A       		.byte	10
 322 00de 0B       		.byte	11
 323 00df 0B       		.byte	11
 324 00e0 0C       		.byte	12
 325 00e1 0C       		.byte	12
 326 00e2 0D       		.byte	13
 327 00e3 0D       		.byte	13
 328 00e4 0C       		.byte	12
 329 00e5 0C       		.byte	12
 330 00e6 0D       		.byte	13
 331 00e7 0D       		.byte	13
 332 00e8 0E       		.byte	14
 333 00e9 0E       		.byte	14
 334 00ea 0F       		.byte	15
 335 00eb 0F       		.byte	15
 336 00ec 0E       		.byte	14
 337 00ed 0E       		.byte	14
 338 00ee 0F       		.byte	15
 339 00ef 0F       		.byte	15
 340 00f0 0C       		.byte	12
 341 00f1 0C       		.byte	12
 342 00f2 0D       		.byte	13
 343 00f3 0D       		.byte	13
 344 00f4 0C       		.byte	12
 345 00f5 0C       		.byte	12
 346 00f6 0D       		.byte	13
 347 00f7 0D       		.byte	13
 348 00f8 0E       		.byte	14
 349 00f9 0E       		.byte	14
 350 00fa 0F       		.byte	15
 351 00fb 0F       		.byte	15
 352 00fc 0E       		.byte	14
 353 00fd 0E       		.byte	14
 354 00fe 0F       		.byte	15
 355 00ff 0F       		.byte	15
 356              		.section	.rodata.me_valid_tab,"a",%progbits
 357              		.set	.LANCHOR2,. + 0
 360              	me_valid_tab:
 361 0000 00       		.byte	0
 362 0001 00       		.byte	0
 363 0002 00       		.byte	0
 364 0003 00       		.byte	0
 365 0004 00       		.byte	0
 366 0005 00       		.byte	0
 367 0006 00       		.byte	0
 368 0007 00       		.byte	0
 369 0008 00       		.byte	0
 370 0009 00       		.byte	0
 371 000a 00       		.byte	0
 372 000b 00       		.byte	0
 373 000c 00       		.byte	0
 374 000d 00       		.byte	0
 375 000e 00       		.byte	0
 376 000f 00       		.byte	0
 377 0010 00       		.byte	0
 378 0011 00       		.byte	0
 379 0012 00       		.byte	0
 380 0013 00       		.byte	0
 381 0014 00       		.byte	0
 382 0015 00       		.byte	0
 383 0016 00       		.byte	0
 384 0017 00       		.byte	0
 385 0018 00       		.byte	0
 386 0019 00       		.byte	0
 387 001a 00       		.byte	0
 388 001b 00       		.byte	0
 389 001c 00       		.byte	0
 390 001d 00       		.byte	0
 391 001e 00       		.byte	0
 392 001f 00       		.byte	0
 393 0020 00       		.byte	0
 394 0021 00       		.byte	0
 395 0022 00       		.byte	0
 396 0023 00       		.byte	0
 397 0024 00       		.byte	0
 398 0025 00       		.byte	0
 399 0026 00       		.byte	0
 400 0027 00       		.byte	0
 401 0028 00       		.byte	0
 402 0029 00       		.byte	0
 403 002a 00       		.byte	0
 404 002b 00       		.byte	0
 405 002c 00       		.byte	0
 406 002d 00       		.byte	0
 407 002e 00       		.byte	0
 408 002f 00       		.byte	0
 409 0030 00       		.byte	0
 410 0031 00       		.byte	0
 411 0032 00       		.byte	0
 412 0033 00       		.byte	0
 413 0034 00       		.byte	0
 414 0035 00       		.byte	0
 415 0036 00       		.byte	0
 416 0037 00       		.byte	0
 417 0038 00       		.byte	0
 418 0039 00       		.byte	0
 419 003a 00       		.byte	0
 420 003b 00       		.byte	0
 421 003c 00       		.byte	0
 422 003d 00       		.byte	0
 423 003e 00       		.byte	0
 424 003f 00       		.byte	0
 425 0040 00       		.byte	0
 426 0041 00       		.byte	0
 427 0042 00       		.byte	0
 428 0043 00       		.byte	0
 429 0044 00       		.byte	0
 430 0045 00       		.byte	0
 431 0046 00       		.byte	0
 432 0047 00       		.byte	0
 433 0048 00       		.byte	0
 434 0049 00       		.byte	0
 435 004a 00       		.byte	0
 436 004b 00       		.byte	0
 437 004c 00       		.byte	0
 438 004d 00       		.byte	0
 439 004e 00       		.byte	0
 440 004f 00       		.byte	0
 441 0050 00       		.byte	0
 442 0051 00       		.byte	0
 443 0052 00       		.byte	0
 444 0053 00       		.byte	0
 445 0054 00       		.byte	0
 446 0055 01       		.byte	1
 447 0056 01       		.byte	1
 448 0057 00       		.byte	0
 449 0058 00       		.byte	0
 450 0059 01       		.byte	1
 451 005a 01       		.byte	1
 452 005b 00       		.byte	0
 453 005c 00       		.byte	0
 454 005d 00       		.byte	0
 455 005e 00       		.byte	0
 456 005f 00       		.byte	0
 457 0060 00       		.byte	0
 458 0061 00       		.byte	0
 459 0062 00       		.byte	0
 460 0063 00       		.byte	0
 461 0064 00       		.byte	0
 462 0065 01       		.byte	1
 463 0066 01       		.byte	1
 464 0067 00       		.byte	0
 465 0068 00       		.byte	0
 466 0069 01       		.byte	1
 467 006a 01       		.byte	1
 468 006b 00       		.byte	0
 469 006c 00       		.byte	0
 470 006d 00       		.byte	0
 471 006e 00       		.byte	0
 472 006f 00       		.byte	0
 473 0070 00       		.byte	0
 474 0071 00       		.byte	0
 475 0072 00       		.byte	0
 476 0073 00       		.byte	0
 477 0074 00       		.byte	0
 478 0075 00       		.byte	0
 479 0076 00       		.byte	0
 480 0077 00       		.byte	0
 481 0078 00       		.byte	0
 482 0079 00       		.byte	0
 483 007a 00       		.byte	0
 484 007b 00       		.byte	0
 485 007c 00       		.byte	0
 486 007d 00       		.byte	0
 487 007e 00       		.byte	0
 488 007f 00       		.byte	0
 489 0080 00       		.byte	0
 490 0081 00       		.byte	0
 491 0082 00       		.byte	0
 492 0083 00       		.byte	0
 493 0084 00       		.byte	0
 494 0085 00       		.byte	0
 495 0086 00       		.byte	0
 496 0087 00       		.byte	0
 497 0088 00       		.byte	0
 498 0089 00       		.byte	0
 499 008a 00       		.byte	0
 500 008b 00       		.byte	0
 501 008c 00       		.byte	0
 502 008d 00       		.byte	0
 503 008e 00       		.byte	0
 504 008f 00       		.byte	0
 505 0090 00       		.byte	0
 506 0091 00       		.byte	0
 507 0092 00       		.byte	0
 508 0093 00       		.byte	0
 509 0094 00       		.byte	0
 510 0095 01       		.byte	1
 511 0096 01       		.byte	1
 512 0097 00       		.byte	0
 513 0098 00       		.byte	0
 514 0099 01       		.byte	1
 515 009a 01       		.byte	1
 516 009b 00       		.byte	0
 517 009c 00       		.byte	0
 518 009d 00       		.byte	0
 519 009e 00       		.byte	0
 520 009f 00       		.byte	0
 521 00a0 00       		.byte	0
 522 00a1 00       		.byte	0
 523 00a2 00       		.byte	0
 524 00a3 00       		.byte	0
 525 00a4 00       		.byte	0
 526 00a5 01       		.byte	1
 527 00a6 01       		.byte	1
 528 00a7 00       		.byte	0
 529 00a8 00       		.byte	0
 530 00a9 01       		.byte	1
 531 00aa 01       		.byte	1
 532 00ab 00       		.byte	0
 533 00ac 00       		.byte	0
 534 00ad 00       		.byte	0
 535 00ae 00       		.byte	0
 536 00af 00       		.byte	0
 537 00b0 00       		.byte	0
 538 00b1 00       		.byte	0
 539 00b2 00       		.byte	0
 540 00b3 00       		.byte	0
 541 00b4 00       		.byte	0
 542 00b5 00       		.byte	0
 543 00b6 00       		.byte	0
 544 00b7 00       		.byte	0
 545 00b8 00       		.byte	0
 546 00b9 00       		.byte	0
 547 00ba 00       		.byte	0
 548 00bb 00       		.byte	0
 549 00bc 00       		.byte	0
 550 00bd 00       		.byte	0
 551 00be 00       		.byte	0
 552 00bf 00       		.byte	0
 553 00c0 00       		.byte	0
 554 00c1 00       		.byte	0
 555 00c2 00       		.byte	0
 556 00c3 00       		.byte	0
 557 00c4 00       		.byte	0
 558 00c5 00       		.byte	0
 559 00c6 00       		.byte	0
 560 00c7 00       		.byte	0
 561 00c8 00       		.byte	0
 562 00c9 00       		.byte	0
 563 00ca 00       		.byte	0
 564 00cb 00       		.byte	0
 565 00cc 00       		.byte	0
 566 00cd 00       		.byte	0
 567 00ce 00       		.byte	0
 568 00cf 00       		.byte	0
 569 00d0 00       		.byte	0
 570 00d1 00       		.byte	0
 571 00d2 00       		.byte	0
 572 00d3 00       		.byte	0
 573 00d4 00       		.byte	0
 574 00d5 00       		.byte	0
 575 00d6 00       		.byte	0
 576 00d7 00       		.byte	0
 577 00d8 00       		.byte	0
 578 00d9 00       		.byte	0
 579 00da 00       		.byte	0
 580 00db 00       		.byte	0
 581 00dc 00       		.byte	0
 582 00dd 00       		.byte	0
 583 00de 00       		.byte	0
 584 00df 00       		.byte	0
 585 00e0 00       		.byte	0
 586 00e1 00       		.byte	0
 587 00e2 00       		.byte	0
 588 00e3 00       		.byte	0
 589 00e4 00       		.byte	0
 590 00e5 00       		.byte	0
 591 00e6 00       		.byte	0
 592 00e7 00       		.byte	0
 593 00e8 00       		.byte	0
 594 00e9 00       		.byte	0
 595 00ea 00       		.byte	0
 596 00eb 00       		.byte	0
 597 00ec 00       		.byte	0
 598 00ed 00       		.byte	0
 599 00ee 00       		.byte	0
 600 00ef 00       		.byte	0
 601 00f0 00       		.byte	0
 602 00f1 00       		.byte	0
 603 00f2 00       		.byte	0
 604 00f3 00       		.byte	0
 605 00f4 00       		.byte	0
 606 00f5 00       		.byte	0
 607 00f6 00       		.byte	0
 608 00f7 00       		.byte	0
 609 00f8 00       		.byte	0
 610 00f9 00       		.byte	0
 611 00fa 00       		.byte	0
 612 00fb 00       		.byte	0
 613 00fc 00       		.byte	0
 614 00fd 00       		.byte	0
 615 00fe 00       		.byte	0
 616 00ff 00       		.byte	0
 617              		.section	.rodata.me_encode_tab,"a",%progbits
 618              		.align	1
 619              		.set	.LANCHOR0,. + 0
 622              	me_encode_tab:
 623 0000 5555     		.short	21845
 624 0002 5655     		.short	21846
 625 0004 5955     		.short	21849
 626 0006 5A55     		.short	21850
 627 0008 6555     		.short	21861
 628 000a 6655     		.short	21862
 629 000c 6955     		.short	21865
 630 000e 6A55     		.short	21866
 631 0010 9555     		.short	21909
 632 0012 9655     		.short	21910
 633 0014 9955     		.short	21913
 634 0016 9A55     		.short	21914
 635 0018 A555     		.short	21925
 636 001a A655     		.short	21926
 637 001c A955     		.short	21929
 638 001e AA55     		.short	21930
 639 0020 5556     		.short	22101
 640 0022 5656     		.short	22102
 641 0024 5956     		.short	22105
 642 0026 5A56     		.short	22106
 643 0028 6556     		.short	22117
 644 002a 6656     		.short	22118
 645 002c 6956     		.short	22121
 646 002e 6A56     		.short	22122
 647 0030 9556     		.short	22165
 648 0032 9656     		.short	22166
 649 0034 9956     		.short	22169
 650 0036 9A56     		.short	22170
 651 0038 A556     		.short	22181
 652 003a A656     		.short	22182
 653 003c A956     		.short	22185
 654 003e AA56     		.short	22186
 655 0040 5559     		.short	22869
 656 0042 5659     		.short	22870
 657 0044 5959     		.short	22873
 658 0046 5A59     		.short	22874
 659 0048 6559     		.short	22885
 660 004a 6659     		.short	22886
 661 004c 6959     		.short	22889
 662 004e 6A59     		.short	22890
 663 0050 9559     		.short	22933
 664 0052 9659     		.short	22934
 665 0054 9959     		.short	22937
 666 0056 9A59     		.short	22938
 667 0058 A559     		.short	22949
 668 005a A659     		.short	22950
 669 005c A959     		.short	22953
 670 005e AA59     		.short	22954
 671 0060 555A     		.short	23125
 672 0062 565A     		.short	23126
 673 0064 595A     		.short	23129
 674 0066 5A5A     		.short	23130
 675 0068 655A     		.short	23141
 676 006a 665A     		.short	23142
 677 006c 695A     		.short	23145
 678 006e 6A5A     		.short	23146
 679 0070 955A     		.short	23189
 680 0072 965A     		.short	23190
 681 0074 995A     		.short	23193
 682 0076 9A5A     		.short	23194
 683 0078 A55A     		.short	23205
 684 007a A65A     		.short	23206
 685 007c A95A     		.short	23209
 686 007e AA5A     		.short	23210
 687 0080 5565     		.short	25941
 688 0082 5665     		.short	25942
 689 0084 5965     		.short	25945
 690 0086 5A65     		.short	25946
 691 0088 6565     		.short	25957
 692 008a 6665     		.short	25958
 693 008c 6965     		.short	25961
 694 008e 6A65     		.short	25962
 695 0090 9565     		.short	26005
 696 0092 9665     		.short	26006
 697 0094 9965     		.short	26009
 698 0096 9A65     		.short	26010
 699 0098 A565     		.short	26021
 700 009a A665     		.short	26022
 701 009c A965     		.short	26025
 702 009e AA65     		.short	26026
 703 00a0 5566     		.short	26197
 704 00a2 5666     		.short	26198
 705 00a4 5966     		.short	26201
 706 00a6 5A66     		.short	26202
 707 00a8 6566     		.short	26213
 708 00aa 6666     		.short	26214
 709 00ac 6966     		.short	26217
 710 00ae 6A66     		.short	26218
 711 00b0 9566     		.short	26261
 712 00b2 9666     		.short	26262
 713 00b4 9966     		.short	26265
 714 00b6 9A66     		.short	26266
 715 00b8 A566     		.short	26277
 716 00ba A666     		.short	26278
 717 00bc A966     		.short	26281
 718 00be AA66     		.short	26282
 719 00c0 5569     		.short	26965
 720 00c2 5669     		.short	26966
 721 00c4 5969     		.short	26969
 722 00c6 5A69     		.short	26970
 723 00c8 6569     		.short	26981
 724 00ca 6669     		.short	26982
 725 00cc 6969     		.short	26985
 726 00ce 6A69     		.short	26986
 727 00d0 9569     		.short	27029
 728 00d2 9669     		.short	27030
 729 00d4 9969     		.short	27033
 730 00d6 9A69     		.short	27034
 731 00d8 A569     		.short	27045
 732 00da A669     		.short	27046
 733 00dc A969     		.short	27049
 734 00de AA69     		.short	27050
 735 00e0 556A     		.short	27221
 736 00e2 566A     		.short	27222
 737 00e4 596A     		.short	27225
 738 00e6 5A6A     		.short	27226
 739 00e8 656A     		.short	27237
 740 00ea 666A     		.short	27238
 741 00ec 696A     		.short	27241
 742 00ee 6A6A     		.short	27242
 743 00f0 956A     		.short	27285
 744 00f2 966A     		.short	27286
 745 00f4 996A     		.short	27289
 746 00f6 9A6A     		.short	27290
 747 00f8 A56A     		.short	27301
 748 00fa A66A     		.short	27302
 749 00fc A96A     		.short	27305
 750 00fe AA6A     		.short	27306
 751 0100 5595     		.short	-27307
 752 0102 5695     		.short	-27306
 753 0104 5995     		.short	-27303
 754 0106 5A95     		.short	-27302
 755 0108 6595     		.short	-27291
 756 010a 6695     		.short	-27290
 757 010c 6995     		.short	-27287
 758 010e 6A95     		.short	-27286
 759 0110 9595     		.short	-27243
 760 0112 9695     		.short	-27242
 761 0114 9995     		.short	-27239
 762 0116 9A95     		.short	-27238
 763 0118 A595     		.short	-27227
 764 011a A695     		.short	-27226
 765 011c A995     		.short	-27223
 766 011e AA95     		.short	-27222
 767 0120 5596     		.short	-27051
 768 0122 5696     		.short	-27050
 769 0124 5996     		.short	-27047
 770 0126 5A96     		.short	-27046
 771 0128 6596     		.short	-27035
 772 012a 6696     		.short	-27034
 773 012c 6996     		.short	-27031
 774 012e 6A96     		.short	-27030
 775 0130 9596     		.short	-26987
 776 0132 9696     		.short	-26986
 777 0134 9996     		.short	-26983
 778 0136 9A96     		.short	-26982
 779 0138 A596     		.short	-26971
 780 013a A696     		.short	-26970
 781 013c A996     		.short	-26967
 782 013e AA96     		.short	-26966
 783 0140 5599     		.short	-26283
 784 0142 5699     		.short	-26282
 785 0144 5999     		.short	-26279
 786 0146 5A99     		.short	-26278
 787 0148 6599     		.short	-26267
 788 014a 6699     		.short	-26266
 789 014c 6999     		.short	-26263
 790 014e 6A99     		.short	-26262
 791 0150 9599     		.short	-26219
 792 0152 9699     		.short	-26218
 793 0154 9999     		.short	-26215
 794 0156 9A99     		.short	-26214
 795 0158 A599     		.short	-26203
 796 015a A699     		.short	-26202
 797 015c A999     		.short	-26199
 798 015e AA99     		.short	-26198
 799 0160 559A     		.short	-26027
 800 0162 569A     		.short	-26026
 801 0164 599A     		.short	-26023
 802 0166 5A9A     		.short	-26022
 803 0168 659A     		.short	-26011
 804 016a 669A     		.short	-26010
 805 016c 699A     		.short	-26007
 806 016e 6A9A     		.short	-26006
 807 0170 959A     		.short	-25963
 808 0172 969A     		.short	-25962
 809 0174 999A     		.short	-25959
 810 0176 9A9A     		.short	-25958
 811 0178 A59A     		.short	-25947
 812 017a A69A     		.short	-25946
 813 017c A99A     		.short	-25943
 814 017e AA9A     		.short	-25942
 815 0180 55A5     		.short	-23211
 816 0182 56A5     		.short	-23210
 817 0184 59A5     		.short	-23207
 818 0186 5AA5     		.short	-23206
 819 0188 65A5     		.short	-23195
 820 018a 66A5     		.short	-23194
 821 018c 69A5     		.short	-23191
 822 018e 6AA5     		.short	-23190
 823 0190 95A5     		.short	-23147
 824 0192 96A5     		.short	-23146
 825 0194 99A5     		.short	-23143
 826 0196 9AA5     		.short	-23142
 827 0198 A5A5     		.short	-23131
 828 019a A6A5     		.short	-23130
 829 019c A9A5     		.short	-23127
 830 019e AAA5     		.short	-23126
 831 01a0 55A6     		.short	-22955
 832 01a2 56A6     		.short	-22954
 833 01a4 59A6     		.short	-22951
 834 01a6 5AA6     		.short	-22950
 835 01a8 65A6     		.short	-22939
 836 01aa 66A6     		.short	-22938
 837 01ac 69A6     		.short	-22935
 838 01ae 6AA6     		.short	-22934
 839 01b0 95A6     		.short	-22891
 840 01b2 96A6     		.short	-22890
 841 01b4 99A6     		.short	-22887
 842 01b6 9AA6     		.short	-22886
 843 01b8 A5A6     		.short	-22875
 844 01ba A6A6     		.short	-22874
 845 01bc A9A6     		.short	-22871
 846 01be AAA6     		.short	-22870
 847 01c0 55A9     		.short	-22187
 848 01c2 56A9     		.short	-22186
 849 01c4 59A9     		.short	-22183
 850 01c6 5AA9     		.short	-22182
 851 01c8 65A9     		.short	-22171
 852 01ca 66A9     		.short	-22170
 853 01cc 69A9     		.short	-22167
 854 01ce 6AA9     		.short	-22166
 855 01d0 95A9     		.short	-22123
 856 01d2 96A9     		.short	-22122
 857 01d4 99A9     		.short	-22119
 858 01d6 9AA9     		.short	-22118
 859 01d8 A5A9     		.short	-22107
 860 01da A6A9     		.short	-22106
 861 01dc A9A9     		.short	-22103
 862 01de AAA9     		.short	-22102
 863 01e0 55AA     		.short	-21931
 864 01e2 56AA     		.short	-21930
 865 01e4 59AA     		.short	-21927
 866 01e6 5AAA     		.short	-21926
 867 01e8 65AA     		.short	-21915
 868 01ea 66AA     		.short	-21914
 869 01ec 69AA     		.short	-21911
 870 01ee 6AAA     		.short	-21910
 871 01f0 95AA     		.short	-21867
 872 01f2 96AA     		.short	-21866
 873 01f4 99AA     		.short	-21863
 874 01f6 9AAA     		.short	-21862
 875 01f8 A5AA     		.short	-21851
 876 01fa A6AA     		.short	-21850
 877 01fc A9AA     		.short	-21847
 878 01fe AAAA     		.short	-21846
 879              		.ident	"GCC: (Sourcery CodeBench Lite 2013.11-24) 4.8.1"
DEFINED SYMBOLS
                            *ABS*:00000000 me.c
D:\Users\draapho\AppData\Local\Temp\ccgP8EYP.s:16     .text.me_encode:00000000 $t
D:\Users\draapho\AppData\Local\Temp\ccgP8EYP.s:21     .text.me_encode:00000000 me_encode
D:\Users\draapho\AppData\Local\Temp\ccgP8EYP.s:31     .text.me_encode:00000008 $d
D:\Users\draapho\AppData\Local\Temp\ccgP8EYP.s:34     .text.me_decode16:00000000 $t
D:\Users\draapho\AppData\Local\Temp\ccgP8EYP.s:39     .text.me_decode16:00000000 me_decode16
D:\Users\draapho\AppData\Local\Temp\ccgP8EYP.s:54     .text.me_decode16:00000014 $d
D:\Users\draapho\AppData\Local\Temp\ccgP8EYP.s:57     .text.me_decode8:00000000 $t
D:\Users\draapho\AppData\Local\Temp\ccgP8EYP.s:62     .text.me_decode8:00000000 me_decode8
D:\Users\draapho\AppData\Local\Temp\ccgP8EYP.s:72     .text.me_decode8:00000008 $d
D:\Users\draapho\AppData\Local\Temp\ccgP8EYP.s:75     .text.me_valid:00000000 $t
D:\Users\draapho\AppData\Local\Temp\ccgP8EYP.s:80     .text.me_valid:00000000 me_valid
D:\Users\draapho\AppData\Local\Temp\ccgP8EYP.s:90     .text.me_valid:00000008 $d
D:\Users\draapho\AppData\Local\Temp\ccgP8EYP.s:360    .rodata.me_valid_tab:00000000 me_valid_tab
D:\Users\draapho\AppData\Local\Temp\ccgP8EYP.s:99     .rodata.me_decode_tab:00000000 me_decode_tab
D:\Users\draapho\AppData\Local\Temp\ccgP8EYP.s:622    .rodata.me_encode_tab:00000000 me_encode_tab
D:\Users\draapho\AppData\Local\Temp\ccgP8EYP.s:618    .rodata.me_encode_tab:00000000 $d

NO UNDEFINED SYMBOLS
