   1              		.syntax unified
   2              		.cpu cortex-m3
   3              		.fpu softvfp
   4              		.eabi_attribute 20, 1
   5              		.eabi_attribute 21, 1
   6              		.eabi_attribute 23, 3
   7              		.eabi_attribute 24, 1
   8              		.eabi_attribute 25, 1
   9              		.eabi_attribute 26, 1
  10              		.eabi_attribute 30, 4
  11              		.eabi_attribute 34, 1
  12              		.eabi_attribute 18, 4
  13              		.thumb
  14              		.file	"uip_arp.c"
  15              		.section	.text.uip_arp_update.constprop.0,"ax",%progbits
  16              		.align	1
  17              		.thumb
  18              		.thumb_func
  20              	uip_arp_update.constprop.0:
  21              		@ args = 0, pretend = 0, frame = 0
  22              		@ frame_needed = 0, uses_anonymous_args = 0
  23 0000 2DE9F047 		push	{r4, r5, r6, r7, r8, r9, r10, lr}
  24 0004 3A4B     		ldr	r3, .L19
  25 0006 3B49     		ldr	r1, .L19+4
  26 0008 3B48     		ldr	r0, .L19+8
  27 000a B3F81CC0 		ldrh	ip, [r3, #28]
  28 000e B3F81E80 		ldrh	r8, [r3, #30]
  29 0012 3A4B     		ldr	r3, .L19+12
  30 0014 0022     		movs	r2, #0
  31 0016 0E88     		ldrh	r6, [r1]
  32 0018 4F88     		ldrh	r7, [r1, #2]
  33 001a 0C46     		mov	r4, r1
  34 001c 0270     		strb	r2, [r0]
  35 001e 1946     		mov	r1, r3
  36 0020 4FF00C09 		mov	r9, #12
  37              	.L2:
  38 0024 072A     		cmp	r2, #7
  39 0026 19D8     		bhi	.L16
  40 0028 09FB02F5 		mul	r5, r9, r2
  41 002c 4B19     		adds	r3, r1, r5
  42 002e 4D5B     		ldrh	r5, [r1, r5]
  43 0030 B542     		cmp	r5, r6
  44 0032 03D1     		bne	.L3
  45 0034 B3F802A0 		ldrh	r10, [r3, #2]
  46 0038 BA45     		cmp	r10, r7
  47 003a 0BD0     		beq	.L4
  48              	.L3:
  49 003c AC45     		cmp	ip, r5
  50 003e 09D1     		bne	.L4
  51 0040 5D88     		ldrh	r5, [r3, #2]
  52 0042 4545     		cmp	r5, r8
  53 0044 06D1     		bne	.L4
  54 0046 0270     		strb	r2, [r0]
  55 0048 2D4A     		ldr	r2, .L19+16
  56 004a 1168     		ldr	r1, [r2]	@ unaligned
  57 004c 9288     		ldrh	r2, [r2, #4]	@ unaligned
  58 004e 5960     		str	r1, [r3, #4]	@ unaligned
  59 0050 1A81     		strh	r2, [r3, #8]	@ unaligned
  60 0052 48E0     		b	.L14
  61              	.L4:
  62 0054 0132     		adds	r2, r2, #1
  63 0056 0C33     		adds	r3, r3, #12
  64 0058 D2B2     		uxtb	r2, r2
  65 005a E3E7     		b	.L2
  66              	.L16:
  67 005c 0022     		movs	r2, #0
  68 005e 2588     		ldrh	r5, [r4]
  69 0060 6688     		ldrh	r6, [r4, #2]
  70 0062 0270     		strb	r2, [r0]
  71 0064 0C27     		movs	r7, #12
  72              	.L7:
  73 0066 072A     		cmp	r2, #7
  74 0068 0DD8     		bhi	.L17
  75 006a 07FB02F4 		mul	r4, r7, r2
  76 006e 0B19     		adds	r3, r1, r4
  77 0070 0C5B     		ldrh	r4, [r1, r4]
  78 0072 AC42     		cmp	r4, r5
  79 0074 04D1     		bne	.L8
  80 0076 5C88     		ldrh	r4, [r3, #2]
  81 0078 B442     		cmp	r4, r6
  82 007a 01D1     		bne	.L8
  83 007c 0270     		strb	r2, [r0]
  84 007e 28E0     		b	.L9
  85              	.L8:
  86 0080 0132     		adds	r2, r2, #1
  87 0082 D2B2     		uxtb	r2, r2
  88 0084 EFE7     		b	.L7
  89              	.L17:
  90 0086 082A     		cmp	r2, #8
  91 0088 0270     		strb	r2, [r0]
  92 008a 22D1     		bne	.L9
  93 008c 1D4D     		ldr	r5, .L19+20
  94 008e 1E4B     		ldr	r3, .L19+24
  95 0090 1E4E     		ldr	r6, .L19+28
  96 0092 0022     		movs	r2, #0
  97 0094 93F800C0 		ldrb	ip, [r3]	@ zero_extendqisi2
  98 0098 3270     		strb	r2, [r6]
  99 009a 2A70     		strb	r2, [r5]
 100 009c 1346     		mov	r3, r2
 101 009e 1446     		mov	r4, r2
 102 00a0 2F46     		mov	r7, r5
 103 00a2 4FF00C08 		mov	r8, #12
 104              	.L11:
 105 00a6 072C     		cmp	r4, #7
 106 00a8 0DD8     		bhi	.L18
 107 00aa 08FB0415 		mla	r5, r8, r4, r1
 108 00ae AD7A     		ldrb	r5, [r5, #10]	@ zero_extendqisi2
 109 00b0 C5EB0C05 		rsb	r5, r5, ip
 110 00b4 9542     		cmp	r5, r2
 111 00b6 C8BF     		it	gt
 112 00b8 2346     		movgt	r3, r4
 113 00ba 04F10104 		add	r4, r4, #1
 114 00be C8BF     		it	gt
 115 00c0 EAB2     		uxtbgt	r2, r5
 116 00c2 E4B2     		uxtb	r4, r4
 117 00c4 EFE7     		b	.L11
 118              	.L18:
 119 00c6 3270     		strb	r2, [r6]
 120 00c8 0C22     		movs	r2, #12
 121 00ca 3B70     		strb	r3, [r7]
 122 00cc 0370     		strb	r3, [r0]
 123 00ce 02FB0313 		mla	r3, r2, r3, r1
 124              	.L9:
 125 00d2 0F4A     		ldr	r2, .L19+32
 126 00d4 0A49     		ldr	r1, .L19+16
 127 00d6 1068     		ldr	r0, [r2]	@ unaligned
 128 00d8 1A46     		mov	r2, r3
 129 00da 42F8040B 		str	r0, [r2], #4	@ unaligned
 130 00de 0868     		ldr	r0, [r1]	@ unaligned
 131 00e0 8988     		ldrh	r1, [r1, #4]	@ unaligned
 132 00e2 5860     		str	r0, [r3, #4]	@ unaligned
 133 00e4 9180     		strh	r1, [r2, #4]	@ unaligned
 134              	.L14:
 135 00e6 084A     		ldr	r2, .L19+24
 136 00e8 1278     		ldrb	r2, [r2]	@ zero_extendqisi2
 137 00ea 9A72     		strb	r2, [r3, #10]
 138 00ec BDE8F087 		pop	{r4, r5, r6, r7, r8, r9, r10, pc}
 139              	.L20:
 140              		.align	2
 141              	.L19:
 142 00f0 00000000 		.word	uip_aligned_buf
 143 00f4 00000000 		.word	uip_all_zeroes_addr
 144 00f8 00000000 		.word	.LANCHOR1
 145 00fc 00000000 		.word	.LANCHOR0
 146 0100 16000000 		.word	uip_aligned_buf+22
 147 0104 00000000 		.word	.LANCHOR4
 148 0108 00000000 		.word	.LANCHOR2
 149 010c 00000000 		.word	.LANCHOR3
 150 0110 1C000000 		.word	uip_aligned_buf+28
 152              		.section	.text.uip_arp_init,"ax",%progbits
 153              		.align	1
 154              		.global	uip_arp_init
 155              		.thumb
 156              		.thumb_func
 158              	uip_arp_init:
 159              		@ args = 0, pretend = 0, frame = 0
 160              		@ frame_needed = 0, uses_anonymous_args = 0
 161 0000 094A     		ldr	r2, .L25
 162 0002 0020     		movs	r0, #0
 163 0004 0949     		ldr	r1, .L25+4
 164 0006 F0B5     		push	{r4, r5, r6, r7, lr}
 165 0008 1070     		strb	r0, [r2]
 166 000a 1546     		mov	r5, r2
 167 000c 0C26     		movs	r6, #12
 168              	.L22:
 169 000e 1378     		ldrb	r3, [r2]	@ zero_extendqisi2
 170 0010 072B     		cmp	r3, #7
 171 0012 07D8     		bhi	.L24
 172 0014 06FB03F4 		mul	r4, r6, r3
 173 0018 0133     		adds	r3, r3, #1
 174 001a 0F19     		adds	r7, r1, r4
 175 001c 0853     		strh	r0, [r1, r4]	@ movhi
 176 001e 2B70     		strb	r3, [r5]
 177 0020 7880     		strh	r0, [r7, #2]	@ movhi
 178 0022 F4E7     		b	.L22
 179              	.L24:
 180 0024 F0BD     		pop	{r4, r5, r6, r7, pc}
 181              	.L26:
 182 0026 00BF     		.align	2
 183              	.L25:
 184 0028 00000000 		.word	.LANCHOR1
 185 002c 00000000 		.word	.LANCHOR0
 187              		.section	.text.uip_arp_timer,"ax",%progbits
 188              		.align	1
 189              		.global	uip_arp_timer
 190              		.thumb
 191              		.thumb_func
 193              	uip_arp_timer:
 194              		@ args = 0, pretend = 0, frame = 0
 195              		@ frame_needed = 0, uses_anonymous_args = 0
 196 0000 2DE9F843 		push	{r3, r4, r5, r6, r7, r8, r9, lr}
 197 0004 144B     		ldr	r3, .L32
 198 0006 154D     		ldr	r5, .L32+4
 199 0008 1E78     		ldrb	r6, [r3]	@ zero_extendqisi2
 200 000a 154F     		ldr	r7, .L32+8
 201 000c 0136     		adds	r6, r6, #1
 202 000e F6B2     		uxtb	r6, r6
 203 0010 1E70     		strb	r6, [r3]
 204 0012 DFF85080 		ldr	r8, .L32+12
 205 0016 0023     		movs	r3, #0
 206 0018 2B70     		strb	r3, [r5]
 207 001a 4FF00C09 		mov	r9, #12
 208              	.L28:
 209 001e 2C78     		ldrb	r4, [r5]	@ zero_extendqisi2
 210 0020 072C     		cmp	r4, #7
 211 0022 17D8     		bhi	.L31
 212 0024 09FB04F3 		mul	r3, r9, r4
 213 0028 FA5A     		ldrh	r2, [r7, r3]
 214 002a F818     		adds	r0, r7, r3
 215 002c B8F80030 		ldrh	r3, [r8]
 216 0030 9A42     		cmp	r2, r3
 217 0032 0CD1     		bne	.L29
 218 0034 4288     		ldrh	r2, [r0, #2]
 219 0036 B8F80230 		ldrh	r3, [r8, #2]
 220 003a 9A42     		cmp	r2, r3
 221 003c 07D1     		bne	.L29
 222 003e 837A     		ldrb	r3, [r0, #10]	@ zero_extendqisi2
 223 0040 F31A     		subs	r3, r6, r3
 224 0042 772B     		cmp	r3, #119
 225 0044 03DD     		ble	.L29
 226 0046 0021     		movs	r1, #0
 227 0048 0422     		movs	r2, #4
 228 004a FFF7FEFF 		bl	memset
 229              	.L29:
 230 004e 0134     		adds	r4, r4, #1
 231 0050 2C70     		strb	r4, [r5]
 232 0052 E4E7     		b	.L28
 233              	.L31:
 234 0054 BDE8F883 		pop	{r3, r4, r5, r6, r7, r8, r9, pc}
 235              	.L33:
 236              		.align	2
 237              	.L32:
 238 0058 00000000 		.word	.LANCHOR2
 239 005c 00000000 		.word	.LANCHOR1
 240 0060 00000000 		.word	.LANCHOR0
 241 0064 00000000 		.word	uip_all_zeroes_addr
 243              		.section	.text.uip_arp_arpin,"ax",%progbits
 244              		.align	1
 245              		.global	uip_arp_arpin
 246              		.thumb
 247              		.thumb_func
 249              	uip_arp_arpin:
 250              		@ args = 0, pretend = 0, frame = 0
 251              		@ frame_needed = 0, uses_anonymous_args = 0
 252 0000 70B5     		push	{r4, r5, r6, lr}
 253 0002 264D     		ldr	r5, .L39
 254 0004 2B88     		ldrh	r3, [r5]
 255 0006 292B     		cmp	r3, #41
 256 0008 4FF00003 		mov	r3, #0
 257 000c 2B80     		strh	r3, [r5]	@ movhi
 258 000e 00D8     		bhi	.L35
 259 0010 70BD     		pop	{r4, r5, r6, pc}
 260              	.L35:
 261 0012 234C     		ldr	r4, .L39+4
 262 0014 A38A     		ldrh	r3, [r4, #20]
 263 0016 B3F5807F 		cmp	r3, #256
 264 001a 03D0     		beq	.L37
 265 001c B3F5007F 		cmp	r3, #512
 266 0020 2ED0     		beq	.L38
 267 0022 70BD     		pop	{r4, r5, r6, pc}
 268              	.L37:
 269 0024 1F4E     		ldr	r6, .L39+8
 270 0026 E28C     		ldrh	r2, [r4, #38]
 271 0028 3388     		ldrh	r3, [r6]
 272 002a 9A42     		cmp	r2, r3
 273 002c 35D1     		bne	.L34
 274 002e 228D     		ldrh	r2, [r4, #40]
 275 0030 7388     		ldrh	r3, [r6, #2]
 276 0032 9A42     		cmp	r2, r3
 277 0034 31D1     		bne	.L34
 278 0036 FFF7FEFF 		bl	uip_arp_update.constprop.0
 279 003a 4FF40073 		mov	r3, #512
 280 003e A382     		strh	r3, [r4, #20]	@ movhi
 281 0040 2346     		mov	r3, r4
 282 0042 53F8160F 		ldr	r0, [r3, #22]!	@ unaligned
 283 0046 04F12002 		add	r2, r4, #32
 284 004a 9988     		ldrh	r1, [r3, #4]	@ unaligned
 285 004c 2062     		str	r0, [r4, #32]	@ unaligned
 286 004e A184     		strh	r1, [r4, #36]	@ unaligned
 287 0050 1549     		ldr	r1, .L39+12
 288 0052 0868     		ldr	r0, [r1]	@ unaligned
 289 0054 8988     		ldrh	r1, [r1, #4]	@ unaligned
 290 0056 C4F81600 		str	r0, [r4, #22]	@ unaligned
 291 005a 9980     		strh	r1, [r3, #4]	@ unaligned
 292 005c C4F80600 		str	r0, [r4, #6]	@ unaligned
 293 0060 6181     		strh	r1, [r4, #10]	@ unaligned
 294 0062 92E80300 		ldmia	r2, {r0, r1}
 295 0066 2060     		str	r0, [r4]
 296 0068 E069     		ldr	r0, [r4, #28]	@ unaligned
 297 006a 4FF4C163 		mov	r3, #1544
 298 006e C4F82600 		str	r0, [r4, #38]	@ unaligned
 299 0072 3068     		ldr	r0, [r6]	@ unaligned
 300 0074 A381     		strh	r3, [r4, #12]	@ movhi
 301 0076 A180     		strh	r1, [r4, #4]	@ movhi
 302 0078 2A23     		movs	r3, #42
 303 007a E061     		str	r0, [r4, #28]	@ unaligned
 304 007c 2B80     		strh	r3, [r5]	@ movhi
 305 007e 70BD     		pop	{r4, r5, r6, pc}
 306              	.L38:
 307 0080 084B     		ldr	r3, .L39+8
 308 0082 E18C     		ldrh	r1, [r4, #38]
 309 0084 1A88     		ldrh	r2, [r3]
 310 0086 9142     		cmp	r1, r2
 311 0088 07D1     		bne	.L34
 312 008a 228D     		ldrh	r2, [r4, #40]
 313 008c 5B88     		ldrh	r3, [r3, #2]
 314 008e 9A42     		cmp	r2, r3
 315 0090 03D1     		bne	.L34
 316 0092 BDE87040 		pop	{r4, r5, r6, lr}
 317 0096 FFF7FEBF 		b	uip_arp_update.constprop.0
 318              	.L34:
 319 009a 70BD     		pop	{r4, r5, r6, pc}
 320              	.L40:
 321              		.align	2
 322              	.L39:
 323 009c 00000000 		.word	uip_len
 324 00a0 00000000 		.word	uip_aligned_buf
 325 00a4 00000000 		.word	uip_hostaddr
 326 00a8 00000000 		.word	uip_ethaddr
 328              		.section	.text.uip_arp_out,"ax",%progbits
 329              		.align	1
 330              		.global	uip_arp_out
 331              		.thumb
 332              		.thumb_func
 334              	uip_arp_out:
 335              		@ args = 0, pretend = 0, frame = 0
 336              		@ frame_needed = 0, uses_anonymous_args = 0
 337 0000 2DE9F041 		push	{r4, r5, r6, r7, r8, lr}
 338 0004 464B     		ldr	r3, .L58
 339 0006 474C     		ldr	r4, .L58+4
 340 0008 1988     		ldrh	r1, [r3]
 341 000a E28B     		ldrh	r2, [r4, #30]
 342 000c 9142     		cmp	r1, r2
 343 000e 06D1     		bne	.L42
 344 0010 218C     		ldrh	r1, [r4, #32]
 345 0012 5B88     		ldrh	r3, [r3, #2]
 346 0014 9942     		cmp	r1, r3
 347 0016 02D1     		bne	.L42
 348 0018 434B     		ldr	r3, .L58+8
 349 001a 1868     		ldr	r0, [r3]	@ unaligned
 350 001c 6EE0     		b	.L55
 351              	.L42:
 352 001e A17F     		ldrb	r1, [r4, #30]	@ zero_extendqisi2
 353 0020 404B     		ldr	r3, .L58+4
 354 0022 E029     		cmp	r1, #224
 355 0024 0ED1     		bne	.L44
 356 0026 0122     		movs	r2, #1
 357 0028 1A70     		strb	r2, [r3]
 358 002a 0022     		movs	r2, #0
 359 002c 5A70     		strb	r2, [r3, #1]
 360 002e 5E22     		movs	r2, #94
 361 0030 9A70     		strb	r2, [r3, #2]
 362 0032 DA7F     		ldrb	r2, [r3, #31]	@ zero_extendqisi2
 363 0034 DA70     		strb	r2, [r3, #3]
 364 0036 93F82020 		ldrb	r2, [r3, #32]	@ zero_extendqisi2
 365 003a 1A71     		strb	r2, [r3, #4]
 366 003c 93F82120 		ldrb	r2, [r3, #33]	@ zero_extendqisi2
 367 0040 5A71     		strb	r2, [r3, #5]
 368 0042 5EE0     		b	.L43
 369              	.L44:
 370 0044 394F     		ldr	r7, .L58+12
 371 0046 3A4E     		ldr	r6, .L58+16
 372 0048 3888     		ldrh	r0, [r7]
 373 004a 5040     		eors	r0, r0, r2
 374 004c 394A     		ldr	r2, .L58+20
 375 004e 1188     		ldrh	r1, [r2]
 376 0050 0842     		tst	r0, r1
 377 0052 05D1     		bne	.L45
 378 0054 7888     		ldrh	r0, [r7, #2]
 379 0056 198C     		ldrh	r1, [r3, #32]
 380 0058 5288     		ldrh	r2, [r2, #2]
 381 005a 4140     		eors	r1, r1, r0
 382 005c 1142     		tst	r1, r2
 383 005e 02D0     		beq	.L46
 384              	.L45:
 385 0060 354B     		ldr	r3, .L58+24
 386 0062 1B68     		ldr	r3, [r3]	@ unaligned
 387 0064 01E0     		b	.L54
 388              	.L46:
 389 0066 D3F81E30 		ldr	r3, [r3, #30]	@ unaligned
 390              	.L54:
 391 006a 3360     		str	r3, [r6]	@ unaligned
 392 006c 3088     		ldrh	r0, [r6]
 393 006e B6F802C0 		ldrh	ip, [r6, #2]
 394 0072 324B     		ldr	r3, .L58+28
 395 0074 324A     		ldr	r2, .L58+32
 396 0076 0025     		movs	r5, #0
 397              	.L48:
 398 0078 072D     		cmp	r5, #7
 399 007a A3F10C01 		sub	r1, r3, #12
 400 007e 0BD8     		bhi	.L57
 401 0080 33F80C8C 		ldrh	r8, [r3, #-12]
 402 0084 8045     		cmp	r8, r0
 403 0086 03D1     		bne	.L49
 404 0088 33F80A8C 		ldrh	r8, [r3, #-10]
 405 008c E045     		cmp	r8, ip
 406 008e 31D0     		beq	.L50
 407              	.L49:
 408 0090 0135     		adds	r5, r5, #1
 409 0092 0C33     		adds	r3, r3, #12
 410 0094 EDB2     		uxtb	r5, r5
 411 0096 EFE7     		b	.L48
 412              	.L57:
 413 0098 082D     		cmp	r5, #8
 414 009a 1570     		strb	r5, [r2]
 415 009c 2BD1     		bne	.L52
 416 009e FF21     		movs	r1, #255
 417 00a0 0622     		movs	r2, #6
 418 00a2 2048     		ldr	r0, .L58+4
 419 00a4 FFF7FEFF 		bl	memset
 420 00a8 264B     		ldr	r3, .L58+36
 421 00aa 0022     		movs	r2, #0
 422 00ac 2262     		str	r2, [r4, #32]
 423 00ae 9A80     		strh	r2, [r3, #4]	@ movhi
 424 00b0 254A     		ldr	r2, .L58+40
 425 00b2 3868     		ldr	r0, [r7]	@ unaligned
 426 00b4 1168     		ldr	r1, [r2]	@ unaligned
 427 00b6 9288     		ldrh	r2, [r2, #4]	@ unaligned
 428 00b8 C4F80610 		str	r1, [r4, #6]	@ unaligned
 429 00bc C4F81610 		str	r1, [r4, #22]	@ unaligned
 430 00c0 23F8162C 		strh	r2, [r3, #-22]	@ unaligned
 431 00c4 23F8062C 		strh	r2, [r3, #-6]	@ unaligned
 432 00c8 3268     		ldr	r2, [r6]	@ unaligned
 433 00ca 1633     		adds	r3, r3, #22
 434 00cc C4F82620 		str	r2, [r4, #38]	@ unaligned
 435 00d0 4FF48072 		mov	r2, #256
 436 00d4 A282     		strh	r2, [r4, #20]	@ movhi
 437 00d6 E281     		strh	r2, [r4, #14]	@ movhi
 438 00d8 0622     		movs	r2, #6
 439 00da A274     		strb	r2, [r4, #18]
 440 00dc 0422     		movs	r2, #4
 441 00de E274     		strb	r2, [r4, #19]
 442 00e0 4FF4C162 		mov	r2, #1544
 443 00e4 A281     		strh	r2, [r4, #12]	@ movhi
 444 00e6 194A     		ldr	r2, .L58+44
 445 00e8 E061     		str	r0, [r4, #28]	@ unaligned
 446 00ea 1360     		str	r3, [r2]
 447 00ec 2582     		strh	r5, [r4, #16]	@ movhi
 448 00ee 2A22     		movs	r2, #42
 449 00f0 174B     		ldr	r3, .L58+48
 450 00f2 12E0     		b	.L56
 451              	.L50:
 452 00f4 1570     		strb	r5, [r2]
 453              	.L52:
 454 00f6 0B46     		mov	r3, r1
 455 00f8 53F8040F 		ldr	r0, [r3, #4]!	@ unaligned
 456              	.L55:
 457 00fc 2060     		str	r0, [r4]	@ unaligned
 458 00fe 9B88     		ldrh	r3, [r3, #4]	@ unaligned
 459 0100 A380     		strh	r3, [r4, #4]	@ unaligned
 460              	.L43:
 461 0102 114B     		ldr	r3, .L58+40
 462 0104 1A68     		ldr	r2, [r3]	@ unaligned
 463 0106 C4F80620 		str	r2, [r4, #6]	@ unaligned
 464 010a 9A88     		ldrh	r2, [r3, #4]	@ unaligned
 465 010c 114B     		ldr	r3, .L58+52
 466 010e 9A80     		strh	r2, [r3, #4]	@ unaligned
 467 0110 0823     		movs	r3, #8
 468 0112 A381     		strh	r3, [r4, #12]	@ movhi
 469 0114 0E4B     		ldr	r3, .L58+48
 470 0116 1A88     		ldrh	r2, [r3]
 471 0118 0E32     		adds	r2, r2, #14
 472              	.L56:
 473 011a 1A80     		strh	r2, [r3]	@ movhi
 474 011c BDE8F081 		pop	{r4, r5, r6, r7, r8, pc}
 475              	.L59:
 476              		.align	2
 477              	.L58:
 478 0120 00000000 		.word	uip_broadcast_addr
 479 0124 00000000 		.word	uip_aligned_buf
 480 0128 00000000 		.word	.LANCHOR5
 481 012c 00000000 		.word	uip_hostaddr
 482 0130 00000000 		.word	.LANCHOR6
 483 0134 00000000 		.word	uip_netmask
 484 0138 00000000 		.word	uip_draddr
 485 013c 0C000000 		.word	.LANCHOR0+12
 486 0140 00000000 		.word	.LANCHOR1
 487 0144 20000000 		.word	uip_aligned_buf+32
 488 0148 00000000 		.word	uip_ethaddr
 489 014c 00000000 		.word	uip_appdata
 490 0150 00000000 		.word	uip_len
 491 0154 06000000 		.word	uip_aligned_buf+6
 493              		.section	.text.uip_arp_check,"ax",%progbits
 494              		.align	1
 495              		.global	uip_arp_check
 496              		.thumb
 497              		.thumb_func
 499              	uip_arp_check:
 500              		@ args = 0, pretend = 0, frame = 0
 501              		@ frame_needed = 0, uses_anonymous_args = 0
 502 0000 70B5     		push	{r4, r5, r6, lr}
 503 0002 234A     		ldr	r2, .L77
 504 0004 0388     		ldrh	r3, [r0]
 505 0006 1188     		ldrh	r1, [r2]
 506 0008 9942     		cmp	r1, r3
 507 000a 05D1     		bne	.L61
 508 000c 4188     		ldrh	r1, [r0, #2]
 509 000e 5288     		ldrh	r2, [r2, #2]
 510 0010 9142     		cmp	r1, r2
 511 0012 01D1     		bne	.L61
 512              	.L71:
 513 0014 0020     		movs	r0, #0
 514 0016 70BD     		pop	{r4, r5, r6, pc}
 515              	.L61:
 516 0018 1E4A     		ldr	r2, .L77+4
 517 001a 1188     		ldrh	r1, [r2]
 518 001c 9942     		cmp	r1, r3
 519 001e 03D1     		bne	.L63
 520 0020 4188     		ldrh	r1, [r0, #2]
 521 0022 5288     		ldrh	r2, [r2, #2]
 522 0024 9142     		cmp	r1, r2
 523 0026 2BD0     		beq	.L72
 524              	.L63:
 525 0028 0278     		ldrb	r2, [r0]	@ zero_extendqisi2
 526 002a E02A     		cmp	r2, #224
 527 002c 2AD0     		beq	.L73
 528 002e 1A49     		ldr	r1, .L77+8
 529 0030 0A88     		ldrh	r2, [r1]
 530 0032 5340     		eors	r3, r3, r2
 531 0034 194A     		ldr	r2, .L77+12
 532 0036 1488     		ldrh	r4, [r2]
 533 0038 2342     		tst	r3, r4
 534 003a 194B     		ldr	r3, .L77+16
 535 003c 05D1     		bne	.L64
 536 003e 4488     		ldrh	r4, [r0, #2]
 537 0040 4988     		ldrh	r1, [r1, #2]
 538 0042 5288     		ldrh	r2, [r2, #2]
 539 0044 6140     		eors	r1, r1, r4
 540 0046 1142     		tst	r1, r2
 541 0048 02D0     		beq	.L65
 542              	.L64:
 543 004a 164A     		ldr	r2, .L77+20
 544 004c 1268     		ldr	r2, [r2]	@ unaligned
 545 004e 00E0     		b	.L75
 546              	.L65:
 547 0050 0268     		ldr	r2, [r0]	@ unaligned
 548              	.L75:
 549 0052 1A60     		str	r2, [r3]	@ unaligned
 550 0054 1449     		ldr	r1, .L77+24
 551 0056 154A     		ldr	r2, .L77+28
 552 0058 1C88     		ldrh	r4, [r3]
 553 005a 5D88     		ldrh	r5, [r3, #2]
 554 005c 0023     		movs	r3, #0
 555              	.L67:
 556 005e 072B     		cmp	r3, #7
 557 0060 0CD8     		bhi	.L76
 558 0062 32F80C0C 		ldrh	r0, [r2, #-12]
 559 0066 A042     		cmp	r0, r4
 560 0068 03F10100 		add	r0, r3, #1
 561 006c 03D1     		bne	.L68
 562 006e 32F80A6C 		ldrh	r6, [r2, #-10]
 563 0072 AE42     		cmp	r6, r5
 564 0074 08D0     		beq	.L69
 565              	.L68:
 566 0076 C3B2     		uxtb	r3, r0
 567 0078 0C32     		adds	r2, r2, #12
 568 007a F0E7     		b	.L67
 569              	.L76:
 570 007c 0B70     		strb	r3, [r1]
 571 007e C9E7     		b	.L71
 572              	.L72:
 573 0080 FF20     		movs	r0, #255
 574 0082 70BD     		pop	{r4, r5, r6, pc}
 575              	.L73:
 576 0084 1046     		mov	r0, r2
 577 0086 70BD     		pop	{r4, r5, r6, pc}
 578              	.L69:
 579 0088 0B70     		strb	r3, [r1]
 580 008a C0B2     		uxtb	r0, r0
 581 008c 70BD     		pop	{r4, r5, r6, pc}
 582              	.L78:
 583 008e 00BF     		.align	2
 584              	.L77:
 585 0090 00000000 		.word	uip_all_zeroes_addr
 586 0094 00000000 		.word	uip_broadcast_addr
 587 0098 00000000 		.word	uip_hostaddr
 588 009c 00000000 		.word	uip_netmask
 589 00a0 00000000 		.word	.LANCHOR6
 590 00a4 00000000 		.word	uip_draddr
 591 00a8 00000000 		.word	.LANCHOR1
 592 00ac 0C000000 		.word	.LANCHOR0+12
 594              		.section	.bss.i,"aw",%nobits
 595              		.set	.LANCHOR1,. + 0
 598              	i:
 599 0000 00       		.space	1
 600              		.section	.bss.tmpage,"aw",%nobits
 601              		.set	.LANCHOR3,. + 0
 604              	tmpage:
 605 0000 00       		.space	1
 606              		.section	.bss.arp_table,"aw",%nobits
 607              		.align	1
 608              		.set	.LANCHOR0,. + 0
 611              	arp_table:
 612 0000 00000000 		.space	96
 612      00000000 
 612      00000000 
 612      00000000 
 612      00000000 
 613              		.section	.rodata.broadcast_ethaddr,"a",%progbits
 614              		.set	.LANCHOR5,. + 0
 617              	broadcast_ethaddr:
 618 0000 FF       		.byte	-1
 619 0001 FF       		.byte	-1
 620 0002 FF       		.byte	-1
 621 0003 FF       		.byte	-1
 622 0004 FF       		.byte	-1
 623 0005 FF       		.byte	-1
 624              		.section	.bss.c,"aw",%nobits
 625              		.set	.LANCHOR4,. + 0
 628              	c:
 629 0000 00       		.space	1
 630              		.section	.bss.arptime,"aw",%nobits
 631              		.set	.LANCHOR2,. + 0
 634              	arptime:
 635 0000 00       		.space	1
 636              		.section	.bss.ipaddr,"aw",%nobits
 637              		.align	1
 638              		.set	.LANCHOR6,. + 0
 641              	ipaddr:
 642 0000 00000000 		.space	4
 643              		.ident	"GCC: (Sourcery CodeBench Lite 2013.11-24) 4.8.1"
DEFINED SYMBOLS
                            *ABS*:00000000 uip_arp.c
D:\Users\draapho\AppData\Local\Temp\ccziqfsk.s:16     .text.uip_arp_update.constprop.0:00000000 $t
D:\Users\draapho\AppData\Local\Temp\ccziqfsk.s:20     .text.uip_arp_update.constprop.0:00000000 uip_arp_update.constprop.0
D:\Users\draapho\AppData\Local\Temp\ccziqfsk.s:142    .text.uip_arp_update.constprop.0:000000f0 $d
D:\Users\draapho\AppData\Local\Temp\ccziqfsk.s:153    .text.uip_arp_init:00000000 $t
D:\Users\draapho\AppData\Local\Temp\ccziqfsk.s:158    .text.uip_arp_init:00000000 uip_arp_init
D:\Users\draapho\AppData\Local\Temp\ccziqfsk.s:184    .text.uip_arp_init:00000028 $d
D:\Users\draapho\AppData\Local\Temp\ccziqfsk.s:188    .text.uip_arp_timer:00000000 $t
D:\Users\draapho\AppData\Local\Temp\ccziqfsk.s:193    .text.uip_arp_timer:00000000 uip_arp_timer
D:\Users\draapho\AppData\Local\Temp\ccziqfsk.s:238    .text.uip_arp_timer:00000058 $d
D:\Users\draapho\AppData\Local\Temp\ccziqfsk.s:244    .text.uip_arp_arpin:00000000 $t
D:\Users\draapho\AppData\Local\Temp\ccziqfsk.s:249    .text.uip_arp_arpin:00000000 uip_arp_arpin
D:\Users\draapho\AppData\Local\Temp\ccziqfsk.s:323    .text.uip_arp_arpin:0000009c $d
D:\Users\draapho\AppData\Local\Temp\ccziqfsk.s:329    .text.uip_arp_out:00000000 $t
D:\Users\draapho\AppData\Local\Temp\ccziqfsk.s:334    .text.uip_arp_out:00000000 uip_arp_out
D:\Users\draapho\AppData\Local\Temp\ccziqfsk.s:478    .text.uip_arp_out:00000120 $d
D:\Users\draapho\AppData\Local\Temp\ccziqfsk.s:494    .text.uip_arp_check:00000000 $t
D:\Users\draapho\AppData\Local\Temp\ccziqfsk.s:499    .text.uip_arp_check:00000000 uip_arp_check
D:\Users\draapho\AppData\Local\Temp\ccziqfsk.s:585    .text.uip_arp_check:00000090 $d
D:\Users\draapho\AppData\Local\Temp\ccziqfsk.s:598    .bss.i:00000000 i
D:\Users\draapho\AppData\Local\Temp\ccziqfsk.s:599    .bss.i:00000000 $d
D:\Users\draapho\AppData\Local\Temp\ccziqfsk.s:604    .bss.tmpage:00000000 tmpage
D:\Users\draapho\AppData\Local\Temp\ccziqfsk.s:605    .bss.tmpage:00000000 $d
D:\Users\draapho\AppData\Local\Temp\ccziqfsk.s:607    .bss.arp_table:00000000 $d
D:\Users\draapho\AppData\Local\Temp\ccziqfsk.s:611    .bss.arp_table:00000000 arp_table
D:\Users\draapho\AppData\Local\Temp\ccziqfsk.s:617    .rodata.broadcast_ethaddr:00000000 broadcast_ethaddr
D:\Users\draapho\AppData\Local\Temp\ccziqfsk.s:628    .bss.c:00000000 c
D:\Users\draapho\AppData\Local\Temp\ccziqfsk.s:629    .bss.c:00000000 $d
D:\Users\draapho\AppData\Local\Temp\ccziqfsk.s:634    .bss.arptime:00000000 arptime
D:\Users\draapho\AppData\Local\Temp\ccziqfsk.s:635    .bss.arptime:00000000 $d
D:\Users\draapho\AppData\Local\Temp\ccziqfsk.s:637    .bss.ipaddr:00000000 $d
D:\Users\draapho\AppData\Local\Temp\ccziqfsk.s:641    .bss.ipaddr:00000000 ipaddr

UNDEFINED SYMBOLS
uip_aligned_buf
uip_all_zeroes_addr
memset
uip_len
uip_hostaddr
uip_ethaddr
uip_broadcast_addr
uip_netmask
uip_draddr
uip_appdata
