   1              		.syntax unified
   2              		.cpu cortex-m3
   3              		.fpu softvfp
   4              		.eabi_attribute 20, 1
   5              		.eabi_attribute 21, 1
   6              		.eabi_attribute 23, 3
   7              		.eabi_attribute 24, 1
   8              		.eabi_attribute 25, 1
   9              		.eabi_attribute 26, 1
  10              		.eabi_attribute 30, 4
  11              		.eabi_attribute 34, 1
  12              		.eabi_attribute 18, 4
  13              		.thumb
  14              		.file	"sd_sdio.c"
  15              		.section	.text.CmdResp2Error,"ax",%progbits
  16              		.align	1
  17              		.thumb
  18              		.thumb_func
  20              	CmdResp2Error:
  21              		@ args = 0, pretend = 0, frame = 0
  22              		@ frame_needed = 0, uses_anonymous_args = 0
  23 0000 10B5     		push	{r4, lr}
  24 0002 0D4B     		ldr	r3, .L8
  25              	.L3:
  26 0004 586B     		ldr	r0, [r3, #52]
  27 0006 10F0450F 		tst	r0, #69
  28 000a FBD0     		beq	.L3
  29 000c 4307     		lsls	r3, r0, #29
  30 000e 04D5     		bpl	.L4
  31 0010 0420     		movs	r0, #4
  32 0012 FFF7FEFF 		bl	SDIO_ClearFlag
  33 0016 0320     		movs	r0, #3
  34 0018 10BD     		pop	{r4, pc}
  35              	.L4:
  36 001a 10F00104 		ands	r4, r0, #1
  37 001e 04D0     		beq	.L6
  38 0020 0120     		movs	r0, #1
  39 0022 FFF7FEFF 		bl	SDIO_ClearFlag
  40 0026 0120     		movs	r0, #1
  41 0028 10BD     		pop	{r4, pc}
  42              	.L6:
  43 002a 40F2FF50 		movw	r0, #1535
  44 002e FFF7FEFF 		bl	SDIO_ClearFlag
  45 0032 2046     		mov	r0, r4
  46 0034 10BD     		pop	{r4, pc}
  47              	.L9:
  48 0036 00BF     		.align	2
  49              	.L8:
  50 0038 00800140 		.word	1073840128
  52              		.section	.text.CmdResp1Error.isra.0,"ax",%progbits
  53              		.align	1
  54              		.thumb
  55              		.thumb_func
  57              	CmdResp1Error.isra.0:
  58              		@ args = 0, pretend = 0, frame = 0
  59              		@ frame_needed = 0, uses_anonymous_args = 0
  60              		@ link register save eliminated.
  61 0000 0649     		ldr	r1, .L13
  62              	.L12:
  63 0002 4A6B     		ldr	r2, [r1, #52]
  64 0004 054B     		ldr	r3, .L13
  65 0006 12F0450F 		tst	r2, #69
  66 000a FAD0     		beq	.L12
  67 000c 40F2FF52 		movw	r2, #1535
  68 0010 9A63     		str	r2, [r3, #56]
  69 0012 5869     		ldr	r0, [r3, #20]
  70 0014 00F00800 		and	r0, r0, #8
  71 0018 7047     		bx	lr
  72              	.L14:
  73 001a 00BF     		.align	2
  74              	.L13:
  75 001c 00800140 		.word	1073840128
  77              		.section	.text.SDEnWideBus,"ax",%progbits
  78              		.align	1
  79              		.thumb
  80              		.thumb_func
  82              	SDEnWideBus:
  83              		@ args = 0, pretend = 0, frame = 56
  84              		@ frame_needed = 0, uses_anonymous_args = 0
  85 0000 2DE9F043 		push	{r4, r5, r6, r7, r8, r9, lr}
  86 0004 8046     		mov	r8, r0
  87 0006 8FB0     		sub	sp, sp, #60
  88 0008 0020     		movs	r0, #0
  89 000a FFF7FEFF 		bl	SDIO_GetResponse
  90 000e 10F00075 		ands	r5, r0, #33554432
  91 0012 40F0C580 		bne	.L27
  92 0016 1023     		movs	r3, #16
  93 0018 03A8     		add	r0, sp, #12
  94 001a 4FF00809 		mov	r9, #8
  95 001e 4027     		movs	r7, #64
  96 0020 4FF48064 		mov	r4, #1024
  97 0024 0493     		str	r3, [sp, #16]
  98 0026 0195     		str	r5, [sp, #4]
  99 0028 0295     		str	r5, [sp, #8]
 100 002a CDF80C90 		str	r9, [sp, #12]
 101 002e 0597     		str	r7, [sp, #20]
 102 0030 0695     		str	r5, [sp, #24]
 103 0032 0794     		str	r4, [sp, #28]
 104 0034 FFF7FEFF 		bl	SDIO_SendCommand
 105 0038 FFF7FEFF 		bl	CmdResp1Error.isra.0
 106 003c 0646     		mov	r6, r0
 107 003e 0028     		cmp	r0, #0
 108 0040 6CD1     		bne	.L28
 109 0042 5C4B     		ldr	r3, .L38
 110 0044 0690     		str	r0, [sp, #24]
 111 0046 1B68     		ldr	r3, [r3]
 112 0048 03A8     		add	r0, sp, #12
 113 004a 1B04     		lsls	r3, r3, #16
 114 004c 0393     		str	r3, [sp, #12]
 115 004e 3723     		movs	r3, #55
 116 0050 0493     		str	r3, [sp, #16]
 117 0052 0597     		str	r7, [sp, #20]
 118 0054 0794     		str	r4, [sp, #28]
 119 0056 FFF7FEFF 		bl	SDIO_SendCommand
 120 005a FFF7FEFF 		bl	CmdResp1Error.isra.0
 121 005e 0546     		mov	r5, r0
 122 0060 0028     		cmp	r0, #0
 123 0062 5DD1     		bne	.L29
 124 0064 4FF0FF33 		mov	r3, #-1
 125 0068 0893     		str	r3, [sp, #32]
 126 006a 3023     		movs	r3, #48
 127 006c 0A93     		str	r3, [sp, #40]
 128 006e 0223     		movs	r3, #2
 129 0070 0B93     		str	r3, [sp, #44]
 130 0072 0C90     		str	r0, [sp, #48]
 131 0074 0123     		movs	r3, #1
 132 0076 08A8     		add	r0, sp, #32
 133 0078 0D93     		str	r3, [sp, #52]
 134 007a CDF82490 		str	r9, [sp, #36]
 135 007e FFF7FEFF 		bl	SDIO_DataConfig
 136 0082 3323     		movs	r3, #51
 137 0084 03A8     		add	r0, sp, #12
 138 0086 0493     		str	r3, [sp, #16]
 139 0088 0395     		str	r5, [sp, #12]
 140 008a 0597     		str	r7, [sp, #20]
 141 008c 0695     		str	r5, [sp, #24]
 142 008e 0794     		str	r4, [sp, #28]
 143 0090 FFF7FEFF 		bl	SDIO_SendCommand
 144 0094 FFF7FEFF 		bl	CmdResp1Error.isra.0
 145 0098 0028     		cmp	r0, #0
 146 009a 44D1     		bne	.L30
 147 009c 464D     		ldr	r5, .L38+4
 148 009e 6C46     		mov	r4, sp
 149              	.L20:
 150 00a0 6A6B     		ldr	r2, [r5, #52]
 151 00a2 40F22A63 		movw	r3, #1578
 152 00a6 1340     		ands	r3, r3, r2
 153 00a8 53B9     		cbnz	r3, .L37
 154 00aa 4FF40010 		mov	r0, #2097152
 155 00ae FFF7FEFF 		bl	SDIO_GetFlagStatus
 156 00b2 0028     		cmp	r0, #0
 157 00b4 F4D0     		beq	.L20
 158 00b6 FFF7FEFF 		bl	SDIO_ReadData
 159 00ba 44F8040F 		str	r0, [r4, #4]!
 160 00be EFE7     		b	.L20
 161              	.L37:
 162 00c0 0820     		movs	r0, #8
 163 00c2 FFF7FEFF 		bl	SDIO_GetFlagStatus
 164 00c6 20B1     		cbz	r0, .L22
 165 00c8 0820     		movs	r0, #8
 166 00ca FFF7FEFF 		bl	SDIO_ClearFlag
 167 00ce 0424     		movs	r4, #4
 168 00d0 6BE0     		b	.L16
 169              	.L22:
 170 00d2 0220     		movs	r0, #2
 171 00d4 FFF7FEFF 		bl	SDIO_GetFlagStatus
 172 00d8 20B1     		cbz	r0, .L23
 173 00da 0220     		movs	r0, #2
 174 00dc FFF7FEFF 		bl	SDIO_ClearFlag
 175 00e0 0224     		movs	r4, #2
 176 00e2 62E0     		b	.L16
 177              	.L23:
 178 00e4 2020     		movs	r0, #32
 179 00e6 FFF7FEFF 		bl	SDIO_GetFlagStatus
 180 00ea 20B1     		cbz	r0, .L24
 181 00ec 2020     		movs	r0, #32
 182 00ee FFF7FEFF 		bl	SDIO_ClearFlag
 183 00f2 0624     		movs	r4, #6
 184 00f4 59E0     		b	.L16
 185              	.L24:
 186 00f6 4FF40070 		mov	r0, #512
 187 00fa FFF7FEFF 		bl	SDIO_GetFlagStatus
 188 00fe 0446     		mov	r4, r0
 189 0100 28B1     		cbz	r0, .L25
 190 0102 4FF40070 		mov	r0, #512
 191 0106 FFF7FEFF 		bl	SDIO_ClearFlag
 192 010a 0724     		movs	r4, #7
 193 010c 4DE0     		b	.L16
 194              	.L25:
 195 010e 40F2FF50 		movw	r0, #1535
 196 0112 FFF7FEFF 		bl	SDIO_ClearFlag
 197 0116 019D     		ldr	r5, [sp, #4]
 198 0118 2DBA     		rev	r5, r5
 199 011a 07E0     		b	.L35
 200              	.L28:
 201 011c 0446     		mov	r4, r0
 202 011e 03E0     		b	.L17
 203              	.L29:
 204 0120 0446     		mov	r4, r0
 205 0122 3546     		mov	r5, r6
 206 0124 00E0     		b	.L17
 207              	.L30:
 208 0126 0446     		mov	r4, r0
 209              	.L17:
 210 0128 002C     		cmp	r4, #0
 211 012a 3ED1     		bne	.L16
 212              	.L35:
 213 012c B8F1010F 		cmp	r8, #1
 214 0130 16D1     		bne	.L26
 215 0132 6903     		lsls	r1, r5, #13
 216 0134 36D5     		bpl	.L33
 217 0136 1F4B     		ldr	r3, .L38
 218 0138 4026     		movs	r6, #64
 219 013a 1B68     		ldr	r3, [r3]
 220 013c 4FF48065 		mov	r5, #1024
 221 0140 1B04     		lsls	r3, r3, #16
 222 0142 0893     		str	r3, [sp, #32]
 223 0144 08A8     		add	r0, sp, #32
 224 0146 3723     		movs	r3, #55
 225 0148 0993     		str	r3, [sp, #36]
 226 014a 0A96     		str	r6, [sp, #40]
 227 014c 0B94     		str	r4, [sp, #44]
 228 014e 0C95     		str	r5, [sp, #48]
 229 0150 FFF7FEFF 		bl	SDIO_SendCommand
 230 0154 FFF7FEFF 		bl	CmdResp1Error.isra.0
 231 0158 30BB     		cbnz	r0, .L34
 232 015a 0223     		movs	r3, #2
 233 015c 0893     		str	r3, [sp, #32]
 234 015e 14E0     		b	.L36
 235              	.L26:
 236 0160 EA03     		lsls	r2, r5, #15
 237 0162 1FD5     		bpl	.L33
 238 0164 134B     		ldr	r3, .L38
 239 0166 4026     		movs	r6, #64
 240 0168 1B68     		ldr	r3, [r3]
 241 016a 4FF48065 		mov	r5, #1024
 242 016e 1B04     		lsls	r3, r3, #16
 243 0170 0893     		str	r3, [sp, #32]
 244 0172 08A8     		add	r0, sp, #32
 245 0174 3723     		movs	r3, #55
 246 0176 0993     		str	r3, [sp, #36]
 247 0178 0A96     		str	r6, [sp, #40]
 248 017a 0B94     		str	r4, [sp, #44]
 249 017c 0C95     		str	r5, [sp, #48]
 250 017e FFF7FEFF 		bl	SDIO_SendCommand
 251 0182 FFF7FEFF 		bl	CmdResp1Error.isra.0
 252 0186 78B9     		cbnz	r0, .L34
 253 0188 0894     		str	r4, [sp, #32]
 254              	.L36:
 255 018a 0623     		movs	r3, #6
 256 018c 08A8     		add	r0, sp, #32
 257 018e 0993     		str	r3, [sp, #36]
 258 0190 0A96     		str	r6, [sp, #40]
 259 0192 0B94     		str	r4, [sp, #44]
 260 0194 0C95     		str	r5, [sp, #48]
 261 0196 FFF7FEFF 		bl	SDIO_SendCommand
 262 019a FFF7FEFF 		bl	CmdResp1Error.isra.0
 263 019e 03E0     		b	.L34
 264              	.L27:
 265 01a0 0E24     		movs	r4, #14
 266 01a2 02E0     		b	.L16
 267              	.L33:
 268 01a4 2524     		movs	r4, #37
 269 01a6 00E0     		b	.L16
 270              	.L34:
 271 01a8 0446     		mov	r4, r0
 272              	.L16:
 273 01aa 2046     		mov	r0, r4
 274 01ac 0FB0     		add	sp, sp, #60
 275              		@ sp needed
 276 01ae BDE8F083 		pop	{r4, r5, r6, r7, r8, r9, pc}
 277              	.L39:
 278 01b2 00BF     		.align	2
 279              	.L38:
 280 01b4 00000000 		.word	.LANCHOR0
 281 01b8 00800140 		.word	1073840128
 283              		.section	.text.SD_Port_Init,"ax",%progbits
 284              		.align	1
 285              		.global	SD_Port_Init
 286              		.thumb
 287              		.thumb_func
 289              	SD_Port_Init:
 290              		@ args = 0, pretend = 0, frame = 8
 291              		@ frame_needed = 0, uses_anonymous_args = 0
 292 0000 07B5     		push	{r0, r1, r2, lr}
 293 0002 3020     		movs	r0, #48
 294 0004 0121     		movs	r1, #1
 295 0006 FFF7FEFF 		bl	RCC_APB2PeriphClockCmd
 296 000a 4FF4F853 		mov	r3, #7936
 297 000e ADF80030 		strh	r3, [sp]	@ movhi
 298 0012 0323     		movs	r3, #3
 299 0014 8DF80230 		strb	r3, [sp, #2]
 300 0018 6946     		mov	r1, sp
 301 001a 1823     		movs	r3, #24
 302 001c 1048     		ldr	r0, .L41
 303 001e 8DF80330 		strb	r3, [sp, #3]
 304 0022 FFF7FEFF 		bl	GPIO_Init
 305 0026 0423     		movs	r3, #4
 306 0028 6946     		mov	r1, sp
 307 002a 0E48     		ldr	r0, .L41+4
 308 002c ADF80030 		strh	r3, [sp]	@ movhi
 309 0030 FFF7FEFF 		bl	GPIO_Init
 310 0034 4FF4A060 		mov	r0, #1280
 311 0038 FFF7FEFF 		bl	NVIC_PriorityGroupConfig
 312 003c 3123     		movs	r3, #49
 313 003e 8DF80430 		strb	r3, [sp, #4]
 314 0042 0023     		movs	r3, #0
 315 0044 8DF80530 		strb	r3, [sp, #5]
 316 0048 8DF80630 		strb	r3, [sp, #6]
 317 004c 01A8     		add	r0, sp, #4
 318 004e 0123     		movs	r3, #1
 319 0050 8DF80730 		strb	r3, [sp, #7]
 320 0054 FFF7FEFF 		bl	NVIC_Init
 321 0058 03B0     		add	sp, sp, #12
 322              		@ sp needed
 323 005a 5DF804FB 		ldr	pc, [sp], #4
 324              	.L42:
 325 005e 00BF     		.align	2
 326              	.L41:
 327 0060 00100140 		.word	1073811456
 328 0064 00140140 		.word	1073812480
 330              		.section	.text.SD_LowLevel_Init,"ax",%progbits
 331              		.align	1
 332              		.global	SD_LowLevel_Init
 333              		.thumb
 334              		.thumb_func
 336              	SD_LowLevel_Init:
 337              		@ args = 0, pretend = 0, frame = 0
 338              		@ frame_needed = 0, uses_anonymous_args = 0
 339 0000 08B5     		push	{r3, lr}
 340 0002 4FF48060 		mov	r0, #1024
 341 0006 0121     		movs	r1, #1
 342 0008 FFF7FEFF 		bl	RCC_AHBPeriphClockCmd
 343 000c BDE80840 		pop	{r3, lr}
 344 0010 0220     		movs	r0, #2
 345 0012 0121     		movs	r1, #1
 346 0014 FFF7FEBF 		b	RCC_AHBPeriphClockCmd
 348              		.section	.text.SD_LowLevel_DMA_TxConfig,"ax",%progbits
 349              		.align	1
 350              		.global	SD_LowLevel_DMA_TxConfig
 351              		.thumb
 352              		.thumb_func
 354              	SD_LowLevel_DMA_TxConfig:
 355              		@ args = 0, pretend = 0, frame = 48
 356              		@ frame_needed = 0, uses_anonymous_args = 0
 357 0000 70B5     		push	{r4, r5, r6, lr}
 358 0002 154C     		ldr	r4, .L45
 359 0004 8CB0     		sub	sp, sp, #48
 360 0006 0546     		mov	r5, r0
 361 0008 1448     		ldr	r0, .L45+4
 362 000a 0E46     		mov	r6, r1
 363 000c FFF7FEFF 		bl	DMA_ClearFlag
 364 0010 2046     		mov	r0, r4
 365 0012 0021     		movs	r1, #0
 366 0014 FFF7FEFF 		bl	DMA_Cmd
 367 0018 114B     		ldr	r3, .L45+8
 368 001a 8022     		movs	r2, #128
 369 001c 0692     		str	r2, [sp, #24]
 370 001e 4FF40072 		mov	r2, #512
 371 0022 0193     		str	r3, [sp, #4]
 372 0024 0792     		str	r2, [sp, #28]
 373 0026 1023     		movs	r3, #16
 374 0028 4FF40062 		mov	r2, #2048
 375 002c 0393     		str	r3, [sp, #12]
 376 002e 0892     		str	r2, [sp, #32]
 377 0030 0023     		movs	r3, #0
 378 0032 4FF40052 		mov	r2, #8192
 379 0036 2046     		mov	r0, r4
 380 0038 01A9     		add	r1, sp, #4
 381 003a B608     		lsrs	r6, r6, #2
 382 003c 0593     		str	r3, [sp, #20]
 383 003e 0993     		str	r3, [sp, #36]
 384 0040 0A92     		str	r2, [sp, #40]
 385 0042 0B93     		str	r3, [sp, #44]
 386 0044 0295     		str	r5, [sp, #8]
 387 0046 0496     		str	r6, [sp, #16]
 388 0048 FFF7FEFF 		bl	DMA_Init
 389 004c 2046     		mov	r0, r4
 390 004e 0121     		movs	r1, #1
 391 0050 FFF7FEFF 		bl	DMA_Cmd
 392 0054 0CB0     		add	sp, sp, #48
 393              		@ sp needed
 394 0056 70BD     		pop	{r4, r5, r6, pc}
 395              	.L46:
 396              		.align	2
 397              	.L45:
 398 0058 44040240 		.word	1073873988
 399 005c 00F00010 		.word	268496896
 400 0060 80800140 		.word	1073840256
 402              		.section	.text.SD_LowLevel_DMA_RxConfig,"ax",%progbits
 403              		.align	1
 404              		.global	SD_LowLevel_DMA_RxConfig
 405              		.thumb
 406              		.thumb_func
 408              	SD_LowLevel_DMA_RxConfig:
 409              		@ args = 0, pretend = 0, frame = 48
 410              		@ frame_needed = 0, uses_anonymous_args = 0
 411 0000 70B5     		push	{r4, r5, r6, lr}
 412 0002 154C     		ldr	r4, .L48
 413 0004 8CB0     		sub	sp, sp, #48
 414 0006 0546     		mov	r5, r0
 415 0008 1448     		ldr	r0, .L48+4
 416 000a 0E46     		mov	r6, r1
 417 000c FFF7FEFF 		bl	DMA_ClearFlag
 418 0010 2046     		mov	r0, r4
 419 0012 0021     		movs	r1, #0
 420 0014 FFF7FEFF 		bl	DMA_Cmd
 421 0018 8022     		movs	r2, #128
 422 001a 0692     		str	r2, [sp, #24]
 423 001c 104B     		ldr	r3, .L48+8
 424 001e 4FF40072 		mov	r2, #512
 425 0022 0792     		str	r2, [sp, #28]
 426 0024 4FF40062 		mov	r2, #2048
 427 0028 0193     		str	r3, [sp, #4]
 428 002a 0892     		str	r2, [sp, #32]
 429 002c 0023     		movs	r3, #0
 430 002e 4FF40052 		mov	r2, #8192
 431 0032 2046     		mov	r0, r4
 432 0034 01A9     		add	r1, sp, #4
 433 0036 B608     		lsrs	r6, r6, #2
 434 0038 0393     		str	r3, [sp, #12]
 435 003a 0593     		str	r3, [sp, #20]
 436 003c 0993     		str	r3, [sp, #36]
 437 003e 0A92     		str	r2, [sp, #40]
 438 0040 0B93     		str	r3, [sp, #44]
 439 0042 0295     		str	r5, [sp, #8]
 440 0044 0496     		str	r6, [sp, #16]
 441 0046 FFF7FEFF 		bl	DMA_Init
 442 004a 2046     		mov	r0, r4
 443 004c 0121     		movs	r1, #1
 444 004e FFF7FEFF 		bl	DMA_Cmd
 445 0052 0CB0     		add	sp, sp, #48
 446              		@ sp needed
 447 0054 70BD     		pop	{r4, r5, r6, pc}
 448              	.L49:
 449 0056 00BF     		.align	2
 450              	.L48:
 451 0058 44040240 		.word	1073873988
 452 005c 00F00010 		.word	268496896
 453 0060 80800140 		.word	1073840256
 455              		.section	.text.SD_DMAEndOfTransferStatus,"ax",%progbits
 456              		.align	1
 457              		.global	SD_DMAEndOfTransferStatus
 458              		.thumb
 459              		.thumb_func
 461              	SD_DMAEndOfTransferStatus:
 462              		@ args = 0, pretend = 0, frame = 0
 463              		@ frame_needed = 0, uses_anonymous_args = 0
 464 0000 08B5     		push	{r3, lr}
 465 0002 0248     		ldr	r0, .L51
 466 0004 FFF7FEFF 		bl	DMA_GetFlagStatus
 467 0008 08BD     		pop	{r3, pc}
 468              	.L52:
 469 000a 00BF     		.align	2
 470              	.L51:
 471 000c 00200010 		.word	268443648
 473              		.section	.text.SD_PowerON,"ax",%progbits
 474              		.align	1
 475              		.global	SD_PowerON
 476              		.thumb
 477              		.thumb_func
 479              	SD_PowerON:
 480              		@ args = 0, pretend = 0, frame = 48
 481              		@ frame_needed = 0, uses_anonymous_args = 0
 482 0000 2DE9F043 		push	{r4, r5, r6, r7, r8, r9, lr}
 483 0004 8DB0     		sub	sp, sp, #52
 484 0006 0024     		movs	r4, #0
 485 0008 B223     		movs	r3, #178
 486 000a 06A8     		add	r0, sp, #24
 487 000c 8DF82C30 		strb	r3, [sp, #44]
 488 0010 0694     		str	r4, [sp, #24]
 489 0012 0794     		str	r4, [sp, #28]
 490 0014 0894     		str	r4, [sp, #32]
 491 0016 0994     		str	r4, [sp, #36]
 492 0018 0A94     		str	r4, [sp, #40]
 493 001a FFF7FEFF 		bl	SDIO_Init
 494 001e 0320     		movs	r0, #3
 495 0020 FFF7FEFF 		bl	SDIO_SetPowerState
 496 0024 0120     		movs	r0, #1
 497 0026 FFF7FEFF 		bl	SDIO_ClockCmd
 498 002a 4FF48063 		mov	r3, #1024
 499 002e 01A8     		add	r0, sp, #4
 500 0030 0194     		str	r4, [sp, #4]
 501 0032 0294     		str	r4, [sp, #8]
 502 0034 0394     		str	r4, [sp, #12]
 503 0036 0494     		str	r4, [sp, #16]
 504 0038 0593     		str	r3, [sp, #20]
 505 003a FFF7FEFF 		bl	SDIO_SendCommand
 506 003e 4FF48034 		mov	r4, #65536
 507              	.L54:
 508 0042 8020     		movs	r0, #128
 509 0044 FFF7FEFF 		bl	SDIO_GetFlagStatus
 510 0048 10B9     		cbnz	r0, .L85
 511 004a 013C     		subs	r4, r4, #1
 512 004c F9D1     		bne	.L54
 513 004e A1E0     		b	.L55
 514              	.L85:
 515 0050 40F2FF50 		movw	r0, #1535
 516 0054 FFF7FEFF 		bl	SDIO_ClearFlag
 517 0058 4FF4D573 		mov	r3, #426
 518 005c 0193     		str	r3, [sp, #4]
 519 005e 0823     		movs	r3, #8
 520 0060 0293     		str	r3, [sp, #8]
 521 0062 4023     		movs	r3, #64
 522 0064 0393     		str	r3, [sp, #12]
 523 0066 0023     		movs	r3, #0
 524 0068 0493     		str	r3, [sp, #16]
 525 006a 01A8     		add	r0, sp, #4
 526 006c 4FF48063 		mov	r3, #1024
 527 0070 0593     		str	r3, [sp, #20]
 528 0072 FFF7FEFF 		bl	SDIO_SendCommand
 529 0076 4B49     		ldr	r1, .L86
 530 0078 4FF48033 		mov	r3, #65536
 531 007c 4A6B     		ldr	r2, [r1, #52]
 532              	.L74:
 533 007e 12F0450F 		tst	r2, #69
 534 0082 03D1     		bne	.L58
 535 0084 2BB1     		cbz	r3, .L60
 536 0086 013B     		subs	r3, r3, #1
 537 0088 4A6B     		ldr	r2, [r1, #52]
 538 008a F8E7     		b	.L74
 539              	.L58:
 540 008c 0BB1     		cbz	r3, .L60
 541 008e 5407     		lsls	r4, r2, #29
 542 0090 15D5     		bpl	.L61
 543              	.L60:
 544 0092 0420     		movs	r0, #4
 545 0094 FFF7FEFF 		bl	SDIO_ClearFlag
 546 0098 434B     		ldr	r3, .L86+4
 547 009a 0024     		movs	r4, #0
 548 009c 1C60     		str	r4, [r3]
 549 009e 3723     		movs	r3, #55
 550 00a0 0293     		str	r3, [sp, #8]
 551 00a2 4023     		movs	r3, #64
 552 00a4 0393     		str	r3, [sp, #12]
 553 00a6 01A8     		add	r0, sp, #4
 554 00a8 4FF48063 		mov	r3, #1024
 555 00ac 0593     		str	r3, [sp, #20]
 556 00ae 0194     		str	r4, [sp, #4]
 557 00b0 0494     		str	r4, [sp, #16]
 558 00b2 2646     		mov	r6, r4
 559 00b4 FFF7FEFF 		bl	SDIO_SendCommand
 560 00b8 FFF7FEFF 		bl	CmdResp1Error.isra.0
 561 00bc 09E0     		b	.L62
 562              	.L61:
 563 00be 5006     		lsls	r0, r2, #25
 564 00c0 02D5     		bpl	.L63
 565 00c2 4020     		movs	r0, #64
 566 00c4 FFF7FEFF 		bl	SDIO_ClearFlag
 567              	.L63:
 568 00c8 374B     		ldr	r3, .L86+4
 569 00ca 0122     		movs	r2, #1
 570 00cc 1A60     		str	r2, [r3]
 571 00ce 4FF08046 		mov	r6, #1073741824
 572              	.L62:
 573 00d2 0023     		movs	r3, #0
 574 00d4 3722     		movs	r2, #55
 575 00d6 0193     		str	r3, [sp, #4]
 576 00d8 0292     		str	r2, [sp, #8]
 577 00da 0493     		str	r3, [sp, #16]
 578 00dc 4022     		movs	r2, #64
 579 00de 4FF48063 		mov	r3, #1024
 580 00e2 01A8     		add	r0, sp, #4
 581 00e4 0392     		str	r2, [sp, #12]
 582 00e6 0593     		str	r3, [sp, #20]
 583 00e8 FFF7FEFF 		bl	SDIO_SendCommand
 584 00ec FFF7FEFF 		bl	CmdResp1Error.isra.0
 585 00f0 0028     		cmp	r0, #0
 586 00f2 53D1     		bne	.L84
 587 00f4 46F00046 		orr	r6, r6, #-2147483648
 588 00f8 0446     		mov	r4, r0
 589 00fa 0546     		mov	r5, r0
 590 00fc 4FF6FF78 		movw	r8, #65535
 591 0100 46F48019 		orr	r9, r6, #1048576
 592              	.L65:
 593 0104 002C     		cmp	r4, #0
 594 0106 34D1     		bne	.L70
 595 0108 4545     		cmp	r5, r8
 596 010a 36D0     		beq	.L72
 597 010c 3723     		movs	r3, #55
 598 010e 4026     		movs	r6, #64
 599 0110 4FF48067 		mov	r7, #1024
 600 0114 01A8     		add	r0, sp, #4
 601 0116 0293     		str	r3, [sp, #8]
 602 0118 0194     		str	r4, [sp, #4]
 603 011a 0396     		str	r6, [sp, #12]
 604 011c 0494     		str	r4, [sp, #16]
 605 011e 0597     		str	r7, [sp, #20]
 606 0120 FFF7FEFF 		bl	SDIO_SendCommand
 607 0124 FFF7FEFF 		bl	CmdResp1Error.isra.0
 608 0128 18B1     		cbz	r0, .L66
 609 012a 1F4B     		ldr	r3, .L86+4
 610 012c FF22     		movs	r2, #255
 611 012e 1A60     		str	r2, [r3]
 612 0130 34E0     		b	.L84
 613              	.L66:
 614 0132 2923     		movs	r3, #41
 615 0134 01A8     		add	r0, sp, #4
 616 0136 0293     		str	r3, [sp, #8]
 617 0138 CDF80490 		str	r9, [sp, #4]
 618 013c 0396     		str	r6, [sp, #12]
 619 013e 0494     		str	r4, [sp, #16]
 620 0140 0597     		str	r7, [sp, #20]
 621 0142 FFF7FEFF 		bl	SDIO_SendCommand
 622 0146 174B     		ldr	r3, .L86
 623              	.L68:
 624 0148 586B     		ldr	r0, [r3, #52]
 625 014a 10F0450F 		tst	r0, #69
 626 014e FBD0     		beq	.L68
 627 0150 10F00404 		ands	r4, r0, #4
 628 0154 03D0     		beq	.L69
 629 0156 0420     		movs	r0, #4
 630 0158 FFF7FEFF 		bl	SDIO_ClearFlag
 631 015c 1AE0     		b	.L55
 632              	.L69:
 633 015e 40F2FF50 		movw	r0, #1535
 634 0162 FFF7FEFF 		bl	SDIO_ClearFlag
 635 0166 2046     		mov	r0, r4
 636 0168 FFF7FEFF 		bl	SDIO_GetResponse
 637 016c 0135     		adds	r5, r5, #1
 638 016e C40F     		lsrs	r4, r0, #31
 639 0170 C8E7     		b	.L65
 640              	.L70:
 641 0172 4FF6FF73 		movw	r3, #65535
 642 0176 9D42     		cmp	r5, r3
 643 0178 04D1     		bne	.L73
 644              	.L72:
 645 017a 0B4B     		ldr	r3, .L86+4
 646 017c FF22     		movs	r2, #255
 647 017e 1A60     		str	r2, [r3]
 648 0180 1B20     		movs	r0, #27
 649 0182 0BE0     		b	.L84
 650              	.L73:
 651 0184 10F08040 		ands	r0, r0, #1073741824
 652 0188 08D0     		beq	.L84
 653 018a 074B     		ldr	r3, .L86+4
 654 018c 0222     		movs	r2, #2
 655 018e 1A60     		str	r2, [r3]
 656 0190 0020     		movs	r0, #0
 657 0192 03E0     		b	.L84
 658              	.L55:
 659 0194 044B     		ldr	r3, .L86+4
 660 0196 FF22     		movs	r2, #255
 661 0198 1A60     		str	r2, [r3]
 662 019a 0320     		movs	r0, #3
 663              	.L84:
 664 019c 0DB0     		add	sp, sp, #52
 665              		@ sp needed
 666 019e BDE8F083 		pop	{r4, r5, r6, r7, r8, r9, pc}
 667              	.L87:
 668 01a2 00BF     		.align	2
 669              	.L86:
 670 01a4 00800140 		.word	1073840128
 671 01a8 00000000 		.word	.LANCHOR1
 673              		.section	.text.SD_PowerOFF,"ax",%progbits
 674              		.align	1
 675              		.global	SD_PowerOFF
 676              		.thumb
 677              		.thumb_func
 679              	SD_PowerOFF:
 680              		@ args = 0, pretend = 0, frame = 0
 681              		@ frame_needed = 0, uses_anonymous_args = 0
 682 0000 08B5     		push	{r3, lr}
 683 0002 0020     		movs	r0, #0
 684 0004 FFF7FEFF 		bl	SDIO_SetPowerState
 685 0008 0020     		movs	r0, #0
 686 000a 08BD     		pop	{r3, pc}
 688              		.section	.text.SD_InitializeCards,"ax",%progbits
 689              		.align	1
 690              		.global	SD_InitializeCards
 691              		.thumb
 692              		.thumb_func
 694              	SD_InitializeCards:
 695              		@ args = 0, pretend = 0, frame = 24
 696              		@ frame_needed = 0, uses_anonymous_args = 0
 697 0000 10B5     		push	{r4, lr}
 698 0002 86B0     		sub	sp, sp, #24
 699 0004 FFF7FEFF 		bl	SDIO_GetPowerState
 700 0008 0028     		cmp	r0, #0
 701 000a 5CD0     		beq	.L100
 702 000c 0222     		movs	r2, #2
 703 000e 0023     		movs	r3, #0
 704 0010 0292     		str	r2, [sp, #8]
 705 0012 4FF48064 		mov	r4, #1024
 706 0016 C022     		movs	r2, #192
 707 0018 01A8     		add	r0, sp, #4
 708 001a 0193     		str	r3, [sp, #4]
 709 001c 0392     		str	r2, [sp, #12]
 710 001e 0493     		str	r3, [sp, #16]
 711 0020 0594     		str	r4, [sp, #20]
 712 0022 FFF7FEFF 		bl	SDIO_SendCommand
 713 0026 FFF7FEFF 		bl	CmdResp2Error
 714 002a 0028     		cmp	r0, #0
 715 002c 52D1     		bne	.L105
 716 002e 2A4B     		ldr	r3, .L106
 717 0030 1B68     		ldr	r3, [r3]
 718 0032 FF2B     		cmp	r3, #255
 719 0034 33D0     		beq	.L102
 720 0036 0323     		movs	r3, #3
 721 0038 0190     		str	r0, [sp, #4]
 722 003a 0293     		str	r3, [sp, #8]
 723 003c 0490     		str	r0, [sp, #16]
 724 003e 4023     		movs	r3, #64
 725 0040 01A8     		add	r0, sp, #4
 726 0042 0393     		str	r3, [sp, #12]
 727 0044 0594     		str	r4, [sp, #20]
 728 0046 FFF7FEFF 		bl	SDIO_SendCommand
 729 004a 244B     		ldr	r3, .L106+4
 730              	.L93:
 731 004c 586B     		ldr	r0, [r3, #52]
 732 004e 10F0450F 		tst	r0, #69
 733 0052 FBD0     		beq	.L93
 734 0054 4407     		lsls	r4, r0, #29
 735 0056 04D5     		bpl	.L94
 736 0058 0420     		movs	r0, #4
 737 005a FFF7FEFF 		bl	SDIO_ClearFlag
 738 005e 0320     		movs	r0, #3
 739 0060 38E0     		b	.L105
 740              	.L94:
 741 0062 10F00104 		ands	r4, r0, #1
 742 0066 04D0     		beq	.L96
 743 0068 0120     		movs	r0, #1
 744 006a FFF7FEFF 		bl	SDIO_ClearFlag
 745 006e 0120     		movs	r0, #1
 746 0070 30E0     		b	.L105
 747              	.L96:
 748 0072 FFF7FEFF 		bl	SDIO_GetCommandResponse
 749 0076 0328     		cmp	r0, #3
 750 0078 27D1     		bne	.L97
 751 007a 40F2FF50 		movw	r0, #1535
 752 007e FFF7FEFF 		bl	SDIO_ClearFlag
 753 0082 2046     		mov	r0, r4
 754 0084 FFF7FEFF 		bl	SDIO_GetResponse
 755 0088 10F4604F 		tst	r0, #57344
 756 008c 01D1     		bne	.L98
 757 008e 000C     		lsrs	r0, r0, #16
 758 0090 06E0     		b	.L91
 759              	.L98:
 760 0092 8104     		lsls	r1, r0, #18
 761 0094 1BD4     		bmi	.L103
 762 0096 4204     		lsls	r2, r0, #17
 763 0098 17D4     		bmi	.L97
 764 009a 0304     		lsls	r3, r0, #16
 765 009c 19D4     		bmi	.L104
 766              	.L102:
 767 009e 0120     		movs	r0, #1
 768              	.L91:
 769 00a0 0F4B     		ldr	r3, .L106+8
 770 00a2 1860     		str	r0, [r3]
 771 00a4 0923     		movs	r3, #9
 772 00a6 0293     		str	r3, [sp, #8]
 773 00a8 C023     		movs	r3, #192
 774 00aa 0004     		lsls	r0, r0, #16
 775 00ac 0393     		str	r3, [sp, #12]
 776 00ae 0023     		movs	r3, #0
 777 00b0 0190     		str	r0, [sp, #4]
 778 00b2 0493     		str	r3, [sp, #16]
 779 00b4 01A8     		add	r0, sp, #4
 780 00b6 4FF48063 		mov	r3, #1024
 781 00ba 0593     		str	r3, [sp, #20]
 782 00bc FFF7FEFF 		bl	SDIO_SendCommand
 783 00c0 FFF7FEFF 		bl	CmdResp2Error
 784 00c4 06E0     		b	.L105
 785              	.L100:
 786 00c6 2520     		movs	r0, #37
 787 00c8 04E0     		b	.L105
 788              	.L97:
 789 00ca 1020     		movs	r0, #16
 790 00cc 02E0     		b	.L105
 791              	.L103:
 792 00ce 1320     		movs	r0, #19
 793 00d0 00E0     		b	.L105
 794              	.L104:
 795 00d2 0F20     		movs	r0, #15
 796              	.L105:
 797 00d4 06B0     		add	sp, sp, #24
 798              		@ sp needed
 799 00d6 10BD     		pop	{r4, pc}
 800              	.L107:
 801              		.align	2
 802              	.L106:
 803 00d8 00000000 		.word	.LANCHOR1
 804 00dc 00800140 		.word	1073840128
 805 00e0 00000000 		.word	.LANCHOR0
 807              		.section	.text.SD_GetCardInfo,"ax",%progbits
 808              		.align	1
 809              		.global	SD_GetCardInfo
 810              		.thumb
 811              		.thumb_func
 813              	SD_GetCardInfo:
 814              		@ args = 0, pretend = 0, frame = 0
 815              		@ frame_needed = 0, uses_anonymous_args = 0
 816 0000 2DE9F843 		push	{r3, r4, r5, r6, r7, r8, r9, lr}
 817 0004 0446     		mov	r4, r0
 818 0006 0020     		movs	r0, #0
 819 0008 FFF7FEFF 		bl	SDIO_GetResponse
 820 000c 0746     		mov	r7, r0
 821 000e 0420     		movs	r0, #4
 822 0010 FFF7FEFF 		bl	SDIO_GetResponse
 823 0014 0646     		mov	r6, r0
 824 0016 0820     		movs	r0, #8
 825 0018 FFF7FEFF 		bl	SDIO_GetResponse
 826 001c 0546     		mov	r5, r0
 827 001e 0C20     		movs	r0, #12
 828 0020 FFF7FEFF 		bl	SDIO_GetResponse
 829 0024 A04B     		ldr	r3, .L111
 830 0026 0146     		mov	r1, r0
 831 0028 1868     		ldr	r0, [r3]
 832 002a A04B     		ldr	r3, .L111+4
 833 002c 3A0E     		lsrs	r2, r7, #24
 834 002e 1B68     		ldr	r3, [r3]
 835 0030 0128     		cmp	r0, #1
 836 0032 A4F84C30 		strh	r3, [r4, #76]	@ movhi
 837 0036 D3B2     		uxtb	r3, r2
 838 0038 4FEA931E 		lsr	lr, r3, #6
 839 003c C2F38302 		ubfx	r2, r2, #2, #4
 840 0040 03F00303 		and	r3, r3, #3
 841 0044 84F800E0 		strb	lr, [r4]
 842 0048 6270     		strb	r2, [r4, #1]
 843 004a A370     		strb	r3, [r4, #2]
 844 004c C7F30743 		ubfx	r3, r7, #16, #8
 845 0050 E370     		strb	r3, [r4, #3]
 846 0052 C7F30723 		ubfx	r3, r7, #8, #8
 847 0056 2371     		strb	r3, [r4, #4]
 848 0058 4FEA1663 		lsr	r3, r6, #24
 849 005c FFB2     		uxtb	r7, r7
 850 005e 4FEA0313 		lsl	r3, r3, #4
 851 0062 6771     		strb	r7, [r4, #5]
 852 0064 E380     		strh	r3, [r4, #6]	@ movhi
 853 0066 E288     		ldrh	r2, [r4, #6]
 854 0068 C6F30743 		ubfx	r3, r6, #16, #8
 855 006c 92B2     		uxth	r2, r2
 856 006e 42EA1312 		orr	r2, r2, r3, lsr #4
 857 0072 E280     		strh	r2, [r4, #6]	@ movhi
 858 0074 03F00F03 		and	r3, r3, #15
 859 0078 C6F30722 		ubfx	r2, r6, #8, #8
 860 007c 2372     		strb	r3, [r4, #8]
 861 007e D3B2     		uxtb	r3, r2
 862 0080 4FEAD317 		lsr	r7, r3, #7
 863 0084 6772     		strb	r7, [r4, #9]
 864 0086 C2F38017 		ubfx	r7, r2, #6, #1
 865 008a A772     		strb	r7, [r4, #10]
 866 008c C2F34017 		ubfx	r7, r2, #5, #1
 867 0090 E772     		strb	r7, [r4, #11]
 868 0092 C2F30017 		ubfx	r7, r2, #4, #1
 869 0096 2773     		strb	r7, [r4, #12]
 870 0098 4FF00007 		mov	r7, #0
 871 009c 84F84E00 		strb	r0, [r4, #78]
 872 00a0 6773     		strb	r7, [r4, #13]
 873 00a2 34D8     		bhi	.L109
 874 00a4 02F00302 		and	r2, r2, #3
 875 00a8 9202     		lsls	r2, r2, #10
 876 00aa 2261     		str	r2, [r4, #16]
 877 00ac 2369     		ldr	r3, [r4, #16]
 878 00ae F6B2     		uxtb	r6, r6
 879 00b0 43EA8606 		orr	r6, r3, r6, lsl #2
 880 00b4 2661     		str	r6, [r4, #16]
 881 00b6 2069     		ldr	r0, [r4, #16]
 882 00b8 2A0E     		lsrs	r2, r5, #24
 883 00ba D3B2     		uxtb	r3, r2
 884 00bc 40EA9310 		orr	r0, r0, r3, lsr #6
 885 00c0 C2F3C202 		ubfx	r2, r2, #3, #3
 886 00c4 2061     		str	r0, [r4, #16]
 887 00c6 03F00703 		and	r3, r3, #7
 888 00ca 2275     		strb	r2, [r4, #20]
 889 00cc C5F30742 		ubfx	r2, r5, #16, #8
 890 00d0 6375     		strb	r3, [r4, #21]
 891 00d2 D3B2     		uxtb	r3, r2
 892 00d4 5809     		lsrs	r0, r3, #5
 893 00d6 03F00303 		and	r3, r3, #3
 894 00da C2F38202 		ubfx	r2, r2, #2, #3
 895 00de 5B00     		lsls	r3, r3, #1
 896 00e0 A075     		strb	r0, [r4, #22]
 897 00e2 E275     		strb	r2, [r4, #23]
 898 00e4 2376     		strb	r3, [r4, #24]
 899 00e6 227E     		ldrb	r2, [r4, #24]	@ zero_extendqisi2
 900 00e8 C5F30723 		ubfx	r3, r5, #8, #8
 901 00ec 42EAD312 		orr	r2, r2, r3, lsr #7
 902 00f0 2276     		strb	r2, [r4, #24]
 903 00f2 2669     		ldr	r6, [r4, #16]
 904 00f4 207E     		ldrb	r0, [r4, #24]	@ zero_extendqisi2
 905 00f6 0127     		movs	r7, #1
 906 00f8 227A     		ldrb	r2, [r4, #8]	@ zero_extendqisi2
 907 00fa 3E44     		add	r6, r6, r7
 908 00fc 0230     		adds	r0, r0, #2
 909 00fe 07FA02F2 		lsl	r2, r7, r2
 910 0102 06FA00F0 		lsl	r0, r6, r0
 911 0106 A264     		str	r2, [r4, #72]
 912 0108 4243     		muls	r2, r0, r2
 913 010a 6264     		str	r2, [r4, #68]
 914 010c 18E0     		b	.L110
 915              	.L109:
 916 010e 0228     		cmp	r0, #2
 917 0110 16D1     		bne	.L110
 918 0112 06F03F06 		and	r6, r6, #63
 919 0116 3604     		lsls	r6, r6, #16
 920 0118 2661     		str	r6, [r4, #16]
 921 011a 2369     		ldr	r3, [r4, #16]
 922 011c 2A0E     		lsrs	r2, r5, #24
 923 011e 43EA0223 		orr	r3, r3, r2, lsl #8
 924 0122 2361     		str	r3, [r4, #16]
 925 0124 2369     		ldr	r3, [r4, #16]
 926 0126 C5F30742 		ubfx	r2, r5, #16, #8
 927 012a 1343     		orrs	r3, r3, r2
 928 012c 2361     		str	r3, [r4, #16]
 929 012e 2269     		ldr	r2, [r4, #16]
 930 0130 C5F30723 		ubfx	r3, r5, #8, #8
 931 0134 0132     		adds	r2, r2, #1
 932 0136 D204     		lsls	r2, r2, #19
 933 0138 6264     		str	r2, [r4, #68]
 934 013a 4FF40072 		mov	r2, #512
 935 013e A264     		str	r2, [r4, #72]
 936              	.L110:
 937 0140 C3F38012 		ubfx	r2, r3, #6, #1
 938 0144 03F03F03 		and	r3, r3, #63
 939 0148 5B00     		lsls	r3, r3, #1
 940 014a 6276     		strb	r2, [r4, #25]
 941 014c A376     		strb	r3, [r4, #26]
 942 014e A37E     		ldrb	r3, [r4, #26]	@ zero_extendqisi2
 943 0150 EDB2     		uxtb	r5, r5
 944 0152 43EAD513 		orr	r3, r3, r5, lsr #7
 945 0156 A376     		strb	r3, [r4, #26]
 946 0158 0B0E     		lsrs	r3, r1, #24
 947 015a DAB2     		uxtb	r2, r3
 948 015c D009     		lsrs	r0, r2, #7
 949 015e 05F07F05 		and	r5, r5, #127
 950 0162 02F00302 		and	r2, r2, #3
 951 0166 E576     		strb	r5, [r4, #27]
 952 0168 9200     		lsls	r2, r2, #2
 953 016a 2077     		strb	r0, [r4, #28]
 954 016c C3F34110 		ubfx	r0, r3, #5, #2
 955 0170 C3F38203 		ubfx	r3, r3, #2, #3
 956 0174 6077     		strb	r0, [r4, #29]
 957 0176 A377     		strb	r3, [r4, #30]
 958 0178 E277     		strb	r2, [r4, #31]
 959 017a E07F     		ldrb	r0, [r4, #31]	@ zero_extendqisi2
 960 017c C1F30742 		ubfx	r2, r1, #16, #8
 961 0180 D3B2     		uxtb	r3, r2
 962 0182 4FF00008 		mov	r8, #0
 963 0186 40EA9310 		orr	r0, r0, r3, lsr #6
 964 018a C2F34012 		ubfx	r2, r2, #5, #1
 965 018e 03F00103 		and	r3, r3, #1
 966 0192 E077     		strb	r0, [r4, #31]
 967 0194 84F82020 		strb	r2, [r4, #32]
 968 0198 84F82180 		strb	r8, [r4, #33]
 969 019c 84F82230 		strb	r3, [r4, #34]
 970 01a0 C1F30723 		ubfx	r3, r1, #8, #8
 971 01a4 DAB2     		uxtb	r2, r3
 972 01a6 D009     		lsrs	r0, r2, #7
 973 01a8 84F82300 		strb	r0, [r4, #35]
 974 01ac C3F38010 		ubfx	r0, r3, #6, #1
 975 01b0 84F82400 		strb	r0, [r4, #36]
 976 01b4 C3F34010 		ubfx	r0, r3, #5, #1
 977 01b8 84F82500 		strb	r0, [r4, #37]
 978 01bc 02F00302 		and	r2, r2, #3
 979 01c0 C1F34601 		ubfx	r1, r1, #1, #7
 980 01c4 C3F30010 		ubfx	r0, r3, #4, #1
 981 01c8 4FF00109 		mov	r9, #1
 982 01cc C3F38103 		ubfx	r3, r3, #2, #2
 983 01d0 84F82600 		strb	r0, [r4, #38]
 984 01d4 84F82730 		strb	r3, [r4, #39]
 985 01d8 4046     		mov	r0, r8
 986 01da 84F82820 		strb	r2, [r4, #40]
 987 01de 84F82910 		strb	r1, [r4, #41]
 988 01e2 84F82A90 		strb	r9, [r4, #42]
 989 01e6 FFF7FEFF 		bl	SDIO_GetResponse
 990 01ea 0746     		mov	r7, r0
 991 01ec 0420     		movs	r0, #4
 992 01ee FFF7FEFF 		bl	SDIO_GetResponse
 993 01f2 0646     		mov	r6, r0
 994 01f4 0820     		movs	r0, #8
 995 01f6 FFF7FEFF 		bl	SDIO_GetResponse
 996 01fa 0546     		mov	r5, r0
 997 01fc 0C20     		movs	r0, #12
 998 01fe FFF7FEFF 		bl	SDIO_GetResponse
 999 0202 3A0E     		lsrs	r2, r7, #24
 1000 0204 84F82C20 		strb	r2, [r4, #44]
 1001 0208 C7F30742 		ubfx	r2, r7, #16, #8
 1002 020c 1202     		lsls	r2, r2, #8
 1003 020e E285     		strh	r2, [r4, #46]	@ movhi
 1004 0210 E28D     		ldrh	r2, [r4, #46]
 1005 0212 C7F30721 		ubfx	r1, r7, #8, #8
 1006 0216 92B2     		uxth	r2, r2
 1007 0218 0A43     		orrs	r2, r2, r1
 1008 021a 3F06     		lsls	r7, r7, #24
 1009 021c E285     		strh	r2, [r4, #46]	@ movhi
 1010 021e 2763     		str	r7, [r4, #48]
 1011 0220 226B     		ldr	r2, [r4, #48]
 1012 0222 310E     		lsrs	r1, r6, #24
 1013 0224 42EA0142 		orr	r2, r2, r1, lsl #16
 1014 0228 2263     		str	r2, [r4, #48]
 1015 022a 226B     		ldr	r2, [r4, #48]
 1016 022c C6F30741 		ubfx	r1, r6, #16, #8
 1017 0230 42EA0122 		orr	r2, r2, r1, lsl #8
 1018 0234 2263     		str	r2, [r4, #48]
 1019 0236 226B     		ldr	r2, [r4, #48]
 1020 0238 C6F30721 		ubfx	r1, r6, #8, #8
 1021 023c 0A43     		orrs	r2, r2, r1
 1022 023e 2263     		str	r2, [r4, #48]
 1023 0240 F6B2     		uxtb	r6, r6
 1024 0242 2A0E     		lsrs	r2, r5, #24
 1025 0244 84F83460 		strb	r6, [r4, #52]
 1026 0248 84F83520 		strb	r2, [r4, #53]
 1027 024c C5F30742 		ubfx	r2, r5, #16, #8
 1028 0250 1206     		lsls	r2, r2, #24
 1029 0252 A263     		str	r2, [r4, #56]
 1030 0254 A26B     		ldr	r2, [r4, #56]
 1031 0256 C5F30721 		ubfx	r1, r5, #8, #8
 1032 025a 42EA0142 		orr	r2, r2, r1, lsl #16
 1033 025e A263     		str	r2, [r4, #56]
 1034 0260 A26B     		ldr	r2, [r4, #56]
 1035 0262 EDB2     		uxtb	r5, r5
 1036 0264 42EA0525 		orr	r5, r2, r5, lsl #8
 1037 0268 A563     		str	r5, [r4, #56]
 1038 026a A26B     		ldr	r2, [r4, #56]
 1039 026c C0F34603 		ubfx	r3, r0, #1, #7
 1040 0270 42EA1062 		orr	r2, r2, r0, lsr #24
 1041 0274 A263     		str	r2, [r4, #56]
 1042 0276 94F83C10 		ldrb	r1, [r4, #60]	@ zero_extendqisi2
 1043 027a C0F30742 		ubfx	r2, r0, #16, #8
 1044 027e 41EA1211 		orr	r1, r1, r2, lsr #4
 1045 0282 02F00F02 		and	r2, r2, #15
 1046 0286 1202     		lsls	r2, r2, #8
 1047 0288 84F83C10 		strb	r1, [r4, #60]
 1048 028c E287     		strh	r2, [r4, #62]	@ movhi
 1049 028e E28F     		ldrh	r2, [r4, #62]
 1050 0290 C0F30721 		ubfx	r1, r0, #8, #8
 1051 0294 92B2     		uxth	r2, r2
 1052 0296 0A43     		orrs	r2, r2, r1
 1053 0298 E287     		strh	r2, [r4, #62]	@ movhi
 1054 029a 84F84030 		strb	r3, [r4, #64]
 1055 029e 84F84190 		strb	r9, [r4, #65]
 1056 02a2 4046     		mov	r0, r8
 1057 02a4 BDE8F883 		pop	{r3, r4, r5, r6, r7, r8, r9, pc}
 1058              	.L112:
 1059              		.align	2
 1060              	.L111:
 1061 02a8 00000000 		.word	.LANCHOR1
 1062 02ac 00000000 		.word	.LANCHOR0
 1064              		.section	.text.SD_EnableWideBusOperation,"ax",%progbits
 1065              		.align	1
 1066              		.global	SD_EnableWideBusOperation
 1067              		.thumb
 1068              		.thumb_func
 1070              	SD_EnableWideBusOperation:
 1071              		@ args = 0, pretend = 0, frame = 24
 1072              		@ frame_needed = 0, uses_anonymous_args = 0
 1073 0000 30B5     		push	{r4, r5, lr}
 1074 0002 B0F5006F 		cmp	r0, #2048
 1075 0006 87B0     		sub	sp, sp, #28
 1076 0008 0546     		mov	r5, r0
 1077 000a 0CD1     		bne	.L114
 1078 000c 0120     		movs	r0, #1
 1079 000e FFF7FEFF 		bl	SDEnWideBus
 1080 0012 0446     		mov	r4, r0
 1081 0014 B8B9     		cbnz	r0, .L115
 1082 0016 0123     		movs	r3, #1
 1083 0018 8DF81430 		strb	r3, [sp, #20]
 1084 001c 0090     		str	r0, [sp]
 1085 001e 0190     		str	r0, [sp, #4]
 1086 0020 0290     		str	r0, [sp, #8]
 1087 0022 0395     		str	r5, [sp, #12]
 1088 0024 0BE0     		b	.L116
 1089              	.L114:
 1090 0026 0020     		movs	r0, #0
 1091 0028 FFF7FEFF 		bl	SDEnWideBus
 1092 002c 0446     		mov	r4, r0
 1093 002e 50B9     		cbnz	r0, .L115
 1094 0030 0123     		movs	r3, #1
 1095 0032 8DF81430 		strb	r3, [sp, #20]
 1096 0036 0090     		str	r0, [sp]
 1097 0038 0190     		str	r0, [sp, #4]
 1098 003a 0290     		str	r0, [sp, #8]
 1099 003c 0390     		str	r0, [sp, #12]
 1100              	.L116:
 1101 003e 6846     		mov	r0, sp
 1102 0040 0494     		str	r4, [sp, #16]
 1103 0042 FFF7FEFF 		bl	SDIO_Init
 1104              	.L115:
 1105 0046 2046     		mov	r0, r4
 1106 0048 07B0     		add	sp, sp, #28
 1107              		@ sp needed
 1108 004a 30BD     		pop	{r4, r5, pc}
 1110              		.section	.text.SD_SelectDeselect,"ax",%progbits
 1111              		.align	1
 1112              		.global	SD_SelectDeselect
 1113              		.thumb
 1114              		.thumb_func
 1116              	SD_SelectDeselect:
 1117              		@ args = 0, pretend = 0, frame = 24
 1118              		@ frame_needed = 0, uses_anonymous_args = 0
 1119 0000 7FB5     		push	{r0, r1, r2, r3, r4, r5, r6, lr}
 1120 0002 0723     		movs	r3, #7
 1121 0004 0293     		str	r3, [sp, #8]
 1122 0006 4023     		movs	r3, #64
 1123 0008 0393     		str	r3, [sp, #12]
 1124 000a 0023     		movs	r3, #0
 1125 000c 0190     		str	r0, [sp, #4]
 1126 000e 0493     		str	r3, [sp, #16]
 1127 0010 01A8     		add	r0, sp, #4
 1128 0012 4FF48063 		mov	r3, #1024
 1129 0016 0593     		str	r3, [sp, #20]
 1130 0018 FFF7FEFF 		bl	SDIO_SendCommand
 1131 001c FFF7FEFF 		bl	CmdResp1Error.isra.0
 1132 0020 07B0     		add	sp, sp, #28
 1133              		@ sp needed
 1134 0022 5DF804FB 		ldr	pc, [sp], #4
 1136              		.section	.text.SD_Init,"ax",%progbits
 1137              		.align	1
 1138              		.global	SD_Init
 1139              		.thumb
 1140              		.thumb_func
 1142              	SD_Init:
 1143              		@ args = 0, pretend = 0, frame = 128
 1144              		@ frame_needed = 0, uses_anonymous_args = 0
 1145 0000 10B5     		push	{r4, lr}
 1146 0002 C0F30803 		ubfx	r3, r0, #0, #9
 1147 0006 A0B0     		sub	sp, sp, #128
 1148 0008 002B     		cmp	r3, #0
 1149 000a 3CD1     		bne	.L122
 1150 000c B0F5006F 		cmp	r0, #2048
 1151 0010 39D8     		bhi	.L122
 1152 0012 1E4C     		ldr	r4, .L127
 1153 0014 1E4B     		ldr	r3, .L127+4
 1154 0016 2080     		strh	r0, [r4]	@ movhi
 1155 0018 400A     		lsrs	r0, r0, #9
 1156 001a 0830     		adds	r0, r0, #8
 1157 001c 1870     		strb	r0, [r3]
 1158 001e FFF7FEFF 		bl	SD_LowLevel_Init
 1159 0022 FFF7FEFF 		bl	SDIO_DeInit
 1160 0026 FFF7FEFF 		bl	SD_PowerON
 1161 002a 68BB     		cbnz	r0, .L126
 1162 002c FFF7FEFF 		bl	SD_InitializeCards
 1163 0030 50BB     		cbnz	r0, .L126
 1164 0032 0123     		movs	r3, #1
 1165 0034 0690     		str	r0, [sp, #24]
 1166 0036 0790     		str	r0, [sp, #28]
 1167 0038 0890     		str	r0, [sp, #32]
 1168 003a 0990     		str	r0, [sp, #36]
 1169 003c 0A90     		str	r0, [sp, #40]
 1170 003e 06A8     		add	r0, sp, #24
 1171 0040 8DF82C30 		strb	r3, [sp, #44]
 1172 0044 FFF7FEFF 		bl	SDIO_Init
 1173 0048 0CA8     		add	r0, sp, #48
 1174 004a FFF7FEFF 		bl	SD_GetCardInfo
 1175 004e D8B9     		cbnz	r0, .L126
 1176 0050 BDF87C00 		ldrh	r0, [sp, #124]
 1177 0054 0004     		lsls	r0, r0, #16
 1178 0056 FFF7FEFF 		bl	SD_SelectDeselect
 1179 005a A8B9     		cbnz	r0, .L126
 1180 005c 4FF40060 		mov	r0, #2048
 1181 0060 FFF7FEFF 		bl	SD_EnableWideBusOperation
 1182 0064 80B9     		cbnz	r0, .L126
 1183 0066 2388     		ldrh	r3, [r4]
 1184 0068 0490     		str	r0, [sp, #16]
 1185 006a 0193     		str	r3, [sp, #4]
 1186 006c 1023     		movs	r3, #16
 1187 006e 0293     		str	r3, [sp, #8]
 1188 0070 4023     		movs	r3, #64
 1189 0072 0393     		str	r3, [sp, #12]
 1190 0074 01A8     		add	r0, sp, #4
 1191 0076 4FF48063 		mov	r3, #1024
 1192 007a 0593     		str	r3, [sp, #20]
 1193 007c FFF7FEFF 		bl	SDIO_SendCommand
 1194 0080 FFF7FEFF 		bl	CmdResp1Error.isra.0
 1195 0084 00E0     		b	.L126
 1196              	.L122:
 1197 0086 2920     		movs	r0, #41
 1198              	.L126:
 1199 0088 20B0     		add	sp, sp, #128
 1200              		@ sp needed
 1201 008a 10BD     		pop	{r4, pc}
 1202              	.L128:
 1203              		.align	2
 1204              	.L127:
 1205 008c 00000000 		.word	.LANCHOR2
 1206 0090 00000000 		.word	.LANCHOR3
 1208              		.section	.text.SD_ReadBlock,"ax",%progbits
 1209              		.align	1
 1210              		.global	SD_ReadBlock
 1211              		.thumb
 1212              		.thumb_func
 1214              	SD_ReadBlock:
 1215              		@ args = 0, pretend = 0, frame = 48
 1216              		@ frame_needed = 0, uses_anonymous_args = 0
 1217 0000 2DE9F047 		push	{r4, r5, r6, r7, r8, r9, r10, lr}
 1218 0004 2C4B     		ldr	r3, .L140
 1219 0006 8CB0     		sub	sp, sp, #48
 1220 0008 1A68     		ldr	r2, [r3]
 1221 000a 8046     		mov	r8, r0
 1222 000c FF2A     		cmp	r2, #255
 1223 000e 0D46     		mov	r5, r1
 1224 0010 4DD0     		beq	.L135
 1225 0012 0028     		cmp	r0, #0
 1226 0014 4BD0     		beq	.L135
 1227 0016 2949     		ldr	r1, .L140+4
 1228 0018 2948     		ldr	r0, .L140+8
 1229 001a 2A4E     		ldr	r6, .L140+12
 1230 001c 0023     		movs	r3, #0
 1231 001e 3370     		strb	r3, [r6]
 1232 0020 0B60     		str	r3, [r1]
 1233 0022 0360     		str	r3, [r0]
 1234 0024 2848     		ldr	r0, .L140+16
 1235 0026 022A     		cmp	r2, #2
 1236 0028 C362     		str	r3, [r0, #44]
 1237 002a 284B     		ldr	r3, .L140+20
 1238 002c 284F     		ldr	r7, .L140+24
 1239 002e 18BF     		it	ne
 1240 0030 1A78     		ldrbne	r2, [r3]	@ zero_extendqisi2
 1241 0032 1B78     		ldrb	r3, [r3]	@ zero_extendqisi2
 1242 0034 18BF     		it	ne
 1243 0036 9540     		lslne	r5, r5, r2
 1244 0038 4FF0FF32 		mov	r2, #-1
 1245 003c 0692     		str	r2, [sp, #24]
 1246 003e 1B01     		lsls	r3, r3, #4
 1247 0040 3A88     		ldrh	r2, [r7]
 1248 0042 0893     		str	r3, [sp, #32]
 1249 0044 4FF00009 		mov	r9, #0
 1250 0048 0223     		movs	r3, #2
 1251 004a 06A8     		add	r0, sp, #24
 1252 004c 0124     		movs	r4, #1
 1253 004e 8A46     		mov	r10, r1
 1254 0050 0792     		str	r2, [sp, #28]
 1255 0052 0993     		str	r3, [sp, #36]
 1256 0054 CDF82890 		str	r9, [sp, #40]
 1257 0058 0B94     		str	r4, [sp, #44]
 1258 005a FFF7FEFF 		bl	SDIO_DataConfig
 1259 005e 1123     		movs	r3, #17
 1260 0060 0293     		str	r3, [sp, #8]
 1261 0062 4023     		movs	r3, #64
 1262 0064 0393     		str	r3, [sp, #12]
 1263 0066 01A8     		add	r0, sp, #4
 1264 0068 4FF48063 		mov	r3, #1024
 1265 006c 0593     		str	r3, [sp, #20]
 1266 006e 0195     		str	r5, [sp, #4]
 1267 0070 CDF81090 		str	r9, [sp, #16]
 1268 0074 FFF7FEFF 		bl	SDIO_SendCommand
 1269 0078 FFF7FEFF 		bl	CmdResp1Error.isra.0
 1270 007c C0B9     		cbnz	r0, .L130
 1271 007e 2146     		mov	r1, r4
 1272 0080 4FF48070 		mov	r0, #256
 1273 0084 FFF7FEFF 		bl	SDIO_ITConfig
 1274 0088 2046     		mov	r0, r4
 1275 008a FFF7FEFF 		bl	SDIO_DMACmd
 1276 008e 4046     		mov	r0, r8
 1277 0090 3988     		ldrh	r1, [r7]
 1278 0092 FFF7FEFF 		bl	SD_LowLevel_DMA_RxConfig
 1279              	.L133:
 1280 0096 FFF7FEFF 		bl	SD_DMAEndOfTransferStatus
 1281 009a 28B9     		cbnz	r0, .L132
 1282 009c DAF80030 		ldr	r3, [r10]
 1283 00a0 13B9     		cbnz	r3, .L132
 1284 00a2 3378     		ldrb	r3, [r6]	@ zero_extendqisi2
 1285 00a4 002B     		cmp	r3, #0
 1286 00a6 F6D0     		beq	.L133
 1287              	.L132:
 1288 00a8 3078     		ldrb	r0, [r6]	@ zero_extendqisi2
 1289 00aa C0B2     		uxtb	r0, r0
 1290 00ac 00E0     		b	.L130
 1291              	.L135:
 1292 00ae 2920     		movs	r0, #41
 1293              	.L130:
 1294 00b0 0CB0     		add	sp, sp, #48
 1295              		@ sp needed
 1296 00b2 BDE8F087 		pop	{r4, r5, r6, r7, r8, r9, r10, pc}
 1297              	.L141:
 1298 00b6 00BF     		.align	2
 1299              	.L140:
 1300 00b8 00000000 		.word	.LANCHOR1
 1301 00bc 00000000 		.word	.LANCHOR5
 1302 00c0 00000000 		.word	.LANCHOR6
 1303 00c4 00000000 		.word	.LANCHOR4
 1304 00c8 00800140 		.word	1073840128
 1305 00cc 00000000 		.word	.LANCHOR3
 1306 00d0 00000000 		.word	.LANCHOR2
 1308              		.section	.text.SD_ReadMultiBlocks,"ax",%progbits
 1309              		.align	1
 1310              		.global	SD_ReadMultiBlocks
 1311              		.thumb
 1312              		.thumb_func
 1314              	SD_ReadMultiBlocks:
 1315              		@ args = 0, pretend = 0, frame = 48
 1316              		@ frame_needed = 0, uses_anonymous_args = 0
 1317 0000 2DE9F047 		push	{r4, r5, r6, r7, r8, r9, r10, lr}
 1318 0004 2F4B     		ldr	r3, .L154
 1319 0006 1546     		mov	r5, r2
 1320 0008 1A68     		ldr	r2, [r3]
 1321 000a 8CB0     		sub	sp, sp, #48
 1322 000c FF2A     		cmp	r2, #255
 1323 000e 8046     		mov	r8, r0
 1324 0010 0E46     		mov	r6, r1
 1325 0012 53D0     		beq	.L149
 1326 0014 0028     		cmp	r0, #0
 1327 0016 51D0     		beq	.L149
 1328 0018 012D     		cmp	r5, #1
 1329 001a 4FD9     		bls	.L149
 1330 001c 2A49     		ldr	r1, .L154+4
 1331 001e 2B48     		ldr	r0, .L154+8
 1332 0020 2B4F     		ldr	r7, .L154+12
 1333 0022 0023     		movs	r3, #0
 1334 0024 0124     		movs	r4, #1
 1335 0026 3B70     		strb	r3, [r7]
 1336 0028 0B60     		str	r3, [r1]
 1337 002a 0460     		str	r4, [r0]
 1338 002c 2948     		ldr	r0, .L154+16
 1339 002e 022A     		cmp	r2, #2
 1340 0030 C362     		str	r3, [r0, #44]
 1341 0032 294B     		ldr	r3, .L154+20
 1342 0034 4FF00009 		mov	r9, #0
 1343 0038 18BF     		it	ne
 1344 003a 1A78     		ldrbne	r2, [r3]	@ zero_extendqisi2
 1345 003c 1B78     		ldrb	r3, [r3]	@ zero_extendqisi2
 1346 003e 18BF     		it	ne
 1347 0040 9640     		lslne	r6, r6, r2
 1348 0042 4FF0FF32 		mov	r2, #-1
 1349 0046 0692     		str	r2, [sp, #24]
 1350 0048 05FA03F2 		lsl	r2, r5, r3
 1351 004c 1B01     		lsls	r3, r3, #4
 1352 004e 0893     		str	r3, [sp, #32]
 1353 0050 06A8     		add	r0, sp, #24
 1354 0052 0223     		movs	r3, #2
 1355 0054 0124     		movs	r4, #1
 1356 0056 8A46     		mov	r10, r1
 1357 0058 0792     		str	r2, [sp, #28]
 1358 005a 0993     		str	r3, [sp, #36]
 1359 005c CDF82890 		str	r9, [sp, #40]
 1360 0060 0B94     		str	r4, [sp, #44]
 1361 0062 FFF7FEFF 		bl	SDIO_DataConfig
 1362 0066 1223     		movs	r3, #18
 1363 0068 0293     		str	r3, [sp, #8]
 1364 006a 4023     		movs	r3, #64
 1365 006c 0393     		str	r3, [sp, #12]
 1366 006e 01A8     		add	r0, sp, #4
 1367 0070 4FF48063 		mov	r3, #1024
 1368 0074 0593     		str	r3, [sp, #20]
 1369 0076 0196     		str	r6, [sp, #4]
 1370 0078 CDF81090 		str	r9, [sp, #16]
 1371 007c FFF7FEFF 		bl	SDIO_SendCommand
 1372 0080 FFF7FEFF 		bl	CmdResp1Error.isra.0
 1373 0084 D8B9     		cbnz	r0, .L143
 1374 0086 2146     		mov	r1, r4
 1375 0088 4FF48070 		mov	r0, #256
 1376 008c FFF7FEFF 		bl	SDIO_ITConfig
 1377 0090 2046     		mov	r0, r4
 1378 0092 FFF7FEFF 		bl	SDIO_DMACmd
 1379 0096 104B     		ldr	r3, .L154+20
 1380 0098 4046     		mov	r0, r8
 1381 009a 1978     		ldrb	r1, [r3]	@ zero_extendqisi2
 1382 009c 05FA01F1 		lsl	r1, r5, r1
 1383 00a0 FFF7FEFF 		bl	SD_LowLevel_DMA_RxConfig
 1384              	.L146:
 1385 00a4 FFF7FEFF 		bl	SD_DMAEndOfTransferStatus
 1386 00a8 28B9     		cbnz	r0, .L145
 1387 00aa DAF80030 		ldr	r3, [r10]
 1388 00ae 13B9     		cbnz	r3, .L145
 1389 00b0 3B78     		ldrb	r3, [r7]	@ zero_extendqisi2
 1390 00b2 002B     		cmp	r3, #0
 1391 00b4 F6D0     		beq	.L146
 1392              	.L145:
 1393 00b6 3878     		ldrb	r0, [r7]	@ zero_extendqisi2
 1394 00b8 C0B2     		uxtb	r0, r0
 1395 00ba 00E0     		b	.L143
 1396              	.L149:
 1397 00bc 2920     		movs	r0, #41
 1398              	.L143:
 1399 00be 0CB0     		add	sp, sp, #48
 1400              		@ sp needed
 1401 00c0 BDE8F087 		pop	{r4, r5, r6, r7, r8, r9, r10, pc}
 1402              	.L155:
 1403              		.align	2
 1404              	.L154:
 1405 00c4 00000000 		.word	.LANCHOR1
 1406 00c8 00000000 		.word	.LANCHOR5
 1407 00cc 00000000 		.word	.LANCHOR6
 1408 00d0 00000000 		.word	.LANCHOR4
 1409 00d4 00800140 		.word	1073840128
 1410 00d8 00000000 		.word	.LANCHOR3
 1412              		.section	.text.SD_WriteBlock,"ax",%progbits
 1413              		.align	1
 1414              		.global	SD_WriteBlock
 1415              		.thumb
 1416              		.thumb_func
 1418              	SD_WriteBlock:
 1419              		@ args = 0, pretend = 0, frame = 48
 1420              		@ frame_needed = 0, uses_anonymous_args = 0
 1421 0000 2DE9F041 		push	{r4, r5, r6, r7, r8, lr}
 1422 0004 2C4B     		ldr	r3, .L167
 1423 0006 8CB0     		sub	sp, sp, #48
 1424 0008 1A68     		ldr	r2, [r3]
 1425 000a 0646     		mov	r6, r0
 1426 000c FF2A     		cmp	r2, #255
 1427 000e 4ED0     		beq	.L162
 1428 0010 0028     		cmp	r0, #0
 1429 0012 4CD0     		beq	.L162
 1430 0014 2948     		ldr	r0, .L167+4
 1431 0016 2A4C     		ldr	r4, .L167+8
 1432 0018 2A4D     		ldr	r5, .L167+12
 1433 001a 0023     		movs	r3, #0
 1434 001c 2B70     		strb	r3, [r5]
 1435 001e 0360     		str	r3, [r0]
 1436 0020 2360     		str	r3, [r4]
 1437 0022 294C     		ldr	r4, .L167+16
 1438 0024 022A     		cmp	r2, #2
 1439 0026 E362     		str	r3, [r4, #44]
 1440 0028 8046     		mov	r8, r0
 1441 002a 02D0     		beq	.L158
 1442 002c 274B     		ldr	r3, .L167+20
 1443 002e 1B78     		ldrb	r3, [r3]	@ zero_extendqisi2
 1444 0030 9940     		lsls	r1, r1, r3
 1445              	.L158:
 1446 0032 1823     		movs	r3, #24
 1447 0034 0293     		str	r3, [sp, #8]
 1448 0036 4023     		movs	r3, #64
 1449 0038 0393     		str	r3, [sp, #12]
 1450 003a 0023     		movs	r3, #0
 1451 003c 0493     		str	r3, [sp, #16]
 1452 003e 01A8     		add	r0, sp, #4
 1453 0040 4FF48063 		mov	r3, #1024
 1454 0044 0191     		str	r1, [sp, #4]
 1455 0046 0593     		str	r3, [sp, #20]
 1456 0048 FFF7FEFF 		bl	SDIO_SendCommand
 1457 004c FFF7FEFF 		bl	CmdResp1Error.isra.0
 1458 0050 0028     		cmp	r0, #0
 1459 0052 2DD1     		bne	.L157
 1460 0054 1E4F     		ldr	r7, .L167+24
 1461 0056 4FF0FF32 		mov	r2, #-1
 1462 005a 0692     		str	r2, [sp, #24]
 1463 005c 3A88     		ldrh	r2, [r7]
 1464 005e 0124     		movs	r4, #1
 1465 0060 0792     		str	r2, [sp, #28]
 1466 0062 1A4A     		ldr	r2, .L167+20
 1467 0064 0990     		str	r0, [sp, #36]
 1468 0066 1278     		ldrb	r2, [r2]	@ zero_extendqisi2
 1469 0068 0A90     		str	r0, [sp, #40]
 1470 006a 1201     		lsls	r2, r2, #4
 1471 006c 06A8     		add	r0, sp, #24
 1472 006e 0892     		str	r2, [sp, #32]
 1473 0070 0B94     		str	r4, [sp, #44]
 1474 0072 FFF7FEFF 		bl	SDIO_DataConfig
 1475 0076 4FF48070 		mov	r0, #256
 1476 007a 2146     		mov	r1, r4
 1477 007c FFF7FEFF 		bl	SDIO_ITConfig
 1478 0080 3046     		mov	r0, r6
 1479 0082 3988     		ldrh	r1, [r7]
 1480 0084 FFF7FEFF 		bl	SD_LowLevel_DMA_TxConfig
 1481 0088 2046     		mov	r0, r4
 1482 008a FFF7FEFF 		bl	SDIO_DMACmd
 1483              	.L160:
 1484 008e FFF7FEFF 		bl	SD_DMAEndOfTransferStatus
 1485 0092 28B9     		cbnz	r0, .L159
 1486 0094 D8F80030 		ldr	r3, [r8]
 1487 0098 13B9     		cbnz	r3, .L159
 1488 009a 2B78     		ldrb	r3, [r5]	@ zero_extendqisi2
 1489 009c 002B     		cmp	r3, #0
 1490 009e F6D0     		beq	.L160
 1491              	.L159:
 1492 00a0 40F2FF50 		movw	r0, #1535
 1493 00a4 FFF7FEFF 		bl	SDIO_ClearFlag
 1494 00a8 2878     		ldrb	r0, [r5]	@ zero_extendqisi2
 1495 00aa C0B2     		uxtb	r0, r0
 1496 00ac 00E0     		b	.L157
 1497              	.L162:
 1498 00ae 2920     		movs	r0, #41
 1499              	.L157:
 1500 00b0 0CB0     		add	sp, sp, #48
 1501              		@ sp needed
 1502 00b2 BDE8F081 		pop	{r4, r5, r6, r7, r8, pc}
 1503              	.L168:
 1504 00b6 00BF     		.align	2
 1505              	.L167:
 1506 00b8 00000000 		.word	.LANCHOR1
 1507 00bc 00000000 		.word	.LANCHOR5
 1508 00c0 00000000 		.word	.LANCHOR6
 1509 00c4 00000000 		.word	.LANCHOR4
 1510 00c8 00800140 		.word	1073840128
 1511 00cc 00000000 		.word	.LANCHOR3
 1512 00d0 00000000 		.word	.LANCHOR2
 1514              		.section	.text.SD_WriteMultiBlocks,"ax",%progbits
 1515              		.align	1
 1516              		.global	SD_WriteMultiBlocks
 1517              		.thumb
 1518              		.thumb_func
 1520              	SD_WriteMultiBlocks:
 1521              		@ args = 0, pretend = 0, frame = 48
 1522              		@ frame_needed = 0, uses_anonymous_args = 0
 1523 0000 2DE9F047 		push	{r4, r5, r6, r7, r8, r9, r10, lr}
 1524 0004 1446     		mov	r4, r2
 1525 0006 404A     		ldr	r2, .L183
 1526 0008 8CB0     		sub	sp, sp, #48
 1527 000a 1268     		ldr	r2, [r2]
 1528 000c 0023     		movs	r3, #0
 1529 000e FF2A     		cmp	r2, #255
 1530 0010 8046     		mov	r8, r0
 1531 0012 0D46     		mov	r5, r1
 1532 0014 0093     		str	r3, [sp]
 1533 0016 73D0     		beq	.L176
 1534 0018 0028     		cmp	r0, #0
 1535 001a 71D0     		beq	.L176
 1536 001c 012C     		cmp	r4, #1
 1537 001e 6FD9     		bls	.L176
 1538 0020 3A49     		ldr	r1, .L183+4
 1539 0022 3B48     		ldr	r0, .L183+8
 1540 0024 3B4F     		ldr	r7, .L183+12
 1541 0026 0126     		movs	r6, #1
 1542 0028 3B70     		strb	r3, [r7]
 1543 002a 0B60     		str	r3, [r1]
 1544 002c 0660     		str	r6, [r0]
 1545 002e 3A48     		ldr	r0, .L183+16
 1546 0030 022A     		cmp	r2, #2
 1547 0032 C362     		str	r3, [r0, #44]
 1548 0034 8946     		mov	r9, r1
 1549 0036 02D0     		beq	.L171
 1550 0038 384B     		ldr	r3, .L183+20
 1551 003a 1B78     		ldrb	r3, [r3]	@ zero_extendqisi2
 1552 003c 9D40     		lsls	r5, r5, r3
 1553              	.L171:
 1554 003e 384B     		ldr	r3, .L183+24
 1555 0040 4FF0400A 		mov	r10, #64
 1556 0044 1B68     		ldr	r3, [r3]
 1557 0046 4FF48066 		mov	r6, #1024
 1558 004a 1B04     		lsls	r3, r3, #16
 1559 004c 0193     		str	r3, [sp, #4]
 1560 004e 3723     		movs	r3, #55
 1561 0050 0293     		str	r3, [sp, #8]
 1562 0052 01A8     		add	r0, sp, #4
 1563 0054 0023     		movs	r3, #0
 1564 0056 0493     		str	r3, [sp, #16]
 1565 0058 CDF80CA0 		str	r10, [sp, #12]
 1566 005c 0596     		str	r6, [sp, #20]
 1567 005e FFF7FEFF 		bl	SDIO_SendCommand
 1568 0062 FFF7FEFF 		bl	CmdResp1Error.isra.0
 1569 0066 0028     		cmp	r0, #0
 1570 0068 4BD1     		bne	.L170
 1571 006a 1723     		movs	r3, #23
 1572 006c 0490     		str	r0, [sp, #16]
 1573 006e 01A8     		add	r0, sp, #4
 1574 0070 0293     		str	r3, [sp, #8]
 1575 0072 0194     		str	r4, [sp, #4]
 1576 0074 CDF80CA0 		str	r10, [sp, #12]
 1577 0078 0596     		str	r6, [sp, #20]
 1578 007a FFF7FEFF 		bl	SDIO_SendCommand
 1579 007e FFF7FEFF 		bl	CmdResp1Error.isra.0
 1580 0082 0028     		cmp	r0, #0
 1581 0084 3DD1     		bne	.L170
 1582 0086 1923     		movs	r3, #25
 1583 0088 0490     		str	r0, [sp, #16]
 1584 008a 01A8     		add	r0, sp, #4
 1585 008c 0293     		str	r3, [sp, #8]
 1586 008e 0195     		str	r5, [sp, #4]
 1587 0090 CDF80CA0 		str	r10, [sp, #12]
 1588 0094 0596     		str	r6, [sp, #20]
 1589 0096 FFF7FEFF 		bl	SDIO_SendCommand
 1590 009a FFF7FEFF 		bl	CmdResp1Error.isra.0
 1591 009e 0028     		cmp	r0, #0
 1592 00a0 2FD1     		bne	.L170
 1593 00a2 1E4E     		ldr	r6, .L183+20
 1594 00a4 4FF0FF32 		mov	r2, #-1
 1595 00a8 0692     		str	r2, [sp, #24]
 1596 00aa 3278     		ldrb	r2, [r6]	@ zero_extendqisi2
 1597 00ac 0125     		movs	r5, #1
 1598 00ae 04FA02F1 		lsl	r1, r4, r2
 1599 00b2 0990     		str	r0, [sp, #36]
 1600 00b4 1201     		lsls	r2, r2, #4
 1601 00b6 0A90     		str	r0, [sp, #40]
 1602 00b8 06A8     		add	r0, sp, #24
 1603 00ba 0892     		str	r2, [sp, #32]
 1604 00bc 0791     		str	r1, [sp, #28]
 1605 00be 0B95     		str	r5, [sp, #44]
 1606 00c0 FFF7FEFF 		bl	SDIO_DataConfig
 1607 00c4 2946     		mov	r1, r5
 1608 00c6 4FF48070 		mov	r0, #256
 1609 00ca FFF7FEFF 		bl	SDIO_ITConfig
 1610 00ce 2846     		mov	r0, r5
 1611 00d0 FFF7FEFF 		bl	SDIO_DMACmd
 1612 00d4 3178     		ldrb	r1, [r6]	@ zero_extendqisi2
 1613 00d6 4046     		mov	r0, r8
 1614 00d8 04FA01F1 		lsl	r1, r4, r1
 1615 00dc FFF7FEFF 		bl	SD_LowLevel_DMA_TxConfig
 1616              	.L173:
 1617 00e0 FFF7FEFF 		bl	SD_DMAEndOfTransferStatus
 1618 00e4 28B9     		cbnz	r0, .L172
 1619 00e6 D9F80030 		ldr	r3, [r9]
 1620 00ea 13B9     		cbnz	r3, .L172
 1621 00ec 3B78     		ldrb	r3, [r7]	@ zero_extendqisi2
 1622 00ee 002B     		cmp	r3, #0
 1623 00f0 F6D0     		beq	.L173
 1624              	.L172:
 1625 00f2 40F2FF50 		movw	r0, #1535
 1626 00f6 FFF7FEFF 		bl	SDIO_ClearFlag
 1627 00fa 3878     		ldrb	r0, [r7]	@ zero_extendqisi2
 1628 00fc C0B2     		uxtb	r0, r0
 1629 00fe 00E0     		b	.L170
 1630              	.L176:
 1631 0100 2920     		movs	r0, #41
 1632              	.L170:
 1633 0102 0CB0     		add	sp, sp, #48
 1634              		@ sp needed
 1635 0104 BDE8F087 		pop	{r4, r5, r6, r7, r8, r9, r10, pc}
 1636              	.L184:
 1637              		.align	2
 1638              	.L183:
 1639 0108 00000000 		.word	.LANCHOR1
 1640 010c 00000000 		.word	.LANCHOR5
 1641 0110 00000000 		.word	.LANCHOR6
 1642 0114 00000000 		.word	.LANCHOR4
 1643 0118 00800140 		.word	1073840128
 1644 011c 00000000 		.word	.LANCHOR3
 1645 0120 00000000 		.word	.LANCHOR0
 1647              		.section	.text.SD_StopTransfer,"ax",%progbits
 1648              		.align	1
 1649              		.global	SD_StopTransfer
 1650              		.thumb
 1651              		.thumb_func
 1653              	SD_StopTransfer:
 1654              		@ args = 0, pretend = 0, frame = 0
 1655              		@ frame_needed = 0, uses_anonymous_args = 0
 1656              		@ link register save eliminated.
 1657 0000 034B     		ldr	r3, .L186
 1658 0002 0022     		movs	r2, #0
 1659 0004 9A60     		str	r2, [r3, #8]
 1660 0006 40F24C42 		movw	r2, #1100
 1661 000a DA60     		str	r2, [r3, #12]
 1662 000c FFF7FEBF 		b	CmdResp1Error.isra.0
 1663              	.L187:
 1664              		.align	2
 1665              	.L186:
 1666 0010 00800140 		.word	1073840128
 1668              		.section	.text.SD_SendStatus,"ax",%progbits
 1669              		.align	1
 1670              		.global	SD_SendStatus
 1671              		.thumb
 1672              		.thumb_func
 1674              	SD_SendStatus:
 1675              		@ args = 0, pretend = 0, frame = 0
 1676              		@ frame_needed = 0, uses_anonymous_args = 0
 1677 0000 38B5     		push	{r3, r4, r5, lr}
 1678 0002 074B     		ldr	r3, .L190
 1679 0004 074C     		ldr	r4, .L190+4
 1680 0006 1B68     		ldr	r3, [r3]
 1681 0008 0546     		mov	r5, r0
 1682 000a 1B04     		lsls	r3, r3, #16
 1683 000c A360     		str	r3, [r4, #8]
 1684 000e 40F24D43 		movw	r3, #1101
 1685 0012 E360     		str	r3, [r4, #12]
 1686 0014 FFF7FEFF 		bl	CmdResp1Error.isra.0
 1687 0018 08B9     		cbnz	r0, .L189
 1688 001a 6369     		ldr	r3, [r4, #20]
 1689 001c 2B60     		str	r3, [r5]
 1690              	.L189:
 1691 001e 38BD     		pop	{r3, r4, r5, pc}
 1692              	.L191:
 1693              		.align	2
 1694              	.L190:
 1695 0020 00000000 		.word	.LANCHOR0
 1696 0024 00800140 		.word	1073840128
 1698              		.section	.text.SD_GetStatus,"ax",%progbits
 1699              		.align	1
 1700              		.global	SD_GetStatus
 1701              		.thumb
 1702              		.thumb_func
 1704              	SD_GetStatus:
 1705              		@ args = 0, pretend = 0, frame = 8
 1706              		@ frame_needed = 0, uses_anonymous_args = 0
 1707 0000 07B5     		push	{r0, r1, r2, lr}
 1708 0002 0023     		movs	r3, #0
 1709 0004 0193     		str	r3, [sp, #4]
 1710 0006 084B     		ldr	r3, .L196
 1711 0008 1B68     		ldr	r3, [r3]
 1712 000a FF2B     		cmp	r3, #255
 1713 000c 01D1     		bne	.L193
 1714              	.L195:
 1715 000e FF20     		movs	r0, #255
 1716 0010 07E0     		b	.L194
 1717              	.L193:
 1718 0012 01A8     		add	r0, sp, #4
 1719 0014 FFF7FEFF 		bl	SD_SendStatus
 1720 0018 0028     		cmp	r0, #0
 1721 001a F8D1     		bne	.L195
 1722 001c 0198     		ldr	r0, [sp, #4]
 1723 001e C0F34320 		ubfx	r0, r0, #9, #4
 1724              	.L194:
 1725 0022 03B0     		add	sp, sp, #12
 1726              		@ sp needed
 1727 0024 5DF804FB 		ldr	pc, [sp], #4
 1728              	.L197:
 1729              		.align	2
 1730              	.L196:
 1731 0028 00000000 		.word	.LANCHOR1
 1733              		.section	.text.SD_WaitOperation,"ax",%progbits
 1734              		.align	1
 1735              		.global	SD_WaitOperation
 1736              		.thumb
 1737              		.thumb_func
 1739              	SD_WaitOperation:
 1740              		@ args = 0, pretend = 0, frame = 0
 1741              		@ frame_needed = 0, uses_anonymous_args = 0
 1742 0000 08B5     		push	{r3, lr}
 1743              	.L200:
 1744 0002 FFF7FEFF 		bl	SD_GetStatus
 1745 0006 0428     		cmp	r0, #4
 1746 0008 06D0     		beq	.L201
 1747 000a 0328     		cmp	r0, #3
 1748 000c 06D0     		beq	.L204
 1749 000e FF28     		cmp	r0, #255
 1750 0010 04D0     		beq	.L204
 1751 0012 0828     		cmp	r0, #8
 1752 0014 F5D1     		bne	.L200
 1753 0016 01E0     		b	.L204
 1754              	.L201:
 1755 0018 0020     		movs	r0, #0
 1756 001a 08BD     		pop	{r3, pc}
 1757              	.L204:
 1758 001c 2920     		movs	r0, #41
 1759 001e 08BD     		pop	{r3, pc}
 1761              		.section	.text.SDIO_IRQHandler,"ax",%progbits
 1762              		.align	1
 1763              		.global	SDIO_IRQHandler
 1764              		.thumb
 1765              		.thumb_func
 1767              	SDIO_IRQHandler:
 1768              		@ args = 0, pretend = 0, frame = 0
 1769              		@ frame_needed = 0, uses_anonymous_args = 0
 1770 0000 0C4B     		ldr	r3, .L208
 1771 0002 10B5     		push	{r4, lr}
 1772 0004 1B68     		ldr	r3, [r3]
 1773 0006 0C4C     		ldr	r4, .L208+4
 1774 0008 012B     		cmp	r3, #1
 1775 000a 03D1     		bne	.L206
 1776 000c FFF7FEFF 		bl	SD_StopTransfer
 1777 0010 2070     		strb	r0, [r4]
 1778 0012 01E0     		b	.L207
 1779              	.L206:
 1780 0014 0023     		movs	r3, #0
 1781 0016 2370     		strb	r3, [r4]
 1782              	.L207:
 1783 0018 4FF48070 		mov	r0, #256
 1784 001c FFF7FEFF 		bl	SDIO_ClearITPendingBit
 1785 0020 4FF48070 		mov	r0, #256
 1786 0024 0021     		movs	r1, #0
 1787 0026 FFF7FEFF 		bl	SDIO_ITConfig
 1788 002a 044B     		ldr	r3, .L208+8
 1789 002c 0122     		movs	r2, #1
 1790 002e 1A60     		str	r2, [r3]
 1791 0030 10BD     		pop	{r4, pc}
 1792              	.L209:
 1793 0032 00BF     		.align	2
 1794              	.L208:
 1795 0034 00000000 		.word	.LANCHOR6
 1796 0038 00000000 		.word	.LANCHOR4
 1797 003c 00000000 		.word	.LANCHOR5
 1799              		.global	TransferEnd
 1800              		.global	TransferError
 1801              		.global	StopCondition
 1802              		.section	.data.SD_BlockSize,"aw",%progbits
 1803              		.align	1
 1804              		.set	.LANCHOR2,. + 0
 1807              	SD_BlockSize:
 1808 0000 0002     		.short	512
 1809              		.section	.bss.TransferError,"aw",%nobits
 1810              		.set	.LANCHOR4,. + 0
 1813              	TransferError:
 1814 0000 00       		.space	1
 1815              		.section	.data.CardType,"aw",%progbits
 1816              		.align	2
 1817              		.set	.LANCHOR1,. + 0
 1820              	CardType:
 1821 0000 FF000000 		.word	255
 1822              		.section	.bss.TransferEnd,"aw",%nobits
 1823              		.align	2
 1824              		.set	.LANCHOR5,. + 0
 1827              	TransferEnd:
 1828 0000 00000000 		.space	4
 1829              		.section	.bss.RCA,"aw",%nobits
 1830              		.align	2
 1831              		.set	.LANCHOR0,. + 0
 1834              	RCA:
 1835 0000 00000000 		.space	4
 1836              		.section	.data.SD_Power,"aw",%progbits
 1837              		.set	.LANCHOR3,. + 0
 1840              	SD_Power:
 1841 0000 09       		.byte	9
 1842              		.section	.bss.StopCondition,"aw",%nobits
 1843              		.align	2
 1844              		.set	.LANCHOR6,. + 0
 1847              	StopCondition:
 1848 0000 00000000 		.space	4
 1849              		.ident	"GCC: (Sourcery CodeBench Lite 2013.11-24) 4.8.1"
DEFINED SYMBOLS
                            *ABS*:00000000 sd_sdio.c
D:\Users\draapho\AppData\Local\Temp\ccYErKS9.s:16     .text.CmdResp2Error:00000000 $t
D:\Users\draapho\AppData\Local\Temp\ccYErKS9.s:20     .text.CmdResp2Error:00000000 CmdResp2Error
D:\Users\draapho\AppData\Local\Temp\ccYErKS9.s:50     .text.CmdResp2Error:00000038 $d
D:\Users\draapho\AppData\Local\Temp\ccYErKS9.s:53     .text.CmdResp1Error.isra.0:00000000 $t
D:\Users\draapho\AppData\Local\Temp\ccYErKS9.s:57     .text.CmdResp1Error.isra.0:00000000 CmdResp1Error.isra.0
D:\Users\draapho\AppData\Local\Temp\ccYErKS9.s:75     .text.CmdResp1Error.isra.0:0000001c $d
D:\Users\draapho\AppData\Local\Temp\ccYErKS9.s:78     .text.SDEnWideBus:00000000 $t
D:\Users\draapho\AppData\Local\Temp\ccYErKS9.s:82     .text.SDEnWideBus:00000000 SDEnWideBus
D:\Users\draapho\AppData\Local\Temp\ccYErKS9.s:280    .text.SDEnWideBus:000001b4 $d
D:\Users\draapho\AppData\Local\Temp\ccYErKS9.s:284    .text.SD_Port_Init:00000000 $t
D:\Users\draapho\AppData\Local\Temp\ccYErKS9.s:289    .text.SD_Port_Init:00000000 SD_Port_Init
D:\Users\draapho\AppData\Local\Temp\ccYErKS9.s:327    .text.SD_Port_Init:00000060 $d
D:\Users\draapho\AppData\Local\Temp\ccYErKS9.s:331    .text.SD_LowLevel_Init:00000000 $t
D:\Users\draapho\AppData\Local\Temp\ccYErKS9.s:336    .text.SD_LowLevel_Init:00000000 SD_LowLevel_Init
D:\Users\draapho\AppData\Local\Temp\ccYErKS9.s:349    .text.SD_LowLevel_DMA_TxConfig:00000000 $t
D:\Users\draapho\AppData\Local\Temp\ccYErKS9.s:354    .text.SD_LowLevel_DMA_TxConfig:00000000 SD_LowLevel_DMA_TxConfig
D:\Users\draapho\AppData\Local\Temp\ccYErKS9.s:398    .text.SD_LowLevel_DMA_TxConfig:00000058 $d
D:\Users\draapho\AppData\Local\Temp\ccYErKS9.s:403    .text.SD_LowLevel_DMA_RxConfig:00000000 $t
D:\Users\draapho\AppData\Local\Temp\ccYErKS9.s:408    .text.SD_LowLevel_DMA_RxConfig:00000000 SD_LowLevel_DMA_RxConfig
D:\Users\draapho\AppData\Local\Temp\ccYErKS9.s:451    .text.SD_LowLevel_DMA_RxConfig:00000058 $d
D:\Users\draapho\AppData\Local\Temp\ccYErKS9.s:456    .text.SD_DMAEndOfTransferStatus:00000000 $t
D:\Users\draapho\AppData\Local\Temp\ccYErKS9.s:461    .text.SD_DMAEndOfTransferStatus:00000000 SD_DMAEndOfTransferStatus
D:\Users\draapho\AppData\Local\Temp\ccYErKS9.s:471    .text.SD_DMAEndOfTransferStatus:0000000c $d
D:\Users\draapho\AppData\Local\Temp\ccYErKS9.s:474    .text.SD_PowerON:00000000 $t
D:\Users\draapho\AppData\Local\Temp\ccYErKS9.s:479    .text.SD_PowerON:00000000 SD_PowerON
D:\Users\draapho\AppData\Local\Temp\ccYErKS9.s:670    .text.SD_PowerON:000001a4 $d
D:\Users\draapho\AppData\Local\Temp\ccYErKS9.s:674    .text.SD_PowerOFF:00000000 $t
D:\Users\draapho\AppData\Local\Temp\ccYErKS9.s:679    .text.SD_PowerOFF:00000000 SD_PowerOFF
D:\Users\draapho\AppData\Local\Temp\ccYErKS9.s:689    .text.SD_InitializeCards:00000000 $t
D:\Users\draapho\AppData\Local\Temp\ccYErKS9.s:694    .text.SD_InitializeCards:00000000 SD_InitializeCards
D:\Users\draapho\AppData\Local\Temp\ccYErKS9.s:803    .text.SD_InitializeCards:000000d8 $d
D:\Users\draapho\AppData\Local\Temp\ccYErKS9.s:808    .text.SD_GetCardInfo:00000000 $t
D:\Users\draapho\AppData\Local\Temp\ccYErKS9.s:813    .text.SD_GetCardInfo:00000000 SD_GetCardInfo
D:\Users\draapho\AppData\Local\Temp\ccYErKS9.s:1061   .text.SD_GetCardInfo:000002a8 $d
D:\Users\draapho\AppData\Local\Temp\ccYErKS9.s:1065   .text.SD_EnableWideBusOperation:00000000 $t
D:\Users\draapho\AppData\Local\Temp\ccYErKS9.s:1070   .text.SD_EnableWideBusOperation:00000000 SD_EnableWideBusOperation
D:\Users\draapho\AppData\Local\Temp\ccYErKS9.s:1111   .text.SD_SelectDeselect:00000000 $t
D:\Users\draapho\AppData\Local\Temp\ccYErKS9.s:1116   .text.SD_SelectDeselect:00000000 SD_SelectDeselect
D:\Users\draapho\AppData\Local\Temp\ccYErKS9.s:1137   .text.SD_Init:00000000 $t
D:\Users\draapho\AppData\Local\Temp\ccYErKS9.s:1142   .text.SD_Init:00000000 SD_Init
D:\Users\draapho\AppData\Local\Temp\ccYErKS9.s:1205   .text.SD_Init:0000008c $d
D:\Users\draapho\AppData\Local\Temp\ccYErKS9.s:1209   .text.SD_ReadBlock:00000000 $t
D:\Users\draapho\AppData\Local\Temp\ccYErKS9.s:1214   .text.SD_ReadBlock:00000000 SD_ReadBlock
D:\Users\draapho\AppData\Local\Temp\ccYErKS9.s:1300   .text.SD_ReadBlock:000000b8 $d
D:\Users\draapho\AppData\Local\Temp\ccYErKS9.s:1309   .text.SD_ReadMultiBlocks:00000000 $t
D:\Users\draapho\AppData\Local\Temp\ccYErKS9.s:1314   .text.SD_ReadMultiBlocks:00000000 SD_ReadMultiBlocks
D:\Users\draapho\AppData\Local\Temp\ccYErKS9.s:1405   .text.SD_ReadMultiBlocks:000000c4 $d
D:\Users\draapho\AppData\Local\Temp\ccYErKS9.s:1413   .text.SD_WriteBlock:00000000 $t
D:\Users\draapho\AppData\Local\Temp\ccYErKS9.s:1418   .text.SD_WriteBlock:00000000 SD_WriteBlock
D:\Users\draapho\AppData\Local\Temp\ccYErKS9.s:1506   .text.SD_WriteBlock:000000b8 $d
D:\Users\draapho\AppData\Local\Temp\ccYErKS9.s:1515   .text.SD_WriteMultiBlocks:00000000 $t
D:\Users\draapho\AppData\Local\Temp\ccYErKS9.s:1520   .text.SD_WriteMultiBlocks:00000000 SD_WriteMultiBlocks
D:\Users\draapho\AppData\Local\Temp\ccYErKS9.s:1639   .text.SD_WriteMultiBlocks:00000108 $d
D:\Users\draapho\AppData\Local\Temp\ccYErKS9.s:1648   .text.SD_StopTransfer:00000000 $t
D:\Users\draapho\AppData\Local\Temp\ccYErKS9.s:1653   .text.SD_StopTransfer:00000000 SD_StopTransfer
D:\Users\draapho\AppData\Local\Temp\ccYErKS9.s:1666   .text.SD_StopTransfer:00000010 $d
D:\Users\draapho\AppData\Local\Temp\ccYErKS9.s:1669   .text.SD_SendStatus:00000000 $t
D:\Users\draapho\AppData\Local\Temp\ccYErKS9.s:1674   .text.SD_SendStatus:00000000 SD_SendStatus
D:\Users\draapho\AppData\Local\Temp\ccYErKS9.s:1695   .text.SD_SendStatus:00000020 $d
D:\Users\draapho\AppData\Local\Temp\ccYErKS9.s:1699   .text.SD_GetStatus:00000000 $t
D:\Users\draapho\AppData\Local\Temp\ccYErKS9.s:1704   .text.SD_GetStatus:00000000 SD_GetStatus
D:\Users\draapho\AppData\Local\Temp\ccYErKS9.s:1731   .text.SD_GetStatus:00000028 $d
D:\Users\draapho\AppData\Local\Temp\ccYErKS9.s:1734   .text.SD_WaitOperation:00000000 $t
D:\Users\draapho\AppData\Local\Temp\ccYErKS9.s:1739   .text.SD_WaitOperation:00000000 SD_WaitOperation
D:\Users\draapho\AppData\Local\Temp\ccYErKS9.s:1762   .text.SDIO_IRQHandler:00000000 $t
D:\Users\draapho\AppData\Local\Temp\ccYErKS9.s:1767   .text.SDIO_IRQHandler:00000000 SDIO_IRQHandler
D:\Users\draapho\AppData\Local\Temp\ccYErKS9.s:1795   .text.SDIO_IRQHandler:00000034 $d
D:\Users\draapho\AppData\Local\Temp\ccYErKS9.s:1827   .bss.TransferEnd:00000000 TransferEnd
D:\Users\draapho\AppData\Local\Temp\ccYErKS9.s:1813   .bss.TransferError:00000000 TransferError
D:\Users\draapho\AppData\Local\Temp\ccYErKS9.s:1847   .bss.StopCondition:00000000 StopCondition
D:\Users\draapho\AppData\Local\Temp\ccYErKS9.s:1803   .data.SD_BlockSize:00000000 $d
D:\Users\draapho\AppData\Local\Temp\ccYErKS9.s:1807   .data.SD_BlockSize:00000000 SD_BlockSize
D:\Users\draapho\AppData\Local\Temp\ccYErKS9.s:1814   .bss.TransferError:00000000 $d
D:\Users\draapho\AppData\Local\Temp\ccYErKS9.s:1816   .data.CardType:00000000 $d
D:\Users\draapho\AppData\Local\Temp\ccYErKS9.s:1820   .data.CardType:00000000 CardType
D:\Users\draapho\AppData\Local\Temp\ccYErKS9.s:1823   .bss.TransferEnd:00000000 $d
D:\Users\draapho\AppData\Local\Temp\ccYErKS9.s:1830   .bss.RCA:00000000 $d
D:\Users\draapho\AppData\Local\Temp\ccYErKS9.s:1834   .bss.RCA:00000000 RCA
D:\Users\draapho\AppData\Local\Temp\ccYErKS9.s:1840   .data.SD_Power:00000000 SD_Power
D:\Users\draapho\AppData\Local\Temp\ccYErKS9.s:1843   .bss.StopCondition:00000000 $d

UNDEFINED SYMBOLS
SDIO_ClearFlag
SDIO_GetResponse
SDIO_SendCommand
SDIO_DataConfig
SDIO_GetFlagStatus
SDIO_ReadData
RCC_APB2PeriphClockCmd
GPIO_Init
NVIC_PriorityGroupConfig
NVIC_Init
RCC_AHBPeriphClockCmd
DMA_ClearFlag
DMA_Cmd
DMA_Init
DMA_GetFlagStatus
SDIO_Init
SDIO_SetPowerState
SDIO_ClockCmd
SDIO_GetPowerState
SDIO_GetCommandResponse
SDIO_DeInit
SDIO_ITConfig
SDIO_DMACmd
SDIO_ClearITPendingBit
