   1              		.syntax unified
   2              		.cpu cortex-m3
   3              		.fpu softvfp
   4              		.eabi_attribute 20, 1
   5              		.eabi_attribute 21, 1
   6              		.eabi_attribute 23, 3
   7              		.eabi_attribute 24, 1
   8              		.eabi_attribute 25, 1
   9              		.eabi_attribute 26, 1
  10              		.eabi_attribute 30, 4
  11              		.eabi_attribute 34, 1
  12              		.eabi_attribute 18, 4
  13              		.thumb
  14              		.file	"drv_led.c"
  15              		.section	.text.led_on,"ax",%progbits
  16              		.align	1
  17              		.global	led_on
  18              		.thumb
  19              		.thumb_func
  21              	led_on:
  22              		@ args = 0, pretend = 0, frame = 0
  23              		@ frame_needed = 0, uses_anonymous_args = 0
  24 0000 0228     		cmp	r0, #2
  25 0002 10B5     		push	{r4, lr}
  26 0004 05D9     		bls	.L2
  27 0006 BDE81040 		pop	{r4, lr}
  28 000a 0A48     		ldr	r0, .L5
  29 000c EE21     		movs	r1, #238
  30 000e FFF7FEBF 		b	assert_err
  31              	.L2:
  32 0012 0621     		movs	r1, #6
  33 0014 4143     		muls	r1, r0, r1
  34 0016 084C     		ldr	r4, .L5+4
  35 0018 0023     		movs	r3, #0
  36 001a 6218     		adds	r2, r4, r1
  37 001c 6352     		strh	r3, [r4, r1]	@ movhi
  38 001e 5380     		strh	r3, [r2, #2]	@ movhi
  39 0020 9380     		strh	r3, [r2, #4]	@ movhi
  40 0022 0C22     		movs	r2, #12
  41 0024 5043     		muls	r0, r2, r0
  42 0026 054B     		ldr	r3, .L5+8
  43 0028 1A18     		adds	r2, r3, r0
  44 002a 1289     		ldrh	r2, [r2, #8]
  45 002c 1B58     		ldr	r3, [r3, r0]
  46 002e 5A61     		str	r2, [r3, #20]
  47 0030 10BD     		pop	{r4, pc}
  48              	.L6:
  49 0032 00BF     		.align	2
  50              	.L5:
  51 0034 00000000 		.word	.LC0
  52 0038 00000000 		.word	.LANCHOR0
  53 003c 00000000 		.word	.LANCHOR1
  55              		.section	.text.led_off,"ax",%progbits
  56              		.align	1
  57              		.global	led_off
  58              		.thumb
  59              		.thumb_func
  61              	led_off:
  62              		@ args = 0, pretend = 0, frame = 0
  63              		@ frame_needed = 0, uses_anonymous_args = 0
  64 0000 0228     		cmp	r0, #2
  65 0002 10B5     		push	{r4, lr}
  66 0004 06D9     		bls	.L8
  67 0006 BDE81040 		pop	{r4, lr}
  68 000a 0A48     		ldr	r0, .L10
  69 000c 4FF48471 		mov	r1, #264
  70 0010 FFF7FEBF 		b	assert_err
  71              	.L8:
  72 0014 0621     		movs	r1, #6
  73 0016 4143     		muls	r1, r0, r1
  74 0018 074C     		ldr	r4, .L10+4
  75 001a 0023     		movs	r3, #0
  76 001c 6218     		adds	r2, r4, r1
  77 001e 6352     		strh	r3, [r4, r1]	@ movhi
  78 0020 5380     		strh	r3, [r2, #2]	@ movhi
  79 0022 9380     		strh	r3, [r2, #4]	@ movhi
  80 0024 0C22     		movs	r2, #12
  81 0026 5043     		muls	r0, r2, r0
  82 0028 044B     		ldr	r3, .L10+8
  83 002a 1A18     		adds	r2, r3, r0
  84 002c 1289     		ldrh	r2, [r2, #8]
  85 002e 1B58     		ldr	r3, [r3, r0]
  86 0030 1A61     		str	r2, [r3, #16]
  87 0032 10BD     		pop	{r4, pc}
  88              	.L11:
  89              		.align	2
  90              	.L10:
  91 0034 00000000 		.word	.LC0
  92 0038 00000000 		.word	.LANCHOR0
  93 003c 00000000 		.word	.LANCHOR1
  95              		.section	.text.led_init,"ax",%progbits
  96              		.align	1
  97              		.global	led_init
  98              		.thumb
  99              		.thumb_func
 101              	led_init:
 102              		@ args = 0, pretend = 0, frame = 8
 103              		@ frame_needed = 0, uses_anonymous_args = 0
 104 0000 0228     		cmp	r0, #2
 105 0002 F7B5     		push	{r0, r1, r2, r4, r5, r6, r7, lr}
 106 0004 0446     		mov	r4, r0
 107 0006 04D9     		bls	.L13
 108 0008 0F48     		ldr	r0, .L15
 109 000a DD21     		movs	r1, #221
 110 000c FFF7FEFF 		bl	assert_err
 111 0010 17E0     		b	.L12
 112              	.L13:
 113 0012 0C25     		movs	r5, #12
 114 0014 4543     		muls	r5, r0, r5
 115 0016 0D4E     		ldr	r6, .L15+4
 116 0018 0121     		movs	r1, #1
 117 001a 7719     		adds	r7, r6, r5
 118 001c 7868     		ldr	r0, [r7, #4]
 119 001e FFF7FEFF 		bl	RCC_APB2PeriphClockCmd
 120 0022 3B89     		ldrh	r3, [r7, #8]
 121 0024 7059     		ldr	r0, [r6, r5]
 122 0026 ADF80430 		strh	r3, [sp, #4]	@ movhi
 123 002a 1023     		movs	r3, #16
 124 002c 8DF80730 		strb	r3, [sp, #7]
 125 0030 01A9     		add	r1, sp, #4
 126 0032 0223     		movs	r3, #2
 127 0034 8DF80630 		strb	r3, [sp, #6]
 128 0038 FFF7FEFF 		bl	GPIO_Init
 129 003c 2046     		mov	r0, r4
 130 003e FFF7FEFF 		bl	led_off
 131              	.L12:
 132 0042 03B0     		add	sp, sp, #12
 133              		@ sp needed
 134 0044 F0BD     		pop	{r4, r5, r6, r7, pc}
 135              	.L16:
 136 0046 00BF     		.align	2
 137              	.L15:
 138 0048 00000000 		.word	.LC0
 139 004c 00000000 		.word	.LANCHOR1
 141              		.section	.text.led_init_all,"ax",%progbits
 142              		.align	1
 143              		.global	led_init_all
 144              		.thumb
 145              		.thumb_func
 147              	led_init_all:
 148              		@ args = 0, pretend = 0, frame = 0
 149              		@ frame_needed = 0, uses_anonymous_args = 0
 150 0000 08B5     		push	{r3, lr}
 151 0002 0020     		movs	r0, #0
 152 0004 FFF7FEFF 		bl	led_init
 153 0008 0120     		movs	r0, #1
 154 000a FFF7FEFF 		bl	led_init
 155 000e BDE80840 		pop	{r3, lr}
 156 0012 0220     		movs	r0, #2
 157 0014 FFF7FEBF 		b	led_init
 159              		.section	.text.led_toggle,"ax",%progbits
 160              		.align	1
 161              		.global	led_toggle
 162              		.thumb
 163              		.thumb_func
 165              	led_toggle:
 166              		@ args = 0, pretend = 0, frame = 0
 167              		@ frame_needed = 0, uses_anonymous_args = 0
 168 0000 0228     		cmp	r0, #2
 169 0002 10B5     		push	{r4, lr}
 170 0004 06D9     		bls	.L19
 171 0006 BDE81040 		pop	{r4, lr}
 172 000a 0B48     		ldr	r0, .L21
 173 000c 4FF49171 		mov	r1, #290
 174 0010 FFF7FEBF 		b	assert_err
 175              	.L19:
 176 0014 0621     		movs	r1, #6
 177 0016 4143     		muls	r1, r0, r1
 178 0018 084C     		ldr	r4, .L21+4
 179 001a 0023     		movs	r3, #0
 180 001c 6218     		adds	r2, r4, r1
 181 001e 6352     		strh	r3, [r4, r1]	@ movhi
 182 0020 5380     		strh	r3, [r2, #2]	@ movhi
 183 0022 9380     		strh	r3, [r2, #4]	@ movhi
 184 0024 0C22     		movs	r2, #12
 185 0026 5043     		muls	r0, r2, r0
 186 0028 054B     		ldr	r3, .L21+8
 187 002a 1918     		adds	r1, r3, r0
 188 002c 1B58     		ldr	r3, [r3, r0]
 189 002e 0989     		ldrh	r1, [r1, #8]
 190 0030 DA68     		ldr	r2, [r3, #12]
 191 0032 4A40     		eors	r2, r2, r1
 192 0034 DA60     		str	r2, [r3, #12]
 193 0036 10BD     		pop	{r4, pc}
 194              	.L22:
 195              		.align	2
 196              	.L21:
 197 0038 00000000 		.word	.LC0
 198 003c 00000000 		.word	.LANCHOR0
 199 0040 00000000 		.word	.LANCHOR1
 201              		.section	.text.led_get_status,"ax",%progbits
 202              		.align	1
 203              		.global	led_get_status
 204              		.thumb
 205              		.thumb_func
 207              	led_get_status:
 208              		@ args = 0, pretend = 0, frame = 0
 209              		@ frame_needed = 0, uses_anonymous_args = 0
 210 0000 0228     		cmp	r0, #2
 211 0002 08B5     		push	{r3, lr}
 212 0004 06D9     		bls	.L24
 213 0006 1948     		ldr	r0, .L34
 214 0008 4FF49F71 		mov	r1, #318
 215 000c FFF7FEFF 		bl	assert_err
 216 0010 0020     		movs	r0, #0
 217 0012 08BD     		pop	{r3, pc}
 218              	.L24:
 219 0014 164B     		ldr	r3, .L34+4
 220 0016 0622     		movs	r2, #6
 221 0018 02FB0033 		mla	r3, r2, r0, r3
 222 001c 9A88     		ldrh	r2, [r3, #4]
 223 001e 02F44042 		and	r2, r2, #49152
 224 0022 B2F5804F 		cmp	r2, #16384
 225 0026 08D1     		bne	.L33
 226 0028 9888     		ldrh	r0, [r3, #4]
 227 002a 44F21303 		movw	r3, #16403
 228 002e 80B2     		uxth	r0, r0
 229 0030 9842     		cmp	r0, r3
 230 0032 8CBF     		ite	hi
 231 0034 1020     		movhi	r0, #16
 232 0036 1120     		movls	r0, #17
 233 0038 08BD     		pop	{r3, pc}
 234              	.L33:
 235 003a 9B88     		ldrh	r3, [r3, #4]
 236 003c 0C22     		movs	r2, #12
 237 003e 5043     		muls	r0, r2, r0
 238 0040 03F44043 		and	r3, r3, #49152
 239 0044 B3F5004F 		cmp	r3, #32768
 240 0048 0A4B     		ldr	r3, .L34+8
 241 004a 03EB0002 		add	r2, r3, r0
 242 004e 1B58     		ldr	r3, [r3, r0]
 243 0050 1289     		ldrh	r2, [r2, #8]
 244 0052 DB68     		ldr	r3, [r3, #12]
 245 0054 04D1     		bne	.L26
 246 0056 1A42     		tst	r2, r3
 247 0058 0CBF     		ite	eq
 248 005a 2120     		moveq	r0, #33
 249 005c 2020     		movne	r0, #32
 250 005e 08BD     		pop	{r3, pc}
 251              	.L26:
 252 0060 1A42     		tst	r2, r3
 253 0062 14BF     		ite	ne
 254 0064 0020     		movne	r0, #0
 255 0066 0120     		moveq	r0, #1
 256 0068 08BD     		pop	{r3, pc}
 257              	.L35:
 258 006a 00BF     		.align	2
 259              	.L34:
 260 006c 00000000 		.word	.LC0
 261 0070 00000000 		.word	.LANCHOR0
 262 0074 00000000 		.word	.LANCHOR1
 264              		.section	.text.led_adjust,"ax",%progbits
 265              		.align	1
 266              		.global	led_adjust
 267              		.thumb
 268              		.thumb_func
 270              	led_adjust:
 271              		@ args = 0, pretend = 0, frame = 0
 272              		@ frame_needed = 0, uses_anonymous_args = 0
 273 0000 0228     		cmp	r0, #2
 274 0002 38B5     		push	{r3, r4, r5, lr}
 275 0004 0446     		mov	r4, r0
 276 0006 0D46     		mov	r5, r1
 277 0008 06D9     		bls	.L37
 278 000a BDE83840 		pop	{r3, r4, r5, lr}
 279 000e 1348     		ldr	r0, .L44
 280 0010 40F26B11 		movw	r1, #363
 281 0014 FFF7FEBF 		b	assert_err
 282              	.L37:
 283 0018 FFF7FEFF 		bl	led_get_status
 284 001c 00F0DF00 		and	r0, r0, #223
 285 0020 0128     		cmp	r0, #1
 286 0022 0F4B     		ldr	r3, .L44+4
 287 0024 4FF00602 		mov	r2, #6
 288 0028 04D1     		bne	.L42
 289 002a 02FB0432 		mla	r2, r2, r4, r3
 290 002e 4FF48041 		mov	r1, #16384
 291 0032 04E0     		b	.L43
 292              	.L42:
 293 0034 20B9     		cbnz	r0, .L38
 294 0036 02FB0432 		mla	r2, r2, r4, r3
 295 003a 44F21401 		movw	r1, #16404
 296              	.L43:
 297 003e 5180     		strh	r1, [r2, #2]	@ movhi
 298              	.L38:
 299 0040 0622     		movs	r2, #6
 300 0042 5443     		muls	r4, r2, r4
 301 0044 4FF48041 		mov	r1, #16384
 302 0048 1A19     		adds	r2, r3, r4
 303 004a 1953     		strh	r1, [r3, r4]	@ movhi
 304 004c 1423     		movs	r3, #20
 305 004e 5D43     		muls	r5, r3, r5
 306 0050 FF23     		movs	r3, #255
 307 0052 B5FBF3F5 		udiv	r5, r5, r3
 308 0056 0D43     		orrs	r5, r5, r1
 309 0058 9580     		strh	r5, [r2, #4]	@ movhi
 310 005a 38BD     		pop	{r3, r4, r5, pc}
 311              	.L45:
 312              		.align	2
 313              	.L44:
 314 005c 00000000 		.word	.LC0
 315 0060 00000000 		.word	.LANCHOR0
 317              		.section	.text.led_on_gradual,"ax",%progbits
 318              		.align	1
 319              		.global	led_on_gradual
 320              		.thumb
 321              		.thumb_func
 323              	led_on_gradual:
 324              		@ args = 0, pretend = 0, frame = 0
 325              		@ frame_needed = 0, uses_anonymous_args = 0
 326              		@ link register save eliminated.
 327 0000 0021     		movs	r1, #0
 328 0002 FFF7FEBF 		b	led_adjust
 330              		.section	.text.led_off_gradual,"ax",%progbits
 331              		.align	1
 332              		.global	led_off_gradual
 333              		.thumb
 334              		.thumb_func
 336              	led_off_gradual:
 337              		@ args = 0, pretend = 0, frame = 0
 338              		@ frame_needed = 0, uses_anonymous_args = 0
 339              		@ link register save eliminated.
 340 0000 FF21     		movs	r1, #255
 341 0002 FFF7FEBF 		b	led_adjust
 343              		.section	.text.led_toggle_gradual,"ax",%progbits
 344              		.align	1
 345              		.global	led_toggle_gradual
 346              		.thumb
 347              		.thumb_func
 349              	led_toggle_gradual:
 350              		@ args = 0, pretend = 0, frame = 0
 351              		@ frame_needed = 0, uses_anonymous_args = 0
 352 0000 0228     		cmp	r0, #2
 353 0002 10B5     		push	{r4, lr}
 354 0004 0446     		mov	r4, r0
 355 0006 06D9     		bls	.L49
 356 0008 BDE81040 		pop	{r4, lr}
 357 000c 0848     		ldr	r0, .L54
 358 000e 40F2A511 		movw	r1, #421
 359 0012 FFF7FEBF 		b	assert_err
 360              	.L49:
 361 0016 FFF7FEFF 		bl	led_get_status
 362 001a 10F00101 		ands	r1, r0, #1
 363 001e 02D0     		beq	.L52
 364 0020 2046     		mov	r0, r4
 365 0022 FF21     		movs	r1, #255
 366 0024 00E0     		b	.L53
 367              	.L52:
 368 0026 2046     		mov	r0, r4
 369              	.L53:
 370 0028 BDE81040 		pop	{r4, lr}
 371 002c FFF7FEBF 		b	led_adjust
 372              	.L55:
 373              		.align	2
 374              	.L54:
 375 0030 00000000 		.word	.LC0
 377              		.section	.text.led_flash,"ax",%progbits
 378              		.align	1
 379              		.global	led_flash
 380              		.thumb
 381              		.thumb_func
 383              	led_flash:
 384              		@ args = 0, pretend = 0, frame = 0
 385              		@ frame_needed = 0, uses_anonymous_args = 0
 386 0000 0228     		cmp	r0, #2
 387 0002 70B5     		push	{r4, r5, r6, lr}
 388 0004 06D9     		bls	.L57
 389 0006 BDE87040 		pop	{r4, r5, r6, lr}
 390 000a 1248     		ldr	r0, .L66
 391 000c 40F2BB11 		movw	r1, #443
 392 0010 FFF7FEBF 		b	assert_err
 393              	.L57:
 394 0014 0129     		cmp	r1, #1
 395 0016 05D9     		bls	.L65
 396 0018 47F23053 		movw	r3, #30000
 397 001c 9942     		cmp	r1, r3
 398 001e 28BF     		it	cs
 399 0020 1946     		movcs	r1, r3
 400 0022 00E0     		b	.L58
 401              	.L65:
 402 0024 0221     		movs	r1, #2
 403              	.L58:
 404 0026 0624     		movs	r4, #6
 405 0028 4443     		muls	r4, r0, r4
 406 002a 0B4D     		ldr	r5, .L66+4
 407 002c 4FF40046 		mov	r6, #32768
 408 0030 C1F34E01 		ubfx	r1, r1, #1, #15
 409 0034 5200     		lsls	r2, r2, #1
 410 0036 2B19     		adds	r3, r5, r4
 411 0038 3243     		orrs	r2, r2, r6
 412 003a 3143     		orrs	r1, r1, r6
 413 003c 2E53     		strh	r6, [r5, r4]	@ movhi
 414 003e 5980     		strh	r1, [r3, #2]	@ movhi
 415 0040 9A80     		strh	r2, [r3, #4]	@ movhi
 416 0042 0C22     		movs	r2, #12
 417 0044 5043     		muls	r0, r2, r0
 418 0046 054B     		ldr	r3, .L66+8
 419 0048 1A18     		adds	r2, r3, r0
 420 004a 1289     		ldrh	r2, [r2, #8]
 421 004c 1B58     		ldr	r3, [r3, r0]
 422 004e 5A61     		str	r2, [r3, #20]
 423 0050 70BD     		pop	{r4, r5, r6, pc}
 424              	.L67:
 425 0052 00BF     		.align	2
 426              	.L66:
 427 0054 00000000 		.word	.LC0
 428 0058 00000000 		.word	.LANCHOR0
 429 005c 00000000 		.word	.LANCHOR1
 431              		.section	.text.led_scan_1ms,"ax",%progbits
 432              		.align	1
 433              		.global	led_scan_1ms
 434              		.thumb
 435              		.thumb_func
 437              	led_scan_1ms:
 438              		@ args = 0, pretend = 0, frame = 0
 439              		@ frame_needed = 0, uses_anonymous_args = 0
 440 0000 444A     		ldr	r2, .L80
 441 0002 2DE9F047 		push	{r4, r5, r6, r7, r8, r9, r10, lr}
 442 0006 4449     		ldr	r1, .L80+4
 443 0008 0024     		movs	r4, #0
 444 000a 0627     		movs	r7, #6
 445 000c 9446     		mov	ip, r2
 446 000e 2546     		mov	r5, r4
 447 0010 44F2130A 		movw	r10, #16403
 448              	.L78:
 449 0014 07FB04F0 		mul	r0, r7, r4
 450 0018 1318     		adds	r3, r2, r0
 451 001a 9E88     		ldrh	r6, [r3, #4]
 452 001c 06F44046 		and	r6, r6, #49152
 453 0020 002E     		cmp	r6, #0
 454 0022 6FD0     		beq	.L70
 455 0024 B3F80480 		ldrh	r8, [r3, #4]
 456 0028 08F44048 		and	r8, r8, #49152
 457 002c B8F5804F 		cmp	r8, #16384
 458 0030 2FD1     		bne	.L71
 459 0032 165A     		ldrh	r6, [r2, r0]
 460 0034 B6B2     		uxth	r6, r6
 461 0036 0136     		adds	r6, r6, #1
 462 0038 B6B2     		uxth	r6, r6
 463 003a 5645     		cmp	r6, r10
 464 003c 1652     		strh	r6, [r2, r0]	@ movhi
 465 003e 19D9     		bls	.L73
 466 0040 0E68     		ldr	r6, [r1]
 467 0042 B1F80890 		ldrh	r9, [r1, #8]
 468 0046 C6F81090 		str	r9, [r6, #16]
 469 004a 22F80080 		strh	r8, [r2, r0]	@ movhi
 470 004e 9888     		ldrh	r0, [r3, #4]
 471 0050 5E88     		ldrh	r6, [r3, #2]
 472 0052 80B2     		uxth	r0, r0
 473 0054 B6B2     		uxth	r6, r6
 474 0056 8642     		cmp	r6, r0
 475 0058 03D2     		bcs	.L74
 476 005a 5888     		ldrh	r0, [r3, #2]
 477 005c 80B2     		uxth	r0, r0
 478 005e 0130     		adds	r0, r0, #1
 479 0060 06E0     		b	.L79
 480              	.L74:
 481 0062 5E88     		ldrh	r6, [r3, #2]
 482 0064 B6B2     		uxth	r6, r6
 483 0066 8642     		cmp	r6, r0
 484 0068 04D9     		bls	.L73
 485 006a 5888     		ldrh	r0, [r3, #2]
 486 006c 80B2     		uxth	r0, r0
 487 006e 0138     		subs	r0, r0, #1
 488              	.L79:
 489 0070 80B2     		uxth	r0, r0
 490 0072 5880     		strh	r0, [r3, #2]	@ movhi
 491              	.L73:
 492 0074 07FB04F3 		mul	r3, r7, r4
 493 0078 0CEB0300 		add	r0, ip, r3
 494 007c 4088     		ldrh	r0, [r0, #2]
 495 007e 3CF80330 		ldrh	r3, [ip, r3]
 496 0082 80B2     		uxth	r0, r0
 497 0084 9BB2     		uxth	r3, r3
 498 0086 8342     		cmp	r3, r0
 499 0088 3CD1     		bne	.L70
 500 008a 0B68     		ldr	r3, [r1]
 501 008c 0889     		ldrh	r0, [r1, #8]
 502 008e 5861     		str	r0, [r3, #20]
 503 0090 38E0     		b	.L70
 504              	.L71:
 505 0092 9E88     		ldrh	r6, [r3, #4]
 506 0094 06F44046 		and	r6, r6, #49152
 507 0098 B6F5004F 		cmp	r6, #32768
 508 009c 32D1     		bne	.L70
 509 009e B3F80290 		ldrh	r9, [r3, #2]
 510 00a2 32F80080 		ldrh	r8, [r2, r0]
 511 00a6 1FFA89F9 		uxth	r9, r9
 512 00aa 1FFA88F8 		uxth	r8, r8
 513 00ae 08F10108 		add	r8, r8, #1
 514 00b2 1FFA88F8 		uxth	r8, r8
 515 00b6 C845     		cmp	r8, r9
 516 00b8 22F80080 		strh	r8, [r2, r0]	@ movhi
 517 00bc 22D3     		bcc	.L70
 518 00be 1652     		strh	r6, [r2, r0]	@ movhi
 519 00c0 0E68     		ldr	r6, [r1]
 520 00c2 B1F80880 		ldrh	r8, [r1, #8]
 521 00c6 D6F80C90 		ldr	r9, [r6, #12]
 522 00ca 88EA0909 		eor	r9, r8, r9
 523 00ce C6F80C90 		str	r9, [r6, #12]
 524 00d2 B3F80490 		ldrh	r9, [r3, #4]
 525 00d6 1FFA89F9 		uxth	r9, r9
 526 00da B9F5004F 		cmp	r9, #32768
 527 00de 11D9     		bls	.L70
 528 00e0 B3F80490 		ldrh	r9, [r3, #4]
 529 00e4 1FFA89F9 		uxth	r9, r9
 530 00e8 09F1FF39 		add	r9, r9, #-1
 531 00ec 1FFA89F9 		uxth	r9, r9
 532 00f0 B9F5004F 		cmp	r9, #32768
 533 00f4 A3F80490 		strh	r9, [r3, #4]	@ movhi
 534 00f8 04D8     		bhi	.L70
 535 00fa 1552     		strh	r5, [r2, r0]	@ movhi
 536 00fc 5D80     		strh	r5, [r3, #2]	@ movhi
 537 00fe 9D80     		strh	r5, [r3, #4]	@ movhi
 538 0100 C6F81080 		str	r8, [r6, #16]
 539              	.L70:
 540 0104 0134     		adds	r4, r4, #1
 541 0106 032C     		cmp	r4, #3
 542 0108 01F10C01 		add	r1, r1, #12
 543 010c 82D1     		bne	.L78
 544 010e BDE8F087 		pop	{r4, r5, r6, r7, r8, r9, r10, pc}
 545              	.L81:
 546 0112 00BF     		.align	2
 547              	.L80:
 548 0114 00000000 		.word	.LANCHOR0
 549 0118 00000000 		.word	.LANCHOR1
 551              		.section	.bss.led_para,"aw",%nobits
 552              		.align	1
 553              		.set	.LANCHOR0,. + 0
 556              	led_para:
 557 0000 00000000 		.space	18
 557      00000000 
 557      00000000 
 557      00000000 
 557      0000
 558              		.section	.rodata.str1.1,"aMS",%progbits,1
 559              	.LC0:
 560 0000 443A2F55 		.ascii	"D:/Users/draapho/Desktop/stm32_ezos_v231/drivers/dr"
 560      73657273 
 560      2F647261 
 560      6170686F 
 560      2F446573 
 561 0033 765F6C65 		.ascii	"v_led.c\000"
 561      642E6300 
 562              		.section	.rodata.led_hw,"a",%progbits
 563              		.align	2
 564              		.set	.LANCHOR1,. + 0
 567              	led_hw:
 568 0000 00100140 		.word	1073811456
 569 0004 10000000 		.word	16
 570 0008 0800     		.short	8
 571 000a 0000     		.space	2
 572 000c 00100140 		.word	1073811456
 573 0010 10000000 		.word	16
 574 0014 1000     		.short	16
 575 0016 0000     		.space	2
 576 0018 00100140 		.word	1073811456
 577 001c 10000000 		.word	16
 578 0020 2000     		.short	32
 579 0022 0000     		.space	2
 580              		.ident	"GCC: (Sourcery CodeBench Lite 2013.11-24) 4.8.1"
DEFINED SYMBOLS
                            *ABS*:00000000 drv_led.c
D:\Users\draapho\AppData\Local\Temp\cc0Oqxuh.s:16     .text.led_on:00000000 $t
D:\Users\draapho\AppData\Local\Temp\cc0Oqxuh.s:21     .text.led_on:00000000 led_on
D:\Users\draapho\AppData\Local\Temp\cc0Oqxuh.s:51     .text.led_on:00000034 $d
D:\Users\draapho\AppData\Local\Temp\cc0Oqxuh.s:56     .text.led_off:00000000 $t
D:\Users\draapho\AppData\Local\Temp\cc0Oqxuh.s:61     .text.led_off:00000000 led_off
D:\Users\draapho\AppData\Local\Temp\cc0Oqxuh.s:91     .text.led_off:00000034 $d
D:\Users\draapho\AppData\Local\Temp\cc0Oqxuh.s:96     .text.led_init:00000000 $t
D:\Users\draapho\AppData\Local\Temp\cc0Oqxuh.s:101    .text.led_init:00000000 led_init
D:\Users\draapho\AppData\Local\Temp\cc0Oqxuh.s:138    .text.led_init:00000048 $d
D:\Users\draapho\AppData\Local\Temp\cc0Oqxuh.s:142    .text.led_init_all:00000000 $t
D:\Users\draapho\AppData\Local\Temp\cc0Oqxuh.s:147    .text.led_init_all:00000000 led_init_all
D:\Users\draapho\AppData\Local\Temp\cc0Oqxuh.s:160    .text.led_toggle:00000000 $t
D:\Users\draapho\AppData\Local\Temp\cc0Oqxuh.s:165    .text.led_toggle:00000000 led_toggle
D:\Users\draapho\AppData\Local\Temp\cc0Oqxuh.s:197    .text.led_toggle:00000038 $d
D:\Users\draapho\AppData\Local\Temp\cc0Oqxuh.s:202    .text.led_get_status:00000000 $t
D:\Users\draapho\AppData\Local\Temp\cc0Oqxuh.s:207    .text.led_get_status:00000000 led_get_status
D:\Users\draapho\AppData\Local\Temp\cc0Oqxuh.s:260    .text.led_get_status:0000006c $d
D:\Users\draapho\AppData\Local\Temp\cc0Oqxuh.s:265    .text.led_adjust:00000000 $t
D:\Users\draapho\AppData\Local\Temp\cc0Oqxuh.s:270    .text.led_adjust:00000000 led_adjust
D:\Users\draapho\AppData\Local\Temp\cc0Oqxuh.s:314    .text.led_adjust:0000005c $d
D:\Users\draapho\AppData\Local\Temp\cc0Oqxuh.s:318    .text.led_on_gradual:00000000 $t
D:\Users\draapho\AppData\Local\Temp\cc0Oqxuh.s:323    .text.led_on_gradual:00000000 led_on_gradual
D:\Users\draapho\AppData\Local\Temp\cc0Oqxuh.s:331    .text.led_off_gradual:00000000 $t
D:\Users\draapho\AppData\Local\Temp\cc0Oqxuh.s:336    .text.led_off_gradual:00000000 led_off_gradual
D:\Users\draapho\AppData\Local\Temp\cc0Oqxuh.s:344    .text.led_toggle_gradual:00000000 $t
D:\Users\draapho\AppData\Local\Temp\cc0Oqxuh.s:349    .text.led_toggle_gradual:00000000 led_toggle_gradual
D:\Users\draapho\AppData\Local\Temp\cc0Oqxuh.s:375    .text.led_toggle_gradual:00000030 $d
D:\Users\draapho\AppData\Local\Temp\cc0Oqxuh.s:378    .text.led_flash:00000000 $t
D:\Users\draapho\AppData\Local\Temp\cc0Oqxuh.s:383    .text.led_flash:00000000 led_flash
D:\Users\draapho\AppData\Local\Temp\cc0Oqxuh.s:427    .text.led_flash:00000054 $d
D:\Users\draapho\AppData\Local\Temp\cc0Oqxuh.s:432    .text.led_scan_1ms:00000000 $t
D:\Users\draapho\AppData\Local\Temp\cc0Oqxuh.s:437    .text.led_scan_1ms:00000000 led_scan_1ms
D:\Users\draapho\AppData\Local\Temp\cc0Oqxuh.s:548    .text.led_scan_1ms:00000114 $d
D:\Users\draapho\AppData\Local\Temp\cc0Oqxuh.s:552    .bss.led_para:00000000 $d
D:\Users\draapho\AppData\Local\Temp\cc0Oqxuh.s:556    .bss.led_para:00000000 led_para
D:\Users\draapho\AppData\Local\Temp\cc0Oqxuh.s:563    .rodata.led_hw:00000000 $d
D:\Users\draapho\AppData\Local\Temp\cc0Oqxuh.s:567    .rodata.led_hw:00000000 led_hw

UNDEFINED SYMBOLS
assert_err
RCC_APB2PeriphClockCmd
GPIO_Init
