   1              		.syntax unified
   2              		.cpu cortex-m3
   3              		.fpu softvfp
   4              		.eabi_attribute 20, 1
   5              		.eabi_attribute 21, 1
   6              		.eabi_attribute 23, 3
   7              		.eabi_attribute 24, 1
   8              		.eabi_attribute 25, 1
   9              		.eabi_attribute 26, 1
  10              		.eabi_attribute 30, 4
  11              		.eabi_attribute 34, 1
  12              		.eabi_attribute 18, 4
  13              		.thumb
  14              		.file	"drv_timer.c"
  15              		.section	.text.timer_init,"ax",%progbits
  16              		.align	1
  17              		.global	timer_init
  18              		.thumb
  19              		.thumb_func
  21              	timer_init:
  22              		@ args = 0, pretend = 0, frame = 16
  23              		@ frame_needed = 0, uses_anonymous_args = 0
  24 0000 2DE9FF41 		push	{r0, r1, r2, r3, r4, r5, r6, r7, r8, lr}
  25 0004 2D4B     		ldr	r3, .L11
  26 0006 1746     		mov	r7, r2
  27 0008 03EB0012 		add	r2, r3, r0, lsl #4
  28 000c 0446     		mov	r4, r0
  29 000e 8846     		mov	r8, r1
  30 0010 5568     		ldr	r5, [r2, #4]
  31 0012 1E46     		mov	r6, r3
  32 0014 18B1     		cbz	r0, .L2
  33 0016 2A48     		ldr	r0, .L11+4
  34 0018 7D21     		movs	r1, #125
  35 001a FFF7FEFF 		bl	assert_err
  36              	.L2:
  37 001e B8F1000F 		cmp	r8, #0
  38 0022 03D1     		bne	.L3
  39 0024 2648     		ldr	r0, .L11+4
  40 0026 7E21     		movs	r1, #126
  41 0028 FFF7FEFF 		bl	assert_err
  42              	.L3:
  43 002c 1FB9     		cbnz	r7, .L4
  44 002e 2448     		ldr	r0, .L11+4
  45 0030 7F21     		movs	r1, #127
  46 0032 FFF7FEFF 		bl	assert_err
  47              	.L4:
  48 0036 002C     		cmp	r4, #0
  49 0038 3CD1     		bne	.L1
  50 003a 0121     		movs	r1, #1
  51 003c 3068     		ldr	r0, [r6]
  52 003e FFF7FEFF 		bl	RCC_APB1PeriphClockCmd
  53 0042 4FF4A060 		mov	r0, #1280
  54 0046 FFF7FEFF 		bl	NVIC_PriorityGroupConfig
  55 004a 1E4B     		ldr	r3, .L11+8
  56 004c 0126     		movs	r6, #1
  57 004e 1A79     		ldrb	r2, [r3, #4]	@ zero_extendqisi2
  58 0050 5B79     		ldrb	r3, [r3, #5]	@ zero_extendqisi2
  59 0052 8DF80020 		strb	r2, [sp]
  60 0056 6846     		mov	r0, sp
  61 0058 C3F38102 		ubfx	r2, r3, #2, #2
  62 005c 03F00303 		and	r3, r3, #3
  63 0060 8DF80120 		strb	r2, [sp, #1]
  64 0064 8DF80230 		strb	r3, [sp, #2]
  65 0068 8DF80360 		strb	r6, [sp, #3]
  66 006c 08F1FF38 		add	r8, r8, #-1
  67 0070 FFF7FEFF 		bl	NVIC_Init
  68 0074 013F     		subs	r7, r7, #1
  69 0076 2846     		mov	r0, r5
  70 0078 01A9     		add	r1, sp, #4
  71 007a ADF80480 		strh	r8, [sp, #4]	@ movhi
  72 007e ADF80870 		strh	r7, [sp, #8]	@ movhi
  73 0082 ADF80A40 		strh	r4, [sp, #10]	@ movhi
  74 0086 ADF80640 		strh	r4, [sp, #6]	@ movhi
  75 008a 8DF80C40 		strb	r4, [sp, #12]
  76 008e FFF7FEFF 		bl	TIM_TimeBaseInit
  77 0092 2846     		mov	r0, r5
  78 0094 2146     		mov	r1, r4
  79 0096 FFF7FEFF 		bl	TIM_ARRPreloadConfig
  80 009a 2846     		mov	r0, r5
  81 009c 3146     		mov	r1, r6
  82 009e FFF7FEFF 		bl	TIM_ClearFlag
  83 00a2 2846     		mov	r0, r5
  84 00a4 3146     		mov	r1, r6
  85 00a6 3246     		mov	r2, r6
  86 00a8 FFF7FEFF 		bl	TIM_ITConfig
  87 00ac 2846     		mov	r0, r5
  88 00ae 3146     		mov	r1, r6
  89 00b0 FFF7FEFF 		bl	TIM_Cmd
  90              	.L1:
  91 00b4 04B0     		add	sp, sp, #16
  92              		@ sp needed
  93 00b6 BDE8F081 		pop	{r4, r5, r6, r7, r8, pc}
  94              	.L12:
  95 00ba 00BF     		.align	2
  96              	.L11:
  97 00bc 00000000 		.word	.LANCHOR0
  98 00c0 00000000 		.word	.LC0
  99 00c4 08000000 		.word	.LANCHOR0+8
 101              		.section	.text.timer_deinit,"ax",%progbits
 102              		.align	1
 103              		.global	timer_deinit
 104              		.thumb
 105              		.thumb_func
 107              	timer_deinit:
 108              		@ args = 0, pretend = 0, frame = 8
 109              		@ frame_needed = 0, uses_anonymous_args = 0
 110 0000 2DE9F341 		push	{r0, r1, r4, r5, r6, r7, r8, lr}
 111 0004 134F     		ldr	r7, .L16
 112 0006 0601     		lsls	r6, r0, #4
 113 0008 BD19     		adds	r5, r7, r6
 114 000a 0446     		mov	r4, r0
 115 000c D5F80480 		ldr	r8, [r5, #4]
 116 0010 20B1     		cbz	r0, .L14
 117 0012 1148     		ldr	r0, .L16+4
 118 0014 AA21     		movs	r1, #170
 119 0016 FFF7FEFF 		bl	assert_err
 120 001a 17E0     		b	.L13
 121              	.L14:
 122 001c 2146     		mov	r1, r4
 123 001e 4046     		mov	r0, r8
 124 0020 FFF7FEFF 		bl	TIM_Cmd
 125 0024 4046     		mov	r0, r8
 126 0026 FFF7FEFF 		bl	TIM_DeInit
 127 002a B859     		ldr	r0, [r7, r6]
 128 002c 2146     		mov	r1, r4
 129 002e FFF7FEFF 		bl	RCC_APB1PeriphClockCmd
 130 0032 2B7B     		ldrb	r3, [r5, #12]	@ zero_extendqisi2
 131 0034 01A8     		add	r0, sp, #4
 132 0036 8DF80430 		strb	r3, [sp, #4]
 133 003a 0F23     		movs	r3, #15
 134 003c 8DF80530 		strb	r3, [sp, #5]
 135 0040 8DF80630 		strb	r3, [sp, #6]
 136 0044 8DF80740 		strb	r4, [sp, #7]
 137 0048 FFF7FEFF 		bl	NVIC_Init
 138              	.L13:
 139 004c 02B0     		add	sp, sp, #8
 140              		@ sp needed
 141 004e BDE8F081 		pop	{r4, r5, r6, r7, r8, pc}
 142              	.L17:
 143 0052 00BF     		.align	2
 144              	.L16:
 145 0054 00000000 		.word	.LANCHOR0
 146 0058 00000000 		.word	.LC0
 148              		.section	.text.TIM2_IRQHandler,"ax",%progbits
 149              		.align	1
 150              		.global	TIM2_IRQHandler
 151              		.thumb
 152              		.thumb_func
 154              	TIM2_IRQHandler:
 155              		@ args = 0, pretend = 0, frame = 0
 156              		@ frame_needed = 0, uses_anonymous_args = 0
 157 0000 08B5     		push	{r3, lr}
 158 0002 4FF08040 		mov	r0, #1073741824
 159 0006 0121     		movs	r1, #1
 160 0008 FFF7FEFF 		bl	TIM_GetITStatus
 161 000c 40B1     		cbz	r0, .L18
 162 000e 4FF08040 		mov	r0, #1073741824
 163 0012 0121     		movs	r1, #1
 164 0014 FFF7FEFF 		bl	TIM_ClearITPendingBit
 165 0018 BDE80840 		pop	{r3, lr}
 166 001c FFF7FEBF 		b	tone_scan_10us
 167              	.L18:
 168 0020 08BD     		pop	{r3, pc}
 170              		.section	.rodata.timer_hw,"a",%progbits
 171              		.align	2
 172              		.set	.LANCHOR0,. + 0
 175              	timer_hw:
 176 0000 01000000 		.word	1
 177 0004 00000040 		.word	1073741824
 178 0008 00000000 		.word	tone_scan_10us
 179 000c 1C       		.byte	28
 180 000d 0F       		.byte	15
 181 000e 0000     		.space	2
 182              		.section	.rodata.str1.1,"aMS",%progbits,1
 183              	.LC0:
 184 0000 443A2F55 		.ascii	"D:/Users/draapho/Desktop/stm32_ezos_v231/drivers/dr"
 184      73657273 
 184      2F647261 
 184      6170686F 
 184      2F446573 
 185 0033 765F7469 		.ascii	"v_timer.c\000"
 185      6D65722E 
 185      6300
 186              		.ident	"GCC: (Sourcery CodeBench Lite 2013.11-24) 4.8.1"
DEFINED SYMBOLS
                            *ABS*:00000000 drv_timer.c
D:\Users\draapho\AppData\Local\Temp\ccMQquLe.s:16     .text.timer_init:00000000 $t
D:\Users\draapho\AppData\Local\Temp\ccMQquLe.s:21     .text.timer_init:00000000 timer_init
D:\Users\draapho\AppData\Local\Temp\ccMQquLe.s:97     .text.timer_init:000000bc $d
D:\Users\draapho\AppData\Local\Temp\ccMQquLe.s:102    .text.timer_deinit:00000000 $t
D:\Users\draapho\AppData\Local\Temp\ccMQquLe.s:107    .text.timer_deinit:00000000 timer_deinit
D:\Users\draapho\AppData\Local\Temp\ccMQquLe.s:145    .text.timer_deinit:00000054 $d
D:\Users\draapho\AppData\Local\Temp\ccMQquLe.s:149    .text.TIM2_IRQHandler:00000000 $t
D:\Users\draapho\AppData\Local\Temp\ccMQquLe.s:154    .text.TIM2_IRQHandler:00000000 TIM2_IRQHandler
D:\Users\draapho\AppData\Local\Temp\ccMQquLe.s:171    .rodata.timer_hw:00000000 $d
D:\Users\draapho\AppData\Local\Temp\ccMQquLe.s:175    .rodata.timer_hw:00000000 timer_hw

UNDEFINED SYMBOLS
assert_err
RCC_APB1PeriphClockCmd
NVIC_PriorityGroupConfig
NVIC_Init
TIM_TimeBaseInit
TIM_ARRPreloadConfig
TIM_ClearFlag
TIM_ITConfig
TIM_Cmd
TIM_DeInit
TIM_GetITStatus
TIM_ClearITPendingBit
tone_scan_10us
