   1              		.syntax unified
   2              		.cpu cortex-m3
   3              		.fpu softvfp
   4              		.eabi_attribute 20, 1
   5              		.eabi_attribute 21, 1
   6              		.eabi_attribute 23, 3
   7              		.eabi_attribute 24, 1
   8              		.eabi_attribute 25, 1
   9              		.eabi_attribute 26, 1
  10              		.eabi_attribute 30, 4
  11              		.eabi_attribute 34, 1
  12              		.eabi_attribute 18, 4
  13              		.thumb
  14              		.file	"app_bell.c"
  15              		.section	.text.task_bell_1s,"ax",%progbits
  16              		.align	1
  17              		.thumb
  18              		.thumb_func
  20              	task_bell_1s:
  21              		@ args = 0, pretend = 0, frame = 0
  22              		@ frame_needed = 0, uses_anonymous_args = 0
  23 0000 10B5     		push	{r4, lr}
  24 0002 0446     		mov	r4, r0
  25 0004 0088     		ldrh	r0, [r0]
  26 0006 50B1     		cbz	r0, .L3
  27 0008 C828     		cmp	r0, #200
  28 000a 0FD0     		beq	.L1
  29 000c 0020     		movs	r0, #0
  30 000e FFF7FEFF 		bl	ctrlport_toggle
  31 0012 0520     		movs	r0, #5
  32 0014 FFF7FEFF 		bl	ezos_delay
  33 0018 2388     		ldrh	r3, [r4]
  34 001a 0133     		adds	r3, r3, #1
  35 001c 05E0     		b	.L9
  36              	.L3:
  37 001e FFF7FEFF 		bl	ctrlport_init
  38 0022 3220     		movs	r0, #50
  39 0024 FFF7FEFF 		bl	ezos_delay
  40 0028 0123     		movs	r3, #1
  41              	.L9:
  42 002a 2380     		strh	r3, [r4]	@ movhi
  43              	.L1:
  44 002c 10BD     		pop	{r4, pc}
  46              		.section	.text.bell_start,"ax",%progbits
  47              		.align	1
  48              		.global	bell_start
  49              		.thumb
  50              		.thumb_func
  52              	bell_start:
  53              		@ args = 0, pretend = 0, frame = 0
  54              		@ frame_needed = 0, uses_anonymous_args = 0
  55 0000 07B5     		push	{r0, r1, r2, lr}
  56 0002 0548     		ldr	r0, .L12
  57 0004 0022     		movs	r2, #0
  58 0006 0A23     		movs	r3, #10
  59 0008 0093     		str	r3, [sp]
  60 000a 0146     		mov	r1, r0
  61 000c 1346     		mov	r3, r2
  62 000e FFF7FEFF 		bl	ezos_add
  63 0012 03B0     		add	sp, sp, #12
  64              		@ sp needed
  65 0014 5DF804FB 		ldr	pc, [sp], #4
  66              	.L13:
  67              		.align	2
  68              	.L12:
  69 0018 00000000 		.word	task_bell_1s
  71              		.ident	"GCC: (Sourcery CodeBench Lite 2013.11-24) 4.8.1"
DEFINED SYMBOLS
                            *ABS*:00000000 app_bell.c
D:\Users\draapho\AppData\Local\Temp\ccvNClo1.s:16     .text.task_bell_1s:00000000 $t
D:\Users\draapho\AppData\Local\Temp\ccvNClo1.s:20     .text.task_bell_1s:00000000 task_bell_1s
D:\Users\draapho\AppData\Local\Temp\ccvNClo1.s:47     .text.bell_start:00000000 $t
D:\Users\draapho\AppData\Local\Temp\ccvNClo1.s:52     .text.bell_start:00000000 bell_start
D:\Users\draapho\AppData\Local\Temp\ccvNClo1.s:69     .text.bell_start:00000018 $d

UNDEFINED SYMBOLS
ctrlport_toggle
ezos_delay
ctrlport_init
ezos_add
