   1              		.syntax unified
   2              		.cpu cortex-m3
   3              		.fpu softvfp
   4              		.eabi_attribute 20, 1
   5              		.eabi_attribute 21, 1
   6              		.eabi_attribute 23, 3
   7              		.eabi_attribute 24, 1
   8              		.eabi_attribute 25, 1
   9              		.eabi_attribute 26, 1
  10              		.eabi_attribute 30, 4
  11              		.eabi_attribute 34, 1
  12              		.eabi_attribute 18, 4
  13              		.thumb
  14              		.file	"app_race_led.c"
  15              		.section	.text.task_race_led,"ax",%progbits
  16              		.align	1
  17              		.thumb
  18              		.thumb_func
  20              	task_race_led:
  21              		@ args = 0, pretend = 0, frame = 0
  22              		@ frame_needed = 0, uses_anonymous_args = 0
  23 0000 0388     		ldrh	r3, [r0]
  24 0002 10B5     		push	{r4, lr}
  25 0004 012B     		cmp	r3, #1
  26 0006 0446     		mov	r4, r0
  27 0008 11D0     		beq	.L3
  28 000a 06D3     		bcc	.L4
  29 000c 022B     		cmp	r3, #2
  30 000e 13D1     		bne	.L11
  31 0010 0120     		movs	r0, #1
  32 0012 FFF7FEFF 		bl	led_toggle_gradual
  33 0016 0323     		movs	r3, #3
  34 0018 12E0     		b	.L9
  35              	.L4:
  36 001a 0020     		movs	r0, #0
  37 001c FFF7FEFF 		bl	led_off
  38 0020 0120     		movs	r0, #1
  39 0022 FFF7FEFF 		bl	led_off
  40 0026 0220     		movs	r0, #2
  41 0028 FFF7FEFF 		bl	led_off
  42 002c 07E0     		b	.L8
  43              	.L3:
  44 002e 0020     		movs	r0, #0
  45 0030 FFF7FEFF 		bl	led_toggle_gradual
  46 0034 0223     		movs	r3, #2
  47 0036 03E0     		b	.L9
  48              	.L11:
  49 0038 0220     		movs	r0, #2
  50 003a FFF7FEFF 		bl	led_toggle_gradual
  51              	.L8:
  52 003e 0123     		movs	r3, #1
  53              	.L9:
  54 0040 2380     		strh	r3, [r4]	@ movhi
  55 0042 4FF47A70 		mov	r0, #1000
  56 0046 BDE81040 		pop	{r4, lr}
  57 004a FFF7FEBF 		b	ezos_delay
  59              		.section	.text.race_led_start,"ax",%progbits
  60              		.align	1
  61              		.global	race_led_start
  62              		.thumb
  63              		.thumb_func
  65              	race_led_start:
  66              		@ args = 0, pretend = 0, frame = 0
  67              		@ frame_needed = 0, uses_anonymous_args = 0
  68 0000 07B5     		push	{r0, r1, r2, lr}
  69 0002 FFF7FEFF 		bl	led_init_all
  70 0006 0548     		ldr	r0, .L13
  71 0008 0022     		movs	r2, #0
  72 000a 0A23     		movs	r3, #10
  73 000c 0093     		str	r3, [sp]
  74 000e 0146     		mov	r1, r0
  75 0010 1346     		mov	r3, r2
  76 0012 FFF7FEFF 		bl	ezos_add
  77 0016 03B0     		add	sp, sp, #12
  78              		@ sp needed
  79 0018 5DF804FB 		ldr	pc, [sp], #4
  80              	.L14:
  81              		.align	2
  82              	.L13:
  83 001c 00000000 		.word	task_race_led
  85              		.ident	"GCC: (Sourcery CodeBench Lite 2013.11-24) 4.8.1"
DEFINED SYMBOLS
                            *ABS*:00000000 app_race_led.c
D:\Users\draapho\AppData\Local\Temp\ccSxq0xT.s:16     .text.task_race_led:00000000 $t
D:\Users\draapho\AppData\Local\Temp\ccSxq0xT.s:20     .text.task_race_led:00000000 task_race_led
D:\Users\draapho\AppData\Local\Temp\ccSxq0xT.s:60     .text.race_led_start:00000000 $t
D:\Users\draapho\AppData\Local\Temp\ccSxq0xT.s:65     .text.race_led_start:00000000 race_led_start
D:\Users\draapho\AppData\Local\Temp\ccSxq0xT.s:83     .text.race_led_start:0000001c $d

UNDEFINED SYMBOLS
led_toggle_gradual
led_off
ezos_delay
led_init_all
ezos_add
