   1              		.syntax unified
   2              		.cpu cortex-m3
   3              		.fpu softvfp
   4              		.eabi_attribute 20, 1
   5              		.eabi_attribute 21, 1
   6              		.eabi_attribute 23, 3
   7              		.eabi_attribute 24, 1
   8              		.eabi_attribute 25, 1
   9              		.eabi_attribute 26, 1
  10              		.eabi_attribute 30, 4
  11              		.eabi_attribute 34, 1
  12              		.eabi_attribute 18, 4
  13              		.thumb
  14              		.file	"GUIDEMO_Conf.c"
  15              		.section	.text.GUIDEMO_Config,"ax",%progbits
  16              		.align	1
  17              		.global	GUIDEMO_Config
  18              		.thumb
  19              		.thumb_func
  21              	GUIDEMO_Config:
  22              		@ args = 0, pretend = 0, frame = 0
  23              		@ frame_needed = 0, uses_anonymous_args = 0
  24              		@ link register save eliminated.
  25 0000 034B     		ldr	r3, .L2
  26 0002 0360     		str	r3, [r0]
  27 0004 0823     		movs	r3, #8
  28 0006 4360     		str	r3, [r0, #4]
  29 0008 0523     		movs	r3, #5
  30 000a 0381     		strh	r3, [r0, #8]	@ movhi
  31 000c 7047     		bx	lr
  32              	.L3:
  33 000e 00BF     		.align	2
  34              	.L2:
  35 0010 00000000 		.word	.LANCHOR0
  37              		.section	.data._apfTest,"aw",%progbits
  38              		.align	2
  39              		.set	.LANCHOR0,. + 0
  42              	_apfTest:
  43 0000 00000000 		.word	GUIDEMO_Skinning
  44 0004 00000000 		.word	GUIDEMO_AntialiasedText
  45 0008 00000000 		.word	GUIDEMO_Listview
  46 000c 00000000 		.word	GUIDEMO_Graph
  47 0010 00000000 		.word	GUIDEMO_Speed
  48 0014 00000000 		.word	GUIDEMO_Bitmap
  49 0018 00000000 		.word	GUIDEMO_ColorBar
  50 001c 00000000 		.word	0
  51              		.ident	"GCC: (Sourcery CodeBench Lite 2013.11-24) 4.8.1"
DEFINED SYMBOLS
                            *ABS*:00000000 GUIDEMO_Conf.c
D:\Users\draapho\AppData\Local\Temp\ccUVWjVi.s:16     .text.GUIDEMO_Config:00000000 $t
D:\Users\draapho\AppData\Local\Temp\ccUVWjVi.s:21     .text.GUIDEMO_Config:00000000 GUIDEMO_Config
D:\Users\draapho\AppData\Local\Temp\ccUVWjVi.s:35     .text.GUIDEMO_Config:00000010 $d
D:\Users\draapho\AppData\Local\Temp\ccUVWjVi.s:38     .data._apfTest:00000000 $d
D:\Users\draapho\AppData\Local\Temp\ccUVWjVi.s:42     .data._apfTest:00000000 _apfTest

UNDEFINED SYMBOLS
GUIDEMO_Skinning
GUIDEMO_AntialiasedText
GUIDEMO_Listview
GUIDEMO_Graph
GUIDEMO_Speed
GUIDEMO_Bitmap
GUIDEMO_ColorBar
