   1              		.syntax unified
   2              		.cpu cortex-m3
   3              		.fpu softvfp
   4              		.eabi_attribute 20, 1
   5              		.eabi_attribute 21, 1
   6              		.eabi_attribute 23, 3
   7              		.eabi_attribute 24, 1
   8              		.eabi_attribute 25, 1
   9              		.eabi_attribute 26, 1
  10              		.eabi_attribute 30, 4
  11              		.eabi_attribute 34, 1
  12              		.eabi_attribute 18, 4
  13              		.thumb
  14              		.file	"GUIDEMO_Listview.c"
  15              		.section	.text.GUIDEMO_Listview,"ax",%progbits
  16              		.align	1
  17              		.global	GUIDEMO_Listview
  18              		.thumb
  19              		.thumb_func
  21              	GUIDEMO_Listview:
  22              		@ args = 0, pretend = 0, frame = 88
  23              		@ frame_needed = 0, uses_anonymous_args = 0
  24 0000 2DE9F04F 		push	{r4, r5, r6, r7, r8, r9, r10, fp, lr}
  25 0004 9049     		ldr	r1, .L40
  26 0006 9BB0     		sub	sp, sp, #108
  27 0008 9048     		ldr	r0, .L40+4
  28 000a FFF7FEFF 		bl	GUIDEMO_ShowIntro
  29 000e 0120     		movs	r0, #1
  30 0010 FFF7FEFF 		bl	GUIDEMO_DrawBk
  31 0014 FFF7FEFF 		bl	GUIDEMO_ShowInfoWin
  32 0018 FFF7FEFF 		bl	LCD_GetXSize
  33 001c 0546     		mov	r5, r0
  34 001e FFF7FEFF 		bl	LCD_GetYSize
  35 0022 A5F1D204 		sub	r4, r5, #210
  36 0026 6410     		asrs	r4, r4, #1
  37 0028 552C     		cmp	r4, #85
  38 002a A0F14100 		sub	r0, r0, #65
  39 002e D8BF     		it	le
  40 0030 A5F59174 		suble	r4, r5, #290
  41 0034 4FEAE005 		asr	r5, r0, #3
  42 0038 4FEA4507 		lsl	r7, r5, #1
  43 003c D8BF     		it	le
  44 003e 6410     		asrle	r4, r4, #1
  45 0040 C71B     		subs	r7, r0, r7
  46 0042 FFF7FEFF 		bl	WM_GetDesktopWindow
  47 0046 0223     		movs	r3, #2
  48 0048 0193     		str	r3, [sp, #4]
  49 004a 0026     		movs	r6, #0
  50 004c 4FF40073 		mov	r3, #512
  51 0050 D222     		movs	r2, #210
  52 0052 05F14101 		add	r1, r5, #65
  53 0056 0090     		str	r0, [sp]
  54 0058 0393     		str	r3, [sp, #12]
  55 005a 2046     		mov	r0, r4
  56 005c 3B46     		mov	r3, r7
  57 005e 0296     		str	r6, [sp, #8]
  58 0060 FFF7FEFF 		bl	LISTVIEW_CreateEx
  59 0064 0446     		mov	r4, r0
  60 0066 FFF7FEFF 		bl	WM_SetFocus
  61 006a 2046     		mov	r0, r4
  62 006c FFF7FEFF 		bl	LISTVIEW_GetHeader
  63 0070 0121     		movs	r1, #1
  64 0072 FFF7FEFF 		bl	HEADER_SetDragLimit
  65 0076 2046     		mov	r0, r4
  66 0078 0121     		movs	r1, #1
  67 007a FFF7FEFF 		bl	LISTVIEW_SetAutoScrollV
  68 007e 0121     		movs	r1, #1
  69 0080 2046     		mov	r0, r4
  70 0082 FFF7FEFF 		bl	LISTVIEW_SetGridVis
  71 0086 2046     		mov	r0, r4
  72 0088 0521     		movs	r1, #5
  73 008a FFF7FEFF 		bl	LISTVIEW_SetRBorder
  74 008e 2046     		mov	r0, r4
  75 0090 0521     		movs	r1, #5
  76 0092 FFF7FEFF 		bl	LISTVIEW_SetLBorder
  77 0096 6E4D     		ldr	r5, .L40+8
  78              	.L4:
  79 0098 2968     		ldr	r1, [r5]
  80 009a 55F8042C 		ldr	r2, [r5, #-4]
  81 009e 6B68     		ldr	r3, [r5, #4]
  82 00a0 2046     		mov	r0, r4
  83 00a2 FFF7FEFF 		bl	LISTVIEW_AddColumn
  84 00a6 3146     		mov	r1, r6
  85 00a8 AA68     		ldr	r2, [r5, #8]
  86 00aa 2046     		mov	r0, r4
  87 00ac 0136     		adds	r6, r6, #1
  88 00ae FFF7FEFF 		bl	LISTVIEW_SetCompareFunc
  89 00b2 032E     		cmp	r6, #3
  90 00b4 05F11005 		add	r5, r5, #16
  91 00b8 EED1     		bne	.L4
  92 00ba 2046     		mov	r0, r4
  93 00bc 0025     		movs	r5, #0
  94 00be FFF7FEFF 		bl	LISTVIEW_EnableSort
  95 00c2 15AA     		add	r2, sp, #84
  96 00c4 4FF0FF36 		mov	r6, #-1
  97 00c8 0695     		str	r5, [sp, #24]
  98 00ca A846     		mov	r8, r5
  99 00cc A946     		mov	r9, r5
 100 00ce 2F46     		mov	r7, r5
 101 00d0 0792     		str	r2, [sp, #28]
 102              	.L27:
 103 00d2 604B     		ldr	r3, .L40+12
 104 00d4 03EB050A 		add	r10, r3, r5
 105 00d8 DAF80800 		ldr	r0, [r10, #8]
 106 00dc 08B1     		cbz	r0, .L5
 107 00de FFF7FEFF 		bl	GUIDEMO_ShowInfo
 108              	.L5:
 109 00e2 DAF80430 		ldr	r3, [r10, #4]
 110 00e6 013B     		subs	r3, r3, #1
 111 00e8 052B     		cmp	r3, #5
 112 00ea 00F29980 		bhi	.L6
 113 00ee DFE803F0 		tbb	[pc, r3]
 114              	.L8:
 115 00f2 42       		.byte	(.L7-.L8)/2
 116 00f3 88       		.byte	(.L9-.L8)/2
 117 00f4 3A       		.byte	(.L10-.L8)/2
 118 00f5 32       		.byte	(.L11-.L8)/2
 119 00f6 36       		.byte	(.L12-.L8)/2
 120 00f7 03       		.byte	(.L13-.L8)/2
 121              		.align	1
 122              	.L13:
 123 00f8 2046     		mov	r0, r4
 124 00fa FFF7FEFF 		bl	LISTVIEW_GetNumRows
 125 00fe DFF860C1 		ldr	ip, .L40+24
 126 0102 8346     		mov	fp, r0
 127 0104 4FF0000A 		mov	r10, #0
 128              	.L14:
 129 0108 DA45     		cmp	r10, fp
 130 010a 00F08980 		beq	.L6
 131 010e 5CF82830 		ldr	r3, [ip, r8, lsl #2]
 132 0112 3946     		mov	r1, r7
 133 0114 4A46     		mov	r2, r9
 134 0116 0093     		str	r3, [sp]
 135 0118 2046     		mov	r0, r4
 136 011a 0023     		movs	r3, #0
 137 011c CDF814C0 		str	ip, [sp, #20]
 138 0120 FFF7FEFF 		bl	LISTVIEW_SetItemBkColor
 139 0124 2046     		mov	r0, r4
 140 0126 FFF7FEFF 		bl	LISTVIEW_GetNumColumns
 141 012a 08F10108 		add	r8, r8, #1
 142 012e 0137     		adds	r7, r7, #1
 143 0130 09F10109 		add	r9, r9, #1
 144 0134 B8F1180F 		cmp	r8, #24
 145 0138 08BF     		it	eq
 146 013a 4FF00008 		moveq	r8, #0
 147 013e 8742     		cmp	r7, r0
 148 0140 08BF     		it	eq
 149 0142 0027     		moveq	r7, #0
 150 0144 D945     		cmp	r9, fp
 151 0146 08BF     		it	eq
 152 0148 4FF00009 		moveq	r9, #0
 153 014c 0AF1010A 		add	r10, r10, #1
 154 0150 DDF814C0 		ldr	ip, [sp, #20]
 155 0154 D8E7     		b	.L14
 156              	.L11:
 157 0156 2046     		mov	r0, r4
 158 0158 FFF7FEFF 		bl	LISTVIEW_IncSel
 159 015c 60E0     		b	.L6
 160              	.L12:
 161 015e 2046     		mov	r0, r4
 162 0160 FFF7FEFF 		bl	LISTVIEW_DecSel
 163 0164 5CE0     		b	.L6
 164              	.L10:
 165 0166 069B     		ldr	r3, [sp, #24]
 166 0168 2046     		mov	r0, r4
 167 016a 83F00103 		eor	r3, r3, #1
 168 016e 0693     		str	r3, [sp, #24]
 169 0170 3146     		mov	r1, r6
 170 0172 1A46     		mov	r2, r3
 171 0174 52E0     		b	.L38
 172              	.L7:
 173 0176 4FF0280A 		mov	r10, #40
 174              	.L21:
 175 017a 0021     		movs	r1, #0
 176 017c 3C22     		movs	r2, #60
 177 017e 0BA8     		add	r0, sp, #44
 178 0180 FFF7FEFF 		bl	memset
 179 0184 FFF7FEFF 		bl	rand
 180 0188 F523     		movs	r3, #245
 181 018a B0FBF3F2 		udiv	r2, r0, r3
 182 018e 02FB1303 		mls	r3, r2, r3, r0
 183 0192 314A     		ldr	r2, .L40+16
 184 0194 0BA8     		add	r0, sp, #44
 185 0196 52F82310 		ldr	r1, [r2, r3, lsl #2]
 186 019a FFF7FEFF 		bl	strcpy
 187 019e 4FF0000B 		mov	fp, #0
 188 01a2 1A23     		movs	r3, #26
 189              	.L20:
 190 01a4 0593     		str	r3, [sp, #20]
 191 01a6 FFF7FEFF 		bl	rand
 192 01aa 059B     		ldr	r3, [sp, #20]
 193 01ac 0BAA     		add	r2, sp, #44
 194 01ae 90FBF3F1 		sdiv	r1, r0, r3
 195 01b2 01FB1300 		mls	r0, r1, r3, r0
 196 01b6 5A44     		add	r2, r2, fp
 197 01b8 0BF1010B 		add	fp, fp, #1
 198 01bc 00F14101 		add	r1, r0, #65
 199 01c0 BBF1050F 		cmp	fp, #5
 200 01c4 1175     		strb	r1, [r2, #20]
 201 01c6 EDD1     		bne	.L20
 202 01c8 FFF7FEFF 		bl	rand
 203 01cc 42F21073 		movw	r3, #10000
 204 01d0 90FBF3F2 		sdiv	r2, r0, r3
 205 01d4 02FB1302 		mls	r2, r2, r3, r0
 206 01d8 A2F59C52 		sub	r2, r2, #4992
 207 01dc 1F49     		ldr	r1, .L40+20
 208 01de 083A     		subs	r2, r2, #8
 209 01e0 0798     		ldr	r0, [sp, #28]
 210 01e2 FFF7FEFF 		bl	sprintf
 211 01e6 10AB     		add	r3, sp, #64
 212 01e8 0993     		str	r3, [sp, #36]
 213 01ea 079B     		ldr	r3, [sp, #28]
 214 01ec 0BAA     		add	r2, sp, #44
 215 01ee 2046     		mov	r0, r4
 216 01f0 08A9     		add	r1, sp, #32
 217 01f2 0892     		str	r2, [sp, #32]
 218 01f4 0A93     		str	r3, [sp, #40]
 219 01f6 FFF7FEFF 		bl	LISTVIEW_AddRow
 220 01fa BAF1010A 		subs	r10, r10, #1
 221 01fe BCD1     		bne	.L21
 222 0200 0EE0     		b	.L6
 223              	.L9:
 224 0202 731C     		adds	r3, r6, #1
 225 0204 01D1     		bne	.L22
 226              	.L24:
 227 0206 0026     		movs	r6, #0
 228 0208 05E0     		b	.L23
 229              	.L22:
 230 020a 2046     		mov	r0, r4
 231 020c FFF7FEFF 		bl	LISTVIEW_GetNumColumns
 232 0210 0136     		adds	r6, r6, #1
 233 0212 8642     		cmp	r6, r0
 234 0214 F7D0     		beq	.L24
 235              	.L23:
 236 0216 069A     		ldr	r2, [sp, #24]
 237 0218 2046     		mov	r0, r4
 238 021a 3146     		mov	r1, r6
 239              	.L38:
 240 021c FFF7FEFF 		bl	LISTVIEW_SetSort
 241              	.L6:
 242 0220 0C4B     		ldr	r3, .L40+12
 243 0222 E858     		ldr	r0, [r5, r3]
 244 0224 FFF7FEFF 		bl	GUI_Delay
 245 0228 B5F5C07F 		cmp	r5, #384
 246 022c 05D1     		bne	.L25
 247              	.L26:
 248 022e 2046     		mov	r0, r4
 249 0230 FFF7FEFF 		bl	WM_DeleteWindow
 250 0234 1BB0     		add	sp, sp, #108
 251              		@ sp needed
 252 0236 BDE8F08F 		pop	{r4, r5, r6, r7, r8, r9, r10, fp, pc}
 253              	.L25:
 254 023a FFF7FEFF 		bl	GUIDEMO_CheckCancel
 255 023e 0C35     		adds	r5, r5, #12
 256 0240 0028     		cmp	r0, #0
 257 0242 3FF446AF 		beq	.L27
 258 0246 F2E7     		b	.L26
 259              	.L41:
 260              		.align	2
 261              	.L40:
 262 0248 0E000000 		.word	.LC1
 263 024c 00000000 		.word	.LC0
 264 0250 04000000 		.word	.LANCHOR0+4
 265 0254 00000000 		.word	.LANCHOR1
 266 0258 00000000 		.word	.LANCHOR3
 267 025c 38000000 		.word	.LC2
 268 0260 00000000 		.word	.LANCHOR2
 270              		.section	.rodata._aColProps,"a",%progbits
 271              		.align	2
 272              		.set	.LANCHOR0,. + 0
 275              	_aColProps:
 276 0000 B0000000 		.word	.LC8
 277 0004 46000000 		.word	70
 278 0008 00000000 		.word	0
 279 000c 00000000 		.word	LISTVIEW_CompareText
 280 0010 B5000000 		.word	.LC9
 281 0014 32000000 		.word	50
 282 0018 02000000 		.word	2
 283 001c 00000000 		.word	LISTVIEW_CompareText
 284 0020 BA000000 		.word	.LC10
 285 0024 3C000000 		.word	60
 286 0028 01000000 		.word	1
 287 002c 00000000 		.word	LISTVIEW_CompareDec
 288              		.section	.rodata._pNames,"a",%progbits
 289              		.align	2
 290              		.set	.LANCHOR3,. + 0
 293              	_pNames:
 294 0000 C2000000 		.word	.LC11
 295 0004 C8000000 		.word	.LC12
 296 0008 CD000000 		.word	.LC13
 297 000c D3000000 		.word	.LC14
 298 0010 D8000000 		.word	.LC15
 299 0014 E0000000 		.word	.LC16
 300 0018 E7000000 		.word	.LC17
 301 001c EE000000 		.word	.LC18
 302 0020 F5000000 		.word	.LC19
 303 0024 FC000000 		.word	.LC20
 304 0028 03010000 		.word	.LC21
 305 002c 08010000 		.word	.LC22
 306 0030 0E010000 		.word	.LC23
 307 0034 17010000 		.word	.LC24
 308 0038 1E010000 		.word	.LC25
 309 003c 26010000 		.word	.LC26
 310 0040 2F010000 		.word	.LC27
 311 0044 35010000 		.word	.LC28
 312 0048 3D010000 		.word	.LC29
 313 004c 41010000 		.word	.LC30
 314 0050 47010000 		.word	.LC31
 315 0054 4E010000 		.word	.LC32
 316 0058 55010000 		.word	.LC33
 317 005c 5A010000 		.word	.LC34
 318 0060 63010000 		.word	.LC35
 319 0064 69010000 		.word	.LC36
 320 0068 6E010000 		.word	.LC37
 321 006c 74010000 		.word	.LC38
 322 0070 7B010000 		.word	.LC39
 323 0074 84010000 		.word	.LC40
 324 0078 8A010000 		.word	.LC41
 325 007c 91010000 		.word	.LC42
 326 0080 99010000 		.word	.LC43
 327 0084 A3010000 		.word	.LC44
 328 0088 AC010000 		.word	.LC45
 329 008c B2010000 		.word	.LC46
 330 0090 BB010000 		.word	.LC47
 331 0094 C2010000 		.word	.LC48
 332 0098 C9010000 		.word	.LC49
 333 009c D1010000 		.word	.LC50
 334 00a0 D8010000 		.word	.LC51
 335 00a4 DF010000 		.word	.LC52
 336 00a8 E4010000 		.word	.LC53
 337 00ac EA010000 		.word	.LC54
 338 00b0 F2010000 		.word	.LC55
 339 00b4 F8010000 		.word	.LC56
 340 00b8 FE010000 		.word	.LC57
 341 00bc 03020000 		.word	.LC58
 342 00c0 08020000 		.word	.LC59
 343 00c4 10020000 		.word	.LC60
 344 00c8 16020000 		.word	.LC61
 345 00cc 1D020000 		.word	.LC62
 346 00d0 22020000 		.word	.LC63
 347 00d4 28020000 		.word	.LC64
 348 00d8 2D020000 		.word	.LC65
 349 00dc 32020000 		.word	.LC66
 350 00e0 38020000 		.word	.LC67
 351 00e4 3E020000 		.word	.LC68
 352 00e8 46020000 		.word	.LC69
 353 00ec 4E020000 		.word	.LC70
 354 00f0 54020000 		.word	.LC71
 355 00f4 5D020000 		.word	.LC72
 356 00f8 62020000 		.word	.LC73
 357 00fc 6A020000 		.word	.LC74
 358 0100 6F020000 		.word	.LC75
 359 0104 77020000 		.word	.LC76
 360 0108 7F020000 		.word	.LC77
 361 010c 85020000 		.word	.LC78
 362 0110 8C020000 		.word	.LC79
 363 0114 93020000 		.word	.LC80
 364 0118 99020000 		.word	.LC81
 365 011c 9F020000 		.word	.LC82
 366 0120 A7020000 		.word	.LC83
 367 0124 AC020000 		.word	.LC84
 368 0128 B2020000 		.word	.LC85
 369 012c B9020000 		.word	.LC86
 370 0130 BF020000 		.word	.LC87
 371 0134 D1020000 		.word	.LC88
 372 0138 D8020000 		.word	.LC89
 373 013c DE020000 		.word	.LC90
 374 0140 E4020000 		.word	.LC91
 375 0144 EB020000 		.word	.LC92
 376 0148 F0020000 		.word	.LC93
 377 014c F7020000 		.word	.LC94
 378 0150 FE020000 		.word	.LC95
 379 0154 05030000 		.word	.LC96
 380 0158 0D030000 		.word	.LC97
 381 015c 12030000 		.word	.LC98
 382 0160 1A030000 		.word	.LC99
 383 0164 20030000 		.word	.LC100
 384 0168 27030000 		.word	.LC101
 385 016c 2E030000 		.word	.LC102
 386 0170 35030000 		.word	.LC103
 387 0174 3C030000 		.word	.LC104
 388 0178 45030000 		.word	.LC105
 389 017c 4A030000 		.word	.LC106
 390 0180 50030000 		.word	.LC107
 391 0184 57030000 		.word	.LC108
 392 0188 5C030000 		.word	.LC109
 393 018c 61030000 		.word	.LC110
 394 0190 68030000 		.word	.LC111
 395 0194 6F030000 		.word	.LC112
 396 0198 75030000 		.word	.LC113
 397 019c 7D030000 		.word	.LC114
 398 01a0 85030000 		.word	.LC115
 399 01a4 8A030000 		.word	.LC116
 400 01a8 90030000 		.word	.LC117
 401 01ac 96030000 		.word	.LC118
 402 01b0 9C030000 		.word	.LC119
 403 01b4 A4030000 		.word	.LC120
 404 01b8 AA030000 		.word	.LC121
 405 01bc B1030000 		.word	.LC122
 406 01c0 B8030000 		.word	.LC123
 407 01c4 BF030000 		.word	.LC124
 408 01c8 C5030000 		.word	.LC125
 409 01cc CB030000 		.word	.LC126
 410 01d0 D1030000 		.word	.LC127
 411 01d4 D8030000 		.word	.LC128
 412 01d8 DE030000 		.word	.LC129
 413 01dc E4030000 		.word	.LC130
 414 01e0 EB030000 		.word	.LC131
 415 01e4 F0030000 		.word	.LC132
 416 01e8 F7030000 		.word	.LC133
 417 01ec FD030000 		.word	.LC134
 418 01f0 03040000 		.word	.LC135
 419 01f4 0A040000 		.word	.LC136
 420 01f8 0F040000 		.word	.LC137
 421 01fc 15040000 		.word	.LC138
 422 0200 1C040000 		.word	.LC139
 423 0204 22040000 		.word	.LC140
 424 0208 2A040000 		.word	.LC141
 425 020c 32040000 		.word	.LC142
 426 0210 3A040000 		.word	.LC143
 427 0214 42040000 		.word	.LC144
 428 0218 48040000 		.word	.LC145
 429 021c 50040000 		.word	.LC146
 430 0220 58040000 		.word	.LC147
 431 0224 5C040000 		.word	.LC148
 432 0228 63040000 		.word	.LC149
 433 022c 69040000 		.word	.LC150
 434 0230 71040000 		.word	.LC151
 435 0234 77040000 		.word	.LC152
 436 0238 7D040000 		.word	.LC153
 437 023c 85040000 		.word	.LC154
 438 0240 8C040000 		.word	.LC155
 439 0244 91040000 		.word	.LC156
 440 0248 97040000 		.word	.LC157
 441 024c 9E040000 		.word	.LC158
 442 0250 A6040000 		.word	.LC159
 443 0254 AC040000 		.word	.LC160
 444 0258 B3040000 		.word	.LC161
 445 025c B9040000 		.word	.LC162
 446 0260 BF040000 		.word	.LC163
 447 0264 C5040000 		.word	.LC164
 448 0268 CC040000 		.word	.LC165
 449 026c D3040000 		.word	.LC166
 450 0270 D8040000 		.word	.LC167
 451 0274 DE040000 		.word	.LC168
 452 0278 E5040000 		.word	.LC169
 453 027c EC040000 		.word	.LC170
 454 0280 F2040000 		.word	.LC171
 455 0284 FA040000 		.word	.LC172
 456 0288 03050000 		.word	.LC173
 457 028c 0C050000 		.word	.LC174
 458 0290 14050000 		.word	.LC175
 459 0294 1A050000 		.word	.LC176
 460 0298 22050000 		.word	.LC177
 461 029c 29050000 		.word	.LC178
 462 02a0 2F050000 		.word	.LC179
 463 02a4 36050000 		.word	.LC180
 464 02a8 3D050000 		.word	.LC181
 465 02ac 42050000 		.word	.LC182
 466 02b0 4A050000 		.word	.LC183
 467 02b4 50050000 		.word	.LC184
 468 02b8 57050000 		.word	.LC185
 469 02bc 5D050000 		.word	.LC186
 470 02c0 63050000 		.word	.LC187
 471 02c4 6A050000 		.word	.LC188
 472 02c8 72050000 		.word	.LC189
 473 02cc 78050000 		.word	.LC190
 474 02d0 7F050000 		.word	.LC191
 475 02d4 85050000 		.word	.LC192
 476 02d8 8B050000 		.word	.LC193
 477 02dc 90050000 		.word	.LC194
 478 02e0 95050000 		.word	.LC195
 479 02e4 99050000 		.word	.LC196
 480 02e8 A1050000 		.word	.LC197
 481 02ec A7050000 		.word	.LC198
 482 02f0 AD050000 		.word	.LC199
 483 02f4 B4050000 		.word	.LC200
 484 02f8 BB050000 		.word	.LC201
 485 02fc C2050000 		.word	.LC202
 486 0300 C7050000 		.word	.LC203
 487 0304 CE050000 		.word	.LC204
 488 0308 D2050000 		.word	.LC205
 489 030c D7050000 		.word	.LC206
 490 0310 DC050000 		.word	.LC207
 491 0314 E0050000 		.word	.LC208
 492 0318 E5050000 		.word	.LC209
 493 031c EB050000 		.word	.LC210
 494 0320 F3050000 		.word	.LC211
 495 0324 FD050000 		.word	.LC212
 496 0328 05060000 		.word	.LC213
 497 032c 0B060000 		.word	.LC214
 498 0330 11060000 		.word	.LC215
 499 0334 16060000 		.word	.LC216
 500 0338 1C060000 		.word	.LC217
 501 033c 24060000 		.word	.LC218
 502 0340 29060000 		.word	.LC219
 503 0344 2E060000 		.word	.LC220
 504 0348 34060000 		.word	.LC221
 505 034c 3A060000 		.word	.LC222
 506 0350 3F060000 		.word	.LC223
 507 0354 45060000 		.word	.LC224
 508 0358 4E060000 		.word	.LC225
 509 035c 56060000 		.word	.LC226
 510 0360 5E060000 		.word	.LC227
 511 0364 64060000 		.word	.LC228
 512 0368 6A060000 		.word	.LC229
 513 036c 71060000 		.word	.LC230
 514 0370 77060000 		.word	.LC231
 515 0374 7E060000 		.word	.LC232
 516 0378 83060000 		.word	.LC233
 517 037c 89060000 		.word	.LC234
 518 0380 90060000 		.word	.LC235
 519 0384 97060000 		.word	.LC236
 520 0388 9D060000 		.word	.LC237
 521 038c A2060000 		.word	.LC238
 522 0390 A8060000 		.word	.LC239
 523 0394 AE060000 		.word	.LC240
 524 0398 B4060000 		.word	.LC241
 525 039c BA060000 		.word	.LC242
 526 03a0 C1060000 		.word	.LC243
 527 03a4 C9060000 		.word	.LC244
 528 03a8 CF060000 		.word	.LC245
 529 03ac D4060000 		.word	.LC246
 530 03b0 DB060000 		.word	.LC247
 531 03b4 E2060000 		.word	.LC248
 532 03b8 EB060000 		.word	.LC249
 533 03bc F1060000 		.word	.LC250
 534 03c0 F6060000 		.word	.LC251
 535 03c4 FE060000 		.word	.LC252
 536 03c8 04070000 		.word	.LC253
 537 03cc 0B070000 		.word	.LC254
 538 03d0 10070000 		.word	.LC255
 539              		.section	.rodata.str1.1,"aMS",%progbits,1
 540              	.LC0:
 541 0000 4C697374 		.ascii	"Listview demo\000"
 541      76696577 
 541      2064656D 
 541      6F00
 542              	.LC1:
 543 000e 53686F77 		.ascii	"Shows some features of\012the LISTVEW widget\000"
 543      7320736F 
 543      6D652066 
 543      65617475 
 543      72657320 
 544              	.LC2:
 545 0038 256900   		.ascii	"%i\000"
 546              	.LC3:
 547 003b 41646469 		.ascii	"Adding some rows\000"
 547      6E672073 
 547      6F6D6520 
 547      726F7773 
 547      00
 548              	.LC4:
 549 004c 456E6162 		.ascii	"Enable sorting\000"
 549      6C652073 
 549      6F727469 
 549      6E6700
 550              	.LC5:
 551 005b 5573696E 		.ascii	"Using reverse/normal\012sorting order\000"
 551      67207265 
 551      76657273 
 551      652F6E6F 
 551      726D616C 
 552              	.LC6:
 553 007e 4368616E 		.ascii	"Changing selection\000"
 553      67696E67 
 553      2073656C 
 553      65637469 
 553      6F6E00
 554              	.LC7:
 555 0091 53657474 		.ascii	"Setting some individual colors\000"
 555      696E6720 
 555      736F6D65 
 555      20696E64 
 555      69766964 
 556              	.LC8:
 557 00b0 4E616D65 		.ascii	"Name\000"
 557      00
 558              	.LC9:
 559 00b5 436F6465 		.ascii	"Code\000"
 559      00
 560              	.LC10:
 561 00ba 42616C61 		.ascii	"Balance\000"
 561      6E636500 
 562              	.LC11:
 563 00c2 4164696E 		.ascii	"Adina\000"
 563      6100
 564              	.LC12:
 565 00c8 41646973 		.ascii	"Adis\000"
 565      00
 566              	.LC13:
 567 00cd 41696D65 		.ascii	"Aimee\000"
 567      6500
 568              	.LC14:
 569 00d3 416C6561 		.ascii	"Alea\000"
 569      00
 570              	.LC15:
 571 00d8 416C6573 		.ascii	"Alessio\000"
 571      73696F00 
 572              	.LC16:
 573 00e0 416C6574 		.ascii	"Aletta\000"
 573      746100
 574              	.LC17:
 575 00e7 416C6578 		.ascii	"Alexia\000"
 575      696100
 576              	.LC18:
 577 00ee 416C6973 		.ascii	"Alissa\000"
 577      736100
 578              	.LC19:
 579 00f5 416D656C 		.ascii	"Amelia\000"
 579      696100
 580              	.LC20:
 581 00fc 416E616B 		.ascii	"Anakin\000"
 581      696E00
 582              	.LC21:
 583 0103 416E6961 		.ascii	"Ania\000"
 583      00
 584              	.LC22:
 585 0108 416E6B65 		.ascii	"Ankea\000"
 585      6100
 586              	.LC23:
 587 010e 416E6E61 		.ascii	"Annalies\000"
 587      6C696573 
 587      00
 588              	.LC24:
 589 0117 416E6E69 		.ascii	"Annina\000"
 589      6E6100
 590              	.LC25:
 591 011e 416E6E72 		.ascii	"Annrike\000"
 591      696B6500 
 592              	.LC26:
 593 0126 41726B61 		.ascii	"Arkadius\000"
 593      64697573 
 593      00
 594              	.LC27:
 595 012f 41727669 		.ascii	"Arvin\000"
 595      6E00
 596              	.LC28:
 597 0135 41757265 		.ascii	"Aurelia\000"
 597      6C696100 
 598              	.LC29:
 599 013d 41766100 		.ascii	"Ava\000"
 600              	.LC30:
 601 0141 4265656B 		.ascii	"Beeke\000"
 601      6500
 602              	.LC31:
 603 0147 42656E69 		.ascii	"Benita\000"
 603      746100
 604              	.LC32:
 605 014e 42656E6E 		.ascii	"Bennit\000"
 605      697400
 606              	.LC33:
 607 0155 42656E74 		.ascii	"Bent\000"
 607      00
 608              	.LC34:
 609 015a 42657265 		.ascii	"Berenike\000"
 609      6E696B65 
 609      00
 610              	.LC35:
 611 0163 42657269 		.ascii	"Berit\000"
 611      7400
 612              	.LC36:
 613 0169 4269726B 		.ascii	"Birk\000"
 613      00
 614              	.LC37:
 615 016e 426F7373 		.ascii	"Bosse\000"
 615      6500
 616              	.LC38:
 617 0174 43617273 		.ascii	"Carsta\000"
 617      746100
 618              	.LC39:
 619 017b 43617461 		.ascii	"Catalina\000"
 619      6C696E61 
 619      00
 620              	.LC40:
 621 0184 43656C69 		.ascii	"Celia\000"
 621      6100
 622              	.LC41:
 623 018a 43686172 		.ascii	"Charis\000"
 623      697300
 624              	.LC42:
 625 0191 43686172 		.ascii	"Charlin\000"
 625      6C696E00 
 626              	.LC43:
 627 0199 43686172 		.ascii	"Charlotta\000"
 627      6C6F7474 
 627      6100
 628              	.LC44:
 629 01a3 436F7264 		.ascii	"Cordelia\000"
 629      656C6961 
 629      00
 630              	.LC45:
 631 01ac 436F7265 		.ascii	"Corey\000"
 631      7900
 632              	.LC46:
 633 01b2 436F726E 		.ascii	"Cornelis\000"
 633      656C6973 
 633      00
 634              	.LC47:
 635 01bb 436F7276 		.ascii	"Corvin\000"
 635      696E00
 636              	.LC48:
 637 01c2 436F7369 		.ascii	"Cosima\000"
 637      6D6100
 638              	.LC49:
 639 01c9 43726973 		.ascii	"Crisula\000"
 639      756C6100 
 640              	.LC50:
 641 01d1 44617269 		.ascii	"Darian\000"
 641      616E00
 642              	.LC51:
 643 01d8 44617269 		.ascii	"Darina\000"
 643      6E6100
 644              	.LC52:
 645 01df 4465696B 		.ascii	"Deik\000"
 645      00
 646              	.LC53:
 647 01e4 44657265 		.ascii	"Derek\000"
 647      6B00
 648              	.LC54:
 649 01ea 44657374 		.ascii	"Destina\000"
 649      696E6100 
 650              	.LC55:
 651 01f2 44657669 		.ascii	"Devin\000"
 651      6E00
 652              	.LC56:
 653 01f8 4469616E 		.ascii	"Diane\000"
 653      6500
 654              	.LC57:
 655 01fe 44696E61 		.ascii	"Dina\000"
 655      00
 656              	.LC58:
 657 0203 44696F6E 		.ascii	"Dion\000"
 657      00
 658              	.LC59:
 659 0208 446F7265 		.ascii	"Dorette\000"
 659      74746500 
 660              	.LC60:
 661 0210 446F726C 		.ascii	"Dorle\000"
 661      6500
 662              	.LC61:
 663 0216 44756E63 		.ascii	"Duncan\000"
 663      616E00
 664              	.LC62:
 665 021d 45646479 		.ascii	"Eddy\000"
 665      00
 666              	.LC63:
 667 0222 45696E61 		.ascii	"Einar\000"
 667      7200
 668              	.LC64:
 669 0228 456C6561 		.ascii	"Elea\000"
 669      00
 670              	.LC65:
 671 022d 456C696E 		.ascii	"Elin\000"
 671      00
 672              	.LC66:
 673 0232 456C6974 		.ascii	"Elita\000"
 673      6100
 674              	.LC67:
 675 0238 456C6F6E 		.ascii	"Elona\000"
 675      6100
 676              	.LC68:
 677 023e 456C6F75 		.ascii	"Elouise\000"
 677      69736500 
 678              	.LC69:
 679 0246 456D696C 		.ascii	"Emilian\000"
 679      69616E00 
 680              	.LC70:
 681 024e 456D696E 		.ascii	"Emina\000"
 681      6100
 682              	.LC71:
 683 0254 456D6D65 		.ascii	"Emmeline\000"
 683      6C696E65 
 683      00
 684              	.LC72:
 685 025d 456E6E61 		.ascii	"Enna\000"
 685      00
 686              	.LC73:
 687 0262 45737465 		.ascii	"Estelle\000"
 687      6C6C6500 
 688              	.LC74:
 689 026a 45747461 		.ascii	"Etta\000"
 689      00
 690              	.LC75:
 691 026f 46616269 		.ascii	"Fabiola\000"
 691      6F6C6100 
 692              	.LC76:
 693 0277 46616272 		.ascii	"Fabrice\000"
 693      69636500 
 694              	.LC77:
 695 027f 46616C6B 		.ascii	"Falko\000"
 695      6F00
 696              	.LC78:
 697 0285 46656C69 		.ascii	"Felice\000"
 697      636500
 698              	.LC79:
 699 028c 46656C69 		.ascii	"Feline\000"
 699      6E6500
 700              	.LC80:
 701 0293 46656D6B 		.ascii	"Femke\000"
 701      6500
 702              	.LC81:
 703 0299 46696574 		.ascii	"Fiete\000"
 703      6500
 704              	.LC82:
 705 029f 46696C69 		.ascii	"Filippa\000"
 705      70706100 
 706              	.LC83:
 707 02a7 46696E65 		.ascii	"Fine\000"
 707      00
 708              	.LC84:
 709 02ac 46696E69 		.ascii	"Finia\000"
 709      6100
 710              	.LC85:
 711 02b2 46696E6C 		.ascii	"Finley\000"
 711      657900
 712              	.LC86:
 713 02b9 466C6575 		.ascii	"Fleur\000"
 713      7200
 714              	.LC87:
 715 02bf 466C6F72 		.ascii	"FlorentineFlorenz\000"
 715      656E7469 
 715      6E65466C 
 715      6F72656E 
 715      7A00
 716              	.LC88:
 717 02d1 466C6F72 		.ascii	"Florin\000"
 717      696E00
 718              	.LC89:
 719 02d8 466C6F79 		.ascii	"Floyd\000"
 719      6400
 720              	.LC90:
 721 02de 466F6B6B 		.ascii	"Fokko\000"
 721      6F00
 722              	.LC91:
 723 02e4 46726974 		.ascii	"Fritzi\000"
 723      7A6900
 724              	.LC92:
 725 02eb 4765726F 		.ascii	"Gero\000"
 725      00
 726              	.LC93:
 727 02f0 47657272 		.ascii	"Gerret\000"
 727      657400
 728              	.LC94:
 729 02f7 47657277 		.ascii	"Gerwin\000"
 729      696E00
 730              	.LC95:
 731 02fe 47696465 		.ascii	"Gideon\000"
 731      6F6E00
 732              	.LC96:
 733 0305 47696C6C 		.ascii	"Gillian\000"
 733      69616E00 
 734              	.LC97:
 735 030d 476C656E 		.ascii	"Glen\000"
 735      00
 736              	.LC98:
 737 0312 47756E69 		.ascii	"Gunilla\000"
 737      6C6C6100 
 738              	.LC99:
 739 031a 48616E6B 		.ascii	"Hanka\000"
 739      6100
 740              	.LC100:
 741 0320 4865696E 		.ascii	"Heinke\000"
 741      6B6500
 742              	.LC101:
 743 0327 48656C6D 		.ascii	"Helmar\000"
 743      617200
 744              	.LC102:
 745 032e 48656E6E 		.ascii	"Henner\000"
 745      657200
 746              	.LC103:
 747 0335 48656E6E 		.ascii	"Hennes\000"
 747      657300
 748              	.LC104:
 749 033c 48656E72 		.ascii	"Henrieke\000"
 749      69656B65 
 749      00
 750              	.LC105:
 751 0345 496D6D6F 		.ascii	"Immo\000"
 751      00
 752              	.LC106:
 753 034a 496E6469 		.ascii	"India\000"
 753      6100
 754              	.LC107:
 755 0350 4973616C 		.ascii	"Isalie\000"
 755      696500
 756              	.LC108:
 757 0357 4976656E 		.ascii	"Iven\000"
 757      00
 758              	.LC109:
 759 035c 4A616465 		.ascii	"Jade\000"
 759      00
 760              	.LC110:
 761 0361 4A616E69 		.ascii	"Janice\000"
 761      636500
 762              	.LC111:
 763 0368 4A616E69 		.ascii	"Janika\000"
 763      6B6100
 764              	.LC112:
 765 036f 4A616E6B 		.ascii	"Janka\000"
 765      6100
 766              	.LC113:
 767 0375 4A616E6E 		.ascii	"Janneke\000"
 767      656B6500 
 768              	.LC114:
 769 037d 4A616E6E 		.ascii	"Jannika\000"
 769      696B6100 
 770              	.LC115:
 771 0385 4A616E6F 		.ascii	"Jano\000"
 771      00
 772              	.LC116:
 773 038a 4A61726C 		.ascii	"Jarla\000"
 773      6100
 774              	.LC117:
 775 0390 4A61726E 		.ascii	"Jarne\000"
 775      6500
 776              	.LC118:
 777 0396 4A61726E 		.ascii	"Jarno\000"
 777      6F00
 778              	.LC119:
 779 039c 4A61726F 		.ascii	"Jaromir\000"
 779      6D697200 
 780              	.LC120:
 781 03a4 4A61726F 		.ascii	"Jaron\000"
 781      6E00
 782              	.LC121:
 783 03aa 4A656C61 		.ascii	"Jelana\000"
 783      6E6100
 784              	.LC122:
 785 03b1 4A657370 		.ascii	"Jesper\000"
 785      657200
 786              	.LC123:
 787 03b8 4A6F6C65 		.ascii	"Joleen\000"
 787      656E00
 788              	.LC124:
 789 03bf 4A6F6C69 		.ascii	"Jolie\000"
 789      6500
 790              	.LC125:
 791 03c5 4A6F6E74 		.ascii	"Jonte\000"
 791      6500
 792              	.LC126:
 793 03cb 4A6F6F73 		.ascii	"Joost\000"
 793      7400
 794              	.LC127:
 795 03d1 4AF67264 		.ascii	"J\366rdis\000"
 795      697300
 796              	.LC128:
 797 03d8 4A6F7269 		.ascii	"Joris\000"
 797      7300
 798              	.LC129:
 799 03de 4A6F7369 		.ascii	"Josie\000"
 799      6500
 800              	.LC130:
 801 03e4 4A6F7369 		.ascii	"Josina\000"
 801      6E6100
 802              	.LC131:
 803 03eb 4A756C61 		.ascii	"Jula\000"
 803      00
 804              	.LC132:
 805 03f0 4A756C69 		.ascii	"Julina\000"
 805      6E6100
 806              	.LC133:
 807 03f7 4A797474 		.ascii	"Jytte\000"
 807      6500
 808              	.LC134:
 809 03fd 4B616C6C 		.ascii	"Kalle\000"
 809      6500
 810              	.LC135:
 811 0403 4B656E6E 		.ascii	"Kennet\000"
 811      657400
 812              	.LC136:
 813 040a 4B656E6F 		.ascii	"Keno\000"
 813      00
 814              	.LC137:
 815 040f 4B69616E 		.ascii	"Kiana\000"
 815      6100
 816              	.LC138:
 817 0415 4B696572 		.ascii	"Kieran\000"
 817      616E00
 818              	.LC139:
 819 041c 4C61696C 		.ascii	"Laila\000"
 819      6100
 820              	.LC140:
 821 0422 4C617572 		.ascii	"Laureen\000"
 821      65656E00 
 822              	.LC141:
 823 042a 4C617572 		.ascii	"Laurens\000"
 823      656E7300 
 824              	.LC142:
 825 0432 4C617572 		.ascii	"Laurent\000"
 825      656E7400 
 826              	.LC143:
 827 043a 4C617572 		.ascii	"Lauritz\000"
 827      69747A00 
 828              	.LC144:
 829 0442 4C65616E 		.ascii	"Leana\000"
 829      6100
 830              	.LC145:
 831 0448 4C65616E 		.ascii	"Leandra\000"
 831      64726100 
 832              	.LC146:
 833 0450 4C65616E 		.ascii	"Leandro\000"
 833      64726F00 
 834              	.LC147:
 835 0458 4C656E00 		.ascii	"Len\000"
 836              	.LC148:
 837 045c 4C656E6F 		.ascii	"Lenore\000"
 837      726500
 838              	.LC149:
 839 0463 4C656F6E 		.ascii	"Leona\000"
 839      6100
 840              	.LC150:
 841 0469 4C656F6E 		.ascii	"Leonore\000"
 841      6F726500 
 842              	.LC151:
 843 0471 4C65766B 		.ascii	"Levke\000"
 843      6500
 844              	.LC152:
 845 0477 4C657769 		.ascii	"Lewin\000"
 845      6E00
 846              	.LC153:
 847 047d 4C69656E 		.ascii	"Lientje\000"
 847      746A6500 
 848              	.LC154:
 849 0485 4C696C69 		.ascii	"Lilith\000"
 849      746800
 850              	.LC155:
 851 048c 4C696E65 		.ascii	"Line\000"
 851      00
 852              	.LC156:
 853 0491 4C696E6E 		.ascii	"Linna\000"
 853      6100
 854              	.LC157:
 855 0497 4C696E6E 		.ascii	"Linnea\000"
 855      656100
 856              	.LC158:
 857 049e 4C697361 		.ascii	"Lisanne\000"
 857      6E6E6500 
 858              	.LC159:
 859 04a6 4C697669 		.ascii	"Livia\000"
 859      6100
 860              	.LC160:
 861 04ac 4C6F7265 		.ascii	"Lorena\000"
 861      6E6100
 862              	.LC161:
 863 04b3 4C6F726E 		.ascii	"Lorna\000"
 863      6100
 864              	.LC162:
 865 04b9 4C6F7669 		.ascii	"Lovis\000"
 865      7300
 866              	.LC163:
 867 04bf 4C75616E 		.ascii	"Luana\000"
 867      6100
 868              	.LC164:
 869 04c5 4C756467 		.ascii	"Ludger\000"
 869      657200
 870              	.LC165:
 871 04cc 4D616469 		.ascii	"Madita\000"
 871      746100
 872              	.LC166:
 873 04d3 4D616473 		.ascii	"Mads\000"
 873      00
 874              	.LC167:
 875 04d8 4D616967 		.ascii	"Maiga\000"
 875      6100
 876              	.LC168:
 877 04de 4D61696C 		.ascii	"Mailin\000"
 877      696E00
 878              	.LC169:
 879 04e5 4D616C69 		.ascii	"Malina\000"
 879      6E6100
 880              	.LC170:
 881 04ec 4D616E6A 		.ascii	"Manja\000"
 881      6100
 882              	.LC171:
 883 04f2 4D617269 		.ascii	"Marieke\000"
 883      656B6500 
 884              	.LC172:
 885 04fa 4D617269 		.ascii	"Marielle\000"
 885      656C6C65 
 885      00
 886              	.LC173:
 887 0503 4D617269 		.ascii	"Mariette\000"
 887      65747465 
 887      00
 888              	.LC174:
 889 050c 4D617269 		.ascii	"Mariola\000"
 889      6F6C6100 
 890              	.LC175:
 891 0514 4D61726C 		.ascii	"Marla\000"
 891      6100
 892              	.LC176:
 893 051a 4D61726C 		.ascii	"Marlena\000"
 893      656E6100 
 894              	.LC177:
 895 0522 4D61726C 		.ascii	"Marlin\000"
 895      696E00
 896              	.LC178:
 897 0529 4D61726C 		.ascii	"Marlo\000"
 897      6F00
 898              	.LC179:
 899 052f 4D617274 		.ascii	"Marthe\000"
 899      686500
 900              	.LC180:
 901 0536 4D617274 		.ascii	"Martje\000"
 901      6A6500
 902              	.LC181:
 903 053d 4D61747A 		.ascii	"Matz\000"
 903      00
 904              	.LC182:
 905 0542 4D617572 		.ascii	"Maureen\000"
 905      65656E00 
 906              	.LC183:
 907 054a 4D617972 		.ascii	"Mayra\000"
 907      6100
 908              	.LC184:
 909 0550 4D656469 		.ascii	"Medina\000"
 909      6E6100
 910              	.LC185:
 911 0557 4D656C64 		.ascii	"Melda\000"
 911      6100
 912              	.LC186:
 913 055d 4D656C65 		.ascii	"Melek\000"
 913      6B00
 914              	.LC187:
 915 0563 4D656C69 		.ascii	"Melike\000"
 915      6B6500
 916              	.LC188:
 917 056a 4D656C69 		.ascii	"Melinda\000"
 917      6E646100 
 918              	.LC189:
 919 0572 4D656C69 		.ascii	"Melis\000"
 919      7300
 920              	.LC190:
 921 0578 4D656C69 		.ascii	"Melisa\000"
 921      736100
 922              	.LC191:
 923 057f 4D657269 		.ascii	"Merit\000"
 923      7400
 924              	.LC192:
 925 0585 4D69656B 		.ascii	"Mieke\000"
 925      6500
 926              	.LC193:
 927 058b 4D696C61 		.ascii	"Mila\000"
 927      00
 928              	.LC194:
 929 0590 4D696E61 		.ascii	"Mina\000"
 929      00
 930              	.LC195:
 931 0595 4D696F00 		.ascii	"Mio\000"
 932              	.LC196:
 933 0599 4D697265 		.ascii	"Mirella\000"
 933      6C6C6100 
 934              	.LC197:
 935 05a1 4D6F6D6B 		.ascii	"Momke\000"
 935      6500
 936              	.LC198:
 937 05a7 4D6F6D6D 		.ascii	"Momme\000"
 937      6500
 938              	.LC199:
 939 05ad 4D6F7272 		.ascii	"Morris\000"
 939      697300
 940              	.LC200:
 941 05b4 4E616E74 		.ascii	"Nantke\000"
 941      6B6500
 942              	.LC201:
 943 05bb 4E656C73 		.ascii	"Nelson\000"
 943      6F6E00
 944              	.LC202:
 945 05c2 4E696B61 		.ascii	"Nika\000"
 945      00
 946              	.LC203:
 947 05c7 4E6F7277 		.ascii	"Norwin\000"
 947      696E00
 948              	.LC204:
 949 05ce 4F6B6500 		.ascii	"Oke\000"
 950              	.LC205:
 951 05d2 4F6E6E6F 		.ascii	"Onno\000"
 951      00
 952              	.LC206:
 953 05d7 4F746973 		.ascii	"Otis\000"
 953      00
 954              	.LC207:
 955 05dc 4F766500 		.ascii	"Ove\000"
 956              	.LC208:
 957 05e0 50656572 		.ascii	"Peer\000"
 957      00
 958              	.LC209:
 959 05e5 50656C6C 		.ascii	"Pelle\000"
 959      6500
 960              	.LC210:
 961 05eb 5068696C 		.ascii	"Philine\000"
 961      696E6500 
 962              	.LC211:
 963 05f3 5068696C 		.ascii	"Philomena\000"
 963      6F6D656E 
 963      6100
 964              	.LC212:
 965 05fd 5175656E 		.ascii	"Quentin\000"
 965      74696E00 
 966              	.LC213:
 967 0605 5175696E 		.ascii	"Quint\000"
 967      7400
 968              	.LC214:
 969 060b 52616865 		.ascii	"Rahel\000"
 969      6C00
 970              	.LC215:
 971 0611 5261696B 		.ascii	"Raik\000"
 971      00
 972              	.LC216:
 973 0616 5269616E 		.ascii	"Riana\000"
 973      6100
 974              	.LC217:
 975 061c 52696361 		.ascii	"Ricardo\000"
 975      72646F00 
 976              	.LC218:
 977 0624 52696B61 		.ascii	"Rika\000"
 977      00
 978              	.LC219:
 979 0629 52697861 		.ascii	"Rixa\000"
 979      00
 980              	.LC220:
 981 062e 526F6C65 		.ascii	"Rolex\000"
 981      7800
 982              	.LC221:
 983 0634 52757765 		.ascii	"Ruwen\000"
 983      6E00
 984              	.LC222:
 985 063a 5279616E 		.ascii	"Ryan\000"
 985      00
 986              	.LC223:
 987 063f 53616C6D 		.ascii	"Salma\000"
 987      6100
 988              	.LC224:
 989 0645 53616E64 		.ascii	"Sandrine\000"
 989      72696E65 
 989      00
 990              	.LC225:
 991 064e 53657665 		.ascii	"Severin\000"
 991      72696E00 
 992              	.LC226:
 993 0656 5369646F 		.ascii	"Sidonie\000"
 993      6E696500 
 994              	.LC227:
 995 065e 53696C61 		.ascii	"Silas\000"
 995      7300
 996              	.LC228:
 997 0664 53696C6A 		.ascii	"Silja\000"
 997      6100
 998              	.LC229:
 999 066a 53696D65 		.ascii	"Simeon\000"
 999      6F6E00
 1000              	.LC230:
 1001 0671 53696E6A 		.ascii	"Sinja\000"
 1001      6100
 1002              	.LC231:
 1003 0677 536D696C 		.ascii	"Smilla\000"
 1003      6C6100
 1004              	.LC232:
 1005 067e 53746967 		.ascii	"Stig\000"
 1005      00
 1006              	.LC233:
 1007 0683 5374696E 		.ascii	"Stine\000"
 1007      6500
 1008              	.LC234:
 1009 0689 54616C69 		.ascii	"Talisa\000"
 1009      736100
 1010              	.LC235:
 1011 0690 54616D69 		.ascii	"Tamina\000"
 1011      6E6100
 1012              	.LC236:
 1013 0697 54616D6D 		.ascii	"Tammo\000"
 1013      6F00
 1014              	.LC237:
 1015 069d 54617261 		.ascii	"Tara\000"
 1015      00
 1016              	.LC238:
 1017 06a2 54687972 		.ascii	"Thyra\000"
 1017      6100
 1018              	.LC239:
 1019 06a8 5469616E 		.ascii	"Tiana\000"
 1019      6100
 1020              	.LC240:
 1021 06ae 546A616C 		.ascii	"Tjalf\000"
 1021      6600
 1022              	.LC241:
 1023 06b4 546A6172 		.ascii	"Tjark\000"
 1023      6B00
 1024              	.LC242:
 1025 06ba 546A656C 		.ascii	"Tjelle\000"
 1025      6C6500
 1026              	.LC243:
 1027 06c1 546A6F72 		.ascii	"Tjorben\000"
 1027      62656E00 
 1028              	.LC244:
 1029 06c9 546F6D6D 		.ascii	"Tomma\000"
 1029      6100
 1030              	.LC245:
 1031 06cf 546F7265 		.ascii	"Tore\000"
 1031      00
 1032              	.LC246:
 1033 06d4 56616E69 		.ascii	"Vanity\000"
 1033      747900
 1034              	.LC247:
 1035 06db 56696F6C 		.ascii	"Violet\000"
 1035      657400
 1036              	.LC248:
 1037 06e2 56696F6C 		.ascii	"Violetta\000"
 1037      65747461 
 1037      00
 1038              	.LC249:
 1039 06eb 57696C6B 		.ascii	"Wilko\000"
 1039      6F00
 1040              	.LC250:
 1041 06f1 57756C66 		.ascii	"Wulf\000"
 1041      00
 1042              	.LC251:
 1043 06f6 5961736D 		.ascii	"Yasmina\000"
 1043      696E6100 
 1044              	.LC252:
 1045 06fe 596C7669 		.ascii	"Ylvie\000"
 1045      6500
 1046              	.LC253:
 1047 0704 596F756E 		.ascii	"Younes\000"
 1047      657300
 1048              	.LC254:
 1049 070b 59766573 		.ascii	"Yves\000"
 1049      00
 1050              	.LC255:
 1051 0710 59766574 		.ascii	"Yvette\000"
 1051      746500
 1052              		.section	.rodata._aColor,"a",%progbits
 1053              		.align	2
 1054              		.set	.LANCHOR2,. + 0
 1057              	_aColor:
 1058 0000 0000FF00 		.word	16711680
 1059 0004 00FF0000 		.word	65280
 1060 0008 FF000000 		.word	255
 1061 000c 00FFFF00 		.word	16776960
 1062 0010 FF00FF00 		.word	16711935
 1063 0014 FFFF0000 		.word	65535
 1064 0018 8080FF00 		.word	16744576
 1065 001c 80FF8000 		.word	8454016
 1066 0020 FF808000 		.word	8421631
 1067 0024 80FFFF00 		.word	16777088
 1068 0028 FF80FF00 		.word	16744703
 1069 002c FFFF8000 		.word	8454143
 1070 0030 00008000 		.word	8388608
 1071 0034 00800000 		.word	32768
 1072 0038 80000000 		.word	128
 1073 003c 00808000 		.word	8421376
 1074 0040 80008000 		.word	8388736
 1075 0044 80800000 		.word	32896
 1076 0048 FFFFFF00 		.word	16777215
 1077 004c D3D3D300 		.word	13882323
 1078 0050 80808000 		.word	8421504
 1079 0054 40404000 		.word	4210752
 1080 0058 00000000 		.word	0
 1081 005c A52A2A00 		.word	2763429
 1082              		.section	.rodata._aAction,"a",%progbits
 1083              		.align	2
 1084              		.set	.LANCHOR1,. + 0
 1087              	_aAction:
 1088 0000 00000000 		.word	0
 1089 0004 01000000 		.word	1
 1090 0008 3B000000 		.word	.LC3
 1091 000c 84030000 		.word	900
 1092 0010 00000000 		.word	0
 1093 0014 00000000 		.word	0
 1094 0018 F4010000 		.word	500
 1095 001c 00000000 		.word	0
 1096 0020 4C000000 		.word	.LC4
 1097 0024 F4010000 		.word	500
 1098 0028 00000000 		.word	0
 1099 002c 00000000 		.word	0
 1100 0030 58020000 		.word	600
 1101 0034 02000000 		.word	2
 1102 0038 00000000 		.word	0
 1103 003c 58020000 		.word	600
 1104 0040 02000000 		.word	2
 1105 0044 00000000 		.word	0
 1106 0048 58020000 		.word	600
 1107 004c 02000000 		.word	2
 1108 0050 00000000 		.word	0
 1109 0054 F4010000 		.word	500
 1110 0058 00000000 		.word	0
 1111 005c 5B000000 		.word	.LC5
 1112 0060 F4010000 		.word	500
 1113 0064 00000000 		.word	0
 1114 0068 00000000 		.word	0
 1115 006c 58020000 		.word	600
 1116 0070 03000000 		.word	3
 1117 0074 00000000 		.word	0
 1118 0078 58020000 		.word	600
 1119 007c 03000000 		.word	3
 1120 0080 00000000 		.word	0
 1121 0084 58020000 		.word	600
 1122 0088 03000000 		.word	3
 1123 008c 00000000 		.word	0
 1124 0090 F4010000 		.word	500
 1125 0094 00000000 		.word	0
 1126 0098 7E000000 		.word	.LC6
 1127 009c F4010000 		.word	500
 1128 00a0 00000000 		.word	0
 1129 00a4 00000000 		.word	0
 1130 00a8 32000000 		.word	50
 1131 00ac 04000000 		.word	4
 1132 00b0 00000000 		.word	0
 1133 00b4 32000000 		.word	50
 1134 00b8 04000000 		.word	4
 1135 00bc 00000000 		.word	0
 1136 00c0 32000000 		.word	50
 1137 00c4 04000000 		.word	4
 1138 00c8 00000000 		.word	0
 1139 00cc 32000000 		.word	50
 1140 00d0 04000000 		.word	4
 1141 00d4 00000000 		.word	0
 1142 00d8 32000000 		.word	50
 1143 00dc 04000000 		.word	4
 1144 00e0 00000000 		.word	0
 1145 00e4 32000000 		.word	50
 1146 00e8 04000000 		.word	4
 1147 00ec 00000000 		.word	0
 1148 00f0 32000000 		.word	50
 1149 00f4 04000000 		.word	4
 1150 00f8 00000000 		.word	0
 1151 00fc 32000000 		.word	50
 1152 0100 04000000 		.word	4
 1153 0104 00000000 		.word	0
 1154 0108 32000000 		.word	50
 1155 010c 04000000 		.word	4
 1156 0110 00000000 		.word	0
 1157 0114 32000000 		.word	50
 1158 0118 04000000 		.word	4
 1159 011c 00000000 		.word	0
 1160 0120 32000000 		.word	50
 1161 0124 05000000 		.word	5
 1162 0128 00000000 		.word	0
 1163 012c 32000000 		.word	50
 1164 0130 05000000 		.word	5
 1165 0134 00000000 		.word	0
 1166 0138 32000000 		.word	50
 1167 013c 05000000 		.word	5
 1168 0140 00000000 		.word	0
 1169 0144 32000000 		.word	50
 1170 0148 05000000 		.word	5
 1171 014c 00000000 		.word	0
 1172 0150 32000000 		.word	50
 1173 0154 05000000 		.word	5
 1174 0158 00000000 		.word	0
 1175 015c F4010000 		.word	500
 1176 0160 00000000 		.word	0
 1177 0164 91000000 		.word	.LC7
 1178 0168 F4010000 		.word	500
 1179 016c 00000000 		.word	0
 1180 0170 00000000 		.word	0
 1181 0174 32000000 		.word	50
 1182 0178 06000000 		.word	6
 1183 017c 00000000 		.word	0
 1184 0180 08070000 		.word	1800
 1185 0184 00000000 		.word	0
 1186 0188 00000000 		.word	0
 1187              		.ident	"GCC: (Sourcery CodeBench Lite 2013.11-24) 4.8.1"
DEFINED SYMBOLS
                            *ABS*:00000000 GUIDEMO_Listview.c
D:\Users\draapho\AppData\Local\Temp\cc4M8ylR.s:16     .text.GUIDEMO_Listview:00000000 $t
D:\Users\draapho\AppData\Local\Temp\cc4M8ylR.s:21     .text.GUIDEMO_Listview:00000000 GUIDEMO_Listview
D:\Users\draapho\AppData\Local\Temp\cc4M8ylR.s:115    .text.GUIDEMO_Listview:000000f2 $d
D:\Users\draapho\AppData\Local\Temp\cc4M8ylR.s:121    .text.GUIDEMO_Listview:000000f8 $t
D:\Users\draapho\AppData\Local\Temp\cc4M8ylR.s:262    .text.GUIDEMO_Listview:00000248 $d
D:\Users\draapho\AppData\Local\Temp\cc4M8ylR.s:271    .rodata._aColProps:00000000 $d
D:\Users\draapho\AppData\Local\Temp\cc4M8ylR.s:275    .rodata._aColProps:00000000 _aColProps
D:\Users\draapho\AppData\Local\Temp\cc4M8ylR.s:289    .rodata._pNames:00000000 $d
D:\Users\draapho\AppData\Local\Temp\cc4M8ylR.s:293    .rodata._pNames:00000000 _pNames
D:\Users\draapho\AppData\Local\Temp\cc4M8ylR.s:1053   .rodata._aColor:00000000 $d
D:\Users\draapho\AppData\Local\Temp\cc4M8ylR.s:1057   .rodata._aColor:00000000 _aColor
D:\Users\draapho\AppData\Local\Temp\cc4M8ylR.s:1083   .rodata._aAction:00000000 $d
D:\Users\draapho\AppData\Local\Temp\cc4M8ylR.s:1087   .rodata._aAction:00000000 _aAction

UNDEFINED SYMBOLS
GUIDEMO_ShowIntro
GUIDEMO_DrawBk
GUIDEMO_ShowInfoWin
LCD_GetXSize
LCD_GetYSize
WM_GetDesktopWindow
LISTVIEW_CreateEx
WM_SetFocus
LISTVIEW_GetHeader
HEADER_SetDragLimit
LISTVIEW_SetAutoScrollV
LISTVIEW_SetGridVis
LISTVIEW_SetRBorder
LISTVIEW_SetLBorder
LISTVIEW_AddColumn
LISTVIEW_SetCompareFunc
LISTVIEW_EnableSort
GUIDEMO_ShowInfo
LISTVIEW_GetNumRows
LISTVIEW_SetItemBkColor
LISTVIEW_GetNumColumns
LISTVIEW_IncSel
LISTVIEW_DecSel
memset
rand
strcpy
sprintf
LISTVIEW_AddRow
LISTVIEW_SetSort
GUI_Delay
WM_DeleteWindow
GUIDEMO_CheckCancel
LISTVIEW_CompareText
LISTVIEW_CompareDec
