   1              		.syntax unified
   2              		.cpu cortex-m3
   3              		.fpu softvfp
   4              		.eabi_attribute 20, 1
   5              		.eabi_attribute 21, 1
   6              		.eabi_attribute 23, 3
   7              		.eabi_attribute 24, 1
   8              		.eabi_attribute 25, 1
   9              		.eabi_attribute 26, 1
  10              		.eabi_attribute 30, 4
  11              		.eabi_attribute 34, 1
  12              		.eabi_attribute 18, 4
  13              		.thumb
  14              		.file	"misc.c"
  15              		.section	.text.NVIC_PriorityGroupConfig,"ax",%progbits
  16              		.align	1
  17              		.global	NVIC_PriorityGroupConfig
  18              		.thumb
  19              		.thumb_func
  21              	NVIC_PriorityGroupConfig:
  22              		@ args = 0, pretend = 0, frame = 0
  23              		@ frame_needed = 0, uses_anonymous_args = 0
  24 0000 B0F5C06F 		cmp	r0, #1536
  25 0004 10B5     		push	{r4, lr}
  26 0006 0446     		mov	r4, r0
  27 0008 0DD0     		beq	.L2
  28 000a 20F48073 		bic	r3, r0, #256
  29 000e B3F5806F 		cmp	r3, #1024
  30 0012 08D0     		beq	.L2
  31 0014 20F48063 		bic	r3, r0, #1024
  32 0018 B3F5407F 		cmp	r3, #768
  33 001c 03D0     		beq	.L2
  34 001e 0548     		ldr	r0, .L13
  35 0020 6321     		movs	r1, #99
  36 0022 FFF7FEFF 		bl	assert_err
  37              	.L2:
  38 0026 44F0BF64 		orr	r4, r4, #100139008
  39 002a 034B     		ldr	r3, .L13+4
  40 002c 44F40034 		orr	r4, r4, #131072
  41 0030 DC60     		str	r4, [r3, #12]
  42 0032 10BD     		pop	{r4, pc}
  43              	.L14:
  44              		.align	2
  45              	.L13:
  46 0034 00000000 		.word	.LC0
  47 0038 00ED00E0 		.word	-536810240
  49              		.section	.text.NVIC_Init,"ax",%progbits
  50              		.align	1
  51              		.global	NVIC_Init
  52              		.thumb
  53              		.thumb_func
  55              	NVIC_Init:
  56              		@ args = 0, pretend = 0, frame = 0
  57              		@ frame_needed = 0, uses_anonymous_args = 0
  58 0000 C378     		ldrb	r3, [r0, #3]	@ zero_extendqisi2
  59 0002 10B5     		push	{r4, lr}
  60 0004 012B     		cmp	r3, #1
  61 0006 0446     		mov	r4, r0
  62 0008 03D9     		bls	.L16
  63 000a 2048     		ldr	r0, .L22
  64 000c 7521     		movs	r1, #117
  65 000e FFF7FEFF 		bl	assert_err
  66              	.L16:
  67 0012 6378     		ldrb	r3, [r4, #1]	@ zero_extendqisi2
  68 0014 0F2B     		cmp	r3, #15
  69 0016 03D9     		bls	.L17
  70 0018 1C48     		ldr	r0, .L22
  71 001a 7621     		movs	r1, #118
  72 001c FFF7FEFF 		bl	assert_err
  73              	.L17:
  74 0020 A378     		ldrb	r3, [r4, #2]	@ zero_extendqisi2
  75 0022 0F2B     		cmp	r3, #15
  76 0024 03D9     		bls	.L18
  77 0026 1948     		ldr	r0, .L22
  78 0028 7721     		movs	r1, #119
  79 002a FFF7FEFF 		bl	assert_err
  80              	.L18:
  81 002e E278     		ldrb	r2, [r4, #3]	@ zero_extendqisi2
  82 0030 2378     		ldrb	r3, [r4]	@ zero_extendqisi2
  83 0032 FAB1     		cbz	r2, .L19
  84 0034 164A     		ldr	r2, .L22+4
  85 0036 6078     		ldrb	r0, [r4, #1]	@ zero_extendqisi2
  86 0038 D268     		ldr	r2, [r2, #12]
  87 003a 03F16043 		add	r3, r3, #-536870912
  88 003e D243     		mvns	r2, r2
  89 0040 C2F30222 		ubfx	r2, r2, #8, #3
  90 0044 C2F10401 		rsb	r1, r2, #4
  91 0048 00FA01F1 		lsl	r1, r0, r1
  92 004c 0F20     		movs	r0, #15
  93 004e 20FA02F2 		lsr	r2, r0, r2
  94 0052 A078     		ldrb	r0, [r4, #2]	@ zero_extendqisi2
  95 0054 03F56143 		add	r3, r3, #57600
  96 0058 0240     		ands	r2, r2, r0
  97 005a 0A43     		orrs	r2, r2, r1
  98 005c 1201     		lsls	r2, r2, #4
  99 005e D2B2     		uxtb	r2, r2
 100 0060 83F80023 		strb	r2, [r3, #768]
 101 0064 2378     		ldrb	r3, [r4]	@ zero_extendqisi2
 102 0066 0122     		movs	r2, #1
 103 0068 5909     		lsrs	r1, r3, #5
 104 006a 03F01F03 		and	r3, r3, #31
 105 006e 02FA03F3 		lsl	r3, r2, r3
 106 0072 06E0     		b	.L21
 107              	.L19:
 108 0074 5909     		lsrs	r1, r3, #5
 109 0076 0122     		movs	r2, #1
 110 0078 03F01F03 		and	r3, r3, #31
 111 007c 02FA03F3 		lsl	r3, r2, r3
 112 0080 2031     		adds	r1, r1, #32
 113              	.L21:
 114 0082 044A     		ldr	r2, .L22+8
 115 0084 42F82130 		str	r3, [r2, r1, lsl #2]
 116 0088 10BD     		pop	{r4, pc}
 117              	.L23:
 118 008a 00BF     		.align	2
 119              	.L22:
 120 008c 00000000 		.word	.LC0
 121 0090 00ED00E0 		.word	-536810240
 122 0094 00E100E0 		.word	-536813312
 124              		.section	.text.NVIC_SetVectorTable,"ax",%progbits
 125              		.align	1
 126              		.global	NVIC_SetVectorTable
 127              		.thumb
 128              		.thumb_func
 130              	NVIC_SetVectorTable:
 131              		@ args = 0, pretend = 0, frame = 0
 132              		@ frame_needed = 0, uses_anonymous_args = 0
 133 0000 B0F1005F 		cmp	r0, #536870912
 134 0004 38B5     		push	{r3, r4, r5, lr}
 135 0006 0446     		mov	r4, r0
 136 0008 0D46     		mov	r5, r1
 137 000a 06D0     		beq	.L25
 138 000c B0F1006F 		cmp	r0, #134217728
 139 0010 03D0     		beq	.L25
 140 0012 0948     		ldr	r0, .L33
 141 0014 9F21     		movs	r1, #159
 142 0016 FFF7FEFF 		bl	assert_err
 143              	.L25:
 144 001a 084B     		ldr	r3, .L33+4
 145 001c 9D42     		cmp	r5, r3
 146 001e 03D9     		bls	.L26
 147 0020 0548     		ldr	r0, .L33
 148 0022 A021     		movs	r1, #160
 149 0024 FFF7FEFF 		bl	assert_err
 150              	.L26:
 151 0028 25F06045 		bic	r5, r5, #-536870912
 152 002c 25F07F05 		bic	r5, r5, #127
 153 0030 034B     		ldr	r3, .L33+8
 154 0032 2C43     		orrs	r4, r4, r5
 155 0034 9C60     		str	r4, [r3, #8]
 156 0036 38BD     		pop	{r3, r4, r5, pc}
 157              	.L34:
 158              		.align	2
 159              	.L33:
 160 0038 00000000 		.word	.LC0
 161 003c FEFF0F00 		.word	1048574
 162 0040 00ED00E0 		.word	-536810240
 164              		.section	.text.NVIC_SystemLPConfig,"ax",%progbits
 165              		.align	1
 166              		.global	NVIC_SystemLPConfig
 167              		.thumb
 168              		.thumb_func
 170              	NVIC_SystemLPConfig:
 171              		@ args = 0, pretend = 0, frame = 0
 172              		@ frame_needed = 0, uses_anonymous_args = 0
 173 0000 1028     		cmp	r0, #16
 174 0002 70B5     		push	{r4, r5, r6, lr}
 175 0004 0446     		mov	r4, r0
 176 0006 0E46     		mov	r6, r1
 177 0008 07D0     		beq	.L36
 178 000a 0428     		cmp	r0, #4
 179 000c 05D0     		beq	.L36
 180 000e 0228     		cmp	r0, #2
 181 0010 03D0     		beq	.L36
 182 0012 0A48     		ldr	r0, .L51
 183 0014 B221     		movs	r1, #178
 184 0016 FFF7FEFF 		bl	assert_err
 185              	.L36:
 186 001a 012E     		cmp	r6, #1
 187 001c 084D     		ldr	r5, .L51+4
 188 001e 04D9     		bls	.L37
 189 0020 0648     		ldr	r0, .L51
 190 0022 B321     		movs	r1, #179
 191 0024 FFF7FEFF 		bl	assert_err
 192 0028 00E0     		b	.L38
 193              	.L37:
 194 002a 16B1     		cbz	r6, .L39
 195              	.L38:
 196 002c 2B69     		ldr	r3, [r5, #16]
 197 002e 1C43     		orrs	r4, r4, r3
 198 0030 02E0     		b	.L50
 199              	.L39:
 200 0032 2B69     		ldr	r3, [r5, #16]
 201 0034 23EA0404 		bic	r4, r3, r4
 202              	.L50:
 203 0038 2C61     		str	r4, [r5, #16]
 204 003a 70BD     		pop	{r4, r5, r6, pc}
 205              	.L52:
 206              		.align	2
 207              	.L51:
 208 003c 00000000 		.word	.LC0
 209 0040 00ED00E0 		.word	-536810240
 211              		.section	.text.SysTick_CLKSourceConfig,"ax",%progbits
 212              		.align	1
 213              		.global	SysTick_CLKSourceConfig
 214              		.thumb
 215              		.thumb_func
 217              	SysTick_CLKSourceConfig:
 218              		@ args = 0, pretend = 0, frame = 0
 219              		@ frame_needed = 0, uses_anonymous_args = 0
 220 0000 0428     		cmp	r0, #4
 221 0002 10B5     		push	{r4, lr}
 222 0004 084C     		ldr	r4, .L61
 223 0006 09D0     		beq	.L54
 224 0008 0530     		adds	r0, r0, #5
 225 000a 03D0     		beq	.L55
 226 000c 0748     		ldr	r0, .L61+4
 227 000e CA21     		movs	r1, #202
 228 0010 FFF7FEFF 		bl	assert_err
 229              	.L55:
 230 0014 2368     		ldr	r3, [r4]
 231 0016 23F00403 		bic	r3, r3, #4
 232 001a 02E0     		b	.L60
 233              	.L54:
 234 001c 2368     		ldr	r3, [r4]
 235 001e 43F00403 		orr	r3, r3, #4
 236              	.L60:
 237 0022 2360     		str	r3, [r4]
 238 0024 10BD     		pop	{r4, pc}
 239              	.L62:
 240 0026 00BF     		.align	2
 241              	.L61:
 242 0028 10E000E0 		.word	-536813552
 243 002c 00000000 		.word	.LC0
 245              		.section	.rodata.str1.1,"aMS",%progbits,1
 246              	.LC0:
 247 0000 443A2F55 		.ascii	"D:/Users/draapho/Desktop/stm32_ezos_v231/drivers/li"
 247      73657273 
 247      2F647261 
 247      6170686F 
 247      2F446573 
 248 0033 62726172 		.ascii	"braries/STM32F10x_StdPeriph_Driver/src/misc.c\000"
 248      6965732F 
 248      53544D33 
 248      32463130 
 248      785F5374 
 249              		.ident	"GCC: (Sourcery CodeBench Lite 2013.11-24) 4.8.1"
DEFINED SYMBOLS
                            *ABS*:00000000 misc.c
D:\Users\draapho\AppData\Local\Temp\ccACkJMI.s:16     .text.NVIC_PriorityGroupConfig:00000000 $t
D:\Users\draapho\AppData\Local\Temp\ccACkJMI.s:21     .text.NVIC_PriorityGroupConfig:00000000 NVIC_PriorityGroupConfig
D:\Users\draapho\AppData\Local\Temp\ccACkJMI.s:46     .text.NVIC_PriorityGroupConfig:00000034 $d
D:\Users\draapho\AppData\Local\Temp\ccACkJMI.s:50     .text.NVIC_Init:00000000 $t
D:\Users\draapho\AppData\Local\Temp\ccACkJMI.s:55     .text.NVIC_Init:00000000 NVIC_Init
D:\Users\draapho\AppData\Local\Temp\ccACkJMI.s:120    .text.NVIC_Init:0000008c $d
D:\Users\draapho\AppData\Local\Temp\ccACkJMI.s:125    .text.NVIC_SetVectorTable:00000000 $t
D:\Users\draapho\AppData\Local\Temp\ccACkJMI.s:130    .text.NVIC_SetVectorTable:00000000 NVIC_SetVectorTable
D:\Users\draapho\AppData\Local\Temp\ccACkJMI.s:160    .text.NVIC_SetVectorTable:00000038 $d
D:\Users\draapho\AppData\Local\Temp\ccACkJMI.s:165    .text.NVIC_SystemLPConfig:00000000 $t
D:\Users\draapho\AppData\Local\Temp\ccACkJMI.s:170    .text.NVIC_SystemLPConfig:00000000 NVIC_SystemLPConfig
D:\Users\draapho\AppData\Local\Temp\ccACkJMI.s:208    .text.NVIC_SystemLPConfig:0000003c $d
D:\Users\draapho\AppData\Local\Temp\ccACkJMI.s:212    .text.SysTick_CLKSourceConfig:00000000 $t
D:\Users\draapho\AppData\Local\Temp\ccACkJMI.s:217    .text.SysTick_CLKSourceConfig:00000000 SysTick_CLKSourceConfig
D:\Users\draapho\AppData\Local\Temp\ccACkJMI.s:242    .text.SysTick_CLKSourceConfig:00000028 $d

UNDEFINED SYMBOLS
assert_err
