   1              		.syntax unified
   2              		.cpu cortex-m3
   3              		.fpu softvfp
   4              		.eabi_attribute 20, 1
   5              		.eabi_attribute 21, 1
   6              		.eabi_attribute 23, 3
   7              		.eabi_attribute 24, 1
   8              		.eabi_attribute 25, 1
   9              		.eabi_attribute 26, 1
  10              		.eabi_attribute 30, 4
  11              		.eabi_attribute 34, 1
  12              		.eabi_attribute 18, 4
  13              		.thumb
  14              		.file	"LCDConf.c"
  15              		.section	.text.LcdWriteReg,"ax",%progbits
  16              		.align	1
  17              		.thumb
  18              		.thumb_func
  20              	LcdWriteReg:
  21              		@ args = 0, pretend = 0, frame = 0
  22              		@ frame_needed = 0, uses_anonymous_args = 0
  23              		@ link register save eliminated.
  24 0000 4FF0C043 		mov	r3, #1610612736
  25 0004 1880     		strh	r0, [r3]	@ movhi
  26 0006 7047     		bx	lr
  28              		.section	.text.LcdWriteData,"ax",%progbits
  29              		.align	1
  30              		.thumb
  31              		.thumb_func
  33              	LcdWriteData:
  34              		@ args = 0, pretend = 0, frame = 0
  35              		@ frame_needed = 0, uses_anonymous_args = 0
  36              		@ link register save eliminated.
  37 0000 014B     		ldr	r3, .L3
  38 0002 1880     		strh	r0, [r3]	@ movhi
  39 0004 7047     		bx	lr
  40              	.L4:
  41 0006 00BF     		.align	2
  42              	.L3:
  43 0008 00000260 		.word	1610743808
  45              		.section	.text.LcdWriteDataMultiple,"ax",%progbits
  46              		.align	1
  47              		.thumb
  48              		.thumb_func
  50              	LcdWriteDataMultiple:
  51              		@ args = 0, pretend = 0, frame = 0
  52              		@ frame_needed = 0, uses_anonymous_args = 0
  53              		@ link register save eliminated.
  54 0000 044B     		ldr	r3, .L10
  55              	.L6:
  56 0002 11F1FF31 		adds	r1, r1, #-1
  57 0006 03D3     		bcc	.L9
  58 0008 30F8022B 		ldrh	r2, [r0], #2
  59 000c 1A80     		strh	r2, [r3]	@ movhi
  60 000e F8E7     		b	.L6
  61              	.L9:
  62 0010 7047     		bx	lr
  63              	.L11:
  64 0012 00BF     		.align	2
  65              	.L10:
  66 0014 00000260 		.word	1610743808
  68              		.section	.text.LcdReadDataMultiple,"ax",%progbits
  69              		.align	1
  70              		.thumb
  71              		.thumb_func
  73              	LcdReadDataMultiple:
  74              		@ args = 0, pretend = 0, frame = 0
  75              		@ frame_needed = 0, uses_anonymous_args = 0
  76              		@ link register save eliminated.
  77 0000 044B     		ldr	r3, .L16
  78              	.L13:
  79 0002 11F1FF31 		adds	r1, r1, #-1
  80 0006 03D3     		bcc	.L15
  81 0008 1A88     		ldrh	r2, [r3]
  82 000a 20F8022B 		strh	r2, [r0], #2	@ movhi
  83 000e F8E7     		b	.L13
  84              	.L15:
  85 0010 7047     		bx	lr
  86              	.L17:
  87 0012 00BF     		.align	2
  88              	.L16:
  89 0014 00000260 		.word	1610743808
  91              		.section	.text.LCD_X_Config,"ax",%progbits
  92              		.align	1
  93              		.global	LCD_X_Config
  94              		.thumb
  95              		.thumb_func
  97              	LCD_X_Config:
  98              		@ args = 0, pretend = 0, frame = 128
  99              		@ frame_needed = 0, uses_anonymous_args = 0
 100 0000 10B5     		push	{r4, lr}
 101 0002 A2B0     		sub	sp, sp, #136
 102 0004 03A8     		add	r0, sp, #12
 103 0006 0021     		movs	r1, #0
 104 0008 1422     		movs	r2, #20
 105 000a FFF7FEFF 		bl	memset
 106 000e 08A8     		add	r0, sp, #32
 107 0010 0021     		movs	r1, #0
 108 0012 6822     		movs	r2, #104
 109 0014 FFF7FEFF 		bl	memset
 110 0018 0022     		movs	r2, #0
 111 001a 1346     		mov	r3, r2
 112 001c 1E49     		ldr	r1, .L19
 113 001e 1F48     		ldr	r0, .L19+4
 114 0020 FFF7FEFF 		bl	GUI_DEVICE_CreateAndLink
 115 0024 F021     		movs	r1, #240
 116 0026 0446     		mov	r4, r0
 117 0028 4FF4A072 		mov	r2, #320
 118 002c 0020     		movs	r0, #0
 119 002e FFF7FEFF 		bl	LCD_SetSizeEx
 120 0032 4FF4A072 		mov	r2, #320
 121 0036 F021     		movs	r1, #240
 122 0038 0020     		movs	r0, #0
 123 003a FFF7FEFF 		bl	LCD_SetVSizeEx
 124 003e 0323     		movs	r3, #3
 125 0040 2046     		mov	r0, r4
 126 0042 03A9     		add	r1, sp, #12
 127 0044 0593     		str	r3, [sp, #20]
 128 0046 FFF7FEFF 		bl	GUIDRV_FlexColor_Config
 129 004a 154B     		ldr	r3, .L19+8
 130 004c 08A9     		add	r1, sp, #32
 131 004e 1093     		str	r3, [sp, #64]
 132 0050 144B     		ldr	r3, .L19+12
 133 0052 2046     		mov	r0, r4
 134 0054 1193     		str	r3, [sp, #68]
 135 0056 144B     		ldr	r3, .L19+16
 136 0058 144A     		ldr	r2, .L19+20
 137 005a 1393     		str	r3, [sp, #76]
 138 005c 144B     		ldr	r3, .L19+24
 139 005e 4FF47A64 		mov	r4, #4000
 140 0062 1793     		str	r3, [sp, #92]
 141 0064 134B     		ldr	r3, .L19+28
 142 0066 FFF7FEFF 		bl	GUIDRV_FlexColor_SetFunc
 143 006a 0520     		movs	r0, #5
 144 006c FFF7FEFF 		bl	GUI_TOUCH_SetOrientation
 145 0070 0020     		movs	r0, #0
 146 0072 0094     		str	r4, [sp]
 147 0074 0146     		mov	r1, r0
 148 0076 EF22     		movs	r2, #239
 149 0078 4FF4C873 		mov	r3, #400
 150 007c FFF7FEFF 		bl	GUI_TOUCH_Calibrate
 151 0080 0094     		str	r4, [sp]
 152 0082 0021     		movs	r1, #0
 153 0084 40F23F12 		movw	r2, #319
 154 0088 4FF4C873 		mov	r3, #400
 155 008c 0120     		movs	r0, #1
 156 008e FFF7FEFF 		bl	GUI_TOUCH_Calibrate
 157 0092 22B0     		add	sp, sp, #136
 158              		@ sp needed
 159 0094 10BD     		pop	{r4, pc}
 160              	.L20:
 161 0096 00BF     		.align	2
 162              	.L19:
 163 0098 00000000 		.word	LCD_API_ColorConv_M565
 164 009c 00000000 		.word	GUIDRV_FlexColor_API
 165 00a0 00000000 		.word	LcdWriteReg
 166 00a4 00000000 		.word	LcdWriteData
 167 00a8 00000000 		.word	LcdWriteDataMultiple
 168 00ac 00000000 		.word	GUIDRV_FlexColor_SetFunc66712
 169 00b0 00000000 		.word	LcdReadDataMultiple
 170 00b4 00000000 		.word	GUIDRV_FlexColor_SetMode16bppC0B16
 172              		.section	.text.LCD_X_DisplayDriver,"ax",%progbits
 173              		.align	1
 174              		.global	LCD_X_DisplayDriver
 175              		.thumb
 176              		.thumb_func
 178              	LCD_X_DisplayDriver:
 179              		@ args = 0, pretend = 0, frame = 0
 180              		@ frame_needed = 0, uses_anonymous_args = 0
 181              		@ link register save eliminated.
 182 0000 4FF0FF30 		mov	r0, #-1
 183 0004 7047     		bx	lr
 185              		.ident	"GCC: (Sourcery CodeBench Lite 2013.11-24) 4.8.1"
DEFINED SYMBOLS
                            *ABS*:00000000 LCDConf.c
D:\Users\draapho\AppData\Local\Temp\ccza9eAc.s:16     .text.LcdWriteReg:00000000 $t
D:\Users\draapho\AppData\Local\Temp\ccza9eAc.s:20     .text.LcdWriteReg:00000000 LcdWriteReg
D:\Users\draapho\AppData\Local\Temp\ccza9eAc.s:29     .text.LcdWriteData:00000000 $t
D:\Users\draapho\AppData\Local\Temp\ccza9eAc.s:33     .text.LcdWriteData:00000000 LcdWriteData
D:\Users\draapho\AppData\Local\Temp\ccza9eAc.s:43     .text.LcdWriteData:00000008 $d
D:\Users\draapho\AppData\Local\Temp\ccza9eAc.s:46     .text.LcdWriteDataMultiple:00000000 $t
D:\Users\draapho\AppData\Local\Temp\ccza9eAc.s:50     .text.LcdWriteDataMultiple:00000000 LcdWriteDataMultiple
D:\Users\draapho\AppData\Local\Temp\ccza9eAc.s:66     .text.LcdWriteDataMultiple:00000014 $d
D:\Users\draapho\AppData\Local\Temp\ccza9eAc.s:69     .text.LcdReadDataMultiple:00000000 $t
D:\Users\draapho\AppData\Local\Temp\ccza9eAc.s:73     .text.LcdReadDataMultiple:00000000 LcdReadDataMultiple
D:\Users\draapho\AppData\Local\Temp\ccza9eAc.s:89     .text.LcdReadDataMultiple:00000014 $d
D:\Users\draapho\AppData\Local\Temp\ccza9eAc.s:92     .text.LCD_X_Config:00000000 $t
D:\Users\draapho\AppData\Local\Temp\ccza9eAc.s:97     .text.LCD_X_Config:00000000 LCD_X_Config
D:\Users\draapho\AppData\Local\Temp\ccza9eAc.s:163    .text.LCD_X_Config:00000098 $d
D:\Users\draapho\AppData\Local\Temp\ccza9eAc.s:173    .text.LCD_X_DisplayDriver:00000000 $t
D:\Users\draapho\AppData\Local\Temp\ccza9eAc.s:178    .text.LCD_X_DisplayDriver:00000000 LCD_X_DisplayDriver

UNDEFINED SYMBOLS
memset
GUI_DEVICE_CreateAndLink
LCD_SetSizeEx
LCD_SetVSizeEx
GUIDRV_FlexColor_Config
GUIDRV_FlexColor_SetFunc
GUI_TOUCH_SetOrientation
GUI_TOUCH_Calibrate
LCD_API_ColorConv_M565
GUIDRV_FlexColor_API
GUIDRV_FlexColor_SetFunc66712
GUIDRV_FlexColor_SetMode16bppC0B16
