   1              		.syntax unified
   2              		.cpu cortex-m3
   3              		.fpu softvfp
   4              		.eabi_attribute 20, 1
   5              		.eabi_attribute 21, 1
   6              		.eabi_attribute 23, 3
   7              		.eabi_attribute 24, 1
   8              		.eabi_attribute 25, 1
   9              		.eabi_attribute 26, 1
  10              		.eabi_attribute 30, 4
  11              		.eabi_attribute 34, 1
  12              		.eabi_attribute 18, 4
  13              		.thumb
  14              		.file	"sf_universal.c"
  15              		.section	.text.sf_unvsl_tx_rx_byte,"ax",%progbits
  16              		.align	1
  17              		.thumb
  18              		.thumb_func
  20              	sf_unvsl_tx_rx_byte:
  21              		@ args = 0, pretend = 0, frame = 0
  22              		@ frame_needed = 0, uses_anonymous_args = 0
  23              		@ link register save eliminated.
  24 0000 0146     		mov	r1, r0
  25 0002 0020     		movs	r0, #0
  26 0004 FFF7FEBF 		b	spi_tx_rx_byte
  28              		.section	.text.sf_unvsl_set_write_enable,"ax",%progbits
  29              		.align	1
  30              		.thumb
  31              		.thumb_func
  33              	sf_unvsl_set_write_enable:
  34              		@ args = 0, pretend = 0, frame = 0
  35              		@ frame_needed = 0, uses_anonymous_args = 0
  36 0000 38B5     		push	{r3, r4, r5, lr}
  37 0002 044C     		ldr	r4, .L3
  38 0004 1025     		movs	r5, #16
  39 0006 6561     		str	r5, [r4, #20]
  40 0008 0620     		movs	r0, #6
  41 000a FFF7FEFF 		bl	sf_unvsl_tx_rx_byte
  42 000e 2561     		str	r5, [r4, #16]
  43 0010 38BD     		pop	{r3, r4, r5, pc}
  44              	.L4:
  45 0012 00BF     		.align	2
  46              	.L3:
  47 0014 00080140 		.word	1073809408
  49              		.section	.text.sf_unvsl_wait_write_finish,"ax",%progbits
  50              		.align	1
  51              		.thumb
  52              		.thumb_func
  54              	sf_unvsl_wait_write_finish:
  55              		@ args = 0, pretend = 0, frame = 0
  56              		@ frame_needed = 0, uses_anonymous_args = 0
  57 0000 0B4B     		ldr	r3, .L14
  58 0002 1022     		movs	r2, #16
  59 0004 10B5     		push	{r4, lr}
  60 0006 0520     		movs	r0, #5
  61 0008 5A61     		str	r2, [r3, #20]
  62 000a FFF7FEFF 		bl	sf_unvsl_tx_rx_byte
  63 000e 094C     		ldr	r4, .L14+4
  64              	.L8:
  65 0010 FF20     		movs	r0, #255
  66 0012 FFF7FEFF 		bl	sf_unvsl_tx_rx_byte
  67 0016 C307     		lsls	r3, r0, #31
  68 0018 03D4     		bmi	.L6
  69              	.L7:
  70 001a 054B     		ldr	r3, .L14
  71 001c 1022     		movs	r2, #16
  72 001e 1A61     		str	r2, [r3, #16]
  73 0020 10BD     		pop	{r4, pc}
  74              	.L6:
  75 0022 0120     		movs	r0, #1
  76 0024 FFF7FEFF 		bl	delay_us
  77 0028 013C     		subs	r4, r4, #1
  78 002a F1D1     		bne	.L8
  79 002c F5E7     		b	.L7
  80              	.L15:
  81 002e 00BF     		.align	2
  82              	.L14:
  83 0030 00080140 		.word	1073809408
  84 0034 FFFF0F00 		.word	1048575
  86              		.section	.text.sf_unvsl_init,"ax",%progbits
  87              		.align	1
  88              		.global	sf_unvsl_init
  89              		.thumb
  90              		.thumb_func
  92              	sf_unvsl_init:
  93              		@ args = 0, pretend = 0, frame = 8
  94              		@ frame_needed = 0, uses_anonymous_args = 0
  95 0000 37B5     		push	{r0, r1, r2, r4, r5, lr}
  96 0002 0020     		movs	r0, #0
  97 0004 0246     		mov	r2, r0
  98 0006 8621     		movs	r1, #134
  99 0008 FFF7FEFF 		bl	spi_init
 100 000c 094D     		ldr	r5, .L17
 101 000e 0420     		movs	r0, #4
 102 0010 0121     		movs	r1, #1
 103 0012 FFF7FEFF 		bl	RCC_APB2PeriphClockCmd
 104 0016 1024     		movs	r4, #16
 105 0018 02A9     		add	r1, sp, #8
 106 001a 0323     		movs	r3, #3
 107 001c 21F8044D 		strh	r4, [r1, #-4]!	@ movhi
 108 0020 2846     		mov	r0, r5
 109 0022 8DF80740 		strb	r4, [sp, #7]
 110 0026 8DF80630 		strb	r3, [sp, #6]
 111 002a FFF7FEFF 		bl	GPIO_Init
 112 002e 2C61     		str	r4, [r5, #16]
 113 0030 03B0     		add	sp, sp, #12
 114              		@ sp needed
 115 0032 30BD     		pop	{r4, r5, pc}
 116              	.L18:
 117              		.align	2
 118              	.L17:
 119 0034 00080140 		.word	1073809408
 121              		.section	.text.sf_unvsl_set_protect,"ax",%progbits
 122              		.align	1
 123              		.global	sf_unvsl_set_protect
 124              		.thumb
 125              		.thumb_func
 127              	sf_unvsl_set_protect:
 128              		@ args = 0, pretend = 0, frame = 0
 129              		@ frame_needed = 0, uses_anonymous_args = 0
 130 0000 70B5     		push	{r4, r5, r6, lr}
 131 0002 084C     		ldr	r4, .L20
 132 0004 1025     		movs	r5, #16
 133 0006 0646     		mov	r6, r0
 134 0008 FFF7FEFF 		bl	sf_unvsl_set_write_enable
 135 000c 6561     		str	r5, [r4, #20]
 136 000e 0020     		movs	r0, #0
 137 0010 FFF7FEFF 		bl	sf_unvsl_tx_rx_byte
 138 0014 3046     		mov	r0, r6
 139 0016 FFF7FEFF 		bl	sf_unvsl_tx_rx_byte
 140 001a 2561     		str	r5, [r4, #16]
 141 001c BDE87040 		pop	{r4, r5, r6, lr}
 142 0020 FFF7FEBF 		b	sf_unvsl_wait_write_finish
 143              	.L21:
 144              		.align	2
 145              	.L20:
 146 0024 00080140 		.word	1073809408
 148              		.section	.text.sf_unvsl_power_down,"ax",%progbits
 149              		.align	1
 150              		.global	sf_unvsl_power_down
 151              		.thumb
 152              		.thumb_func
 154              	sf_unvsl_power_down:
 155              		@ args = 0, pretend = 0, frame = 0
 156              		@ frame_needed = 0, uses_anonymous_args = 0
 157 0000 38B5     		push	{r3, r4, r5, lr}
 158 0002 064C     		ldr	r4, .L23
 159 0004 1025     		movs	r5, #16
 160 0006 6561     		str	r5, [r4, #20]
 161 0008 B920     		movs	r0, #185
 162 000a FFF7FEFF 		bl	sf_unvsl_tx_rx_byte
 163 000e 2561     		str	r5, [r4, #16]
 164 0010 4FF4FA70 		mov	r0, #500
 165 0014 BDE83840 		pop	{r3, r4, r5, lr}
 166 0018 FFF7FEBF 		b	delay_us
 167              	.L24:
 168              		.align	2
 169              	.L23:
 170 001c 00080140 		.word	1073809408
 172              		.section	.text.sf_unvsl_power_on,"ax",%progbits
 173              		.align	1
 174              		.global	sf_unvsl_power_on
 175              		.thumb
 176              		.thumb_func
 178              	sf_unvsl_power_on:
 179              		@ args = 0, pretend = 0, frame = 0
 180              		@ frame_needed = 0, uses_anonymous_args = 0
 181 0000 38B5     		push	{r3, r4, r5, lr}
 182 0002 064C     		ldr	r4, .L26
 183 0004 1025     		movs	r5, #16
 184 0006 6561     		str	r5, [r4, #20]
 185 0008 AB20     		movs	r0, #171
 186 000a FFF7FEFF 		bl	sf_unvsl_tx_rx_byte
 187 000e 2561     		str	r5, [r4, #16]
 188 0010 4FF4FA70 		mov	r0, #500
 189 0014 BDE83840 		pop	{r3, r4, r5, lr}
 190 0018 FFF7FEBF 		b	delay_us
 191              	.L27:
 192              		.align	2
 193              	.L26:
 194 001c 00080140 		.word	1073809408
 196              		.section	.text.sf_unvsl_read_id,"ax",%progbits
 197              		.align	1
 198              		.global	sf_unvsl_read_id
 199              		.thumb
 200              		.thumb_func
 202              	sf_unvsl_read_id:
 203              		@ args = 0, pretend = 0, frame = 0
 204              		@ frame_needed = 0, uses_anonymous_args = 0
 205 0000 70B5     		push	{r4, r5, r6, lr}
 206 0002 0A4C     		ldr	r4, .L29
 207 0004 1025     		movs	r5, #16
 208 0006 6561     		str	r5, [r4, #20]
 209 0008 9F20     		movs	r0, #159
 210 000a FFF7FEFF 		bl	sf_unvsl_tx_rx_byte
 211 000e FF20     		movs	r0, #255
 212 0010 FFF7FEFF 		bl	sf_unvsl_tx_rx_byte
 213 0014 0602     		lsls	r6, r0, #8
 214 0016 FF20     		movs	r0, #255
 215 0018 FFF7FEFF 		bl	sf_unvsl_tx_rx_byte
 216 001c 3043     		orrs	r0, r0, r6
 217 001e 0602     		lsls	r6, r0, #8
 218 0020 FF20     		movs	r0, #255
 219 0022 FFF7FEFF 		bl	sf_unvsl_tx_rx_byte
 220 0026 2561     		str	r5, [r4, #16]
 221 0028 3043     		orrs	r0, r0, r6
 222 002a 70BD     		pop	{r4, r5, r6, pc}
 223              	.L30:
 224              		.align	2
 225              	.L29:
 226 002c 00080140 		.word	1073809408
 228              		.section	.text.sf_unvsl_sector_erase,"ax",%progbits
 229              		.align	1
 230              		.global	sf_unvsl_sector_erase
 231              		.thumb
 232              		.thumb_func
 234              	sf_unvsl_sector_erase:
 235              		@ args = 0, pretend = 0, frame = 0
 236              		@ frame_needed = 0, uses_anonymous_args = 0
 237 0000 70B5     		push	{r4, r5, r6, lr}
 238 0002 0C4D     		ldr	r5, .L32
 239 0004 1026     		movs	r6, #16
 240 0006 0446     		mov	r4, r0
 241 0008 FFF7FEFF 		bl	sf_unvsl_set_write_enable
 242 000c 6E61     		str	r6, [r5, #20]
 243 000e 2020     		movs	r0, #32
 244 0010 FFF7FEFF 		bl	sf_unvsl_tx_rx_byte
 245 0014 C4F30740 		ubfx	r0, r4, #16, #8
 246 0018 FFF7FEFF 		bl	sf_unvsl_tx_rx_byte
 247 001c C4F30720 		ubfx	r0, r4, #8, #8
 248 0020 FFF7FEFF 		bl	sf_unvsl_tx_rx_byte
 249 0024 E0B2     		uxtb	r0, r4
 250 0026 FFF7FEFF 		bl	sf_unvsl_tx_rx_byte
 251 002a 2E61     		str	r6, [r5, #16]
 252 002c BDE87040 		pop	{r4, r5, r6, lr}
 253 0030 FFF7FEBF 		b	sf_unvsl_wait_write_finish
 254              	.L33:
 255              		.align	2
 256              	.L32:
 257 0034 00080140 		.word	1073809408
 259              		.section	.text.sf_unvsl_block_erase,"ax",%progbits
 260              		.align	1
 261              		.global	sf_unvsl_block_erase
 262              		.thumb
 263              		.thumb_func
 265              	sf_unvsl_block_erase:
 266              		@ args = 0, pretend = 0, frame = 0
 267              		@ frame_needed = 0, uses_anonymous_args = 0
 268 0000 70B5     		push	{r4, r5, r6, lr}
 269 0002 0C4D     		ldr	r5, .L35
 270 0004 1026     		movs	r6, #16
 271 0006 0446     		mov	r4, r0
 272 0008 FFF7FEFF 		bl	sf_unvsl_set_write_enable
 273 000c 6E61     		str	r6, [r5, #20]
 274 000e D820     		movs	r0, #216
 275 0010 FFF7FEFF 		bl	sf_unvsl_tx_rx_byte
 276 0014 C4F30740 		ubfx	r0, r4, #16, #8
 277 0018 FFF7FEFF 		bl	sf_unvsl_tx_rx_byte
 278 001c C4F30720 		ubfx	r0, r4, #8, #8
 279 0020 FFF7FEFF 		bl	sf_unvsl_tx_rx_byte
 280 0024 E0B2     		uxtb	r0, r4
 281 0026 FFF7FEFF 		bl	sf_unvsl_tx_rx_byte
 282 002a 2E61     		str	r6, [r5, #16]
 283 002c BDE87040 		pop	{r4, r5, r6, lr}
 284 0030 FFF7FEBF 		b	sf_unvsl_wait_write_finish
 285              	.L36:
 286              		.align	2
 287              	.L35:
 288 0034 00080140 		.word	1073809408
 290              		.section	.text.sf_unvsl_chip_erase,"ax",%progbits
 291              		.align	1
 292              		.global	sf_unvsl_chip_erase
 293              		.thumb
 294              		.thumb_func
 296              	sf_unvsl_chip_erase:
 297              		@ args = 0, pretend = 0, frame = 0
 298              		@ frame_needed = 0, uses_anonymous_args = 0
 299 0000 38B5     		push	{r3, r4, r5, lr}
 300 0002 064C     		ldr	r4, .L38
 301 0004 1025     		movs	r5, #16
 302 0006 FFF7FEFF 		bl	sf_unvsl_set_write_enable
 303 000a 6561     		str	r5, [r4, #20]
 304 000c C720     		movs	r0, #199
 305 000e FFF7FEFF 		bl	sf_unvsl_tx_rx_byte
 306 0012 2561     		str	r5, [r4, #16]
 307 0014 BDE83840 		pop	{r3, r4, r5, lr}
 308 0018 FFF7FEBF 		b	sf_unvsl_wait_write_finish
 309              	.L39:
 310              		.align	2
 311              	.L38:
 312 001c 00080140 		.word	1073809408
 314              		.section	.text.sf_unvsl_read_start,"ax",%progbits
 315              		.align	1
 316              		.global	sf_unvsl_read_start
 317              		.thumb
 318              		.thumb_func
 320              	sf_unvsl_read_start:
 321              		@ args = 0, pretend = 0, frame = 0
 322              		@ frame_needed = 0, uses_anonymous_args = 0
 323 0000 10B5     		push	{r4, lr}
 324 0002 0A4B     		ldr	r3, .L41
 325 0004 1022     		movs	r2, #16
 326 0006 0446     		mov	r4, r0
 327 0008 5A61     		str	r2, [r3, #20]
 328 000a 0320     		movs	r0, #3
 329 000c FFF7FEFF 		bl	sf_unvsl_tx_rx_byte
 330 0010 C4F30740 		ubfx	r0, r4, #16, #8
 331 0014 FFF7FEFF 		bl	sf_unvsl_tx_rx_byte
 332 0018 C4F30720 		ubfx	r0, r4, #8, #8
 333 001c FFF7FEFF 		bl	sf_unvsl_tx_rx_byte
 334 0020 E0B2     		uxtb	r0, r4
 335 0022 BDE81040 		pop	{r4, lr}
 336 0026 FFF7FEBF 		b	sf_unvsl_tx_rx_byte
 337              	.L42:
 338 002a 00BF     		.align	2
 339              	.L41:
 340 002c 00080140 		.word	1073809408
 342              		.section	.text.sf_unvsl_read_bytes,"ax",%progbits
 343              		.align	1
 344              		.global	sf_unvsl_read_bytes
 345              		.thumb
 346              		.thumb_func
 348              	sf_unvsl_read_bytes:
 349              		@ args = 0, pretend = 0, frame = 0
 350              		@ frame_needed = 0, uses_anonymous_args = 0
 351 0000 38B5     		push	{r3, r4, r5, lr}
 352 0002 0446     		mov	r4, r0
 353 0004 4518     		adds	r5, r0, r1
 354              	.L44:
 355 0006 AC42     		cmp	r4, r5
 356 0008 05D0     		beq	.L46
 357 000a FF20     		movs	r0, #255
 358 000c FFF7FEFF 		bl	sf_unvsl_tx_rx_byte
 359 0010 04F8010B 		strb	r0, [r4], #1
 360 0014 F7E7     		b	.L44
 361              	.L46:
 362 0016 38BD     		pop	{r3, r4, r5, pc}
 364              		.section	.text.sf_unvsl_read_end,"ax",%progbits
 365              		.align	1
 366              		.global	sf_unvsl_read_end
 367              		.thumb
 368              		.thumb_func
 370              	sf_unvsl_read_end:
 371              		@ args = 0, pretend = 0, frame = 0
 372              		@ frame_needed = 0, uses_anonymous_args = 0
 373              		@ link register save eliminated.
 374 0000 014B     		ldr	r3, .L48
 375 0002 1022     		movs	r2, #16
 376 0004 1A61     		str	r2, [r3, #16]
 377 0006 7047     		bx	lr
 378              	.L49:
 379              		.align	2
 380              	.L48:
 381 0008 00080140 		.word	1073809408
 383              		.section	.text.sf_unvsl_write_page,"ax",%progbits
 384              		.align	1
 385              		.global	sf_unvsl_write_page
 386              		.thumb
 387              		.thumb_func
 389              	sf_unvsl_write_page:
 390              		@ args = 0, pretend = 0, frame = 0
 391              		@ frame_needed = 0, uses_anonymous_args = 0
 392 0000 F8B5     		push	{r3, r4, r5, r6, r7, lr}
 393 0002 124E     		ldr	r6, .L54
 394 0004 0D46     		mov	r5, r1
 395 0006 1746     		mov	r7, r2
 396 0008 0446     		mov	r4, r0
 397 000a FFF7FEFF 		bl	sf_unvsl_set_write_enable
 398 000e 1023     		movs	r3, #16
 399 0010 7361     		str	r3, [r6, #20]
 400 0012 0220     		movs	r0, #2
 401 0014 FFF7FEFF 		bl	sf_unvsl_tx_rx_byte
 402 0018 C5F30740 		ubfx	r0, r5, #16, #8
 403 001c FFF7FEFF 		bl	sf_unvsl_tx_rx_byte
 404 0020 C5F30720 		ubfx	r0, r5, #8, #8
 405 0024 FFF7FEFF 		bl	sf_unvsl_tx_rx_byte
 406 0028 E8B2     		uxtb	r0, r5
 407 002a FFF7FEFF 		bl	sf_unvsl_tx_rx_byte
 408 002e E519     		adds	r5, r4, r7
 409              	.L51:
 410 0030 AC42     		cmp	r4, r5
 411 0032 04D0     		beq	.L53
 412 0034 14F8010B 		ldrb	r0, [r4], #1	@ zero_extendqisi2
 413 0038 FFF7FEFF 		bl	sf_unvsl_tx_rx_byte
 414 003c F8E7     		b	.L51
 415              	.L53:
 416 003e 1023     		movs	r3, #16
 417 0040 3361     		str	r3, [r6, #16]
 418 0042 BDE8F840 		pop	{r3, r4, r5, r6, r7, lr}
 419 0046 FFF7FEBF 		b	sf_unvsl_wait_write_finish
 420              	.L55:
 421 004a 00BF     		.align	2
 422              	.L54:
 423 004c 00080140 		.word	1073809408
 425              		.ident	"GCC: (Sourcery CodeBench Lite 2013.11-24) 4.8.1"
DEFINED SYMBOLS
                            *ABS*:00000000 sf_universal.c
D:\Users\draapho\AppData\Local\Temp\ccA0fkRt.s:16     .text.sf_unvsl_tx_rx_byte:00000000 $t
D:\Users\draapho\AppData\Local\Temp\ccA0fkRt.s:20     .text.sf_unvsl_tx_rx_byte:00000000 sf_unvsl_tx_rx_byte
D:\Users\draapho\AppData\Local\Temp\ccA0fkRt.s:29     .text.sf_unvsl_set_write_enable:00000000 $t
D:\Users\draapho\AppData\Local\Temp\ccA0fkRt.s:33     .text.sf_unvsl_set_write_enable:00000000 sf_unvsl_set_write_enable
D:\Users\draapho\AppData\Local\Temp\ccA0fkRt.s:47     .text.sf_unvsl_set_write_enable:00000014 $d
D:\Users\draapho\AppData\Local\Temp\ccA0fkRt.s:50     .text.sf_unvsl_wait_write_finish:00000000 $t
D:\Users\draapho\AppData\Local\Temp\ccA0fkRt.s:54     .text.sf_unvsl_wait_write_finish:00000000 sf_unvsl_wait_write_finish
D:\Users\draapho\AppData\Local\Temp\ccA0fkRt.s:83     .text.sf_unvsl_wait_write_finish:00000030 $d
D:\Users\draapho\AppData\Local\Temp\ccA0fkRt.s:87     .text.sf_unvsl_init:00000000 $t
D:\Users\draapho\AppData\Local\Temp\ccA0fkRt.s:92     .text.sf_unvsl_init:00000000 sf_unvsl_init
D:\Users\draapho\AppData\Local\Temp\ccA0fkRt.s:119    .text.sf_unvsl_init:00000034 $d
D:\Users\draapho\AppData\Local\Temp\ccA0fkRt.s:122    .text.sf_unvsl_set_protect:00000000 $t
D:\Users\draapho\AppData\Local\Temp\ccA0fkRt.s:127    .text.sf_unvsl_set_protect:00000000 sf_unvsl_set_protect
D:\Users\draapho\AppData\Local\Temp\ccA0fkRt.s:146    .text.sf_unvsl_set_protect:00000024 $d
D:\Users\draapho\AppData\Local\Temp\ccA0fkRt.s:149    .text.sf_unvsl_power_down:00000000 $t
D:\Users\draapho\AppData\Local\Temp\ccA0fkRt.s:154    .text.sf_unvsl_power_down:00000000 sf_unvsl_power_down
D:\Users\draapho\AppData\Local\Temp\ccA0fkRt.s:170    .text.sf_unvsl_power_down:0000001c $d
D:\Users\draapho\AppData\Local\Temp\ccA0fkRt.s:173    .text.sf_unvsl_power_on:00000000 $t
D:\Users\draapho\AppData\Local\Temp\ccA0fkRt.s:178    .text.sf_unvsl_power_on:00000000 sf_unvsl_power_on
D:\Users\draapho\AppData\Local\Temp\ccA0fkRt.s:194    .text.sf_unvsl_power_on:0000001c $d
D:\Users\draapho\AppData\Local\Temp\ccA0fkRt.s:197    .text.sf_unvsl_read_id:00000000 $t
D:\Users\draapho\AppData\Local\Temp\ccA0fkRt.s:202    .text.sf_unvsl_read_id:00000000 sf_unvsl_read_id
D:\Users\draapho\AppData\Local\Temp\ccA0fkRt.s:226    .text.sf_unvsl_read_id:0000002c $d
D:\Users\draapho\AppData\Local\Temp\ccA0fkRt.s:229    .text.sf_unvsl_sector_erase:00000000 $t
D:\Users\draapho\AppData\Local\Temp\ccA0fkRt.s:234    .text.sf_unvsl_sector_erase:00000000 sf_unvsl_sector_erase
D:\Users\draapho\AppData\Local\Temp\ccA0fkRt.s:257    .text.sf_unvsl_sector_erase:00000034 $d
D:\Users\draapho\AppData\Local\Temp\ccA0fkRt.s:260    .text.sf_unvsl_block_erase:00000000 $t
D:\Users\draapho\AppData\Local\Temp\ccA0fkRt.s:265    .text.sf_unvsl_block_erase:00000000 sf_unvsl_block_erase
D:\Users\draapho\AppData\Local\Temp\ccA0fkRt.s:288    .text.sf_unvsl_block_erase:00000034 $d
D:\Users\draapho\AppData\Local\Temp\ccA0fkRt.s:291    .text.sf_unvsl_chip_erase:00000000 $t
D:\Users\draapho\AppData\Local\Temp\ccA0fkRt.s:296    .text.sf_unvsl_chip_erase:00000000 sf_unvsl_chip_erase
D:\Users\draapho\AppData\Local\Temp\ccA0fkRt.s:312    .text.sf_unvsl_chip_erase:0000001c $d
D:\Users\draapho\AppData\Local\Temp\ccA0fkRt.s:315    .text.sf_unvsl_read_start:00000000 $t
D:\Users\draapho\AppData\Local\Temp\ccA0fkRt.s:320    .text.sf_unvsl_read_start:00000000 sf_unvsl_read_start
D:\Users\draapho\AppData\Local\Temp\ccA0fkRt.s:340    .text.sf_unvsl_read_start:0000002c $d
D:\Users\draapho\AppData\Local\Temp\ccA0fkRt.s:343    .text.sf_unvsl_read_bytes:00000000 $t
D:\Users\draapho\AppData\Local\Temp\ccA0fkRt.s:348    .text.sf_unvsl_read_bytes:00000000 sf_unvsl_read_bytes
D:\Users\draapho\AppData\Local\Temp\ccA0fkRt.s:365    .text.sf_unvsl_read_end:00000000 $t
D:\Users\draapho\AppData\Local\Temp\ccA0fkRt.s:370    .text.sf_unvsl_read_end:00000000 sf_unvsl_read_end
D:\Users\draapho\AppData\Local\Temp\ccA0fkRt.s:381    .text.sf_unvsl_read_end:00000008 $d
D:\Users\draapho\AppData\Local\Temp\ccA0fkRt.s:384    .text.sf_unvsl_write_page:00000000 $t
D:\Users\draapho\AppData\Local\Temp\ccA0fkRt.s:389    .text.sf_unvsl_write_page:00000000 sf_unvsl_write_page
D:\Users\draapho\AppData\Local\Temp\ccA0fkRt.s:423    .text.sf_unvsl_write_page:0000004c $d

UNDEFINED SYMBOLS
spi_tx_rx_byte
delay_us
spi_init
RCC_APB2PeriphClockCmd
GPIO_Init
